CRITICAL - 2022-11-17 00:08:18 --> Undefined variable: totalTime
#0 /home/nocjadpy678c/public_html/tryyourwork.com/docladder/vendor/codeigniter4/framework/system/Debug/Toolbar/Views/toolbar.tpl.php(40): CodeIgniter\Debug\Exceptions->errorHandler(8, 'Undefined varia...', '/home/nocjadpy6...', 40, Array)
#1 /home/nocjadpy678c/public_html/tryyourwork.com/docladder/vendor/codeigniter4/framework/system/Debug/Toolbar.php(497): include('/home/nocjadpy6...')
#2 /home/nocjadpy678c/public_html/tryyourwork.com/docladder/vendor/codeigniter4/framework/system/Debug/Toolbar.php(460): CodeIgniter\Debug\Toolbar->format(Array, 'html')
#3 /home/nocjadpy678c/public_html/tryyourwork.com/docladder/app/Config/Events.php(48): CodeIgniter\Debug\Toolbar->respond()
#4 /home/nocjadpy678c/public_html/tryyourwork.com/docladder/vendor/codeigniter4/framework/system/Events/Events.php(149): CodeIgniter\Events\Events::Config\{closure}()
#5 /home/nocjadpy678c/public_html/tryyourwork.com/docladder/vendor/codeigniter4/framework/system/CodeIgniter.php(300): CodeIgniter\Events\Events::trigger('pre_system')
#6 /home/nocjadpy678c/public_html/tryyourwork.com/docladder/index.php(37): CodeIgniter\CodeIgniter->run()
#7 {main}
CRITICAL - 2022-11-17 00:13:31 --> Undefined variable: state
#0 /home/nocjadpy678c/public_html/tryyourwork.com/docladder/app/Controllers/JobseekerProfile.php(349): CodeIgniter\Debug\Exceptions->errorHandler(8, 'Undefined varia...', '/home/nocjadpy6...', 349, Array)
#1 /home/nocjadpy678c/public_html/tryyourwork.com/docladder/vendor/codeigniter4/framework/system/CodeIgniter.php(824): App\Controllers\JobseekerProfile->updateprofile()
#2 /home/nocjadpy678c/public_html/tryyourwork.com/docladder/vendor/codeigniter4/framework/system/CodeIgniter.php(410): CodeIgniter\CodeIgniter->runController(Object(App\Controllers\JobseekerProfile))
#3 /home/nocjadpy678c/public_html/tryyourwork.com/docladder/vendor/codeigniter4/framework/system/CodeIgniter.php(318): CodeIgniter\CodeIgniter->handleRequest(NULL, Object(Config\Cache), false)
#4 /home/nocjadpy678c/public_html/tryyourwork.com/docladder/index.php(37): CodeIgniter\CodeIgniter->run()
#5 {main}
CRITICAL - 2022-11-17 00:13:47 --> Undefined variable: state
#0 /home/nocjadpy678c/public_html/tryyourwork.com/docladder/app/Controllers/JobseekerProfile.php(349): CodeIgniter\Debug\Exceptions->errorHandler(8, 'Undefined varia...', '/home/nocjadpy6...', 349, Array)
#1 /home/nocjadpy678c/public_html/tryyourwork.com/docladder/vendor/codeigniter4/framework/system/CodeIgniter.php(824): App\Controllers\JobseekerProfile->updateprofile()
#2 /home/nocjadpy678c/public_html/tryyourwork.com/docladder/vendor/codeigniter4/framework/system/CodeIgniter.php(410): CodeIgniter\CodeIgniter->runController(Object(App\Controllers\JobseekerProfile))
#3 /home/nocjadpy678c/public_html/tryyourwork.com/docladder/vendor/codeigniter4/framework/system/CodeIgniter.php(318): CodeIgniter\CodeIgniter->handleRequest(NULL, Object(Config\Cache), false)
#4 /home/nocjadpy678c/public_html/tryyourwork.com/docladder/index.php(37): CodeIgniter\CodeIgniter->run()
#5 {main}
CRITICAL - 2022-11-17 00:15:27 --> Undefined variable: state
#0 /home/nocjadpy678c/public_html/tryyourwork.com/docladder/app/Controllers/JobseekerProfile.php(349): CodeIgniter\Debug\Exceptions->errorHandler(8, 'Undefined varia...', '/home/nocjadpy6...', 349, Array)
#1 /home/nocjadpy678c/public_html/tryyourwork.com/docladder/vendor/codeigniter4/framework/system/CodeIgniter.php(824): App\Controllers\JobseekerProfile->updateprofile()
#2 /home/nocjadpy678c/public_html/tryyourwork.com/docladder/vendor/codeigniter4/framework/system/CodeIgniter.php(410): CodeIgniter\CodeIgniter->runController(Object(App\Controllers\JobseekerProfile))
#3 /home/nocjadpy678c/public_html/tryyourwork.com/docladder/vendor/codeigniter4/framework/system/CodeIgniter.php(318): CodeIgniter\CodeIgniter->handleRequest(NULL, Object(Config\Cache), false)
#4 /home/nocjadpy678c/public_html/tryyourwork.com/docladder/index.php(37): CodeIgniter\CodeIgniter->run()
#5 {main}
CRITICAL - 2022-11-17 00:15:59 --> Undefined variable: state
#0 /home/nocjadpy678c/public_html/tryyourwork.com/docladder/app/Controllers/JobseekerProfile.php(349): CodeIgniter\Debug\Exceptions->errorHandler(8, 'Undefined varia...', '/home/nocjadpy6...', 349, Array)
#1 /home/nocjadpy678c/public_html/tryyourwork.com/docladder/vendor/codeigniter4/framework/system/CodeIgniter.php(824): App\Controllers\JobseekerProfile->updateprofile()
#2 /home/nocjadpy678c/public_html/tryyourwork.com/docladder/vendor/codeigniter4/framework/system/CodeIgniter.php(410): CodeIgniter\CodeIgniter->runController(Object(App\Controllers\JobseekerProfile))
#3 /home/nocjadpy678c/public_html/tryyourwork.com/docladder/vendor/codeigniter4/framework/system/CodeIgniter.php(318): CodeIgniter\CodeIgniter->handleRequest(NULL, Object(Config\Cache), false)
#4 /home/nocjadpy678c/public_html/tryyourwork.com/docladder/index.php(37): CodeIgniter\CodeIgniter->run()
#5 {main}
CRITICAL - 2022-11-17 00:27:24 --> Undefined index: current_other_ids
#0 /home/nocjadpy678c/public_html/tryyourwork.com/docladder/app/Controllers/JobseekerProfile.php(200): CodeIgniter\Debug\Exceptions->errorHandler(8, 'Undefined index...', '/home/nocjadpy6...', 200, Array)
#1 /home/nocjadpy678c/public_html/tryyourwork.com/docladder/vendor/codeigniter4/framework/system/CodeIgniter.php(824): App\Controllers\JobseekerProfile->index()
#2 /home/nocjadpy678c/public_html/tryyourwork.com/docladder/vendor/codeigniter4/framework/system/CodeIgniter.php(410): CodeIgniter\CodeIgniter->runController(Object(App\Controllers\JobseekerProfile))
#3 /home/nocjadpy678c/public_html/tryyourwork.com/docladder/vendor/codeigniter4/framework/system/CodeIgniter.php(318): CodeIgniter\CodeIgniter->handleRequest(NULL, Object(Config\Cache), false)
#4 /home/nocjadpy678c/public_html/tryyourwork.com/docladder/index.php(37): CodeIgniter\CodeIgniter->run()
#5 {main}
CRITICAL - 2022-11-17 00:37:19 --> Undefined variable: state
#0 /home/nocjadpy678c/public_html/tryyourwork.com/docladder/app/Controllers/JobseekerProfile.php(363): CodeIgniter\Debug\Exceptions->errorHandler(8, 'Undefined varia...', '/home/nocjadpy6...', 363, Array)
#1 /home/nocjadpy678c/public_html/tryyourwork.com/docladder/vendor/codeigniter4/framework/system/CodeIgniter.php(824): App\Controllers\JobseekerProfile->updateprofile()
#2 /home/nocjadpy678c/public_html/tryyourwork.com/docladder/vendor/codeigniter4/framework/system/CodeIgniter.php(410): CodeIgniter\CodeIgniter->runController(Object(App\Controllers\JobseekerProfile))
#3 /home/nocjadpy678c/public_html/tryyourwork.com/docladder/vendor/codeigniter4/framework/system/CodeIgniter.php(318): CodeIgniter\CodeIgniter->handleRequest(NULL, Object(Config\Cache), false)
#4 /home/nocjadpy678c/public_html/tryyourwork.com/docladder/index.php(37): CodeIgniter\CodeIgniter->run()
#5 {main}
CRITICAL - 2022-11-17 00:37:25 --> Undefined variable: state
#0 /home/nocjadpy678c/public_html/tryyourwork.com/docladder/app/Controllers/JobseekerProfile.php(363): CodeIgniter\Debug\Exceptions->errorHandler(8, 'Undefined varia...', '/home/nocjadpy6...', 363, Array)
#1 /home/nocjadpy678c/public_html/tryyourwork.com/docladder/vendor/codeigniter4/framework/system/CodeIgniter.php(824): App\Controllers\JobseekerProfile->updateprofile()
#2 /home/nocjadpy678c/public_html/tryyourwork.com/docladder/vendor/codeigniter4/framework/system/CodeIgniter.php(410): CodeIgniter\CodeIgniter->runController(Object(App\Controllers\JobseekerProfile))
#3 /home/nocjadpy678c/public_html/tryyourwork.com/docladder/vendor/codeigniter4/framework/system/CodeIgniter.php(318): CodeIgniter\CodeIgniter->handleRequest(NULL, Object(Config\Cache), false)
#4 /home/nocjadpy678c/public_html/tryyourwork.com/docladder/index.php(37): CodeIgniter\CodeIgniter->run()
#5 {main}
CRITICAL - 2022-11-17 00:37:34 --> Undefined variable: state
#0 /home/nocjadpy678c/public_html/tryyourwork.com/docladder/app/Controllers/JobseekerProfile.php(363): CodeIgniter\Debug\Exceptions->errorHandler(8, 'Undefined varia...', '/home/nocjadpy6...', 363, Array)
#1 /home/nocjadpy678c/public_html/tryyourwork.com/docladder/vendor/codeigniter4/framework/system/CodeIgniter.php(824): App\Controllers\JobseekerProfile->updateprofile()
#2 /home/nocjadpy678c/public_html/tryyourwork.com/docladder/vendor/codeigniter4/framework/system/CodeIgniter.php(410): CodeIgniter\CodeIgniter->runController(Object(App\Controllers\JobseekerProfile))
#3 /home/nocjadpy678c/public_html/tryyourwork.com/docladder/vendor/codeigniter4/framework/system/CodeIgniter.php(318): CodeIgniter\CodeIgniter->handleRequest(NULL, Object(Config\Cache), false)
#4 /home/nocjadpy678c/public_html/tryyourwork.com/docladder/index.php(37): CodeIgniter\CodeIgniter->run()
#5 {main}
CRITICAL - 2022-11-17 00:38:26 --> Undefined variable: state
#0 /home/nocjadpy678c/public_html/tryyourwork.com/docladder/app/Controllers/JobseekerProfile.php(363): CodeIgniter\Debug\Exceptions->errorHandler(8, 'Undefined varia...', '/home/nocjadpy6...', 363, Array)
#1 /home/nocjadpy678c/public_html/tryyourwork.com/docladder/vendor/codeigniter4/framework/system/CodeIgniter.php(824): App\Controllers\JobseekerProfile->updateprofile()
#2 /home/nocjadpy678c/public_html/tryyourwork.com/docladder/vendor/codeigniter4/framework/system/CodeIgniter.php(410): CodeIgniter\CodeIgniter->runController(Object(App\Controllers\JobseekerProfile))
#3 /home/nocjadpy678c/public_html/tryyourwork.com/docladder/vendor/codeigniter4/framework/system/CodeIgniter.php(318): CodeIgniter\CodeIgniter->handleRequest(NULL, Object(Config\Cache), false)
#4 /home/nocjadpy678c/public_html/tryyourwork.com/docladder/index.php(37): CodeIgniter\CodeIgniter->run()
#5 {main}
CRITICAL - 2022-11-17 00:39:54 --> Undefined variable: state
#0 /home/nocjadpy678c/public_html/tryyourwork.com/docladder/app/Controllers/JobseekerProfile.php(363): CodeIgniter\Debug\Exceptions->errorHandler(8, 'Undefined varia...', '/home/nocjadpy6...', 363, Array)
#1 /home/nocjadpy678c/public_html/tryyourwork.com/docladder/vendor/codeigniter4/framework/system/CodeIgniter.php(824): App\Controllers\JobseekerProfile->updateprofile()
#2 /home/nocjadpy678c/public_html/tryyourwork.com/docladder/vendor/codeigniter4/framework/system/CodeIgniter.php(410): CodeIgniter\CodeIgniter->runController(Object(App\Controllers\JobseekerProfile))
#3 /home/nocjadpy678c/public_html/tryyourwork.com/docladder/vendor/codeigniter4/framework/system/CodeIgniter.php(318): CodeIgniter\CodeIgniter->handleRequest(NULL, Object(Config\Cache), false)
#4 /home/nocjadpy678c/public_html/tryyourwork.com/docladder/index.php(37): CodeIgniter\CodeIgniter->run()
#5 {main}
CRITICAL - 2022-11-17 00:41:37 --> Undefined variable: othercity
#0 /home/nocjadpy678c/public_html/tryyourwork.com/docladder/app/Controllers/JobseekerProfile.php(391): CodeIgniter\Debug\Exceptions->errorHandler(8, 'Undefined varia...', '/home/nocjadpy6...', 391, Array)
#1 /home/nocjadpy678c/public_html/tryyourwork.com/docladder/vendor/codeigniter4/framework/system/CodeIgniter.php(824): App\Controllers\JobseekerProfile->updateprofile()
#2 /home/nocjadpy678c/public_html/tryyourwork.com/docladder/vendor/codeigniter4/framework/system/CodeIgniter.php(410): CodeIgniter\CodeIgniter->runController(Object(App\Controllers\JobseekerProfile))
#3 /home/nocjadpy678c/public_html/tryyourwork.com/docladder/vendor/codeigniter4/framework/system/CodeIgniter.php(318): CodeIgniter\CodeIgniter->handleRequest(NULL, Object(Config\Cache), false)
#4 /home/nocjadpy678c/public_html/tryyourwork.com/docladder/index.php(37): CodeIgniter\CodeIgniter->run()
#5 {main}
CRITICAL - 2022-11-17 00:41:39 --> Undefined variable: othercity
#0 /home/nocjadpy678c/public_html/tryyourwork.com/docladder/app/Controllers/JobseekerProfile.php(391): CodeIgniter\Debug\Exceptions->errorHandler(8, 'Undefined varia...', '/home/nocjadpy6...', 391, Array)
#1 /home/nocjadpy678c/public_html/tryyourwork.com/docladder/vendor/codeigniter4/framework/system/CodeIgniter.php(824): App\Controllers\JobseekerProfile->updateprofile()
#2 /home/nocjadpy678c/public_html/tryyourwork.com/docladder/vendor/codeigniter4/framework/system/CodeIgniter.php(410): CodeIgniter\CodeIgniter->runController(Object(App\Controllers\JobseekerProfile))
#3 /home/nocjadpy678c/public_html/tryyourwork.com/docladder/vendor/codeigniter4/framework/system/CodeIgniter.php(318): CodeIgniter\CodeIgniter->handleRequest(NULL, Object(Config\Cache), false)
#4 /home/nocjadpy678c/public_html/tryyourwork.com/docladder/index.php(37): CodeIgniter\CodeIgniter->run()
#5 {main}
ERROR - 2022-11-17 00:49:52 --> Column 'session_id' cannot be null
CRITICAL - 2022-11-17 00:49:52 --> Column 'session_id' cannot be null
#0 /home/nocjadpy678c/public_html/tryyourwork.com/docladder/vendor/codeigniter4/framework/system/Database/MySQLi/Connection.php(292): mysqli->query('INSERT INTO `re...', 0)
#1 /home/nocjadpy678c/public_html/tryyourwork.com/docladder/vendor/codeigniter4/framework/system/Database/BaseConnection.php(670): CodeIgniter\Database\MySQLi\Connection->execute('INSERT INTO `re...')
#2 /home/nocjadpy678c/public_html/tryyourwork.com/docladder/vendor/codeigniter4/framework/system/Database/BaseConnection.php(598): CodeIgniter\Database\BaseConnection->simpleQuery('INSERT INTO `re...')
#3 /home/nocjadpy678c/public_html/tryyourwork.com/docladder/vendor/codeigniter4/framework/system/Database/BaseBuilder.php(1759): CodeIgniter\Database\BaseConnection->query('INSERT INTO `re...', Array, false)
#4 /home/nocjadpy678c/public_html/tryyourwork.com/docladder/vendor/codeigniter4/framework/system/Model.php(239): CodeIgniter\Database\BaseBuilder->insert()
#5 /home/nocjadpy678c/public_html/tryyourwork.com/docladder/vendor/codeigniter4/framework/system/BaseModel.php(738): CodeIgniter\Model->doInsert(Array)
#6 /home/nocjadpy678c/public_html/tryyourwork.com/docladder/vendor/codeigniter4/framework/system/Model.php(620): CodeIgniter\BaseModel->insert(Array, true)
#7 /home/nocjadpy678c/public_html/tryyourwork.com/docladder/app/Controllers/RecruiterSimpleSearch.php(103): CodeIgniter\Model->insert(Array)
#8 /home/nocjadpy678c/public_html/tryyourwork.com/docladder/vendor/codeigniter4/framework/system/CodeIgniter.php(824): App\Controllers\RecruiterSimpleSearch->SimpleSearching()
#9 /home/nocjadpy678c/public_html/tryyourwork.com/docladder/vendor/codeigniter4/framework/system/CodeIgniter.php(410): CodeIgniter\CodeIgniter->runController(Object(App\Controllers\RecruiterSimpleSearch))
#10 /home/nocjadpy678c/public_html/tryyourwork.com/docladder/vendor/codeigniter4/framework/system/CodeIgniter.php(318): CodeIgniter\CodeIgniter->handleRequest(NULL, Object(Config\Cache), false)
#11 /home/nocjadpy678c/public_html/tryyourwork.com/docladder/index.php(37): CodeIgniter\CodeIgniter->run()
#12 {main}
CRITICAL - 2022-11-17 01:06:47 --> Illegal string offset 'name'
#0 /home/nocjadpy678c/public_html/tryyourwork.com/docladder/app/Views/recruiter-simple-results.php(358): CodeIgniter\Debug\Exceptions->errorHandler(2, 'Illegal string ...', '/home/nocjadpy6...', 358, Array)
#1 /home/nocjadpy678c/public_html/tryyourwork.com/docladder/vendor/codeigniter4/framework/system/View/View.php(214): include('/home/nocjadpy6...')
#2 /home/nocjadpy678c/public_html/tryyourwork.com/docladder/vendor/codeigniter4/framework/system/View/View.php(217): CodeIgniter\View\View->CodeIgniter\View\{closure}()
#3 /home/nocjadpy678c/public_html/tryyourwork.com/docladder/vendor/codeigniter4/framework/system/Common.php(1097): CodeIgniter\View\View->render('recruiter-simpl...', Array, true)
#4 /home/nocjadpy678c/public_html/tryyourwork.com/docladder/app/Controllers/RecruiterSimpleSearch.php(199): view('recruiter-simpl...', Array)
#5 /home/nocjadpy678c/public_html/tryyourwork.com/docladder/vendor/codeigniter4/framework/system/CodeIgniter.php(824): App\Controllers\RecruiterSimpleSearch->SimpleSearching()
#6 /home/nocjadpy678c/public_html/tryyourwork.com/docladder/vendor/codeigniter4/framework/system/CodeIgniter.php(410): CodeIgniter\CodeIgniter->runController(Object(App\Controllers\RecruiterSimpleSearch))
#7 /home/nocjadpy678c/public_html/tryyourwork.com/docladder/vendor/codeigniter4/framework/system/CodeIgniter.php(318): CodeIgniter\CodeIgniter->handleRequest(NULL, Object(Config\Cache), false)
#8 /home/nocjadpy678c/public_html/tryyourwork.com/docladder/index.php(37): CodeIgniter\CodeIgniter->run()
#9 {main}
ERROR - 2022-11-17 01:25:33 --> Column 'session_id' cannot be null
CRITICAL - 2022-11-17 01:25:33 --> Column 'session_id' cannot be null
#0 /home/nocjadpy678c/public_html/tryyourwork.com/docladder/vendor/codeigniter4/framework/system/Database/MySQLi/Connection.php(292): mysqli->query('INSERT INTO `re...', 0)
#1 /home/nocjadpy678c/public_html/tryyourwork.com/docladder/vendor/codeigniter4/framework/system/Database/BaseConnection.php(670): CodeIgniter\Database\MySQLi\Connection->execute('INSERT INTO `re...')
#2 /home/nocjadpy678c/public_html/tryyourwork.com/docladder/vendor/codeigniter4/framework/system/Database/BaseConnection.php(598): CodeIgniter\Database\BaseConnection->simpleQuery('INSERT INTO `re...')
#3 /home/nocjadpy678c/public_html/tryyourwork.com/docladder/vendor/codeigniter4/framework/system/Database/BaseBuilder.php(1759): CodeIgniter\Database\BaseConnection->query('INSERT INTO `re...', Array, false)
#4 /home/nocjadpy678c/public_html/tryyourwork.com/docladder/vendor/codeigniter4/framework/system/Model.php(239): CodeIgniter\Database\BaseBuilder->insert()
#5 /home/nocjadpy678c/public_html/tryyourwork.com/docladder/vendor/codeigniter4/framework/system/BaseModel.php(738): CodeIgniter\Model->doInsert(Array)
#6 /home/nocjadpy678c/public_html/tryyourwork.com/docladder/vendor/codeigniter4/framework/system/Model.php(620): CodeIgniter\BaseModel->insert(Array, true)
#7 /home/nocjadpy678c/public_html/tryyourwork.com/docladder/app/Controllers/RecruiterSimpleSearch.php(103): CodeIgniter\Model->insert(Array)
#8 /home/nocjadpy678c/public_html/tryyourwork.com/docladder/vendor/codeigniter4/framework/system/CodeIgniter.php(824): App\Controllers\RecruiterSimpleSearch->SimpleSearching()
#9 /home/nocjadpy678c/public_html/tryyourwork.com/docladder/vendor/codeigniter4/framework/system/CodeIgniter.php(410): CodeIgniter\CodeIgniter->runController(Object(App\Controllers\RecruiterSimpleSearch))
#10 /home/nocjadpy678c/public_html/tryyourwork.com/docladder/vendor/codeigniter4/framework/system/CodeIgniter.php(318): CodeIgniter\CodeIgniter->handleRequest(NULL, Object(Config\Cache), false)
#11 /home/nocjadpy678c/public_html/tryyourwork.com/docladder/index.php(37): CodeIgniter\CodeIgniter->run()
#12 {main}
ERROR - 2022-11-17 01:26:21 --> Column 'session_id' cannot be null
CRITICAL - 2022-11-17 01:26:21 --> Column 'session_id' cannot be null
#0 /home/nocjadpy678c/public_html/tryyourwork.com/docladder/vendor/codeigniter4/framework/system/Database/MySQLi/Connection.php(292): mysqli->query('INSERT INTO `re...', 0)
#1 /home/nocjadpy678c/public_html/tryyourwork.com/docladder/vendor/codeigniter4/framework/system/Database/BaseConnection.php(670): CodeIgniter\Database\MySQLi\Connection->execute('INSERT INTO `re...')
#2 /home/nocjadpy678c/public_html/tryyourwork.com/docladder/vendor/codeigniter4/framework/system/Database/BaseConnection.php(598): CodeIgniter\Database\BaseConnection->simpleQuery('INSERT INTO `re...')
#3 /home/nocjadpy678c/public_html/tryyourwork.com/docladder/vendor/codeigniter4/framework/system/Database/BaseBuilder.php(1759): CodeIgniter\Database\BaseConnection->query('INSERT INTO `re...', Array, false)
#4 /home/nocjadpy678c/public_html/tryyourwork.com/docladder/vendor/codeigniter4/framework/system/Model.php(239): CodeIgniter\Database\BaseBuilder->insert()
#5 /home/nocjadpy678c/public_html/tryyourwork.com/docladder/vendor/codeigniter4/framework/system/BaseModel.php(738): CodeIgniter\Model->doInsert(Array)
#6 /home/nocjadpy678c/public_html/tryyourwork.com/docladder/vendor/codeigniter4/framework/system/Model.php(620): CodeIgniter\BaseModel->insert(Array, true)
#7 /home/nocjadpy678c/public_html/tryyourwork.com/docladder/app/Controllers/RecruiterSimpleSearch.php(103): CodeIgniter\Model->insert(Array)
#8 /home/nocjadpy678c/public_html/tryyourwork.com/docladder/vendor/codeigniter4/framework/system/CodeIgniter.php(824): App\Controllers\RecruiterSimpleSearch->SimpleSearching()
#9 /home/nocjadpy678c/public_html/tryyourwork.com/docladder/vendor/codeigniter4/framework/system/CodeIgniter.php(410): CodeIgniter\CodeIgniter->runController(Object(App\Controllers\RecruiterSimpleSearch))
#10 /home/nocjadpy678c/public_html/tryyourwork.com/docladder/vendor/codeigniter4/framework/system/CodeIgniter.php(318): CodeIgniter\CodeIgniter->handleRequest(NULL, Object(Config\Cache), false)
#11 /home/nocjadpy678c/public_html/tryyourwork.com/docladder/index.php(37): CodeIgniter\CodeIgniter->run()
#12 {main}
ERROR - 2022-11-17 01:32:32 --> Column 'session_id' cannot be null
CRITICAL - 2022-11-17 01:32:32 --> Column 'session_id' cannot be null
#0 /home/nocjadpy678c/public_html/tryyourwork.com/docladder/vendor/codeigniter4/framework/system/Database/MySQLi/Connection.php(292): mysqli->query('INSERT INTO `re...', 0)
#1 /home/nocjadpy678c/public_html/tryyourwork.com/docladder/vendor/codeigniter4/framework/system/Database/BaseConnection.php(670): CodeIgniter\Database\MySQLi\Connection->execute('INSERT INTO `re...')
#2 /home/nocjadpy678c/public_html/tryyourwork.com/docladder/vendor/codeigniter4/framework/system/Database/BaseConnection.php(598): CodeIgniter\Database\BaseConnection->simpleQuery('INSERT INTO `re...')
#3 /home/nocjadpy678c/public_html/tryyourwork.com/docladder/vendor/codeigniter4/framework/system/Database/BaseBuilder.php(1759): CodeIgniter\Database\BaseConnection->query('INSERT INTO `re...', Array, false)
#4 /home/nocjadpy678c/public_html/tryyourwork.com/docladder/vendor/codeigniter4/framework/system/Model.php(239): CodeIgniter\Database\BaseBuilder->insert()
#5 /home/nocjadpy678c/public_html/tryyourwork.com/docladder/vendor/codeigniter4/framework/system/BaseModel.php(738): CodeIgniter\Model->doInsert(Array)
#6 /home/nocjadpy678c/public_html/tryyourwork.com/docladder/vendor/codeigniter4/framework/system/Model.php(620): CodeIgniter\BaseModel->insert(Array, true)
#7 /home/nocjadpy678c/public_html/tryyourwork.com/docladder/app/Controllers/RecruiterSimpleSearch.php(103): CodeIgniter\Model->insert(Array)
#8 /home/nocjadpy678c/public_html/tryyourwork.com/docladder/vendor/codeigniter4/framework/system/CodeIgniter.php(824): App\Controllers\RecruiterSimpleSearch->SimpleSearching()
#9 /home/nocjadpy678c/public_html/tryyourwork.com/docladder/vendor/codeigniter4/framework/system/CodeIgniter.php(410): CodeIgniter\CodeIgniter->runController(Object(App\Controllers\RecruiterSimpleSearch))
#10 /home/nocjadpy678c/public_html/tryyourwork.com/docladder/vendor/codeigniter4/framework/system/CodeIgniter.php(318): CodeIgniter\CodeIgniter->handleRequest(NULL, Object(Config\Cache), false)
#11 /home/nocjadpy678c/public_html/tryyourwork.com/docladder/index.php(37): CodeIgniter\CodeIgniter->run()
#12 {main}
ERROR - 2022-11-17 01:35:49 --> Column 'session_id' cannot be null
CRITICAL - 2022-11-17 01:35:49 --> Column 'session_id' cannot be null
#0 /home/nocjadpy678c/public_html/tryyourwork.com/docladder/vendor/codeigniter4/framework/system/Database/MySQLi/Connection.php(292): mysqli->query('INSERT INTO `re...', 0)
#1 /home/nocjadpy678c/public_html/tryyourwork.com/docladder/vendor/codeigniter4/framework/system/Database/BaseConnection.php(670): CodeIgniter\Database\MySQLi\Connection->execute('INSERT INTO `re...')
#2 /home/nocjadpy678c/public_html/tryyourwork.com/docladder/vendor/codeigniter4/framework/system/Database/BaseConnection.php(598): CodeIgniter\Database\BaseConnection->simpleQuery('INSERT INTO `re...')
#3 /home/nocjadpy678c/public_html/tryyourwork.com/docladder/vendor/codeigniter4/framework/system/Database/BaseBuilder.php(1759): CodeIgniter\Database\BaseConnection->query('INSERT INTO `re...', Array, false)
#4 /home/nocjadpy678c/public_html/tryyourwork.com/docladder/vendor/codeigniter4/framework/system/Model.php(239): CodeIgniter\Database\BaseBuilder->insert()
#5 /home/nocjadpy678c/public_html/tryyourwork.com/docladder/vendor/codeigniter4/framework/system/BaseModel.php(738): CodeIgniter\Model->doInsert(Array)
#6 /home/nocjadpy678c/public_html/tryyourwork.com/docladder/vendor/codeigniter4/framework/system/Model.php(620): CodeIgniter\BaseModel->insert(Array, true)
#7 /home/nocjadpy678c/public_html/tryyourwork.com/docladder/app/Controllers/RecruiterSimpleSearch.php(103): CodeIgniter\Model->insert(Array)
#8 /home/nocjadpy678c/public_html/tryyourwork.com/docladder/vendor/codeigniter4/framework/system/CodeIgniter.php(824): App\Controllers\RecruiterSimpleSearch->SimpleSearching()
#9 /home/nocjadpy678c/public_html/tryyourwork.com/docladder/vendor/codeigniter4/framework/system/CodeIgniter.php(410): CodeIgniter\CodeIgniter->runController(Object(App\Controllers\RecruiterSimpleSearch))
#10 /home/nocjadpy678c/public_html/tryyourwork.com/docladder/vendor/codeigniter4/framework/system/CodeIgniter.php(318): CodeIgniter\CodeIgniter->handleRequest(NULL, Object(Config\Cache), false)
#11 /home/nocjadpy678c/public_html/tryyourwork.com/docladder/index.php(37): CodeIgniter\CodeIgniter->run()
#12 {main}
CRITICAL - 2022-11-17 05:13:56 --> Undefined variable: inserted_id
#0 /home/nocjadpy678c/public_html/tryyourwork.com/docladder/app/Controllers/JobManageSpace.php(283): CodeIgniter\Debug\Exceptions->errorHandler(8, 'Undefined varia...', '/home/nocjadpy6...', 283, Array)
#1 /home/nocjadpy678c/public_html/tryyourwork.com/docladder/vendor/codeigniter4/framework/system/CodeIgniter.php(824): App\Controllers\JobManageSpace->Editspace()
#2 /home/nocjadpy678c/public_html/tryyourwork.com/docladder/vendor/codeigniter4/framework/system/CodeIgniter.php(410): CodeIgniter\CodeIgniter->runController(Object(App\Controllers\JobManageSpace))
#3 /home/nocjadpy678c/public_html/tryyourwork.com/docladder/vendor/codeigniter4/framework/system/CodeIgniter.php(318): CodeIgniter\CodeIgniter->handleRequest(NULL, Object(Config\Cache), false)
#4 /home/nocjadpy678c/public_html/tryyourwork.com/docladder/index.php(37): CodeIgniter\CodeIgniter->run()
#5 {main}
CRITICAL - 2022-11-17 06:45:34 --> Undefined variable: db
#0 /home/nocjadpy678c/public_html/tryyourwork.com/docladder/app/Controllers/SpaceForm.php(141): CodeIgniter\Debug\Exceptions->errorHandler(8, 'Undefined varia...', '/home/nocjadpy6...', 141, Array)
#1 /home/nocjadpy678c/public_html/tryyourwork.com/docladder/vendor/codeigniter4/framework/system/CodeIgniter.php(824): App\Controllers\SpaceForm->Spaceform()
#2 /home/nocjadpy678c/public_html/tryyourwork.com/docladder/vendor/codeigniter4/framework/system/CodeIgniter.php(410): CodeIgniter\CodeIgniter->runController(Object(App\Controllers\SpaceForm))
#3 /home/nocjadpy678c/public_html/tryyourwork.com/docladder/vendor/codeigniter4/framework/system/CodeIgniter.php(318): CodeIgniter\CodeIgniter->handleRequest(NULL, Object(Config\Cache), false)
#4 /home/nocjadpy678c/public_html/tryyourwork.com/docladder/index.php(37): CodeIgniter\CodeIgniter->run()
#5 {main}
ERROR - 2022-11-17 06:46:52 --> Unknown column 'equipment_id' in 'field list'
CRITICAL - 2022-11-17 06:46:52 --> Unknown column 'equipment_id' in 'field list'
#0 /home/nocjadpy678c/public_html/tryyourwork.com/docladder/vendor/codeigniter4/framework/system/Database/MySQLi/Connection.php(292): mysqli->query('INSERT INTO `re...', 0)
#1 /home/nocjadpy678c/public_html/tryyourwork.com/docladder/vendor/codeigniter4/framework/system/Database/BaseConnection.php(670): CodeIgniter\Database\MySQLi\Connection->execute('INSERT INTO `re...')
#2 /home/nocjadpy678c/public_html/tryyourwork.com/docladder/vendor/codeigniter4/framework/system/Database/BaseConnection.php(598): CodeIgniter\Database\BaseConnection->simpleQuery('INSERT INTO `re...')
#3 /home/nocjadpy678c/public_html/tryyourwork.com/docladder/vendor/codeigniter4/framework/system/Database/BaseBuilder.php(1759): CodeIgniter\Database\BaseConnection->query('INSERT INTO `re...', Array, false)
#4 /home/nocjadpy678c/public_html/tryyourwork.com/docladder/app/Controllers/SpaceForm.php(143): CodeIgniter\Database\BaseBuilder->insert(Array)
#5 /home/nocjadpy678c/public_html/tryyourwork.com/docladder/vendor/codeigniter4/framework/system/CodeIgniter.php(824): App\Controllers\SpaceForm->Spaceform()
#6 /home/nocjadpy678c/public_html/tryyourwork.com/docladder/vendor/codeigniter4/framework/system/CodeIgniter.php(410): CodeIgniter\CodeIgniter->runController(Object(App\Controllers\SpaceForm))
#7 /home/nocjadpy678c/public_html/tryyourwork.com/docladder/vendor/codeigniter4/framework/system/CodeIgniter.php(318): CodeIgniter\CodeIgniter->handleRequest(NULL, Object(Config\Cache), false)
#8 /home/nocjadpy678c/public_html/tryyourwork.com/docladder/index.php(37): CodeIgniter\CodeIgniter->run()
#9 {main}
CRITICAL - 2022-11-17 23:34:38 --> Trying to access array offset on value of type null
#0 /home/nocjadpy678c/public_html/tryyourwork.com/docladder/app/Models/RecruiterModel.php(76): CodeIgniter\Debug\Exceptions->errorHandler(8, 'Trying to acces...', '/home/nocjadpy6...', 76, Array)
#1 /home/nocjadpy678c/public_html/tryyourwork.com/docladder/app/Controllers/RecruiterProfile.php(28): App\Models\RecruiterModel->jobprofile()
#2 /home/nocjadpy678c/public_html/tryyourwork.com/docladder/vendor/codeigniter4/framework/system/CodeIgniter.php(824): App\Controllers\RecruiterProfile->index()
#3 /home/nocjadpy678c/public_html/tryyourwork.com/docladder/vendor/codeigniter4/framework/system/CodeIgniter.php(410): CodeIgniter\CodeIgniter->runController(Object(App\Controllers\RecruiterProfile))
#4 /home/nocjadpy678c/public_html/tryyourwork.com/docladder/vendor/codeigniter4/framework/system/CodeIgniter.php(318): CodeIgniter\CodeIgniter->handleRequest(NULL, Object(Config\Cache), false)
#5 /home/nocjadpy678c/public_html/tryyourwork.com/docladder/index.php(37): CodeIgniter\CodeIgniter->run()
#6 {main}
CRITICAL - 2022-11-17 23:52:10 --> Trying to access array offset on value of type null
#0 /home/nocjadpy678c/public_html/tryyourwork.com/docladder/app/Models/RecruiterSearchModel.php(82): CodeIgniter\Debug\Exceptions->errorHandler(8, 'Trying to acces...', '/home/nocjadpy6...', 82, Array)
#1 /home/nocjadpy678c/public_html/tryyourwork.com/docladder/app/Models/RecruiterSearchModel.php(371): App\Models\RecruiterSearchModel->fetch_all_location_user_ids()
#2 /home/nocjadpy678c/public_html/tryyourwork.com/docladder/app/Models/RecruiterSearchModel.php(469): App\Models\RecruiterSearchModel->fetch_data(Array)
#3 /home/nocjadpy678c/public_html/tryyourwork.com/docladder/app/Controllers/RecruiterSimpleSearch.php(114): App\Models\RecruiterSearchModel->count_all(1, 10, Array)
#4 /home/nocjadpy678c/public_html/tryyourwork.com/docladder/vendor/codeigniter4/framework/system/CodeIgniter.php(824): App\Controllers\RecruiterSimpleSearch->SimpleSearching()
#5 /home/nocjadpy678c/public_html/tryyourwork.com/docladder/vendor/codeigniter4/framework/system/CodeIgniter.php(410): CodeIgniter\CodeIgniter->runController(Object(App\Controllers\RecruiterSimpleSearch))
#6 /home/nocjadpy678c/public_html/tryyourwork.com/docladder/vendor/codeigniter4/framework/system/CodeIgniter.php(318): CodeIgniter\CodeIgniter->handleRequest(NULL, Object(Config\Cache), false)
#7 /home/nocjadpy678c/public_html/tryyourwork.com/docladder/index.php(37): CodeIgniter\CodeIgniter->run()
#8 {main}
CRITICAL - 2022-11-17 23:52:50 --> Array to string conversion
#0 [internal function]: CodeIgniter\Debug\Exceptions->errorHandler(8, 'Array to string...', '/home/nocjadpy6...', 347, Array)
#1 /home/nocjadpy678c/public_html/tryyourwork.com/docladder/app/Models/RecruiterSearchModel.php(347): array_intersect(Array, Array)
#2 /home/nocjadpy678c/public_html/tryyourwork.com/docladder/app/Models/RecruiterSearchModel.php(371): App\Models\RecruiterSearchModel->fetch_all_location_user_ids()
#3 /home/nocjadpy678c/public_html/tryyourwork.com/docladder/app/Models/RecruiterSearchModel.php(469): App\Models\RecruiterSearchModel->fetch_data(Array)
#4 /home/nocjadpy678c/public_html/tryyourwork.com/docladder/app/Controllers/RecruiterSimpleSearch.php(114): App\Models\RecruiterSearchModel->count_all(1, 10, Array)
#5 /home/nocjadpy678c/public_html/tryyourwork.com/docladder/vendor/codeigniter4/framework/system/CodeIgniter.php(824): App\Controllers\RecruiterSimpleSearch->SimpleSearching()
#6 /home/nocjadpy678c/public_html/tryyourwork.com/docladder/vendor/codeigniter4/framework/system/CodeIgniter.php(410): CodeIgniter\CodeIgniter->runController(Object(App\Controllers\RecruiterSimpleSearch))
#7 /home/nocjadpy678c/public_html/tryyourwork.com/docladder/vendor/codeigniter4/framework/system/CodeIgniter.php(318): CodeIgniter\CodeIgniter->handleRequest(NULL, Object(Config\Cache), false)
#8 /home/nocjadpy678c/public_html/tryyourwork.com/docladder/index.php(37): CodeIgniter\CodeIgniter->run()
#9 {main}
CRITICAL - 2022-11-17 23:54:30 --> Array to string conversion
#0 [internal function]: CodeIgniter\Debug\Exceptions->errorHandler(8, 'Array to string...', '/home/nocjadpy6...', 347, Array)
#1 /home/nocjadpy678c/public_html/tryyourwork.com/docladder/app/Models/RecruiterSearchModel.php(347): array_intersect(Array, Array)
#2 /home/nocjadpy678c/public_html/tryyourwork.com/docladder/app/Models/RecruiterSearchModel.php(371): App\Models\RecruiterSearchModel->fetch_all_location_user_ids()
#3 /home/nocjadpy678c/public_html/tryyourwork.com/docladder/app/Models/RecruiterSearchModel.php(469): App\Models\RecruiterSearchModel->fetch_data(Array)
#4 /home/nocjadpy678c/public_html/tryyourwork.com/docladder/app/Controllers/RecruiterSimpleSearch.php(114): App\Models\RecruiterSearchModel->count_all(1, 10, Array)
#5 /home/nocjadpy678c/public_html/tryyourwork.com/docladder/vendor/codeigniter4/framework/system/CodeIgniter.php(824): App\Controllers\RecruiterSimpleSearch->SimpleSearching()
#6 /home/nocjadpy678c/public_html/tryyourwork.com/docladder/vendor/codeigniter4/framework/system/CodeIgniter.php(410): CodeIgniter\CodeIgniter->runController(Object(App\Controllers\RecruiterSimpleSearch))
#7 /home/nocjadpy678c/public_html/tryyourwork.com/docladder/vendor/codeigniter4/framework/system/CodeIgniter.php(318): CodeIgniter\CodeIgniter->handleRequest(NULL, Object(Config\Cache), false)
#8 /home/nocjadpy678c/public_html/tryyourwork.com/docladder/index.php(37): CodeIgniter\CodeIgniter->run()
#9 {main}
CRITICAL - 2022-11-17 23:56:26 --> Array to string conversion
#0 [internal function]: CodeIgniter\Debug\Exceptions->errorHandler(8, 'Array to string...', '/home/nocjadpy6...', 348, Array)
#1 /home/nocjadpy678c/public_html/tryyourwork.com/docladder/app/Models/RecruiterSearchModel.php(348): array_intersect(Array, Array)
#2 /home/nocjadpy678c/public_html/tryyourwork.com/docladder/app/Models/RecruiterSearchModel.php(372): App\Models\RecruiterSearchModel->fetch_all_location_user_ids()
#3 /home/nocjadpy678c/public_html/tryyourwork.com/docladder/app/Models/RecruiterSearchModel.php(470): App\Models\RecruiterSearchModel->fetch_data(Array)
#4 /home/nocjadpy678c/public_html/tryyourwork.com/docladder/app/Controllers/RecruiterSimpleSearch.php(114): App\Models\RecruiterSearchModel->count_all(1, 10, Array)
#5 /home/nocjadpy678c/public_html/tryyourwork.com/docladder/vendor/codeigniter4/framework/system/CodeIgniter.php(824): App\Controllers\RecruiterSimpleSearch->SimpleSearching()
#6 /home/nocjadpy678c/public_html/tryyourwork.com/docladder/vendor/codeigniter4/framework/system/CodeIgniter.php(410): CodeIgniter\CodeIgniter->runController(Object(App\Controllers\RecruiterSimpleSearch))
#7 /home/nocjadpy678c/public_html/tryyourwork.com/docladder/vendor/codeigniter4/framework/system/CodeIgniter.php(318): CodeIgniter\CodeIgniter->handleRequest(NULL, Object(Config\Cache), false)
#8 /home/nocjadpy678c/public_html/tryyourwork.com/docladder/index.php(37): CodeIgniter\CodeIgniter->run()
#9 {main}
CRITICAL - 2022-11-17 23:57:08 --> Array to string conversion
#0 [internal function]: CodeIgniter\Debug\Exceptions->errorHandler(8, 'Array to string...', '/home/nocjadpy6...', 345, Array)
#1 /home/nocjadpy678c/public_html/tryyourwork.com/docladder/app/Models/RecruiterSearchModel.php(345): array_intersect(Array, Array)
#2 /home/nocjadpy678c/public_html/tryyourwork.com/docladder/app/Models/RecruiterSearchModel.php(369): App\Models\RecruiterSearchModel->fetch_all_location_user_ids()
#3 /home/nocjadpy678c/public_html/tryyourwork.com/docladder/app/Models/RecruiterSearchModel.php(467): App\Models\RecruiterSearchModel->fetch_data(Array)
#4 /home/nocjadpy678c/public_html/tryyourwork.com/docladder/app/Controllers/RecruiterSimpleSearch.php(114): App\Models\RecruiterSearchModel->count_all(1, 10, Array)
#5 /home/nocjadpy678c/public_html/tryyourwork.com/docladder/vendor/codeigniter4/framework/system/CodeIgniter.php(824): App\Controllers\RecruiterSimpleSearch->SimpleSearching()
#6 /home/nocjadpy678c/public_html/tryyourwork.com/docladder/vendor/codeigniter4/framework/system/CodeIgniter.php(410): CodeIgniter\CodeIgniter->runController(Object(App\Controllers\RecruiterSimpleSearch))
#7 /home/nocjadpy678c/public_html/tryyourwork.com/docladder/vendor/codeigniter4/framework/system/CodeIgniter.php(318): CodeIgniter\CodeIgniter->handleRequest(NULL, Object(Config\Cache), false)
#8 /home/nocjadpy678c/public_html/tryyourwork.com/docladder/index.php(37): CodeIgniter\CodeIgniter->run()
#9 {main}
CRITICAL - 2022-11-17 23:58:09 --> Array to string conversion
#0 [internal function]: CodeIgniter\Debug\Exceptions->errorHandler(8, 'Array to string...', '/home/nocjadpy6...', 345, Array)
#1 /home/nocjadpy678c/public_html/tryyourwork.com/docladder/app/Models/RecruiterSearchModel.php(345): array_intersect(Array, Array)
#2 /home/nocjadpy678c/public_html/tryyourwork.com/docladder/app/Models/RecruiterSearchModel.php(369): App\Models\RecruiterSearchModel->fetch_all_location_user_ids()
#3 /home/nocjadpy678c/public_html/tryyourwork.com/docladder/app/Models/RecruiterSearchModel.php(467): App\Models\RecruiterSearchModel->fetch_data(Array)
#4 /home/nocjadpy678c/public_html/tryyourwork.com/docladder/app/Controllers/RecruiterSimpleSearch.php(114): App\Models\RecruiterSearchModel->count_all(1, 10, Array)
#5 /home/nocjadpy678c/public_html/tryyourwork.com/docladder/vendor/codeigniter4/framework/system/CodeIgniter.php(824): App\Controllers\RecruiterSimpleSearch->SimpleSearching()
#6 /home/nocjadpy678c/public_html/tryyourwork.com/docladder/vendor/codeigniter4/framework/system/CodeIgniter.php(410): CodeIgniter\CodeIgniter->runController(Object(App\Controllers\RecruiterSimpleSearch))
#7 /home/nocjadpy678c/public_html/tryyourwork.com/docladder/vendor/codeigniter4/framework/system/CodeIgniter.php(318): CodeIgniter\CodeIgniter->handleRequest(NULL, Object(Config\Cache), false)
#8 /home/nocjadpy678c/public_html/tryyourwork.com/docladder/index.php(37): CodeIgniter\CodeIgniter->run()
#9 {main}
