CRITICAL - 2022-02-24 00:40:15 --> Undefined variable: date
#0 C:\xampp\htdocs\projects\app\Controllers\Home.php(25): CodeIgniter\Debug\Exceptions->errorHandler(8, 'Undefined varia...', 'C:\\xampp\\htdocs...', 25, Array)
#1 C:\xampp\htdocs\projects\vendor\codeigniter4\framework\system\CodeIgniter.php(824): App\Controllers\Home->index()
#2 C:\xampp\htdocs\projects\vendor\codeigniter4\framework\system\CodeIgniter.php(410): CodeIgniter\CodeIgniter->runController(Object(App\Controllers\Home))
#3 C:\xampp\htdocs\projects\vendor\codeigniter4\framework\system\CodeIgniter.php(318): CodeIgniter\CodeIgniter->handleRequest(NULL, Object(Config\Cache), false)
#4 C:\xampp\htdocs\projects\public\index.php(37): CodeIgniter\CodeIgniter->run()
#5 C:\xampp\htdocs\projects\vendor\codeigniter4\framework\system\Commands\Server\rewrite.php(43): require_once('C:\\xampp\\htdocs...')
#6 {main}
CRITICAL - 2022-02-24 01:01:51 --> Undefined variable: m
#0 C:\xampp\htdocs\projects\app\Controllers\Home.php(48): CodeIgniter\Debug\Exceptions->errorHandler(8, 'Undefined varia...', 'C:\\xampp\\htdocs...', 48, Array)
#1 C:\xampp\htdocs\projects\vendor\codeigniter4\framework\system\CodeIgniter.php(824): App\Controllers\Home->index()
#2 C:\xampp\htdocs\projects\vendor\codeigniter4\framework\system\CodeIgniter.php(410): CodeIgniter\CodeIgniter->runController(Object(App\Controllers\Home))
#3 C:\xampp\htdocs\projects\vendor\codeigniter4\framework\system\CodeIgniter.php(318): CodeIgniter\CodeIgniter->handleRequest(NULL, Object(Config\Cache), false)
#4 C:\xampp\htdocs\projects\public\index.php(37): CodeIgniter\CodeIgniter->run()
#5 C:\xampp\htdocs\projects\vendor\codeigniter4\framework\system\Commands\Server\rewrite.php(43): require_once('C:\\xampp\\htdocs...')
#6 {main}
CRITICAL - 2022-02-24 01:23:35 --> Undefined variable: date
#0 C:\xampp\htdocs\projects\app\Controllers\Home.php(50): CodeIgniter\Debug\Exceptions->errorHandler(8, 'Undefined varia...', 'C:\\xampp\\htdocs...', 50, Array)
#1 C:\xampp\htdocs\projects\vendor\codeigniter4\framework\system\CodeIgniter.php(824): App\Controllers\Home->index()
#2 C:\xampp\htdocs\projects\vendor\codeigniter4\framework\system\CodeIgniter.php(410): CodeIgniter\CodeIgniter->runController(Object(App\Controllers\Home))
#3 C:\xampp\htdocs\projects\vendor\codeigniter4\framework\system\CodeIgniter.php(318): CodeIgniter\CodeIgniter->handleRequest(NULL, Object(Config\Cache), false)
#4 C:\xampp\htdocs\projects\public\index.php(37): CodeIgniter\CodeIgniter->run()
#5 C:\xampp\htdocs\projects\vendor\codeigniter4\framework\system\Commands\Server\rewrite.php(43): require_once('C:\\xampp\\htdocs...')
#6 {main}
CRITICAL - 2022-02-24 01:24:14 --> Undefined variable: date
#0 C:\xampp\htdocs\projects\app\Controllers\Home.php(50): CodeIgniter\Debug\Exceptions->errorHandler(8, 'Undefined varia...', 'C:\\xampp\\htdocs...', 50, Array)
#1 C:\xampp\htdocs\projects\vendor\codeigniter4\framework\system\CodeIgniter.php(824): App\Controllers\Home->index()
#2 C:\xampp\htdocs\projects\vendor\codeigniter4\framework\system\CodeIgniter.php(410): CodeIgniter\CodeIgniter->runController(Object(App\Controllers\Home))
#3 C:\xampp\htdocs\projects\vendor\codeigniter4\framework\system\CodeIgniter.php(318): CodeIgniter\CodeIgniter->handleRequest(NULL, Object(Config\Cache), false)
#4 C:\xampp\htdocs\projects\public\index.php(37): CodeIgniter\CodeIgniter->run()
#5 C:\xampp\htdocs\projects\vendor\codeigniter4\framework\system\Commands\Server\rewrite.php(43): require_once('C:\\xampp\\htdocs...')
#6 {main}
CRITICAL - 2022-02-24 02:01:33 --> Illegal string offset 'dob'
#0 C:\xampp\htdocs\projects\app\Controllers\Home.php(76): CodeIgniter\Debug\Exceptions->errorHandler(2, 'Illegal string ...', 'C:\\xampp\\htdocs...', 76, Array)
#1 C:\xampp\htdocs\projects\vendor\codeigniter4\framework\system\CodeIgniter.php(824): App\Controllers\Home->index()
#2 C:\xampp\htdocs\projects\vendor\codeigniter4\framework\system\CodeIgniter.php(410): CodeIgniter\CodeIgniter->runController(Object(App\Controllers\Home))
#3 C:\xampp\htdocs\projects\vendor\codeigniter4\framework\system\CodeIgniter.php(318): CodeIgniter\CodeIgniter->handleRequest(NULL, Object(Config\Cache), false)
#4 C:\xampp\htdocs\projects\public\index.php(37): CodeIgniter\CodeIgniter->run()
#5 C:\xampp\htdocs\projects\vendor\codeigniter4\framework\system\Commands\Server\rewrite.php(43): require_once('C:\\xampp\\htdocs...')
#6 {main}
CRITICAL - 2022-02-24 02:38:58 --> Invalid argument supplied for foreach()
#0 C:\xampp\htdocs\projects\app\Controllers\Home.php(93): CodeIgniter\Debug\Exceptions->errorHandler(2, 'Invalid argumen...', 'C:\\xampp\\htdocs...', 93, Array)
#1 C:\xampp\htdocs\projects\vendor\codeigniter4\framework\system\CodeIgniter.php(824): App\Controllers\Home->index()
#2 C:\xampp\htdocs\projects\vendor\codeigniter4\framework\system\CodeIgniter.php(410): CodeIgniter\CodeIgniter->runController(Object(App\Controllers\Home))
#3 C:\xampp\htdocs\projects\vendor\codeigniter4\framework\system\CodeIgniter.php(318): CodeIgniter\CodeIgniter->handleRequest(NULL, Object(Config\Cache), false)
#4 C:\xampp\htdocs\projects\public\index.php(37): CodeIgniter\CodeIgniter->run()
#5 C:\xampp\htdocs\projects\vendor\codeigniter4\framework\system\Commands\Server\rewrite.php(43): require_once('C:\\xampp\\htdocs...')
#6 {main}
CRITICAL - 2022-02-24 02:43:27 --> Undefined variable: date
#0 C:\xampp\htdocs\projects\app\Controllers\Home.php(32): CodeIgniter\Debug\Exceptions->errorHandler(8, 'Undefined varia...', 'C:\\xampp\\htdocs...', 32, Array)
#1 C:\xampp\htdocs\projects\vendor\codeigniter4\framework\system\CodeIgniter.php(824): App\Controllers\Home->index()
#2 C:\xampp\htdocs\projects\vendor\codeigniter4\framework\system\CodeIgniter.php(410): CodeIgniter\CodeIgniter->runController(Object(App\Controllers\Home))
#3 C:\xampp\htdocs\projects\vendor\codeigniter4\framework\system\CodeIgniter.php(318): CodeIgniter\CodeIgniter->handleRequest(NULL, Object(Config\Cache), false)
#4 C:\xampp\htdocs\projects\public\index.php(37): CodeIgniter\CodeIgniter->run()
#5 C:\xampp\htdocs\projects\vendor\codeigniter4\framework\system\Commands\Server\rewrite.php(43): require_once('C:\\xampp\\htdocs...')
#6 {main}
CRITICAL - 2022-02-24 02:43:49 --> Undefined variable: date
#0 C:\xampp\htdocs\projects\app\Controllers\Home.php(49): CodeIgniter\Debug\Exceptions->errorHandler(8, 'Undefined varia...', 'C:\\xampp\\htdocs...', 49, Array)
#1 C:\xampp\htdocs\projects\vendor\codeigniter4\framework\system\CodeIgniter.php(824): App\Controllers\Home->index()
#2 C:\xampp\htdocs\projects\vendor\codeigniter4\framework\system\CodeIgniter.php(410): CodeIgniter\CodeIgniter->runController(Object(App\Controllers\Home))
#3 C:\xampp\htdocs\projects\vendor\codeigniter4\framework\system\CodeIgniter.php(318): CodeIgniter\CodeIgniter->handleRequest(NULL, Object(Config\Cache), false)
#4 C:\xampp\htdocs\projects\public\index.php(37): CodeIgniter\CodeIgniter->run()
#5 C:\xampp\htdocs\projects\vendor\codeigniter4\framework\system\Commands\Server\rewrite.php(43): require_once('C:\\xampp\\htdocs...')
#6 {main}
CRITICAL - 2022-02-24 02:45:06 --> Illegal string offset 'dob'
#0 C:\xampp\htdocs\projects\app\Controllers\Home.php(49): CodeIgniter\Debug\Exceptions->errorHandler(2, 'Illegal string ...', 'C:\\xampp\\htdocs...', 49, Array)
#1 C:\xampp\htdocs\projects\vendor\codeigniter4\framework\system\CodeIgniter.php(824): App\Controllers\Home->index()
#2 C:\xampp\htdocs\projects\vendor\codeigniter4\framework\system\CodeIgniter.php(410): CodeIgniter\CodeIgniter->runController(Object(App\Controllers\Home))
#3 C:\xampp\htdocs\projects\vendor\codeigniter4\framework\system\CodeIgniter.php(318): CodeIgniter\CodeIgniter->handleRequest(NULL, Object(Config\Cache), false)
#4 C:\xampp\htdocs\projects\public\index.php(37): CodeIgniter\CodeIgniter->run()
#5 C:\xampp\htdocs\projects\vendor\codeigniter4\framework\system\Commands\Server\rewrite.php(43): require_once('C:\\xampp\\htdocs...')
#6 {main}
CRITICAL - 2022-02-24 02:46:35 --> syntax error, unexpected 'index' (T_STRING), expecting ';' or ','
#0 C:\xampp\htdocs\projects\vendor\codeigniter4\framework\system\Autoloader\Autoloader.php(241): CodeIgniter\Autoloader\Autoloader->includeFile('C:\\xampp\\htdocs...')
#1 C:\xampp\htdocs\projects\vendor\codeigniter4\framework\system\Autoloader\Autoloader.php(219): CodeIgniter\Autoloader\Autoloader->loadInNamespace('App\\Controllers...')
#2 [internal function]: CodeIgniter\Autoloader\Autoloader->loadClass('App\\Controllers...')
#3 [internal function]: spl_autoload_call('App\\Controllers...')
#4 C:\xampp\htdocs\projects\vendor\codeigniter4\framework\system\CodeIgniter.php(789): class_exists('\\App\\Controller...', true)
#5 C:\xampp\htdocs\projects\vendor\codeigniter4\framework\system\CodeIgniter.php(397): CodeIgniter\CodeIgniter->startController()
#6 C:\xampp\htdocs\projects\vendor\codeigniter4\framework\system\CodeIgniter.php(318): CodeIgniter\CodeIgniter->handleRequest(NULL, Object(Config\Cache), false)
#7 C:\xampp\htdocs\projects\public\index.php(37): CodeIgniter\CodeIgniter->run()
#8 C:\xampp\htdocs\projects\vendor\codeigniter4\framework\system\Commands\Server\rewrite.php(43): require_once('C:\\xampp\\htdocs...')
#9 {main}
CRITICAL - 2022-02-24 02:49:21 --> Undefined index: dob
#0 C:\xampp\htdocs\projects\app\Controllers\Home.php(44): CodeIgniter\Debug\Exceptions->errorHandler(8, 'Undefined index...', 'C:\\xampp\\htdocs...', 44, Array)
#1 C:\xampp\htdocs\projects\vendor\codeigniter4\framework\system\CodeIgniter.php(824): App\Controllers\Home->index()
#2 C:\xampp\htdocs\projects\vendor\codeigniter4\framework\system\CodeIgniter.php(410): CodeIgniter\CodeIgniter->runController(Object(App\Controllers\Home))
#3 C:\xampp\htdocs\projects\vendor\codeigniter4\framework\system\CodeIgniter.php(318): CodeIgniter\CodeIgniter->handleRequest(NULL, Object(Config\Cache), false)
#4 C:\xampp\htdocs\projects\public\index.php(37): CodeIgniter\CodeIgniter->run()
#5 C:\xampp\htdocs\projects\vendor\codeigniter4\framework\system\Commands\Server\rewrite.php(43): require_once('C:\\xampp\\htdocs...')
#6 {main}
CRITICAL - 2022-02-24 02:56:02 --> Undefined variable: dob
#0 C:\xampp\htdocs\projects\app\Controllers\Home.php(33): CodeIgniter\Debug\Exceptions->errorHandler(8, 'Undefined varia...', 'C:\\xampp\\htdocs...', 33, Array)
#1 C:\xampp\htdocs\projects\vendor\codeigniter4\framework\system\CodeIgniter.php(824): App\Controllers\Home->index()
#2 C:\xampp\htdocs\projects\vendor\codeigniter4\framework\system\CodeIgniter.php(410): CodeIgniter\CodeIgniter->runController(Object(App\Controllers\Home))
#3 C:\xampp\htdocs\projects\vendor\codeigniter4\framework\system\CodeIgniter.php(318): CodeIgniter\CodeIgniter->handleRequest(NULL, Object(Config\Cache), false)
#4 C:\xampp\htdocs\projects\public\index.php(37): CodeIgniter\CodeIgniter->run()
#5 C:\xampp\htdocs\projects\vendor\codeigniter4\framework\system\Commands\Server\rewrite.php(43): require_once('C:\\xampp\\htdocs...')
#6 {main}
CRITICAL - 2022-02-24 02:56:13 --> Undefined variable: m
#0 C:\xampp\htdocs\projects\app\Controllers\Home.php(33): CodeIgniter\Debug\Exceptions->errorHandler(8, 'Undefined varia...', 'C:\\xampp\\htdocs...', 33, Array)
#1 C:\xampp\htdocs\projects\vendor\codeigniter4\framework\system\CodeIgniter.php(824): App\Controllers\Home->index()
#2 C:\xampp\htdocs\projects\vendor\codeigniter4\framework\system\CodeIgniter.php(410): CodeIgniter\CodeIgniter->runController(Object(App\Controllers\Home))
#3 C:\xampp\htdocs\projects\vendor\codeigniter4\framework\system\CodeIgniter.php(318): CodeIgniter\CodeIgniter->handleRequest(NULL, Object(Config\Cache), false)
#4 C:\xampp\htdocs\projects\public\index.php(37): CodeIgniter\CodeIgniter->run()
#5 C:\xampp\htdocs\projects\vendor\codeigniter4\framework\system\Commands\Server\rewrite.php(43): require_once('C:\\xampp\\htdocs...')
#6 {main}
CRITICAL - 2022-02-24 02:56:26 --> Undefined variable: m
#0 C:\xampp\htdocs\projects\app\Controllers\Home.php(33): CodeIgniter\Debug\Exceptions->errorHandler(8, 'Undefined varia...', 'C:\\xampp\\htdocs...', 33, Array)
#1 C:\xampp\htdocs\projects\vendor\codeigniter4\framework\system\CodeIgniter.php(824): App\Controllers\Home->index()
#2 C:\xampp\htdocs\projects\vendor\codeigniter4\framework\system\CodeIgniter.php(410): CodeIgniter\CodeIgniter->runController(Object(App\Controllers\Home))
#3 C:\xampp\htdocs\projects\vendor\codeigniter4\framework\system\CodeIgniter.php(318): CodeIgniter\CodeIgniter->handleRequest(NULL, Object(Config\Cache), false)
#4 C:\xampp\htdocs\projects\public\index.php(37): CodeIgniter\CodeIgniter->run()
#5 C:\xampp\htdocs\projects\vendor\codeigniter4\framework\system\Commands\Server\rewrite.php(43): require_once('C:\\xampp\\htdocs...')
#6 {main}
CRITICAL - 2022-02-24 02:56:55 --> Undefined variable: dob
#0 C:\xampp\htdocs\projects\app\Controllers\Home.php(33): CodeIgniter\Debug\Exceptions->errorHandler(8, 'Undefined varia...', 'C:\\xampp\\htdocs...', 33, Array)
#1 C:\xampp\htdocs\projects\vendor\codeigniter4\framework\system\CodeIgniter.php(824): App\Controllers\Home->index()
#2 C:\xampp\htdocs\projects\vendor\codeigniter4\framework\system\CodeIgniter.php(410): CodeIgniter\CodeIgniter->runController(Object(App\Controllers\Home))
#3 C:\xampp\htdocs\projects\vendor\codeigniter4\framework\system\CodeIgniter.php(318): CodeIgniter\CodeIgniter->handleRequest(NULL, Object(Config\Cache), false)
#4 C:\xampp\htdocs\projects\public\index.php(37): CodeIgniter\CodeIgniter->run()
#5 C:\xampp\htdocs\projects\vendor\codeigniter4\framework\system\Commands\Server\rewrite.php(43): require_once('C:\\xampp\\htdocs...')
#6 {main}
CRITICAL - 2022-02-24 02:57:03 --> Undefined variable: dob
#0 C:\xampp\htdocs\projects\app\Controllers\Home.php(33): CodeIgniter\Debug\Exceptions->errorHandler(8, 'Undefined varia...', 'C:\\xampp\\htdocs...', 33, Array)
#1 C:\xampp\htdocs\projects\vendor\codeigniter4\framework\system\CodeIgniter.php(824): App\Controllers\Home->index()
#2 C:\xampp\htdocs\projects\vendor\codeigniter4\framework\system\CodeIgniter.php(410): CodeIgniter\CodeIgniter->runController(Object(App\Controllers\Home))
#3 C:\xampp\htdocs\projects\vendor\codeigniter4\framework\system\CodeIgniter.php(318): CodeIgniter\CodeIgniter->handleRequest(NULL, Object(Config\Cache), false)
#4 C:\xampp\htdocs\projects\public\index.php(37): CodeIgniter\CodeIgniter->run()
#5 C:\xampp\htdocs\projects\vendor\codeigniter4\framework\system\Commands\Server\rewrite.php(43): require_once('C:\\xampp\\htdocs...')
#6 {main}
CRITICAL - 2022-02-24 03:08:07 --> Call to undefined function App\Controllers\valid_email()
#0 C:\xampp\htdocs\projects\vendor\codeigniter4\framework\system\CodeIgniter.php(824): App\Controllers\Home->index()
#1 C:\xampp\htdocs\projects\vendor\codeigniter4\framework\system\CodeIgniter.php(410): CodeIgniter\CodeIgniter->runController(Object(App\Controllers\Home))
#2 C:\xampp\htdocs\projects\vendor\codeigniter4\framework\system\CodeIgniter.php(318): CodeIgniter\CodeIgniter->handleRequest(NULL, Object(Config\Cache), false)
#3 C:\xampp\htdocs\projects\public\index.php(37): CodeIgniter\CodeIgniter->run()
#4 C:\xampp\htdocs\projects\vendor\codeigniter4\framework\system\Commands\Server\rewrite.php(43): require_once('C:\\xampp\\htdocs...')
#5 {main}
CRITICAL - 2022-02-24 03:11:12 --> preg_match_all(): Delimiter must not be alphanumeric or backslash
#0 [internal function]: CodeIgniter\Debug\Exceptions->errorHandler(2, 'preg_match_all(...', 'C:\\xampp\\htdocs...', 61, Array)
#1 C:\xampp\htdocs\projects\app\Controllers\Home.php(61): preg_match_all('\\b[A-Z0-9._%+-]...', '\xD0\xCF\x11\xE0\xA1\xB1\x1A\xE1\x00\x00\x00\x00\x00\x00\x00...', Array)
#2 C:\xampp\htdocs\projects\vendor\codeigniter4\framework\system\CodeIgniter.php(824): App\Controllers\Home->index()
#3 C:\xampp\htdocs\projects\vendor\codeigniter4\framework\system\CodeIgniter.php(410): CodeIgniter\CodeIgniter->runController(Object(App\Controllers\Home))
#4 C:\xampp\htdocs\projects\vendor\codeigniter4\framework\system\CodeIgniter.php(318): CodeIgniter\CodeIgniter->handleRequest(NULL, Object(Config\Cache), false)
#5 C:\xampp\htdocs\projects\public\index.php(37): CodeIgniter\CodeIgniter->run()
#6 C:\xampp\htdocs\projects\vendor\codeigniter4\framework\system\Commands\Server\rewrite.php(43): require_once('C:\\xampp\\htdocs...')
#7 {main}
CRITICAL - 2022-02-24 03:11:32 --> preg_match_all(): Delimiter must not be alphanumeric or backslash
#0 [internal function]: CodeIgniter\Debug\Exceptions->errorHandler(2, 'preg_match_all(...', 'C:\\xampp\\htdocs...', 61, Array)
#1 C:\xampp\htdocs\projects\app\Controllers\Home.php(61): preg_match_all('\\b[A-Z0-9._%+-]...', 'bla bla pickach...', Array)
#2 C:\xampp\htdocs\projects\vendor\codeigniter4\framework\system\CodeIgniter.php(824): App\Controllers\Home->index()
#3 C:\xampp\htdocs\projects\vendor\codeigniter4\framework\system\CodeIgniter.php(410): CodeIgniter\CodeIgniter->runController(Object(App\Controllers\Home))
#4 C:\xampp\htdocs\projects\vendor\codeigniter4\framework\system\CodeIgniter.php(318): CodeIgniter\CodeIgniter->handleRequest(NULL, Object(Config\Cache), false)
#5 C:\xampp\htdocs\projects\public\index.php(37): CodeIgniter\CodeIgniter->run()
#6 C:\xampp\htdocs\projects\vendor\codeigniter4\framework\system\Commands\Server\rewrite.php(43): require_once('C:\\xampp\\htdocs...')
#7 {main}
CRITICAL - 2022-02-24 03:11:34 --> preg_match_all(): Delimiter must not be alphanumeric or backslash
#0 [internal function]: CodeIgniter\Debug\Exceptions->errorHandler(2, 'preg_match_all(...', 'C:\\xampp\\htdocs...', 61, Array)
#1 C:\xampp\htdocs\projects\app\Controllers\Home.php(61): preg_match_all('\\b[A-Z0-9._%+-]...', 'bla bla pickach...', Array)
#2 C:\xampp\htdocs\projects\vendor\codeigniter4\framework\system\CodeIgniter.php(824): App\Controllers\Home->index()
#3 C:\xampp\htdocs\projects\vendor\codeigniter4\framework\system\CodeIgniter.php(410): CodeIgniter\CodeIgniter->runController(Object(App\Controllers\Home))
#4 C:\xampp\htdocs\projects\vendor\codeigniter4\framework\system\CodeIgniter.php(318): CodeIgniter\CodeIgniter->handleRequest(NULL, Object(Config\Cache), false)
#5 C:\xampp\htdocs\projects\public\index.php(37): CodeIgniter\CodeIgniter->run()
#6 C:\xampp\htdocs\projects\vendor\codeigniter4\framework\system\Commands\Server\rewrite.php(43): require_once('C:\\xampp\\htdocs...')
#7 {main}
CRITICAL - 2022-02-24 03:13:39 --> Array to string conversion
#0 C:\xampp\htdocs\projects\app\Controllers\Home.php(61): CodeIgniter\Debug\Exceptions->errorHandler(8, 'Array to string...', 'C:\\xampp\\htdocs...', 61, Array)
#1 C:\xampp\htdocs\projects\vendor\codeigniter4\framework\system\CodeIgniter.php(824): App\Controllers\Home->index()
#2 C:\xampp\htdocs\projects\vendor\codeigniter4\framework\system\CodeIgniter.php(410): CodeIgniter\CodeIgniter->runController(Object(App\Controllers\Home))
#3 C:\xampp\htdocs\projects\vendor\codeigniter4\framework\system\CodeIgniter.php(318): CodeIgniter\CodeIgniter->handleRequest(NULL, Object(Config\Cache), false)
#4 C:\xampp\htdocs\projects\public\index.php(37): CodeIgniter\CodeIgniter->run()
#5 C:\xampp\htdocs\projects\vendor\codeigniter4\framework\system\Commands\Server\rewrite.php(43): require_once('C:\\xampp\\htdocs...')
#6 {main}
CRITICAL - 2022-02-24 03:24:07 --> Undefined variable: name
#0 C:\xampp\htdocs\projects\app\Controllers\Home.php(42): CodeIgniter\Debug\Exceptions->errorHandler(8, 'Undefined varia...', 'C:\\xampp\\htdocs...', 42, Array)
#1 C:\xampp\htdocs\projects\vendor\codeigniter4\framework\system\CodeIgniter.php(824): App\Controllers\Home->index()
#2 C:\xampp\htdocs\projects\vendor\codeigniter4\framework\system\CodeIgniter.php(410): CodeIgniter\CodeIgniter->runController(Object(App\Controllers\Home))
#3 C:\xampp\htdocs\projects\vendor\codeigniter4\framework\system\CodeIgniter.php(318): CodeIgniter\CodeIgniter->handleRequest(NULL, Object(Config\Cache), false)
#4 C:\xampp\htdocs\projects\public\index.php(37): CodeIgniter\CodeIgniter->run()
#5 C:\xampp\htdocs\projects\vendor\codeigniter4\framework\system\Commands\Server\rewrite.php(43): require_once('C:\\xampp\\htdocs...')
#6 {main}
CRITICAL - 2022-02-24 03:50:59 --> preg_match(): Unknown modifier '{'
#0 [internal function]: CodeIgniter\Debug\Exceptions->errorHandler(2, 'preg_match(): U...', 'C:\\xampp\\htdocs...', 51, Array)
#1 C:\xampp\htdocs\projects\app\Controllers\Home.php(51): preg_match('[A-Z]{3,4}[ \\-]...', '\xD0\xCF\x11\xE0\xA1\xB1\x1A\xE1\x00\x00\x00\x00\x00\x00\x00...')
#2 C:\xampp\htdocs\projects\vendor\codeigniter4\framework\system\CodeIgniter.php(824): App\Controllers\Home->index()
#3 C:\xampp\htdocs\projects\vendor\codeigniter4\framework\system\CodeIgniter.php(410): CodeIgniter\CodeIgniter->runController(Object(App\Controllers\Home))
#4 C:\xampp\htdocs\projects\vendor\codeigniter4\framework\system\CodeIgniter.php(318): CodeIgniter\CodeIgniter->handleRequest(NULL, Object(Config\Cache), false)
#5 C:\xampp\htdocs\projects\public\index.php(37): CodeIgniter\CodeIgniter->run()
#6 C:\xampp\htdocs\projects\vendor\codeigniter4\framework\system\Commands\Server\rewrite.php(43): require_once('C:\\xampp\\htdocs...')
#7 {main}
CRITICAL - 2022-02-24 03:56:42 --> Undefined variable: search_terms
#0 C:\xampp\htdocs\projects\app\Controllers\Home.php(51): CodeIgniter\Debug\Exceptions->errorHandler(8, 'Undefined varia...', 'C:\\xampp\\htdocs...', 51, Array)
#1 C:\xampp\htdocs\projects\vendor\codeigniter4\framework\system\CodeIgniter.php(824): App\Controllers\Home->index()
#2 C:\xampp\htdocs\projects\vendor\codeigniter4\framework\system\CodeIgniter.php(410): CodeIgniter\CodeIgniter->runController(Object(App\Controllers\Home))
#3 C:\xampp\htdocs\projects\vendor\codeigniter4\framework\system\CodeIgniter.php(318): CodeIgniter\CodeIgniter->handleRequest(NULL, Object(Config\Cache), false)
#4 C:\xampp\htdocs\projects\public\index.php(37): CodeIgniter\CodeIgniter->run()
#5 C:\xampp\htdocs\projects\vendor\codeigniter4\framework\system\Commands\Server\rewrite.php(43): require_once('C:\\xampp\\htdocs...')
#6 {main}
CRITICAL - 2022-02-24 03:56:53 --> preg_match(): No ending delimiter '^' found
#0 [internal function]: CodeIgniter\Debug\Exceptions->errorHandler(2, 'preg_match(): N...', 'C:\\xampp\\htdocs...', 51, Array)
#1 C:\xampp\htdocs\projects\app\Controllers\Home.php(51): preg_match('^/[A-Za-z]+/', '\xD0\xCF\x11\xE0\xA1\xB1\x1A\xE1\x00\x00\x00\x00\x00\x00\x00...')
#2 C:\xampp\htdocs\projects\vendor\codeigniter4\framework\system\CodeIgniter.php(824): App\Controllers\Home->index()
#3 C:\xampp\htdocs\projects\vendor\codeigniter4\framework\system\CodeIgniter.php(410): CodeIgniter\CodeIgniter->runController(Object(App\Controllers\Home))
#4 C:\xampp\htdocs\projects\vendor\codeigniter4\framework\system\CodeIgniter.php(318): CodeIgniter\CodeIgniter->handleRequest(NULL, Object(Config\Cache), false)
#5 C:\xampp\htdocs\projects\public\index.php(37): CodeIgniter\CodeIgniter->run()
#6 C:\xampp\htdocs\projects\vendor\codeigniter4\framework\system\Commands\Server\rewrite.php(43): require_once('C:\\xampp\\htdocs...')
#7 {main}
CRITICAL - 2022-02-24 03:56:56 --> preg_match(): No ending delimiter '^' found
#0 [internal function]: CodeIgniter\Debug\Exceptions->errorHandler(2, 'preg_match(): N...', 'C:\\xampp\\htdocs...', 51, Array)
#1 C:\xampp\htdocs\projects\app\Controllers\Home.php(51): preg_match('^/[A-Za-z]+/', '\xD0\xCF\x11\xE0\xA1\xB1\x1A\xE1\x00\x00\x00\x00\x00\x00\x00...')
#2 C:\xampp\htdocs\projects\vendor\codeigniter4\framework\system\CodeIgniter.php(824): App\Controllers\Home->index()
#3 C:\xampp\htdocs\projects\vendor\codeigniter4\framework\system\CodeIgniter.php(410): CodeIgniter\CodeIgniter->runController(Object(App\Controllers\Home))
#4 C:\xampp\htdocs\projects\vendor\codeigniter4\framework\system\CodeIgniter.php(318): CodeIgniter\CodeIgniter->handleRequest(NULL, Object(Config\Cache), false)
#5 C:\xampp\htdocs\projects\public\index.php(37): CodeIgniter\CodeIgniter->run()
#6 C:\xampp\htdocs\projects\vendor\codeigniter4\framework\system\Commands\Server\rewrite.php(43): require_once('C:\\xampp\\htdocs...')
#7 {main}
CRITICAL - 2022-02-24 03:57:54 --> preg_match(): No ending delimiter '^' found
#0 [internal function]: CodeIgniter\Debug\Exceptions->errorHandler(2, 'preg_match(): N...', 'C:\\xampp\\htdocs...', 51, Array)
#1 C:\xampp\htdocs\projects\app\Controllers\Home.php(51): preg_match('^/[A-Za-z]+/', '\xD0\xCF\x11\xE0\xA1\xB1\x1A\xE1\x00\x00\x00\x00\x00\x00\x00...')
#2 C:\xampp\htdocs\projects\vendor\codeigniter4\framework\system\CodeIgniter.php(824): App\Controllers\Home->index()
#3 C:\xampp\htdocs\projects\vendor\codeigniter4\framework\system\CodeIgniter.php(410): CodeIgniter\CodeIgniter->runController(Object(App\Controllers\Home))
#4 C:\xampp\htdocs\projects\vendor\codeigniter4\framework\system\CodeIgniter.php(318): CodeIgniter\CodeIgniter->handleRequest(NULL, Object(Config\Cache), false)
#5 C:\xampp\htdocs\projects\public\index.php(37): CodeIgniter\CodeIgniter->run()
#6 C:\xampp\htdocs\projects\vendor\codeigniter4\framework\system\Commands\Server\rewrite.php(43): require_once('C:\\xampp\\htdocs...')
#7 {main}
CRITICAL - 2022-02-24 04:12:13 --> Undefined variable: firstname
#0 C:\xampp\htdocs\projects\app\Controllers\Home.php(51): CodeIgniter\Debug\Exceptions->errorHandler(8, 'Undefined varia...', 'C:\\xampp\\htdocs...', 51, Array)
#1 C:\xampp\htdocs\projects\vendor\codeigniter4\framework\system\CodeIgniter.php(824): App\Controllers\Home->index()
#2 C:\xampp\htdocs\projects\vendor\codeigniter4\framework\system\CodeIgniter.php(410): CodeIgniter\CodeIgniter->runController(Object(App\Controllers\Home))
#3 C:\xampp\htdocs\projects\vendor\codeigniter4\framework\system\CodeIgniter.php(318): CodeIgniter\CodeIgniter->handleRequest(NULL, Object(Config\Cache), false)
#4 C:\xampp\htdocs\projects\public\index.php(37): CodeIgniter\CodeIgniter->run()
#5 C:\xampp\htdocs\projects\vendor\codeigniter4\framework\system\Commands\Server\rewrite.php(43): require_once('C:\\xampp\\htdocs...')
#6 {main}
CRITICAL - 2022-02-24 04:12:53 --> Undefined variable: match
#0 C:\xampp\htdocs\projects\app\Controllers\Home.php(51): CodeIgniter\Debug\Exceptions->errorHandler(8, 'Undefined varia...', 'C:\\xampp\\htdocs...', 51, Array)
#1 C:\xampp\htdocs\projects\vendor\codeigniter4\framework\system\CodeIgniter.php(824): App\Controllers\Home->index()
#2 C:\xampp\htdocs\projects\vendor\codeigniter4\framework\system\CodeIgniter.php(410): CodeIgniter\CodeIgniter->runController(Object(App\Controllers\Home))
#3 C:\xampp\htdocs\projects\vendor\codeigniter4\framework\system\CodeIgniter.php(318): CodeIgniter\CodeIgniter->handleRequest(NULL, Object(Config\Cache), false)
#4 C:\xampp\htdocs\projects\public\index.php(37): CodeIgniter\CodeIgniter->run()
#5 C:\xampp\htdocs\projects\vendor\codeigniter4\framework\system\Commands\Server\rewrite.php(43): require_once('C:\\xampp\\htdocs...')
#6 {main}
CRITICAL - 2022-02-24 04:13:29 --> Undefined variable: match
#0 C:\xampp\htdocs\projects\app\Controllers\Home.php(51): CodeIgniter\Debug\Exceptions->errorHandler(8, 'Undefined varia...', 'C:\\xampp\\htdocs...', 51, Array)
#1 C:\xampp\htdocs\projects\vendor\codeigniter4\framework\system\CodeIgniter.php(824): App\Controllers\Home->index()
#2 C:\xampp\htdocs\projects\vendor\codeigniter4\framework\system\CodeIgniter.php(410): CodeIgniter\CodeIgniter->runController(Object(App\Controllers\Home))
#3 C:\xampp\htdocs\projects\vendor\codeigniter4\framework\system\CodeIgniter.php(318): CodeIgniter\CodeIgniter->handleRequest(NULL, Object(Config\Cache), false)
#4 C:\xampp\htdocs\projects\public\index.php(37): CodeIgniter\CodeIgniter->run()
#5 C:\xampp\htdocs\projects\vendor\codeigniter4\framework\system\Commands\Server\rewrite.php(43): require_once('C:\\xampp\\htdocs...')
#6 {main}
CRITICAL - 2022-02-24 04:13:31 --> Undefined variable: match
#0 C:\xampp\htdocs\projects\app\Controllers\Home.php(51): CodeIgniter\Debug\Exceptions->errorHandler(8, 'Undefined varia...', 'C:\\xampp\\htdocs...', 51, Array)
#1 C:\xampp\htdocs\projects\vendor\codeigniter4\framework\system\CodeIgniter.php(824): App\Controllers\Home->index()
#2 C:\xampp\htdocs\projects\vendor\codeigniter4\framework\system\CodeIgniter.php(410): CodeIgniter\CodeIgniter->runController(Object(App\Controllers\Home))
#3 C:\xampp\htdocs\projects\vendor\codeigniter4\framework\system\CodeIgniter.php(318): CodeIgniter\CodeIgniter->handleRequest(NULL, Object(Config\Cache), false)
#4 C:\xampp\htdocs\projects\public\index.php(37): CodeIgniter\CodeIgniter->run()
#5 C:\xampp\htdocs\projects\vendor\codeigniter4\framework\system\Commands\Server\rewrite.php(43): require_once('C:\\xampp\\htdocs...')
#6 {main}
CRITICAL - 2022-02-24 04:13:47 --> Undefined variable: match
#0 C:\xampp\htdocs\projects\app\Controllers\Home.php(51): CodeIgniter\Debug\Exceptions->errorHandler(8, 'Undefined varia...', 'C:\\xampp\\htdocs...', 51, Array)
#1 C:\xampp\htdocs\projects\vendor\codeigniter4\framework\system\CodeIgniter.php(824): App\Controllers\Home->index()
#2 C:\xampp\htdocs\projects\vendor\codeigniter4\framework\system\CodeIgniter.php(410): CodeIgniter\CodeIgniter->runController(Object(App\Controllers\Home))
#3 C:\xampp\htdocs\projects\vendor\codeigniter4\framework\system\CodeIgniter.php(318): CodeIgniter\CodeIgniter->handleRequest(NULL, Object(Config\Cache), false)
#4 C:\xampp\htdocs\projects\public\index.php(37): CodeIgniter\CodeIgniter->run()
#5 C:\xampp\htdocs\projects\vendor\codeigniter4\framework\system\Commands\Server\rewrite.php(43): require_once('C:\\xampp\\htdocs...')
#6 {main}
CRITICAL - 2022-02-24 04:13:57 --> Undefined variable: match
#0 C:\xampp\htdocs\projects\app\Controllers\Home.php(52): CodeIgniter\Debug\Exceptions->errorHandler(8, 'Undefined varia...', 'C:\\xampp\\htdocs...', 52, Array)
#1 C:\xampp\htdocs\projects\vendor\codeigniter4\framework\system\CodeIgniter.php(824): App\Controllers\Home->index()
#2 C:\xampp\htdocs\projects\vendor\codeigniter4\framework\system\CodeIgniter.php(410): CodeIgniter\CodeIgniter->runController(Object(App\Controllers\Home))
#3 C:\xampp\htdocs\projects\vendor\codeigniter4\framework\system\CodeIgniter.php(318): CodeIgniter\CodeIgniter->handleRequest(NULL, Object(Config\Cache), false)
#4 C:\xampp\htdocs\projects\public\index.php(37): CodeIgniter\CodeIgniter->run()
#5 C:\xampp\htdocs\projects\vendor\codeigniter4\framework\system\Commands\Server\rewrite.php(43): require_once('C:\\xampp\\htdocs...')
#6 {main}
CRITICAL - 2022-02-24 04:15:56 --> syntax error, unexpected '"oka"' (T_CONSTANT_ENCAPSED_STRING)
#0 C:\xampp\htdocs\projects\vendor\codeigniter4\framework\system\Autoloader\Autoloader.php(241): CodeIgniter\Autoloader\Autoloader->includeFile('C:\\xampp\\htdocs...')
#1 C:\xampp\htdocs\projects\vendor\codeigniter4\framework\system\Autoloader\Autoloader.php(219): CodeIgniter\Autoloader\Autoloader->loadInNamespace('App\\Controllers...')
#2 [internal function]: CodeIgniter\Autoloader\Autoloader->loadClass('App\\Controllers...')
#3 [internal function]: spl_autoload_call('App\\Controllers...')
#4 C:\xampp\htdocs\projects\vendor\codeigniter4\framework\system\CodeIgniter.php(789): class_exists('\\App\\Controller...', true)
#5 C:\xampp\htdocs\projects\vendor\codeigniter4\framework\system\CodeIgniter.php(397): CodeIgniter\CodeIgniter->startController()
#6 C:\xampp\htdocs\projects\vendor\codeigniter4\framework\system\CodeIgniter.php(318): CodeIgniter\CodeIgniter->handleRequest(NULL, Object(Config\Cache), false)
#7 C:\xampp\htdocs\projects\public\index.php(37): CodeIgniter\CodeIgniter->run()
#8 C:\xampp\htdocs\projects\vendor\codeigniter4\framework\system\Commands\Server\rewrite.php(43): require_once('C:\\xampp\\htdocs...')
#9 {main}
CRITICAL - 2022-02-24 05:07:35 --> Undefined variable: t
#0 C:\xampp\htdocs\projects\app\Controllers\Home.php(59): CodeIgniter\Debug\Exceptions->errorHandler(8, 'Undefined varia...', 'C:\\xampp\\htdocs...', 59, Array)
#1 C:\xampp\htdocs\projects\vendor\codeigniter4\framework\system\CodeIgniter.php(824): App\Controllers\Home->index()
#2 C:\xampp\htdocs\projects\vendor\codeigniter4\framework\system\CodeIgniter.php(410): CodeIgniter\CodeIgniter->runController(Object(App\Controllers\Home))
#3 C:\xampp\htdocs\projects\vendor\codeigniter4\framework\system\CodeIgniter.php(318): CodeIgniter\CodeIgniter->handleRequest(NULL, Object(Config\Cache), false)
#4 C:\xampp\htdocs\projects\public\index.php(37): CodeIgniter\CodeIgniter->run()
#5 C:\xampp\htdocs\projects\vendor\codeigniter4\framework\system\Commands\Server\rewrite.php(43): require_once('C:\\xampp\\htdocs...')
#6 {main}
CRITICAL - 2022-02-24 05:08:04 --> Undefined offset: 0
#0 C:\xampp\htdocs\projects\app\Controllers\Home.php(60): CodeIgniter\Debug\Exceptions->errorHandler(8, 'Undefined offse...', 'C:\\xampp\\htdocs...', 60, Array)
#1 C:\xampp\htdocs\projects\vendor\codeigniter4\framework\system\CodeIgniter.php(824): App\Controllers\Home->index()
#2 C:\xampp\htdocs\projects\vendor\codeigniter4\framework\system\CodeIgniter.php(410): CodeIgniter\CodeIgniter->runController(Object(App\Controllers\Home))
#3 C:\xampp\htdocs\projects\vendor\codeigniter4\framework\system\CodeIgniter.php(318): CodeIgniter\CodeIgniter->handleRequest(NULL, Object(Config\Cache), false)
#4 C:\xampp\htdocs\projects\public\index.php(37): CodeIgniter\CodeIgniter->run()
#5 C:\xampp\htdocs\projects\vendor\codeigniter4\framework\system\Commands\Server\rewrite.php(43): require_once('C:\\xampp\\htdocs...')
#6 {main}
CRITICAL - 2022-02-24 05:11:37 --> Undefined variable: input
#0 C:\xampp\htdocs\projects\app\Controllers\Home.php(63): CodeIgniter\Debug\Exceptions->errorHandler(8, 'Undefined varia...', 'C:\\xampp\\htdocs...', 63, Array)
#1 C:\xampp\htdocs\projects\vendor\codeigniter4\framework\system\CodeIgniter.php(824): App\Controllers\Home->index()
#2 C:\xampp\htdocs\projects\vendor\codeigniter4\framework\system\CodeIgniter.php(410): CodeIgniter\CodeIgniter->runController(Object(App\Controllers\Home))
#3 C:\xampp\htdocs\projects\vendor\codeigniter4\framework\system\CodeIgniter.php(318): CodeIgniter\CodeIgniter->handleRequest(NULL, Object(Config\Cache), false)
#4 C:\xampp\htdocs\projects\public\index.php(37): CodeIgniter\CodeIgniter->run()
#5 C:\xampp\htdocs\projects\vendor\codeigniter4\framework\system\Commands\Server\rewrite.php(43): require_once('C:\\xampp\\htdocs...')
#6 {main}
CRITICAL - 2022-02-24 05:14:09 --> Array to string conversion
#0 C:\xampp\htdocs\projects\app\Controllers\Home.php(69): CodeIgniter\Debug\Exceptions->errorHandler(8, 'Array to string...', 'C:\\xampp\\htdocs...', 69, Array)
#1 C:\xampp\htdocs\projects\vendor\codeigniter4\framework\system\CodeIgniter.php(824): App\Controllers\Home->index()
#2 C:\xampp\htdocs\projects\vendor\codeigniter4\framework\system\CodeIgniter.php(410): CodeIgniter\CodeIgniter->runController(Object(App\Controllers\Home))
#3 C:\xampp\htdocs\projects\vendor\codeigniter4\framework\system\CodeIgniter.php(318): CodeIgniter\CodeIgniter->handleRequest(NULL, Object(Config\Cache), false)
#4 C:\xampp\htdocs\projects\public\index.php(37): CodeIgniter\CodeIgniter->run()
#5 C:\xampp\htdocs\projects\vendor\codeigniter4\framework\system\Commands\Server\rewrite.php(43): require_once('C:\\xampp\\htdocs...')
#6 {main}
CRITICAL - 2022-02-24 05:16:17 --> Undefined offset: 1
#0 C:\xampp\htdocs\projects\app\Controllers\Home.php(75): CodeIgniter\Debug\Exceptions->errorHandler(8, 'Undefined offse...', 'C:\\xampp\\htdocs...', 75, Array)
#1 C:\xampp\htdocs\projects\vendor\codeigniter4\framework\system\CodeIgniter.php(824): App\Controllers\Home->index()
#2 C:\xampp\htdocs\projects\vendor\codeigniter4\framework\system\CodeIgniter.php(410): CodeIgniter\CodeIgniter->runController(Object(App\Controllers\Home))
#3 C:\xampp\htdocs\projects\vendor\codeigniter4\framework\system\CodeIgniter.php(318): CodeIgniter\CodeIgniter->handleRequest(NULL, Object(Config\Cache), false)
#4 C:\xampp\htdocs\projects\public\index.php(37): CodeIgniter\CodeIgniter->run()
#5 C:\xampp\htdocs\projects\vendor\codeigniter4\framework\system\Commands\Server\rewrite.php(43): require_once('C:\\xampp\\htdocs...')
#6 {main}
CRITICAL - 2022-02-24 05:16:33 --> Array to string conversion
#0 [internal function]: CodeIgniter\Debug\Exceptions->errorHandler(8, 'Array to string...', 'C:\\xampp\\htdocs...', 75, Array)
#1 C:\xampp\htdocs\projects\app\Controllers\Home.php(75): implode('', Array)
#2 C:\xampp\htdocs\projects\vendor\codeigniter4\framework\system\CodeIgniter.php(824): App\Controllers\Home->index()
#3 C:\xampp\htdocs\projects\vendor\codeigniter4\framework\system\CodeIgniter.php(410): CodeIgniter\CodeIgniter->runController(Object(App\Controllers\Home))
#4 C:\xampp\htdocs\projects\vendor\codeigniter4\framework\system\CodeIgniter.php(318): CodeIgniter\CodeIgniter->handleRequest(NULL, Object(Config\Cache), false)
#5 C:\xampp\htdocs\projects\public\index.php(37): CodeIgniter\CodeIgniter->run()
#6 C:\xampp\htdocs\projects\vendor\codeigniter4\framework\system\Commands\Server\rewrite.php(43): require_once('C:\\xampp\\htdocs...')
#7 {main}
CRITICAL - 2022-02-24 05:17:37 --> Array to string conversion
#0 [internal function]: CodeIgniter\Debug\Exceptions->errorHandler(8, 'Array to string...', 'C:\\xampp\\htdocs...', 75, Array)
#1 C:\xampp\htdocs\projects\app\Controllers\Home.php(75): implode(' ', Array)
#2 C:\xampp\htdocs\projects\vendor\codeigniter4\framework\system\CodeIgniter.php(824): App\Controllers\Home->index()
#3 C:\xampp\htdocs\projects\vendor\codeigniter4\framework\system\CodeIgniter.php(410): CodeIgniter\CodeIgniter->runController(Object(App\Controllers\Home))
#4 C:\xampp\htdocs\projects\vendor\codeigniter4\framework\system\CodeIgniter.php(318): CodeIgniter\CodeIgniter->handleRequest(NULL, Object(Config\Cache), false)
#5 C:\xampp\htdocs\projects\public\index.php(37): CodeIgniter\CodeIgniter->run()
#6 C:\xampp\htdocs\projects\vendor\codeigniter4\framework\system\Commands\Server\rewrite.php(43): require_once('C:\\xampp\\htdocs...')
#7 {main}
CRITICAL - 2022-02-24 05:21:15 --> Array to string conversion
#0 [internal function]: CodeIgniter\Debug\Exceptions->errorHandler(8, 'Array to string...', 'C:\\xampp\\htdocs...', 75, Array)
#1 C:\xampp\htdocs\projects\app\Controllers\Home.php(75): implode(', ', Array)
#2 C:\xampp\htdocs\projects\vendor\codeigniter4\framework\system\CodeIgniter.php(824): App\Controllers\Home->index()
#3 C:\xampp\htdocs\projects\vendor\codeigniter4\framework\system\CodeIgniter.php(410): CodeIgniter\CodeIgniter->runController(Object(App\Controllers\Home))
#4 C:\xampp\htdocs\projects\vendor\codeigniter4\framework\system\CodeIgniter.php(318): CodeIgniter\CodeIgniter->handleRequest(NULL, Object(Config\Cache), false)
#5 C:\xampp\htdocs\projects\public\index.php(37): CodeIgniter\CodeIgniter->run()
#6 C:\xampp\htdocs\projects\vendor\codeigniter4\framework\system\Commands\Server\rewrite.php(43): require_once('C:\\xampp\\htdocs...')
#7 {main}
CRITICAL - 2022-02-24 05:22:00 --> Call to undefined function App\Controllers\expload()
#0 C:\xampp\htdocs\projects\vendor\codeigniter4\framework\system\CodeIgniter.php(824): App\Controllers\Home->index()
#1 C:\xampp\htdocs\projects\vendor\codeigniter4\framework\system\CodeIgniter.php(410): CodeIgniter\CodeIgniter->runController(Object(App\Controllers\Home))
#2 C:\xampp\htdocs\projects\vendor\codeigniter4\framework\system\CodeIgniter.php(318): CodeIgniter\CodeIgniter->handleRequest(NULL, Object(Config\Cache), false)
#3 C:\xampp\htdocs\projects\public\index.php(37): CodeIgniter\CodeIgniter->run()
#4 C:\xampp\htdocs\projects\vendor\codeigniter4\framework\system\Commands\Server\rewrite.php(43): require_once('C:\\xampp\\htdocs...')
#5 {main}
CRITICAL - 2022-02-24 05:25:54 --> syntax error, unexpected '$m' (T_VARIABLE), expecting ')'
#0 C:\xampp\htdocs\projects\vendor\codeigniter4\framework\system\Autoloader\Autoloader.php(241): CodeIgniter\Autoloader\Autoloader->includeFile('C:\\xampp\\htdocs...')
#1 C:\xampp\htdocs\projects\vendor\codeigniter4\framework\system\Autoloader\Autoloader.php(219): CodeIgniter\Autoloader\Autoloader->loadInNamespace('App\\Controllers...')
#2 [internal function]: CodeIgniter\Autoloader\Autoloader->loadClass('App\\Controllers...')
#3 [internal function]: spl_autoload_call('App\\Controllers...')
#4 C:\xampp\htdocs\projects\vendor\codeigniter4\framework\system\CodeIgniter.php(789): class_exists('\\App\\Controller...', true)
#5 C:\xampp\htdocs\projects\vendor\codeigniter4\framework\system\CodeIgniter.php(397): CodeIgniter\CodeIgniter->startController()
#6 C:\xampp\htdocs\projects\vendor\codeigniter4\framework\system\CodeIgniter.php(318): CodeIgniter\CodeIgniter->handleRequest(NULL, Object(Config\Cache), false)
#7 C:\xampp\htdocs\projects\public\index.php(37): CodeIgniter\CodeIgniter->run()
#8 C:\xampp\htdocs\projects\vendor\codeigniter4\framework\system\Commands\Server\rewrite.php(43): require_once('C:\\xampp\\htdocs...')
#9 {main}
CRITICAL - 2022-02-24 05:26:09 --> Call to undefined function App\Controllers\impload()
#0 C:\xampp\htdocs\projects\vendor\codeigniter4\framework\system\CodeIgniter.php(824): App\Controllers\Home->index()
#1 C:\xampp\htdocs\projects\vendor\codeigniter4\framework\system\CodeIgniter.php(410): CodeIgniter\CodeIgniter->runController(Object(App\Controllers\Home))
#2 C:\xampp\htdocs\projects\vendor\codeigniter4\framework\system\CodeIgniter.php(318): CodeIgniter\CodeIgniter->handleRequest(NULL, Object(Config\Cache), false)
#3 C:\xampp\htdocs\projects\public\index.php(37): CodeIgniter\CodeIgniter->run()
#4 C:\xampp\htdocs\projects\vendor\codeigniter4\framework\system\Commands\Server\rewrite.php(43): require_once('C:\\xampp\\htdocs...')
#5 {main}
CRITICAL - 2022-02-24 05:27:05 --> Call to undefined function App\Controllers\impload()
#0 C:\xampp\htdocs\projects\vendor\codeigniter4\framework\system\CodeIgniter.php(824): App\Controllers\Home->index()
#1 C:\xampp\htdocs\projects\vendor\codeigniter4\framework\system\CodeIgniter.php(410): CodeIgniter\CodeIgniter->runController(Object(App\Controllers\Home))
#2 C:\xampp\htdocs\projects\vendor\codeigniter4\framework\system\CodeIgniter.php(318): CodeIgniter\CodeIgniter->handleRequest(NULL, Object(Config\Cache), false)
#3 C:\xampp\htdocs\projects\public\index.php(37): CodeIgniter\CodeIgniter->run()
#4 C:\xampp\htdocs\projects\vendor\codeigniter4\framework\system\Commands\Server\rewrite.php(43): require_once('C:\\xampp\\htdocs...')
#5 {main}
CRITICAL - 2022-02-24 05:27:51 --> Call to undefined function App\Controllers\impload()
#0 C:\xampp\htdocs\projects\vendor\codeigniter4\framework\system\CodeIgniter.php(824): App\Controllers\Home->index()
#1 C:\xampp\htdocs\projects\vendor\codeigniter4\framework\system\CodeIgniter.php(410): CodeIgniter\CodeIgniter->runController(Object(App\Controllers\Home))
#2 C:\xampp\htdocs\projects\vendor\codeigniter4\framework\system\CodeIgniter.php(318): CodeIgniter\CodeIgniter->handleRequest(NULL, Object(Config\Cache), false)
#3 C:\xampp\htdocs\projects\public\index.php(37): CodeIgniter\CodeIgniter->run()
#4 C:\xampp\htdocs\projects\vendor\codeigniter4\framework\system\Commands\Server\rewrite.php(43): require_once('C:\\xampp\\htdocs...')
#5 {main}
CRITICAL - 2022-02-24 05:32:17 --> Undefined variable: as
#0 C:\xampp\htdocs\projects\app\Controllers\Home.php(70): CodeIgniter\Debug\Exceptions->errorHandler(8, 'Undefined varia...', 'C:\\xampp\\htdocs...', 70, Array)
#1 C:\xampp\htdocs\projects\vendor\codeigniter4\framework\system\CodeIgniter.php(824): App\Controllers\Home->index()
#2 C:\xampp\htdocs\projects\vendor\codeigniter4\framework\system\CodeIgniter.php(410): CodeIgniter\CodeIgniter->runController(Object(App\Controllers\Home))
#3 C:\xampp\htdocs\projects\vendor\codeigniter4\framework\system\CodeIgniter.php(318): CodeIgniter\CodeIgniter->handleRequest(NULL, Object(Config\Cache), false)
#4 C:\xampp\htdocs\projects\public\index.php(37): CodeIgniter\CodeIgniter->run()
#5 C:\xampp\htdocs\projects\vendor\codeigniter4\framework\system\Commands\Server\rewrite.php(43): require_once('C:\\xampp\\htdocs...')
#6 {main}
CRITICAL - 2022-02-24 05:33:05 --> Undefined offset: 1
#0 C:\xampp\htdocs\projects\app\Controllers\Home.php(73): CodeIgniter\Debug\Exceptions->errorHandler(8, 'Undefined offse...', 'C:\\xampp\\htdocs...', 73, Array)
#1 C:\xampp\htdocs\projects\vendor\codeigniter4\framework\system\CodeIgniter.php(824): App\Controllers\Home->index()
#2 C:\xampp\htdocs\projects\vendor\codeigniter4\framework\system\CodeIgniter.php(410): CodeIgniter\CodeIgniter->runController(Object(App\Controllers\Home))
#3 C:\xampp\htdocs\projects\vendor\codeigniter4\framework\system\CodeIgniter.php(318): CodeIgniter\CodeIgniter->handleRequest(NULL, Object(Config\Cache), false)
#4 C:\xampp\htdocs\projects\public\index.php(37): CodeIgniter\CodeIgniter->run()
#5 C:\xampp\htdocs\projects\vendor\codeigniter4\framework\system\Commands\Server\rewrite.php(43): require_once('C:\\xampp\\htdocs...')
#6 {main}
CRITICAL - 2022-02-24 05:41:55 --> Array to string conversion
#0 [internal function]: CodeIgniter\Debug\Exceptions->errorHandler(8, 'Array to string...', 'C:\\xampp\\htdocs...', 79, Array)
#1 C:\xampp\htdocs\projects\app\Controllers\Home.php(79): implode('', Array)
#2 C:\xampp\htdocs\projects\vendor\codeigniter4\framework\system\CodeIgniter.php(824): App\Controllers\Home->index()
#3 C:\xampp\htdocs\projects\vendor\codeigniter4\framework\system\CodeIgniter.php(410): CodeIgniter\CodeIgniter->runController(Object(App\Controllers\Home))
#4 C:\xampp\htdocs\projects\vendor\codeigniter4\framework\system\CodeIgniter.php(318): CodeIgniter\CodeIgniter->handleRequest(NULL, Object(Config\Cache), false)
#5 C:\xampp\htdocs\projects\public\index.php(37): CodeIgniter\CodeIgniter->run()
#6 C:\xampp\htdocs\projects\vendor\codeigniter4\framework\system\Commands\Server\rewrite.php(43): require_once('C:\\xampp\\htdocs...')
#7 {main}
CRITICAL - 2022-02-24 05:42:11 --> Array to string conversion
#0 [internal function]: CodeIgniter\Debug\Exceptions->errorHandler(8, 'Array to string...', 'C:\\xampp\\htdocs...', 79, Array)
#1 C:\xampp\htdocs\projects\app\Controllers\Home.php(79): implode(',', Array)
#2 C:\xampp\htdocs\projects\vendor\codeigniter4\framework\system\CodeIgniter.php(824): App\Controllers\Home->index()
#3 C:\xampp\htdocs\projects\vendor\codeigniter4\framework\system\CodeIgniter.php(410): CodeIgniter\CodeIgniter->runController(Object(App\Controllers\Home))
#4 C:\xampp\htdocs\projects\vendor\codeigniter4\framework\system\CodeIgniter.php(318): CodeIgniter\CodeIgniter->handleRequest(NULL, Object(Config\Cache), false)
#5 C:\xampp\htdocs\projects\public\index.php(37): CodeIgniter\CodeIgniter->run()
#6 C:\xampp\htdocs\projects\vendor\codeigniter4\framework\system\Commands\Server\rewrite.php(43): require_once('C:\\xampp\\htdocs...')
#7 {main}
CRITICAL - 2022-02-24 05:42:45 --> Array to string conversion
#0 [internal function]: CodeIgniter\Debug\Exceptions->errorHandler(8, 'Array to string...', 'C:\\xampp\\htdocs...', 79, Array)
#1 C:\xampp\htdocs\projects\app\Controllers\Home.php(79): implode('-', Array)
#2 C:\xampp\htdocs\projects\vendor\codeigniter4\framework\system\CodeIgniter.php(824): App\Controllers\Home->index()
#3 C:\xampp\htdocs\projects\vendor\codeigniter4\framework\system\CodeIgniter.php(410): CodeIgniter\CodeIgniter->runController(Object(App\Controllers\Home))
#4 C:\xampp\htdocs\projects\vendor\codeigniter4\framework\system\CodeIgniter.php(318): CodeIgniter\CodeIgniter->handleRequest(NULL, Object(Config\Cache), false)
#5 C:\xampp\htdocs\projects\public\index.php(37): CodeIgniter\CodeIgniter->run()
#6 C:\xampp\htdocs\projects\vendor\codeigniter4\framework\system\Commands\Server\rewrite.php(43): require_once('C:\\xampp\\htdocs...')
#7 {main}
CRITICAL - 2022-02-24 05:43:27 --> Array to string conversion
#0 [internal function]: CodeIgniter\Debug\Exceptions->errorHandler(8, 'Array to string...', 'C:\\xampp\\htdocs...', 79, Array)
#1 C:\xampp\htdocs\projects\app\Controllers\Home.php(79): implode('-', Array)
#2 C:\xampp\htdocs\projects\vendor\codeigniter4\framework\system\CodeIgniter.php(824): App\Controllers\Home->index()
#3 C:\xampp\htdocs\projects\vendor\codeigniter4\framework\system\CodeIgniter.php(410): CodeIgniter\CodeIgniter->runController(Object(App\Controllers\Home))
#4 C:\xampp\htdocs\projects\vendor\codeigniter4\framework\system\CodeIgniter.php(318): CodeIgniter\CodeIgniter->handleRequest(NULL, Object(Config\Cache), false)
#5 C:\xampp\htdocs\projects\public\index.php(37): CodeIgniter\CodeIgniter->run()
#6 C:\xampp\htdocs\projects\vendor\codeigniter4\framework\system\Commands\Server\rewrite.php(43): require_once('C:\\xampp\\htdocs...')
#7 {main}
CRITICAL - 2022-02-24 05:43:29 --> Array to string conversion
#0 [internal function]: CodeIgniter\Debug\Exceptions->errorHandler(8, 'Array to string...', 'C:\\xampp\\htdocs...', 79, Array)
#1 C:\xampp\htdocs\projects\app\Controllers\Home.php(79): implode('-', Array)
#2 C:\xampp\htdocs\projects\vendor\codeigniter4\framework\system\CodeIgniter.php(824): App\Controllers\Home->index()
#3 C:\xampp\htdocs\projects\vendor\codeigniter4\framework\system\CodeIgniter.php(410): CodeIgniter\CodeIgniter->runController(Object(App\Controllers\Home))
#4 C:\xampp\htdocs\projects\vendor\codeigniter4\framework\system\CodeIgniter.php(318): CodeIgniter\CodeIgniter->handleRequest(NULL, Object(Config\Cache), false)
#5 C:\xampp\htdocs\projects\public\index.php(37): CodeIgniter\CodeIgniter->run()
#6 C:\xampp\htdocs\projects\vendor\codeigniter4\framework\system\Commands\Server\rewrite.php(43): require_once('C:\\xampp\\htdocs...')
#7 {main}
CRITICAL - 2022-02-24 05:45:01 --> syntax error, unexpected 'return' (T_RETURN), expecting function (T_FUNCTION) or const (T_CONST)
#0 C:\xampp\htdocs\projects\vendor\codeigniter4\framework\system\Autoloader\Autoloader.php(241): CodeIgniter\Autoloader\Autoloader->includeFile('C:\\xampp\\htdocs...')
#1 C:\xampp\htdocs\projects\vendor\codeigniter4\framework\system\Autoloader\Autoloader.php(219): CodeIgniter\Autoloader\Autoloader->loadInNamespace('App\\Controllers...')
#2 [internal function]: CodeIgniter\Autoloader\Autoloader->loadClass('App\\Controllers...')
#3 [internal function]: spl_autoload_call('App\\Controllers...')
#4 C:\xampp\htdocs\projects\vendor\codeigniter4\framework\system\CodeIgniter.php(789): class_exists('\\App\\Controller...', true)
#5 C:\xampp\htdocs\projects\vendor\codeigniter4\framework\system\CodeIgniter.php(397): CodeIgniter\CodeIgniter->startController()
#6 C:\xampp\htdocs\projects\vendor\codeigniter4\framework\system\CodeIgniter.php(318): CodeIgniter\CodeIgniter->handleRequest(NULL, Object(Config\Cache), false)
#7 C:\xampp\htdocs\projects\public\index.php(37): CodeIgniter\CodeIgniter->run()
#8 C:\xampp\htdocs\projects\vendor\codeigniter4\framework\system\Commands\Server\rewrite.php(43): require_once('C:\\xampp\\htdocs...')
#9 {main}
CRITICAL - 2022-02-24 05:45:13 --> Array to string conversion
#0 [internal function]: CodeIgniter\Debug\Exceptions->errorHandler(8, 'Array to string...', 'C:\\xampp\\htdocs...', 79, Array)
#1 C:\xampp\htdocs\projects\app\Controllers\Home.php(79): implode('-', Array)
#2 C:\xampp\htdocs\projects\vendor\codeigniter4\framework\system\CodeIgniter.php(824): App\Controllers\Home->index()
#3 C:\xampp\htdocs\projects\vendor\codeigniter4\framework\system\CodeIgniter.php(410): CodeIgniter\CodeIgniter->runController(Object(App\Controllers\Home))
#4 C:\xampp\htdocs\projects\vendor\codeigniter4\framework\system\CodeIgniter.php(318): CodeIgniter\CodeIgniter->handleRequest(NULL, Object(Config\Cache), false)
#5 C:\xampp\htdocs\projects\public\index.php(37): CodeIgniter\CodeIgniter->run()
#6 C:\xampp\htdocs\projects\vendor\codeigniter4\framework\system\Commands\Server\rewrite.php(43): require_once('C:\\xampp\\htdocs...')
#7 {main}
CRITICAL - 2022-02-24 05:47:29 --> explode() expects parameter 2 to be string, array given
#0 [internal function]: CodeIgniter\Debug\Exceptions->errorHandler(2, 'explode() expec...', 'C:\\xampp\\htdocs...', 82, Array)
#1 C:\xampp\htdocs\projects\app\Controllers\Home.php(82): explode(' ', Array)
#2 C:\xampp\htdocs\projects\vendor\codeigniter4\framework\system\CodeIgniter.php(824): App\Controllers\Home->index()
#3 C:\xampp\htdocs\projects\vendor\codeigniter4\framework\system\CodeIgniter.php(410): CodeIgniter\CodeIgniter->runController(Object(App\Controllers\Home))
#4 C:\xampp\htdocs\projects\vendor\codeigniter4\framework\system\CodeIgniter.php(318): CodeIgniter\CodeIgniter->handleRequest(NULL, Object(Config\Cache), false)
#5 C:\xampp\htdocs\projects\public\index.php(37): CodeIgniter\CodeIgniter->run()
#6 C:\xampp\htdocs\projects\vendor\codeigniter4\framework\system\Commands\Server\rewrite.php(43): require_once('C:\\xampp\\htdocs...')
#7 {main}
CRITICAL - 2022-02-24 05:47:50 --> Undefined offset: 0
#0 C:\xampp\htdocs\projects\app\Controllers\Home.php(82): CodeIgniter\Debug\Exceptions->errorHandler(8, 'Undefined offse...', 'C:\\xampp\\htdocs...', 82, Array)
#1 C:\xampp\htdocs\projects\vendor\codeigniter4\framework\system\CodeIgniter.php(824): App\Controllers\Home->index()
#2 C:\xampp\htdocs\projects\vendor\codeigniter4\framework\system\CodeIgniter.php(410): CodeIgniter\CodeIgniter->runController(Object(App\Controllers\Home))
#3 C:\xampp\htdocs\projects\vendor\codeigniter4\framework\system\CodeIgniter.php(318): CodeIgniter\CodeIgniter->handleRequest(NULL, Object(Config\Cache), false)
#4 C:\xampp\htdocs\projects\public\index.php(37): CodeIgniter\CodeIgniter->run()
#5 C:\xampp\htdocs\projects\vendor\codeigniter4\framework\system\Commands\Server\rewrite.php(43): require_once('C:\\xampp\\htdocs...')
#6 {main}
CRITICAL - 2022-02-24 05:48:21 --> Undefined offset: 0
#0 C:\xampp\htdocs\projects\app\Controllers\Home.php(82): CodeIgniter\Debug\Exceptions->errorHandler(8, 'Undefined offse...', 'C:\\xampp\\htdocs...', 82, Array)
#1 C:\xampp\htdocs\projects\vendor\codeigniter4\framework\system\CodeIgniter.php(824): App\Controllers\Home->index()
#2 C:\xampp\htdocs\projects\vendor\codeigniter4\framework\system\CodeIgniter.php(410): CodeIgniter\CodeIgniter->runController(Object(App\Controllers\Home))
#3 C:\xampp\htdocs\projects\vendor\codeigniter4\framework\system\CodeIgniter.php(318): CodeIgniter\CodeIgniter->handleRequest(NULL, Object(Config\Cache), false)
#4 C:\xampp\htdocs\projects\public\index.php(37): CodeIgniter\CodeIgniter->run()
#5 C:\xampp\htdocs\projects\vendor\codeigniter4\framework\system\Commands\Server\rewrite.php(43): require_once('C:\\xampp\\htdocs...')
#6 {main}
CRITICAL - 2022-02-24 05:48:23 --> Undefined offset: 0
#0 C:\xampp\htdocs\projects\app\Controllers\Home.php(82): CodeIgniter\Debug\Exceptions->errorHandler(8, 'Undefined offse...', 'C:\\xampp\\htdocs...', 82, Array)
#1 C:\xampp\htdocs\projects\vendor\codeigniter4\framework\system\CodeIgniter.php(824): App\Controllers\Home->index()
#2 C:\xampp\htdocs\projects\vendor\codeigniter4\framework\system\CodeIgniter.php(410): CodeIgniter\CodeIgniter->runController(Object(App\Controllers\Home))
#3 C:\xampp\htdocs\projects\vendor\codeigniter4\framework\system\CodeIgniter.php(318): CodeIgniter\CodeIgniter->handleRequest(NULL, Object(Config\Cache), false)
#4 C:\xampp\htdocs\projects\public\index.php(37): CodeIgniter\CodeIgniter->run()
#5 C:\xampp\htdocs\projects\vendor\codeigniter4\framework\system\Commands\Server\rewrite.php(43): require_once('C:\\xampp\\htdocs...')
#6 {main}
CRITICAL - 2022-02-24 22:44:12 --> preg_match() expects parameter 2 to be string, array given
#0 [internal function]: CodeIgniter\Debug\Exceptions->errorHandler(2, 'preg_match() ex...', 'C:\\xampp\\htdocs...', 50, Array)
#1 C:\xampp\htdocs\projects\app\Controllers\Home.php(50): preg_match('#^(\\w+\\.)?\\s*([...', Array, NULL)
#2 C:\xampp\htdocs\projects\vendor\codeigniter4\framework\system\CodeIgniter.php(824): App\Controllers\Home->index()
#3 C:\xampp\htdocs\projects\vendor\codeigniter4\framework\system\CodeIgniter.php(410): CodeIgniter\CodeIgniter->runController(Object(App\Controllers\Home))
#4 C:\xampp\htdocs\projects\vendor\codeigniter4\framework\system\CodeIgniter.php(318): CodeIgniter\CodeIgniter->handleRequest(NULL, Object(Config\Cache), false)
#5 C:\xampp\htdocs\projects\public\index.php(37): CodeIgniter\CodeIgniter->run()
#6 C:\xampp\htdocs\projects\vendor\codeigniter4\framework\system\Commands\Server\rewrite.php(43): require_once('C:\\xampp\\htdocs...')
#7 {main}
CRITICAL - 2022-02-24 22:47:21 --> explode() expects parameter 2 to be string, array given
#0 [internal function]: CodeIgniter\Debug\Exceptions->errorHandler(2, 'explode() expec...', 'C:\\xampp\\htdocs...', 53, Array)
#1 C:\xampp\htdocs\projects\app\Controllers\Home.php(53): explode(' ', Array)
#2 C:\xampp\htdocs\projects\vendor\codeigniter4\framework\system\CodeIgniter.php(824): App\Controllers\Home->index()
#3 C:\xampp\htdocs\projects\vendor\codeigniter4\framework\system\CodeIgniter.php(410): CodeIgniter\CodeIgniter->runController(Object(App\Controllers\Home))
#4 C:\xampp\htdocs\projects\vendor\codeigniter4\framework\system\CodeIgniter.php(318): CodeIgniter\CodeIgniter->handleRequest(NULL, Object(Config\Cache), false)
#5 C:\xampp\htdocs\projects\public\index.php(37): CodeIgniter\CodeIgniter->run()
#6 C:\xampp\htdocs\projects\vendor\codeigniter4\framework\system\Commands\Server\rewrite.php(43): require_once('C:\\xampp\\htdocs...')
#7 {main}
CRITICAL - 2022-02-24 22:48:21 --> Trying to get property 'name' of non-object
#0 C:\xampp\htdocs\projects\app\Controllers\Home.php(53): CodeIgniter\Debug\Exceptions->errorHandler(8, 'Trying to get p...', 'C:\\xampp\\htdocs...', 53, Array)
#1 C:\xampp\htdocs\projects\vendor\codeigniter4\framework\system\CodeIgniter.php(824): App\Controllers\Home->index()
#2 C:\xampp\htdocs\projects\vendor\codeigniter4\framework\system\CodeIgniter.php(410): CodeIgniter\CodeIgniter->runController(Object(App\Controllers\Home))
#3 C:\xampp\htdocs\projects\vendor\codeigniter4\framework\system\CodeIgniter.php(318): CodeIgniter\CodeIgniter->handleRequest(NULL, Object(Config\Cache), false)
#4 C:\xampp\htdocs\projects\public\index.php(37): CodeIgniter\CodeIgniter->run()
#5 C:\xampp\htdocs\projects\vendor\codeigniter4\framework\system\Commands\Server\rewrite.php(43): require_once('C:\\xampp\\htdocs...')
#6 {main}
CRITICAL - 2022-02-24 22:49:30 --> Undefined variable: string
#0 C:\xampp\htdocs\projects\app\Controllers\Home.php(53): CodeIgniter\Debug\Exceptions->errorHandler(8, 'Undefined varia...', 'C:\\xampp\\htdocs...', 53, Array)
#1 C:\xampp\htdocs\projects\vendor\codeigniter4\framework\system\CodeIgniter.php(824): App\Controllers\Home->index()
#2 C:\xampp\htdocs\projects\vendor\codeigniter4\framework\system\CodeIgniter.php(410): CodeIgniter\CodeIgniter->runController(Object(App\Controllers\Home))
#3 C:\xampp\htdocs\projects\vendor\codeigniter4\framework\system\CodeIgniter.php(318): CodeIgniter\CodeIgniter->handleRequest(NULL, Object(Config\Cache), false)
#4 C:\xampp\htdocs\projects\public\index.php(37): CodeIgniter\CodeIgniter->run()
#5 C:\xampp\htdocs\projects\vendor\codeigniter4\framework\system\Commands\Server\rewrite.php(43): require_once('C:\\xampp\\htdocs...')
#6 {main}
CRITICAL - 2022-02-24 22:49:41 --> explode() expects parameter 2 to be string, array given
#0 [internal function]: CodeIgniter\Debug\Exceptions->errorHandler(2, 'explode() expec...', 'C:\\xampp\\htdocs...', 53, Array)
#1 C:\xampp\htdocs\projects\app\Controllers\Home.php(53): explode(',', Array)
#2 C:\xampp\htdocs\projects\vendor\codeigniter4\framework\system\CodeIgniter.php(824): App\Controllers\Home->index()
#3 C:\xampp\htdocs\projects\vendor\codeigniter4\framework\system\CodeIgniter.php(410): CodeIgniter\CodeIgniter->runController(Object(App\Controllers\Home))
#4 C:\xampp\htdocs\projects\vendor\codeigniter4\framework\system\CodeIgniter.php(318): CodeIgniter\CodeIgniter->handleRequest(NULL, Object(Config\Cache), false)
#5 C:\xampp\htdocs\projects\public\index.php(37): CodeIgniter\CodeIgniter->run()
#6 C:\xampp\htdocs\projects\vendor\codeigniter4\framework\system\Commands\Server\rewrite.php(43): require_once('C:\\xampp\\htdocs...')
#7 {main}
CRITICAL - 2022-02-24 22:51:55 --> Illegal string offset 'id'
#0 C:\xampp\htdocs\projects\app\Controllers\Home.php(58): CodeIgniter\Debug\Exceptions->errorHandler(2, 'Illegal string ...', 'C:\\xampp\\htdocs...', 58, Array)
#1 C:\xampp\htdocs\projects\vendor\codeigniter4\framework\system\CodeIgniter.php(824): App\Controllers\Home->index()
#2 C:\xampp\htdocs\projects\vendor\codeigniter4\framework\system\CodeIgniter.php(410): CodeIgniter\CodeIgniter->runController(Object(App\Controllers\Home))
#3 C:\xampp\htdocs\projects\vendor\codeigniter4\framework\system\CodeIgniter.php(318): CodeIgniter\CodeIgniter->handleRequest(NULL, Object(Config\Cache), false)
#4 C:\xampp\htdocs\projects\public\index.php(37): CodeIgniter\CodeIgniter->run()
#5 C:\xampp\htdocs\projects\vendor\codeigniter4\framework\system\Commands\Server\rewrite.php(43): require_once('C:\\xampp\\htdocs...')
#6 {main}
CRITICAL - 2022-02-24 22:52:11 --> Illegal string offset 'email'
#0 C:\xampp\htdocs\projects\app\Controllers\Home.php(58): CodeIgniter\Debug\Exceptions->errorHandler(2, 'Illegal string ...', 'C:\\xampp\\htdocs...', 58, Array)
#1 C:\xampp\htdocs\projects\vendor\codeigniter4\framework\system\CodeIgniter.php(824): App\Controllers\Home->index()
#2 C:\xampp\htdocs\projects\vendor\codeigniter4\framework\system\CodeIgniter.php(410): CodeIgniter\CodeIgniter->runController(Object(App\Controllers\Home))
#3 C:\xampp\htdocs\projects\vendor\codeigniter4\framework\system\CodeIgniter.php(318): CodeIgniter\CodeIgniter->handleRequest(NULL, Object(Config\Cache), false)
#4 C:\xampp\htdocs\projects\public\index.php(37): CodeIgniter\CodeIgniter->run()
#5 C:\xampp\htdocs\projects\vendor\codeigniter4\framework\system\Commands\Server\rewrite.php(43): require_once('C:\\xampp\\htdocs...')
#6 {main}
CRITICAL - 2022-02-24 23:42:02 --> preg_match(): Unknown modifier '{'
#0 [internal function]: CodeIgniter\Debug\Exceptions->errorHandler(2, 'preg_match(): U...', 'C:\\xampp\\htdocs...', 43, Array)
#1 C:\xampp\htdocs\projects\app\Controllers\Home.php(43): preg_match('[a-zA-Z]{2,}\\s{...', '\xD0\xCF\x11\xE0\xA1\xB1\x1A\xE1\x00\x00\x00\x00\x00\x00\x00...')
#2 C:\xampp\htdocs\projects\vendor\codeigniter4\framework\system\CodeIgniter.php(824): App\Controllers\Home->index()
#3 C:\xampp\htdocs\projects\vendor\codeigniter4\framework\system\CodeIgniter.php(410): CodeIgniter\CodeIgniter->runController(Object(App\Controllers\Home))
#4 C:\xampp\htdocs\projects\vendor\codeigniter4\framework\system\CodeIgniter.php(318): CodeIgniter\CodeIgniter->handleRequest(NULL, Object(Config\Cache), false)
#5 C:\xampp\htdocs\projects\public\index.php(37): CodeIgniter\CodeIgniter->run()
#6 C:\xampp\htdocs\projects\vendor\codeigniter4\framework\system\Commands\Server\rewrite.php(43): require_once('C:\\xampp\\htdocs...')
#7 {main}
CRITICAL - 2022-02-24 23:43:22 --> Cannot pass parameter 3 by reference
#0 C:\xampp\htdocs\projects\vendor\codeigniter4\framework\system\CodeIgniter.php(824): App\Controllers\Home->index()
#1 C:\xampp\htdocs\projects\vendor\codeigniter4\framework\system\CodeIgniter.php(410): CodeIgniter\CodeIgniter->runController(Object(App\Controllers\Home))
#2 C:\xampp\htdocs\projects\vendor\codeigniter4\framework\system\CodeIgniter.php(318): CodeIgniter\CodeIgniter->handleRequest(NULL, Object(Config\Cache), false)
#3 C:\xampp\htdocs\projects\public\index.php(37): CodeIgniter\CodeIgniter->run()
#4 C:\xampp\htdocs\projects\vendor\codeigniter4\framework\system\Commands\Server\rewrite.php(43): require_once('C:\\xampp\\htdocs...')
#5 {main}
CRITICAL - 2022-02-24 23:51:13 --> preg_match(): No ending delimiter '^' found
#0 [internal function]: CodeIgniter\Debug\Exceptions->errorHandler(2, 'preg_match(): N...', 'C:\\xampp\\htdocs...', 43, Array)
#1 C:\xampp\htdocs\projects\app\Controllers\Home.php(43): preg_match('^[A-Za-z]+((\\s)...', '\xD0\xCF\x11\xE0\xA1\xB1\x1A\xE1\x00\x00\x00\x00\x00\x00\x00...')
#2 C:\xampp\htdocs\projects\vendor\codeigniter4\framework\system\CodeIgniter.php(824): App\Controllers\Home->index()
#3 C:\xampp\htdocs\projects\vendor\codeigniter4\framework\system\CodeIgniter.php(410): CodeIgniter\CodeIgniter->runController(Object(App\Controllers\Home))
#4 C:\xampp\htdocs\projects\vendor\codeigniter4\framework\system\CodeIgniter.php(318): CodeIgniter\CodeIgniter->handleRequest(NULL, Object(Config\Cache), false)
#5 C:\xampp\htdocs\projects\public\index.php(37): CodeIgniter\CodeIgniter->run()
#6 C:\xampp\htdocs\projects\vendor\codeigniter4\framework\system\Commands\Server\rewrite.php(43): require_once('C:\\xampp\\htdocs...')
#7 {main}
CRITICAL - 2022-02-24 23:51:25 --> preg_match(): Unknown modifier '+'
#0 [internal function]: CodeIgniter\Debug\Exceptions->errorHandler(2, 'preg_match(): U...', 'C:\\xampp\\htdocs...', 43, Array)
#1 C:\xampp\htdocs\projects\app\Controllers\Home.php(43): preg_match('[A-Za-z]+((\\s)?...', '\xD0\xCF\x11\xE0\xA1\xB1\x1A\xE1\x00\x00\x00\x00\x00\x00\x00...')
#2 C:\xampp\htdocs\projects\vendor\codeigniter4\framework\system\CodeIgniter.php(824): App\Controllers\Home->index()
#3 C:\xampp\htdocs\projects\vendor\codeigniter4\framework\system\CodeIgniter.php(410): CodeIgniter\CodeIgniter->runController(Object(App\Controllers\Home))
#4 C:\xampp\htdocs\projects\vendor\codeigniter4\framework\system\CodeIgniter.php(318): CodeIgniter\CodeIgniter->handleRequest(NULL, Object(Config\Cache), false)
#5 C:\xampp\htdocs\projects\public\index.php(37): CodeIgniter\CodeIgniter->run()
#6 C:\xampp\htdocs\projects\vendor\codeigniter4\framework\system\Commands\Server\rewrite.php(43): require_once('C:\\xampp\\htdocs...')
#7 {main}
CRITICAL - 2022-02-24 23:51:33 --> preg_match(): Unknown modifier '+'
#0 [internal function]: CodeIgniter\Debug\Exceptions->errorHandler(2, 'preg_match(): U...', 'C:\\xampp\\htdocs...', 43, Array)
#1 C:\xampp\htdocs\projects\app\Controllers\Home.php(43): preg_match('[A-Za-z]+((\\s)?...', '\xD0\xCF\x11\xE0\xA1\xB1\x1A\xE1\x00\x00\x00\x00\x00\x00\x00...')
#2 C:\xampp\htdocs\projects\vendor\codeigniter4\framework\system\CodeIgniter.php(824): App\Controllers\Home->index()
#3 C:\xampp\htdocs\projects\vendor\codeigniter4\framework\system\CodeIgniter.php(410): CodeIgniter\CodeIgniter->runController(Object(App\Controllers\Home))
#4 C:\xampp\htdocs\projects\vendor\codeigniter4\framework\system\CodeIgniter.php(318): CodeIgniter\CodeIgniter->handleRequest(NULL, Object(Config\Cache), false)
#5 C:\xampp\htdocs\projects\public\index.php(37): CodeIgniter\CodeIgniter->run()
#6 C:\xampp\htdocs\projects\vendor\codeigniter4\framework\system\Commands\Server\rewrite.php(43): require_once('C:\\xampp\\htdocs...')
#7 {main}
CRITICAL - 2022-02-24 23:51:46 --> preg_match(): Unknown modifier '('
#0 [internal function]: CodeIgniter\Debug\Exceptions->errorHandler(2, 'preg_match(): U...', 'C:\\xampp\\htdocs...', 43, Array)
#1 C:\xampp\htdocs\projects\app\Controllers\Home.php(43): preg_match('[A-Za-z]((\\s)?(...', '\xD0\xCF\x11\xE0\xA1\xB1\x1A\xE1\x00\x00\x00\x00\x00\x00\x00...')
#2 C:\xampp\htdocs\projects\vendor\codeigniter4\framework\system\CodeIgniter.php(824): App\Controllers\Home->index()
#3 C:\xampp\htdocs\projects\vendor\codeigniter4\framework\system\CodeIgniter.php(410): CodeIgniter\CodeIgniter->runController(Object(App\Controllers\Home))
#4 C:\xampp\htdocs\projects\vendor\codeigniter4\framework\system\CodeIgniter.php(318): CodeIgniter\CodeIgniter->handleRequest(NULL, Object(Config\Cache), false)
#5 C:\xampp\htdocs\projects\public\index.php(37): CodeIgniter\CodeIgniter->run()
#6 C:\xampp\htdocs\projects\vendor\codeigniter4\framework\system\Commands\Server\rewrite.php(43): require_once('C:\\xampp\\htdocs...')
#7 {main}
CRITICAL - 2022-02-24 23:57:55 --> preg_replace(): Compilation failed: regular expression is too large at offset 130671
#0 [internal function]: CodeIgniter\Debug\Exceptions->errorHandler(2, 'preg_replace():...', 'C:\\xampp\\htdocs...', 50, Array)
#1 C:\xampp\htdocs\projects\app\Controllers\Home.php(50): preg_replace('#\xD0\xCF\x11\xE0\xA1\xB1\x1A\xE1\\000\\0...', '', '\xD0\xCF\x11\xE0\xA1\xB1\x1A\xE1\x00\x00\x00\x00\x00\x00\x00...')
#2 C:\xampp\htdocs\projects\vendor\codeigniter4\framework\system\CodeIgniter.php(824): App\Controllers\Home->index()
#3 C:\xampp\htdocs\projects\vendor\codeigniter4\framework\system\CodeIgniter.php(410): CodeIgniter\CodeIgniter->runController(Object(App\Controllers\Home))
#4 C:\xampp\htdocs\projects\vendor\codeigniter4\framework\system\CodeIgniter.php(318): CodeIgniter\CodeIgniter->handleRequest(NULL, Object(Config\Cache), false)
#5 C:\xampp\htdocs\projects\public\index.php(37): CodeIgniter\CodeIgniter->run()
#6 C:\xampp\htdocs\projects\vendor\codeigniter4\framework\system\Commands\Server\rewrite.php(43): require_once('C:\\xampp\\htdocs...')
#7 {main}
