CRITICAL - 2022-07-08 01:58:13 --> Call to undefined function App\Controllers\jeson_encode()
#0 /home/nocjadpy678c/public_html/tryyourwork.com/docladder/vendor/codeigniter4/framework/system/CodeIgniter.php(824): App\Controllers\Jobseeker->Registerjobseeker()
#1 /home/nocjadpy678c/public_html/tryyourwork.com/docladder/vendor/codeigniter4/framework/system/CodeIgniter.php(410): CodeIgniter\CodeIgniter->runController(Object(App\Controllers\Jobseeker))
#2 /home/nocjadpy678c/public_html/tryyourwork.com/docladder/vendor/codeigniter4/framework/system/CodeIgniter.php(318): CodeIgniter\CodeIgniter->handleRequest(NULL, Object(Config\Cache), false)
#3 /home/nocjadpy678c/public_html/tryyourwork.com/docladder/index.php(37): CodeIgniter\CodeIgniter->run()
#4 {main}
CRITICAL - 2022-07-08 02:47:10 --> Trying to access array offset on value of type null
#0 /home/nocjadpy678c/public_html/tryyourwork.com/docladder/app/Models/RecruiterModel.php(69): CodeIgniter\Debug\Exceptions->errorHandler(8, 'Trying to acces...', '/home/nocjadpy6...', 69, Array)
#1 /home/nocjadpy678c/public_html/tryyourwork.com/docladder/app/Controllers/RecruiterProfile.php(15): App\Models\RecruiterModel->jobprofile()
#2 /home/nocjadpy678c/public_html/tryyourwork.com/docladder/vendor/codeigniter4/framework/system/CodeIgniter.php(824): App\Controllers\RecruiterProfile->index()
#3 /home/nocjadpy678c/public_html/tryyourwork.com/docladder/vendor/codeigniter4/framework/system/CodeIgniter.php(410): CodeIgniter\CodeIgniter->runController(Object(App\Controllers\RecruiterProfile))
#4 /home/nocjadpy678c/public_html/tryyourwork.com/docladder/vendor/codeigniter4/framework/system/CodeIgniter.php(318): CodeIgniter\CodeIgniter->handleRequest(NULL, Object(Config\Cache), false)
#5 /home/nocjadpy678c/public_html/tryyourwork.com/docladder/index.php(37): CodeIgniter\CodeIgniter->run()
#6 {main}
CRITICAL - 2022-07-08 02:49:08 --> Trying to access array offset on value of type null
#0 /home/nocjadpy678c/public_html/tryyourwork.com/docladder/app/Models/RecruiterModel.php(70): CodeIgniter\Debug\Exceptions->errorHandler(8, 'Trying to acces...', '/home/nocjadpy6...', 70, Array)
#1 /home/nocjadpy678c/public_html/tryyourwork.com/docladder/app/Controllers/RecruiterProfile.php(15): App\Models\RecruiterModel->jobprofile()
#2 /home/nocjadpy678c/public_html/tryyourwork.com/docladder/vendor/codeigniter4/framework/system/CodeIgniter.php(824): App\Controllers\RecruiterProfile->index()
#3 /home/nocjadpy678c/public_html/tryyourwork.com/docladder/vendor/codeigniter4/framework/system/CodeIgniter.php(410): CodeIgniter\CodeIgniter->runController(Object(App\Controllers\RecruiterProfile))
#4 /home/nocjadpy678c/public_html/tryyourwork.com/docladder/vendor/codeigniter4/framework/system/CodeIgniter.php(318): CodeIgniter\CodeIgniter->handleRequest(NULL, Object(Config\Cache), false)
#5 /home/nocjadpy678c/public_html/tryyourwork.com/docladder/index.php(37): CodeIgniter\CodeIgniter->run()
#6 {main}
CRITICAL - 2022-07-08 02:49:13 --> Trying to access array offset on value of type null
#0 /home/nocjadpy678c/public_html/tryyourwork.com/docladder/app/Models/RecruiterModel.php(70): CodeIgniter\Debug\Exceptions->errorHandler(8, 'Trying to acces...', '/home/nocjadpy6...', 70, Array)
#1 /home/nocjadpy678c/public_html/tryyourwork.com/docladder/app/Controllers/RecruiterProfile.php(15): App\Models\RecruiterModel->jobprofile()
#2 /home/nocjadpy678c/public_html/tryyourwork.com/docladder/vendor/codeigniter4/framework/system/CodeIgniter.php(824): App\Controllers\RecruiterProfile->index()
#3 /home/nocjadpy678c/public_html/tryyourwork.com/docladder/vendor/codeigniter4/framework/system/CodeIgniter.php(410): CodeIgniter\CodeIgniter->runController(Object(App\Controllers\RecruiterProfile))
#4 /home/nocjadpy678c/public_html/tryyourwork.com/docladder/vendor/codeigniter4/framework/system/CodeIgniter.php(318): CodeIgniter\CodeIgniter->handleRequest(NULL, Object(Config\Cache), false)
#5 /home/nocjadpy678c/public_html/tryyourwork.com/docladder/index.php(37): CodeIgniter\CodeIgniter->run()
#6 {main}
ERROR - 2022-07-08 04:09:38 --> Unknown column 'email_id' in 'field list'
CRITICAL - 2022-07-08 04:09:38 --> Unknown column 'email_id' in 'field list'
#0 /home/nocjadpy678c/public_html/tryyourwork.com/docladder/vendor/codeigniter4/framework/system/Database/MySQLi/Connection.php(292): mysqli->query('INSERT INTO `re...', 0)
#1 /home/nocjadpy678c/public_html/tryyourwork.com/docladder/vendor/codeigniter4/framework/system/Database/BaseConnection.php(670): CodeIgniter\Database\MySQLi\Connection->execute('INSERT INTO `re...')
#2 /home/nocjadpy678c/public_html/tryyourwork.com/docladder/vendor/codeigniter4/framework/system/Database/BaseConnection.php(598): CodeIgniter\Database\BaseConnection->simpleQuery('INSERT INTO `re...')
#3 /home/nocjadpy678c/public_html/tryyourwork.com/docladder/vendor/codeigniter4/framework/system/Database/BaseBuilder.php(1759): CodeIgniter\Database\BaseConnection->query('INSERT INTO `re...', Array, false)
#4 /home/nocjadpy678c/public_html/tryyourwork.com/docladder/app/Models/JobSeekerModel.php(47): CodeIgniter\Database\BaseBuilder->insert(Array)
#5 /home/nocjadpy678c/public_html/tryyourwork.com/docladder/app/Controllers/JobseekerRegister.php(72): App\Models\JobSeekerModel->insertJobSeeking(Array)
#6 /home/nocjadpy678c/public_html/tryyourwork.com/docladder/vendor/codeigniter4/framework/system/CodeIgniter.php(824): App\Controllers\JobseekerRegister->index()
#7 /home/nocjadpy678c/public_html/tryyourwork.com/docladder/vendor/codeigniter4/framework/system/CodeIgniter.php(410): CodeIgniter\CodeIgniter->runController(Object(App\Controllers\JobseekerRegister))
#8 /home/nocjadpy678c/public_html/tryyourwork.com/docladder/vendor/codeigniter4/framework/system/CodeIgniter.php(318): CodeIgniter\CodeIgniter->handleRequest(NULL, Object(Config\Cache), false)
#9 /home/nocjadpy678c/public_html/tryyourwork.com/docladder/index.php(37): CodeIgniter\CodeIgniter->run()
#10 {main}
CRITICAL - 2022-07-08 04:11:19 --> Expected 1 '.' in the input between the postcard and the payload
#0 /home/nocjadpy678c/public_html/tryyourwork.com/docladder/app/Libraries/vendor/facebook/graph-sdk/src/Facebook/FacebookResponse.php(210): Facebook\Exceptions\FacebookResponseException::create(Object(Facebook\FacebookResponse))
#1 /home/nocjadpy678c/public_html/tryyourwork.com/docladder/app/Libraries/vendor/facebook/graph-sdk/src/Facebook/FacebookResponse.php(255): Facebook\FacebookResponse->makeException()
#2 /home/nocjadpy678c/public_html/tryyourwork.com/docladder/app/Libraries/vendor/facebook/graph-sdk/src/Facebook/FacebookResponse.php(82): Facebook\FacebookResponse->decodeBody()
#3 /home/nocjadpy678c/public_html/tryyourwork.com/docladder/app/Libraries/vendor/facebook/graph-sdk/src/Facebook/FacebookClient.php(224): Facebook\FacebookResponse->__construct(Object(Facebook\FacebookRequest), '{"error":{"mess...', 400, Array)
#4 /home/nocjadpy678c/public_html/tryyourwork.com/docladder/app/Libraries/vendor/facebook/graph-sdk/src/Facebook/Facebook.php(469): Facebook\FacebookClient->sendRequest(Object(Facebook\FacebookRequest))
#5 /home/nocjadpy678c/public_html/tryyourwork.com/docladder/app/Libraries/vendor/facebook/graph-sdk/src/Facebook/Facebook.php(336): Facebook\Facebook->sendRequest('GET', '/me?fields=id,n...', Array, 'ya29.a0AVA9y1vi...', NULL, 'v2.10')
#6 /home/nocjadpy678c/public_html/tryyourwork.com/docladder/app/Controllers/JobseekerRegister.php(109): Facebook\Facebook->get('/me?fields=id,n...', 'ya29.a0AVA9y1vi...')
#7 /home/nocjadpy678c/public_html/tryyourwork.com/docladder/vendor/codeigniter4/framework/system/CodeIgniter.php(824): App\Controllers\JobseekerRegister->index()
#8 /home/nocjadpy678c/public_html/tryyourwork.com/docladder/vendor/codeigniter4/framework/system/CodeIgniter.php(410): CodeIgniter\CodeIgniter->runController(Object(App\Controllers\JobseekerRegister))
#9 /home/nocjadpy678c/public_html/tryyourwork.com/docladder/vendor/codeigniter4/framework/system/CodeIgniter.php(318): CodeIgniter\CodeIgniter->handleRequest(NULL, Object(Config\Cache), false)
#10 /home/nocjadpy678c/public_html/tryyourwork.com/docladder/index.php(37): CodeIgniter\CodeIgniter->run()
#11 {main}
CRITICAL - 2022-07-08 04:11:19 --> Uncaught CodeIgniter\HTTP\Exceptions\HTTPException: Unknown HTTP status code provided with no message: 190 in /home/nocjadpy678c/public_html/tryyourwork.com/docladder/vendor/codeigniter4/framework/system/HTTP/ResponseTrait.php:155
Stack trace:
#0 /home/nocjadpy678c/public_html/tryyourwork.com/docladder/vendor/codeigniter4/framework/system/HTTP/ResponseTrait.php(155): CodeIgniter\HTTP\Exceptions\HTTPException::forUnkownStatusCode(190)
#1 /home/nocjadpy678c/public_html/tryyourwork.com/docladder/vendor/codeigniter4/framework/system/Debug/Exceptions.php(106): CodeIgniter\HTTP\Response->setStatusCode(190)
#2 [internal function]: CodeIgniter\Debug\Exceptions->exceptionHandler(Object(Facebook\Exceptions\FacebookResponseException))
#3 {main}
  thrown
#0 [internal function]: CodeIgniter\Debug\Exceptions->shutdownHandler()
#1 {main}
ERROR - 2022-07-08 04:11:39 --> Unknown column 'client_first_name' in 'field list'
CRITICAL - 2022-07-08 04:11:39 --> Unknown column 'client_first_name' in 'field list'
#0 /home/nocjadpy678c/public_html/tryyourwork.com/docladder/vendor/codeigniter4/framework/system/Database/MySQLi/Connection.php(292): mysqli->query('INSERT INTO `jo...', 0)
#1 /home/nocjadpy678c/public_html/tryyourwork.com/docladder/vendor/codeigniter4/framework/system/Database/BaseConnection.php(670): CodeIgniter\Database\MySQLi\Connection->execute('INSERT INTO `jo...')
#2 /home/nocjadpy678c/public_html/tryyourwork.com/docladder/vendor/codeigniter4/framework/system/Database/BaseConnection.php(598): CodeIgniter\Database\BaseConnection->simpleQuery('INSERT INTO `jo...')
#3 /home/nocjadpy678c/public_html/tryyourwork.com/docladder/vendor/codeigniter4/framework/system/Database/BaseBuilder.php(1759): CodeIgniter\Database\BaseConnection->query('INSERT INTO `jo...', Array, false)
#4 /home/nocjadpy678c/public_html/tryyourwork.com/docladder/app/Models/JobSeekerModel.php(47): CodeIgniter\Database\BaseBuilder->insert(Array)
#5 /home/nocjadpy678c/public_html/tryyourwork.com/docladder/app/Controllers/JobseekerRegister.php(72): App\Models\JobSeekerModel->insertJobSeeking(Array)
#6 /home/nocjadpy678c/public_html/tryyourwork.com/docladder/vendor/codeigniter4/framework/system/CodeIgniter.php(824): App\Controllers\JobseekerRegister->index()
#7 /home/nocjadpy678c/public_html/tryyourwork.com/docladder/vendor/codeigniter4/framework/system/CodeIgniter.php(410): CodeIgniter\CodeIgniter->runController(Object(App\Controllers\JobseekerRegister))
#8 /home/nocjadpy678c/public_html/tryyourwork.com/docladder/vendor/codeigniter4/framework/system/CodeIgniter.php(318): CodeIgniter\CodeIgniter->handleRequest(NULL, Object(Config\Cache), false)
#9 /home/nocjadpy678c/public_html/tryyourwork.com/docladder/index.php(37): CodeIgniter\CodeIgniter->run()
#10 {main}
CRITICAL - 2022-07-08 04:12:25 --> Expected 1 '.' in the input between the postcard and the payload
#0 /home/nocjadpy678c/public_html/tryyourwork.com/docladder/app/Libraries/vendor/facebook/graph-sdk/src/Facebook/FacebookResponse.php(210): Facebook\Exceptions\FacebookResponseException::create(Object(Facebook\FacebookResponse))
#1 /home/nocjadpy678c/public_html/tryyourwork.com/docladder/app/Libraries/vendor/facebook/graph-sdk/src/Facebook/FacebookResponse.php(255): Facebook\FacebookResponse->makeException()
#2 /home/nocjadpy678c/public_html/tryyourwork.com/docladder/app/Libraries/vendor/facebook/graph-sdk/src/Facebook/FacebookResponse.php(82): Facebook\FacebookResponse->decodeBody()
#3 /home/nocjadpy678c/public_html/tryyourwork.com/docladder/app/Libraries/vendor/facebook/graph-sdk/src/Facebook/FacebookClient.php(224): Facebook\FacebookResponse->__construct(Object(Facebook\FacebookRequest), '{"error":{"mess...', 400, Array)
#4 /home/nocjadpy678c/public_html/tryyourwork.com/docladder/app/Libraries/vendor/facebook/graph-sdk/src/Facebook/Facebook.php(469): Facebook\FacebookClient->sendRequest(Object(Facebook\FacebookRequest))
#5 /home/nocjadpy678c/public_html/tryyourwork.com/docladder/app/Libraries/vendor/facebook/graph-sdk/src/Facebook/Facebook.php(336): Facebook\Facebook->sendRequest('GET', '/me?fields=id,n...', Array, 'ya29.A0AVA9y1vK...', NULL, 'v2.10')
#6 /home/nocjadpy678c/public_html/tryyourwork.com/docladder/app/Controllers/JobseekerRegister.php(109): Facebook\Facebook->get('/me?fields=id,n...', 'ya29.A0AVA9y1vK...')
#7 /home/nocjadpy678c/public_html/tryyourwork.com/docladder/vendor/codeigniter4/framework/system/CodeIgniter.php(824): App\Controllers\JobseekerRegister->index()
#8 /home/nocjadpy678c/public_html/tryyourwork.com/docladder/vendor/codeigniter4/framework/system/CodeIgniter.php(410): CodeIgniter\CodeIgniter->runController(Object(App\Controllers\JobseekerRegister))
#9 /home/nocjadpy678c/public_html/tryyourwork.com/docladder/vendor/codeigniter4/framework/system/CodeIgniter.php(318): CodeIgniter\CodeIgniter->handleRequest(NULL, Object(Config\Cache), false)
#10 /home/nocjadpy678c/public_html/tryyourwork.com/docladder/index.php(37): CodeIgniter\CodeIgniter->run()
#11 {main}
CRITICAL - 2022-07-08 04:12:25 --> Uncaught CodeIgniter\HTTP\Exceptions\HTTPException: Unknown HTTP status code provided with no message: 190 in /home/nocjadpy678c/public_html/tryyourwork.com/docladder/vendor/codeigniter4/framework/system/HTTP/ResponseTrait.php:155
Stack trace:
#0 /home/nocjadpy678c/public_html/tryyourwork.com/docladder/vendor/codeigniter4/framework/system/HTTP/ResponseTrait.php(155): CodeIgniter\HTTP\Exceptions\HTTPException::forUnkownStatusCode(190)
#1 /home/nocjadpy678c/public_html/tryyourwork.com/docladder/vendor/codeigniter4/framework/system/Debug/Exceptions.php(106): CodeIgniter\HTTP\Response->setStatusCode(190)
#2 [internal function]: CodeIgniter\Debug\Exceptions->exceptionHandler(Object(Facebook\Exceptions\FacebookResponseException))
#3 {main}
  thrown
#0 [internal function]: CodeIgniter\Debug\Exceptions->shutdownHandler()
#1 {main}
ERROR - 2022-07-08 04:14:34 --> Unknown column 'created_at' in 'field list'
CRITICAL - 2022-07-08 04:14:34 --> Unknown column 'created_at' in 'field list'
#0 /home/nocjadpy678c/public_html/tryyourwork.com/docladder/vendor/codeigniter4/framework/system/Database/MySQLi/Connection.php(292): mysqli->query('INSERT INTO `jo...', 0)
#1 /home/nocjadpy678c/public_html/tryyourwork.com/docladder/vendor/codeigniter4/framework/system/Database/BaseConnection.php(670): CodeIgniter\Database\MySQLi\Connection->execute('INSERT INTO `jo...')
#2 /home/nocjadpy678c/public_html/tryyourwork.com/docladder/vendor/codeigniter4/framework/system/Database/BaseConnection.php(598): CodeIgniter\Database\BaseConnection->simpleQuery('INSERT INTO `jo...')
#3 /home/nocjadpy678c/public_html/tryyourwork.com/docladder/vendor/codeigniter4/framework/system/Database/BaseBuilder.php(1759): CodeIgniter\Database\BaseConnection->query('INSERT INTO `jo...', Array, false)
#4 /home/nocjadpy678c/public_html/tryyourwork.com/docladder/app/Models/JobSeekerModel.php(47): CodeIgniter\Database\BaseBuilder->insert(Array)
#5 /home/nocjadpy678c/public_html/tryyourwork.com/docladder/app/Controllers/JobseekerRegister.php(72): App\Models\JobSeekerModel->insertJobSeeking(Array)
#6 /home/nocjadpy678c/public_html/tryyourwork.com/docladder/vendor/codeigniter4/framework/system/CodeIgniter.php(824): App\Controllers\JobseekerRegister->index()
#7 /home/nocjadpy678c/public_html/tryyourwork.com/docladder/vendor/codeigniter4/framework/system/CodeIgniter.php(410): CodeIgniter\CodeIgniter->runController(Object(App\Controllers\JobseekerRegister))
#8 /home/nocjadpy678c/public_html/tryyourwork.com/docladder/vendor/codeigniter4/framework/system/CodeIgniter.php(318): CodeIgniter\CodeIgniter->handleRequest(NULL, Object(Config\Cache), false)
#9 /home/nocjadpy678c/public_html/tryyourwork.com/docladder/index.php(37): CodeIgniter\CodeIgniter->run()
#10 {main}
ERROR - 2022-07-08 05:08:07 --> Unknown column 'updated_at' in 'field list'
CRITICAL - 2022-07-08 05:08:07 --> Unknown column 'updated_at' in 'field list'
#0 /home/nocjadpy678c/public_html/tryyourwork.com/docladder/vendor/codeigniter4/framework/system/Database/MySQLi/Connection.php(292): mysqli->query('UPDATE `jobseek...', 0)
#1 /home/nocjadpy678c/public_html/tryyourwork.com/docladder/vendor/codeigniter4/framework/system/Database/BaseConnection.php(670): CodeIgniter\Database\MySQLi\Connection->execute('UPDATE `jobseek...')
#2 /home/nocjadpy678c/public_html/tryyourwork.com/docladder/vendor/codeigniter4/framework/system/Database/BaseConnection.php(598): CodeIgniter\Database\BaseConnection->simpleQuery('UPDATE `jobseek...')
#3 /home/nocjadpy678c/public_html/tryyourwork.com/docladder/vendor/codeigniter4/framework/system/Database/BaseBuilder.php(1901): CodeIgniter\Database\BaseConnection->query('UPDATE `jobseek...', Array, false)
#4 /home/nocjadpy678c/public_html/tryyourwork.com/docladder/app/Models/JobSeekerModel.php(43): CodeIgniter\Database\BaseBuilder->update(Array)
#5 /home/nocjadpy678c/public_html/tryyourwork.com/docladder/app/Controllers/JobseekerRegister.php(57): App\Models\JobSeekerModel->updateJobSeeking(Array, '109805797185826...')
#6 /home/nocjadpy678c/public_html/tryyourwork.com/docladder/vendor/codeigniter4/framework/system/CodeIgniter.php(824): App\Controllers\JobseekerRegister->index()
#7 /home/nocjadpy678c/public_html/tryyourwork.com/docladder/vendor/codeigniter4/framework/system/CodeIgniter.php(410): CodeIgniter\CodeIgniter->runController(Object(App\Controllers\JobseekerRegister))
#8 /home/nocjadpy678c/public_html/tryyourwork.com/docladder/vendor/codeigniter4/framework/system/CodeIgniter.php(318): CodeIgniter\CodeIgniter->handleRequest(NULL, Object(Config\Cache), false)
#9 /home/nocjadpy678c/public_html/tryyourwork.com/docladder/index.php(37): CodeIgniter\CodeIgniter->run()
#10 {main}
