CRITICAL - 2022-11-29 00:55:18 --> Undefined index: first_name
#0 C:\xampp\htdocs\docladder\app\Views\admin\recuiter\list.php(185): CodeIgniter\Debug\Exceptions->errorHandler(8, 'Undefined index...', 'C:\\xampp\\htdocs...', 185, Array)
#1 C:\xampp\htdocs\docladder\vendor\codeigniter4\framework\system\View\View.php(214): include('C:\\xampp\\htdocs...')
#2 C:\xampp\htdocs\docladder\vendor\codeigniter4\framework\system\View\View.php(217): CodeIgniter\View\View->CodeIgniter\View\{closure}()
#3 C:\xampp\htdocs\docladder\vendor\codeigniter4\framework\system\Common.php(1097): CodeIgniter\View\View->render('admin/recuiter/...', Array, true)
#4 C:\xampp\htdocs\docladder\app\Controllers\Admin\RecruiterController.php(44): view('admin/recuiter/...', Array)
#5 C:\xampp\htdocs\docladder\vendor\codeigniter4\framework\system\CodeIgniter.php(824): App\Controllers\Admin\RecruiterController->index()
#6 C:\xampp\htdocs\docladder\vendor\codeigniter4\framework\system\CodeIgniter.php(410): CodeIgniter\CodeIgniter->runController(Object(App\Controllers\Admin\RecruiterController))
#7 C:\xampp\htdocs\docladder\vendor\codeigniter4\framework\system\CodeIgniter.php(318): CodeIgniter\CodeIgniter->handleRequest(NULL, Object(Config\Cache), false)
#8 C:\xampp\htdocs\docladder\index.php(37): CodeIgniter\CodeIgniter->run()
#9 {main}
CRITICAL - 2022-11-29 00:56:53 --> Undefined index: first_name
#0 C:\xampp\htdocs\docladder\app\Views\admin\recuiter\list.php(185): CodeIgniter\Debug\Exceptions->errorHandler(8, 'Undefined index...', 'C:\\xampp\\htdocs...', 185, Array)
#1 C:\xampp\htdocs\docladder\vendor\codeigniter4\framework\system\View\View.php(214): include('C:\\xampp\\htdocs...')
#2 C:\xampp\htdocs\docladder\vendor\codeigniter4\framework\system\View\View.php(217): CodeIgniter\View\View->CodeIgniter\View\{closure}()
#3 C:\xampp\htdocs\docladder\vendor\codeigniter4\framework\system\Common.php(1097): CodeIgniter\View\View->render('admin/recuiter/...', Array, true)
#4 C:\xampp\htdocs\docladder\app\Controllers\Admin\RecruiterController.php(44): view('admin/recuiter/...', Array)
#5 C:\xampp\htdocs\docladder\vendor\codeigniter4\framework\system\CodeIgniter.php(824): App\Controllers\Admin\RecruiterController->index()
#6 C:\xampp\htdocs\docladder\vendor\codeigniter4\framework\system\CodeIgniter.php(410): CodeIgniter\CodeIgniter->runController(Object(App\Controllers\Admin\RecruiterController))
#7 C:\xampp\htdocs\docladder\vendor\codeigniter4\framework\system\CodeIgniter.php(318): CodeIgniter\CodeIgniter->handleRequest(NULL, Object(Config\Cache), false)
#8 C:\xampp\htdocs\docladder\index.php(37): CodeIgniter\CodeIgniter->run()
#9 {main}
CRITICAL - 2022-11-29 01:08:39 --> Class 'App\Controllers\Admin\SearchModel' not found
#0 C:\xampp\htdocs\docladder\vendor\codeigniter4\framework\system\CodeIgniter.php(824): App\Controllers\Admin\RecruiterController->add()
#1 C:\xampp\htdocs\docladder\vendor\codeigniter4\framework\system\CodeIgniter.php(410): CodeIgniter\CodeIgniter->runController(Object(App\Controllers\Admin\RecruiterController))
#2 C:\xampp\htdocs\docladder\vendor\codeigniter4\framework\system\CodeIgniter.php(318): CodeIgniter\CodeIgniter->handleRequest(NULL, Object(Config\Cache), false)
#3 C:\xampp\htdocs\docladder\index.php(37): CodeIgniter\CodeIgniter->run()
#4 {main}
CRITICAL - 2022-11-29 01:09:29 --> Class 'App\Controllers\Admin\SearchModel' not found
#0 C:\xampp\htdocs\docladder\vendor\codeigniter4\framework\system\CodeIgniter.php(824): App\Controllers\Admin\RecruiterController->add()
#1 C:\xampp\htdocs\docladder\vendor\codeigniter4\framework\system\CodeIgniter.php(410): CodeIgniter\CodeIgniter->runController(Object(App\Controllers\Admin\RecruiterController))
#2 C:\xampp\htdocs\docladder\vendor\codeigniter4\framework\system\CodeIgniter.php(318): CodeIgniter\CodeIgniter->handleRequest(NULL, Object(Config\Cache), false)
#3 C:\xampp\htdocs\docladder\index.php(37): CodeIgniter\CodeIgniter->run()
#4 {main}
CRITICAL - 2022-11-29 01:12:09 --> Undefined variable: data
#0 C:\xampp\htdocs\docladder\app\Controllers\Admin\RecruiterController.php(205): CodeIgniter\Debug\Exceptions->errorHandler(8, 'Undefined varia...', 'C:\\xampp\\htdocs...', 205, Array)
#1 C:\xampp\htdocs\docladder\vendor\codeigniter4\framework\system\CodeIgniter.php(824): App\Controllers\Admin\RecruiterController->add()
#2 C:\xampp\htdocs\docladder\vendor\codeigniter4\framework\system\CodeIgniter.php(410): CodeIgniter\CodeIgniter->runController(Object(App\Controllers\Admin\RecruiterController))
#3 C:\xampp\htdocs\docladder\vendor\codeigniter4\framework\system\CodeIgniter.php(318): CodeIgniter\CodeIgniter->handleRequest(NULL, Object(Config\Cache), false)
#4 C:\xampp\htdocs\docladder\index.php(37): CodeIgniter\CodeIgniter->run()
#5 {main}
CRITICAL - 2022-11-29 01:12:35 --> Invalid file: admin/recruiter/add.php
#0 C:\xampp\htdocs\docladder\vendor\codeigniter4\framework\system\View\View.php(198): CodeIgniter\Exceptions\FrameworkException::forInvalidFile('admin/recruiter...')
#1 C:\xampp\htdocs\docladder\vendor\codeigniter4\framework\system\Common.php(1097): CodeIgniter\View\View->render('admin/recruiter...', Array, true)
#2 C:\xampp\htdocs\docladder\app\Controllers\Admin\RecruiterController.php(206): view('admin/recruiter...', Array)
#3 C:\xampp\htdocs\docladder\vendor\codeigniter4\framework\system\CodeIgniter.php(824): App\Controllers\Admin\RecruiterController->add()
#4 C:\xampp\htdocs\docladder\vendor\codeigniter4\framework\system\CodeIgniter.php(410): CodeIgniter\CodeIgniter->runController(Object(App\Controllers\Admin\RecruiterController))
#5 C:\xampp\htdocs\docladder\vendor\codeigniter4\framework\system\CodeIgniter.php(318): CodeIgniter\CodeIgniter->handleRequest(NULL, Object(Config\Cache), false)
#6 C:\xampp\htdocs\docladder\index.php(37): CodeIgniter\CodeIgniter->run()
#7 {main}
ERROR - 2022-11-29 02:01:11 --> Email: sendWithMail throwed mail(): Failed to connect to mailserver at &quot;localhost&quot; port 25, verify your &quot;SMTP&quot; and &quot;smtp_port&quot; setting in php.ini or use ini_set()
CRITICAL - 2022-11-29 02:55:32 --> Undefined index: upload_image
#0 C:\xampp\htdocs\docladder\app\Views\admin\recuiter\edit.php(112): CodeIgniter\Debug\Exceptions->errorHandler(8, 'Undefined index...', 'C:\\xampp\\htdocs...', 112, Array)
#1 C:\xampp\htdocs\docladder\vendor\codeigniter4\framework\system\View\View.php(214): include('C:\\xampp\\htdocs...')
#2 C:\xampp\htdocs\docladder\vendor\codeigniter4\framework\system\View\View.php(217): CodeIgniter\View\View->CodeIgniter\View\{closure}()
#3 C:\xampp\htdocs\docladder\vendor\codeigniter4\framework\system\Common.php(1097): CodeIgniter\View\View->render('admin/recuiter/...', Array, true)
#4 C:\xampp\htdocs\docladder\app\Controllers\Admin\RecruiterController.php(493): view('admin/recuiter/...', Array)
#5 C:\xampp\htdocs\docladder\vendor\codeigniter4\framework\system\CodeIgniter.php(824): App\Controllers\Admin\RecruiterController->detail('162')
#6 C:\xampp\htdocs\docladder\vendor\codeigniter4\framework\system\CodeIgniter.php(410): CodeIgniter\CodeIgniter->runController(Object(App\Controllers\Admin\RecruiterController))
#7 C:\xampp\htdocs\docladder\vendor\codeigniter4\framework\system\CodeIgniter.php(318): CodeIgniter\CodeIgniter->handleRequest(NULL, Object(Config\Cache), false)
#8 C:\xampp\htdocs\docladder\index.php(37): CodeIgniter\CodeIgniter->run()
#9 {main}
CRITICAL - 2022-11-29 02:55:56 --> Undefined index: upload_image
#0 C:\xampp\htdocs\docladder\app\Views\admin\recuiter\edit.php(112): CodeIgniter\Debug\Exceptions->errorHandler(8, 'Undefined index...', 'C:\\xampp\\htdocs...', 112, Array)
#1 C:\xampp\htdocs\docladder\vendor\codeigniter4\framework\system\View\View.php(214): include('C:\\xampp\\htdocs...')
#2 C:\xampp\htdocs\docladder\vendor\codeigniter4\framework\system\View\View.php(217): CodeIgniter\View\View->CodeIgniter\View\{closure}()
#3 C:\xampp\htdocs\docladder\vendor\codeigniter4\framework\system\Common.php(1097): CodeIgniter\View\View->render('admin/recuiter/...', Array, true)
#4 C:\xampp\htdocs\docladder\app\Controllers\Admin\RecruiterController.php(493): view('admin/recuiter/...', Array)
#5 C:\xampp\htdocs\docladder\vendor\codeigniter4\framework\system\CodeIgniter.php(824): App\Controllers\Admin\RecruiterController->detail('162')
#6 C:\xampp\htdocs\docladder\vendor\codeigniter4\framework\system\CodeIgniter.php(410): CodeIgniter\CodeIgniter->runController(Object(App\Controllers\Admin\RecruiterController))
#7 C:\xampp\htdocs\docladder\vendor\codeigniter4\framework\system\CodeIgniter.php(318): CodeIgniter\CodeIgniter->handleRequest(NULL, Object(Config\Cache), false)
#8 C:\xampp\htdocs\docladder\index.php(37): CodeIgniter\CodeIgniter->run()
#9 {main}
CRITICAL - 2022-11-29 02:56:04 --> Undefined index: upload_image
#0 C:\xampp\htdocs\docladder\app\Views\admin\recuiter\edit.php(112): CodeIgniter\Debug\Exceptions->errorHandler(8, 'Undefined index...', 'C:\\xampp\\htdocs...', 112, Array)
#1 C:\xampp\htdocs\docladder\vendor\codeigniter4\framework\system\View\View.php(214): include('C:\\xampp\\htdocs...')
#2 C:\xampp\htdocs\docladder\vendor\codeigniter4\framework\system\View\View.php(217): CodeIgniter\View\View->CodeIgniter\View\{closure}()
#3 C:\xampp\htdocs\docladder\vendor\codeigniter4\framework\system\Common.php(1097): CodeIgniter\View\View->render('admin/recuiter/...', Array, true)
#4 C:\xampp\htdocs\docladder\app\Controllers\Admin\RecruiterController.php(493): view('admin/recuiter/...', Array)
#5 C:\xampp\htdocs\docladder\vendor\codeigniter4\framework\system\CodeIgniter.php(824): App\Controllers\Admin\RecruiterController->detail('162')
#6 C:\xampp\htdocs\docladder\vendor\codeigniter4\framework\system\CodeIgniter.php(410): CodeIgniter\CodeIgniter->runController(Object(App\Controllers\Admin\RecruiterController))
#7 C:\xampp\htdocs\docladder\vendor\codeigniter4\framework\system\CodeIgniter.php(318): CodeIgniter\CodeIgniter->handleRequest(NULL, Object(Config\Cache), false)
#8 C:\xampp\htdocs\docladder\index.php(37): CodeIgniter\CodeIgniter->run()
#9 {main}
CRITICAL - 2022-11-29 03:01:29 --> Undefined index: first_name
#0 C:\xampp\htdocs\docladder\app\Views\admin\recuiter\edit.php(123): CodeIgniter\Debug\Exceptions->errorHandler(8, 'Undefined index...', 'C:\\xampp\\htdocs...', 123, Array)
#1 C:\xampp\htdocs\docladder\vendor\codeigniter4\framework\system\View\View.php(214): include('C:\\xampp\\htdocs...')
#2 C:\xampp\htdocs\docladder\vendor\codeigniter4\framework\system\View\View.php(217): CodeIgniter\View\View->CodeIgniter\View\{closure}()
#3 C:\xampp\htdocs\docladder\vendor\codeigniter4\framework\system\Common.php(1097): CodeIgniter\View\View->render('admin/recuiter/...', Array, true)
#4 C:\xampp\htdocs\docladder\app\Controllers\Admin\RecruiterController.php(493): view('admin/recuiter/...', Array)
#5 C:\xampp\htdocs\docladder\vendor\codeigniter4\framework\system\CodeIgniter.php(824): App\Controllers\Admin\RecruiterController->detail('162')
#6 C:\xampp\htdocs\docladder\vendor\codeigniter4\framework\system\CodeIgniter.php(410): CodeIgniter\CodeIgniter->runController(Object(App\Controllers\Admin\RecruiterController))
#7 C:\xampp\htdocs\docladder\vendor\codeigniter4\framework\system\CodeIgniter.php(318): CodeIgniter\CodeIgniter->handleRequest(NULL, Object(Config\Cache), false)
#8 C:\xampp\htdocs\docladder\index.php(37): CodeIgniter\CodeIgniter->run()
#9 {main}
CRITICAL - 2022-11-29 03:03:26 --> Undefined index: first_name
#0 C:\xampp\htdocs\docladder\app\Views\admin\recuiter\edit.php(112): CodeIgniter\Debug\Exceptions->errorHandler(8, 'Undefined index...', 'C:\\xampp\\htdocs...', 112, Array)
#1 C:\xampp\htdocs\docladder\vendor\codeigniter4\framework\system\View\View.php(214): include('C:\\xampp\\htdocs...')
#2 C:\xampp\htdocs\docladder\vendor\codeigniter4\framework\system\View\View.php(217): CodeIgniter\View\View->CodeIgniter\View\{closure}()
#3 C:\xampp\htdocs\docladder\vendor\codeigniter4\framework\system\Common.php(1097): CodeIgniter\View\View->render('admin/recuiter/...', Array, true)
#4 C:\xampp\htdocs\docladder\app\Controllers\Admin\RecruiterController.php(493): view('admin/recuiter/...', Array)
#5 C:\xampp\htdocs\docladder\vendor\codeigniter4\framework\system\CodeIgniter.php(824): App\Controllers\Admin\RecruiterController->detail('162')
#6 C:\xampp\htdocs\docladder\vendor\codeigniter4\framework\system\CodeIgniter.php(410): CodeIgniter\CodeIgniter->runController(Object(App\Controllers\Admin\RecruiterController))
#7 C:\xampp\htdocs\docladder\vendor\codeigniter4\framework\system\CodeIgniter.php(318): CodeIgniter\CodeIgniter->handleRequest(NULL, Object(Config\Cache), false)
#8 C:\xampp\htdocs\docladder\index.php(37): CodeIgniter\CodeIgniter->run()
#9 {main}
CRITICAL - 2022-11-29 03:04:07 --> Undefined index: email_id
#0 C:\xampp\htdocs\docladder\app\Views\admin\recuiter\edit.php(120): CodeIgniter\Debug\Exceptions->errorHandler(8, 'Undefined index...', 'C:\\xampp\\htdocs...', 120, Array)
#1 C:\xampp\htdocs\docladder\vendor\codeigniter4\framework\system\View\View.php(214): include('C:\\xampp\\htdocs...')
#2 C:\xampp\htdocs\docladder\vendor\codeigniter4\framework\system\View\View.php(217): CodeIgniter\View\View->CodeIgniter\View\{closure}()
#3 C:\xampp\htdocs\docladder\vendor\codeigniter4\framework\system\Common.php(1097): CodeIgniter\View\View->render('admin/recuiter/...', Array, true)
#4 C:\xampp\htdocs\docladder\app\Controllers\Admin\RecruiterController.php(493): view('admin/recuiter/...', Array)
#5 C:\xampp\htdocs\docladder\vendor\codeigniter4\framework\system\CodeIgniter.php(824): App\Controllers\Admin\RecruiterController->detail('162')
#6 C:\xampp\htdocs\docladder\vendor\codeigniter4\framework\system\CodeIgniter.php(410): CodeIgniter\CodeIgniter->runController(Object(App\Controllers\Admin\RecruiterController))
#7 C:\xampp\htdocs\docladder\vendor\codeigniter4\framework\system\CodeIgniter.php(318): CodeIgniter\CodeIgniter->handleRequest(NULL, Object(Config\Cache), false)
#8 C:\xampp\htdocs\docladder\index.php(37): CodeIgniter\CodeIgniter->run()
#9 {main}
CRITICAL - 2022-11-29 03:04:29 --> Undefined index: dob
#0 C:\xampp\htdocs\docladder\app\Views\admin\recuiter\edit.php(136): CodeIgniter\Debug\Exceptions->errorHandler(8, 'Undefined index...', 'C:\\xampp\\htdocs...', 136, Array)
#1 C:\xampp\htdocs\docladder\vendor\codeigniter4\framework\system\View\View.php(214): include('C:\\xampp\\htdocs...')
#2 C:\xampp\htdocs\docladder\vendor\codeigniter4\framework\system\View\View.php(217): CodeIgniter\View\View->CodeIgniter\View\{closure}()
#3 C:\xampp\htdocs\docladder\vendor\codeigniter4\framework\system\Common.php(1097): CodeIgniter\View\View->render('admin/recuiter/...', Array, true)
#4 C:\xampp\htdocs\docladder\app\Controllers\Admin\RecruiterController.php(493): view('admin/recuiter/...', Array)
#5 C:\xampp\htdocs\docladder\vendor\codeigniter4\framework\system\CodeIgniter.php(824): App\Controllers\Admin\RecruiterController->detail('162')
#6 C:\xampp\htdocs\docladder\vendor\codeigniter4\framework\system\CodeIgniter.php(410): CodeIgniter\CodeIgniter->runController(Object(App\Controllers\Admin\RecruiterController))
#7 C:\xampp\htdocs\docladder\vendor\codeigniter4\framework\system\CodeIgniter.php(318): CodeIgniter\CodeIgniter->handleRequest(NULL, Object(Config\Cache), false)
#8 C:\xampp\htdocs\docladder\index.php(37): CodeIgniter\CodeIgniter->run()
#9 {main}
CRITICAL - 2022-11-29 03:04:45 --> Undefined index: gender
#0 C:\xampp\htdocs\docladder\app\Views\admin\recuiter\edit.php(149): CodeIgniter\Debug\Exceptions->errorHandler(8, 'Undefined index...', 'C:\\xampp\\htdocs...', 149, Array)
#1 C:\xampp\htdocs\docladder\vendor\codeigniter4\framework\system\View\View.php(214): include('C:\\xampp\\htdocs...')
#2 C:\xampp\htdocs\docladder\vendor\codeigniter4\framework\system\View\View.php(217): CodeIgniter\View\View->CodeIgniter\View\{closure}()
#3 C:\xampp\htdocs\docladder\vendor\codeigniter4\framework\system\Common.php(1097): CodeIgniter\View\View->render('admin/recuiter/...', Array, true)
#4 C:\xampp\htdocs\docladder\app\Controllers\Admin\RecruiterController.php(493): view('admin/recuiter/...', Array)
#5 C:\xampp\htdocs\docladder\vendor\codeigniter4\framework\system\CodeIgniter.php(824): App\Controllers\Admin\RecruiterController->detail('162')
#6 C:\xampp\htdocs\docladder\vendor\codeigniter4\framework\system\CodeIgniter.php(410): CodeIgniter\CodeIgniter->runController(Object(App\Controllers\Admin\RecruiterController))
#7 C:\xampp\htdocs\docladder\vendor\codeigniter4\framework\system\CodeIgniter.php(318): CodeIgniter\CodeIgniter->handleRequest(NULL, Object(Config\Cache), false)
#8 C:\xampp\htdocs\docladder\index.php(37): CodeIgniter\CodeIgniter->run()
#9 {main}
CRITICAL - 2022-11-29 03:05:08 --> Undefined index: job_title
#0 C:\xampp\htdocs\docladder\app\Views\admin\recuiter\edit.php(154): CodeIgniter\Debug\Exceptions->errorHandler(8, 'Undefined index...', 'C:\\xampp\\htdocs...', 154, Array)
#1 C:\xampp\htdocs\docladder\vendor\codeigniter4\framework\system\View\View.php(214): include('C:\\xampp\\htdocs...')
#2 C:\xampp\htdocs\docladder\vendor\codeigniter4\framework\system\View\View.php(217): CodeIgniter\View\View->CodeIgniter\View\{closure}()
#3 C:\xampp\htdocs\docladder\vendor\codeigniter4\framework\system\Common.php(1097): CodeIgniter\View\View->render('admin/recuiter/...', Array, true)
#4 C:\xampp\htdocs\docladder\app\Controllers\Admin\RecruiterController.php(493): view('admin/recuiter/...', Array)
#5 C:\xampp\htdocs\docladder\vendor\codeigniter4\framework\system\CodeIgniter.php(824): App\Controllers\Admin\RecruiterController->detail('162')
#6 C:\xampp\htdocs\docladder\vendor\codeigniter4\framework\system\CodeIgniter.php(410): CodeIgniter\CodeIgniter->runController(Object(App\Controllers\Admin\RecruiterController))
#7 C:\xampp\htdocs\docladder\vendor\codeigniter4\framework\system\CodeIgniter.php(318): CodeIgniter\CodeIgniter->handleRequest(NULL, Object(Config\Cache), false)
#8 C:\xampp\htdocs\docladder\index.php(37): CodeIgniter\CodeIgniter->run()
#9 {main}
CRITICAL - 2022-11-29 03:05:30 --> Undefined index: min_experience
#0 C:\xampp\htdocs\docladder\app\Views\admin\recuiter\edit.php(198): CodeIgniter\Debug\Exceptions->errorHandler(8, 'Undefined index...', 'C:\\xampp\\htdocs...', 198, Array)
#1 C:\xampp\htdocs\docladder\vendor\codeigniter4\framework\system\View\View.php(214): include('C:\\xampp\\htdocs...')
#2 C:\xampp\htdocs\docladder\vendor\codeigniter4\framework\system\View\View.php(217): CodeIgniter\View\View->CodeIgniter\View\{closure}()
#3 C:\xampp\htdocs\docladder\vendor\codeigniter4\framework\system\Common.php(1097): CodeIgniter\View\View->render('admin/recuiter/...', Array, true)
#4 C:\xampp\htdocs\docladder\app\Controllers\Admin\RecruiterController.php(493): view('admin/recuiter/...', Array)
#5 C:\xampp\htdocs\docladder\vendor\codeigniter4\framework\system\CodeIgniter.php(824): App\Controllers\Admin\RecruiterController->detail('162')
#6 C:\xampp\htdocs\docladder\vendor\codeigniter4\framework\system\CodeIgniter.php(410): CodeIgniter\CodeIgniter->runController(Object(App\Controllers\Admin\RecruiterController))
#7 C:\xampp\htdocs\docladder\vendor\codeigniter4\framework\system\CodeIgniter.php(318): CodeIgniter\CodeIgniter->handleRequest(NULL, Object(Config\Cache), false)
#8 C:\xampp\htdocs\docladder\index.php(37): CodeIgniter\CodeIgniter->run()
#9 {main}
CRITICAL - 2022-11-29 03:06:07 --> Undefined index: job_function
#0 C:\xampp\htdocs\docladder\app\Views\admin\recuiter\edit.php(319): CodeIgniter\Debug\Exceptions->errorHandler(8, 'Undefined index...', 'C:\\xampp\\htdocs...', 319, Array)
#1 C:\xampp\htdocs\docladder\vendor\codeigniter4\framework\system\View\View.php(214): include('C:\\xampp\\htdocs...')
#2 C:\xampp\htdocs\docladder\vendor\codeigniter4\framework\system\View\View.php(217): CodeIgniter\View\View->CodeIgniter\View\{closure}()
#3 C:\xampp\htdocs\docladder\vendor\codeigniter4\framework\system\Common.php(1097): CodeIgniter\View\View->render('admin/recuiter/...', Array, true)
#4 C:\xampp\htdocs\docladder\app\Controllers\Admin\RecruiterController.php(493): view('admin/recuiter/...', Array)
#5 C:\xampp\htdocs\docladder\vendor\codeigniter4\framework\system\CodeIgniter.php(824): App\Controllers\Admin\RecruiterController->detail('162')
#6 C:\xampp\htdocs\docladder\vendor\codeigniter4\framework\system\CodeIgniter.php(410): CodeIgniter\CodeIgniter->runController(Object(App\Controllers\Admin\RecruiterController))
#7 C:\xampp\htdocs\docladder\vendor\codeigniter4\framework\system\CodeIgniter.php(318): CodeIgniter\CodeIgniter->handleRequest(NULL, Object(Config\Cache), false)
#8 C:\xampp\htdocs\docladder\index.php(37): CodeIgniter\CodeIgniter->run()
#9 {main}
