CRITICAL - 2022-11-26 04:44:04 --> fopen(): Filename cannot be empty
#0 [internal function]: CodeIgniter\Debug\Exceptions->errorHandler(2, 'fopen(): Filena...', 'C:\\xampp\\htdocs...', 972, Array)
#1 C:\xampp\htdocs\docladder\app\Controllers\Admin\JobseekerController.php(972): fopen('', 'r')
#2 C:\xampp\htdocs\docladder\vendor\codeigniter4\framework\system\CodeIgniter.php(824): App\Controllers\Admin\JobseekerController->importcsv()
#3 C:\xampp\htdocs\docladder\vendor\codeigniter4\framework\system\CodeIgniter.php(410): CodeIgniter\CodeIgniter->runController(Object(App\Controllers\Admin\JobseekerController))
#4 C:\xampp\htdocs\docladder\vendor\codeigniter4\framework\system\CodeIgniter.php(318): CodeIgniter\CodeIgniter->handleRequest(NULL, Object(Config\Cache), false)
#5 C:\xampp\htdocs\docladder\index.php(37): CodeIgniter\CodeIgniter->run()
#6 {main}
CRITICAL - 2022-11-26 04:46:40 --> fopen(): Filename cannot be empty
#0 [internal function]: CodeIgniter\Debug\Exceptions->errorHandler(2, 'fopen(): Filena...', 'C:\\xampp\\htdocs...', 972, Array)
#1 C:\xampp\htdocs\docladder\app\Controllers\Admin\JobseekerController.php(972): fopen('', 'r')
#2 C:\xampp\htdocs\docladder\vendor\codeigniter4\framework\system\CodeIgniter.php(824): App\Controllers\Admin\JobseekerController->importcsv()
#3 C:\xampp\htdocs\docladder\vendor\codeigniter4\framework\system\CodeIgniter.php(410): CodeIgniter\CodeIgniter->runController(Object(App\Controllers\Admin\JobseekerController))
#4 C:\xampp\htdocs\docladder\vendor\codeigniter4\framework\system\CodeIgniter.php(318): CodeIgniter\CodeIgniter->handleRequest(NULL, Object(Config\Cache), false)
#5 C:\xampp\htdocs\docladder\index.php(37): CodeIgniter\CodeIgniter->run()
#6 {main}
CRITICAL - 2022-11-26 05:56:30 --> Undefined index: email
#0 C:\xampp\htdocs\docladder\app\Controllers\Admin\JobseekerController.php(1019): CodeIgniter\Debug\Exceptions->errorHandler(8, 'Undefined index...', 'C:\\xampp\\htdocs...', 1019, Array)
#1 C:\xampp\htdocs\docladder\vendor\codeigniter4\framework\system\CodeIgniter.php(824): App\Controllers\Admin\JobseekerController->importcsv()
#2 C:\xampp\htdocs\docladder\vendor\codeigniter4\framework\system\CodeIgniter.php(410): CodeIgniter\CodeIgniter->runController(Object(App\Controllers\Admin\JobseekerController))
#3 C:\xampp\htdocs\docladder\vendor\codeigniter4\framework\system\CodeIgniter.php(318): CodeIgniter\CodeIgniter->handleRequest(NULL, Object(Config\Cache), false)
#4 C:\xampp\htdocs\docladder\index.php(37): CodeIgniter\CodeIgniter->run()
#5 {main}
ERROR - 2022-11-26 05:56:49 --> Unknown column 'email' in 'where clause'
CRITICAL - 2022-11-26 05:56:49 --> Unknown column 'email' in 'where clause'
#0 C:\xampp\htdocs\docladder\vendor\codeigniter4\framework\system\Database\MySQLi\Connection.php(292): mysqli->query('SELECT *\nFROM `...', 0)
#1 C:\xampp\htdocs\docladder\vendor\codeigniter4\framework\system\Database\BaseConnection.php(670): CodeIgniter\Database\MySQLi\Connection->execute('SELECT *\nFROM `...')
#2 C:\xampp\htdocs\docladder\vendor\codeigniter4\framework\system\Database\BaseConnection.php(598): CodeIgniter\Database\BaseConnection->simpleQuery('SELECT *\nFROM `...')
#3 C:\xampp\htdocs\docladder\vendor\codeigniter4\framework\system\Database\BaseBuilder.php(1443): CodeIgniter\Database\BaseConnection->query('SELECT *\nFROM `...', Array, false)
#4 C:\xampp\htdocs\docladder\app\Controllers\Admin\JobseekerController.php(1024): CodeIgniter\Database\BaseBuilder->get()
#5 C:\xampp\htdocs\docladder\vendor\codeigniter4\framework\system\CodeIgniter.php(824): App\Controllers\Admin\JobseekerController->importcsv()
#6 C:\xampp\htdocs\docladder\vendor\codeigniter4\framework\system\CodeIgniter.php(410): CodeIgniter\CodeIgniter->runController(Object(App\Controllers\Admin\JobseekerController))
#7 C:\xampp\htdocs\docladder\vendor\codeigniter4\framework\system\CodeIgniter.php(318): CodeIgniter\CodeIgniter->handleRequest(NULL, Object(Config\Cache), false)
#8 C:\xampp\htdocs\docladder\index.php(37): CodeIgniter\CodeIgniter->run()
#9 {main}
ERROR - 2022-11-26 06:01:05 --> Unknown column 'email' in 'where clause'
CRITICAL - 2022-11-26 06:01:05 --> Unknown column 'email' in 'where clause'
#0 C:\xampp\htdocs\docladder\vendor\codeigniter4\framework\system\Database\MySQLi\Connection.php(292): mysqli->query('SELECT *\nFROM `...', 0)
#1 C:\xampp\htdocs\docladder\vendor\codeigniter4\framework\system\Database\BaseConnection.php(670): CodeIgniter\Database\MySQLi\Connection->execute('SELECT *\nFROM `...')
#2 C:\xampp\htdocs\docladder\vendor\codeigniter4\framework\system\Database\BaseConnection.php(598): CodeIgniter\Database\BaseConnection->simpleQuery('SELECT *\nFROM `...')
#3 C:\xampp\htdocs\docladder\vendor\codeigniter4\framework\system\Database\BaseBuilder.php(1443): CodeIgniter\Database\BaseConnection->query('SELECT *\nFROM `...', Array, false)
#4 C:\xampp\htdocs\docladder\app\Controllers\Admin\JobseekerController.php(1025): CodeIgniter\Database\BaseBuilder->get()
#5 C:\xampp\htdocs\docladder\vendor\codeigniter4\framework\system\CodeIgniter.php(824): App\Controllers\Admin\JobseekerController->importcsv()
#6 C:\xampp\htdocs\docladder\vendor\codeigniter4\framework\system\CodeIgniter.php(410): CodeIgniter\CodeIgniter->runController(Object(App\Controllers\Admin\JobseekerController))
#7 C:\xampp\htdocs\docladder\vendor\codeigniter4\framework\system\CodeIgniter.php(318): CodeIgniter\CodeIgniter->handleRequest(NULL, Object(Config\Cache), false)
#8 C:\xampp\htdocs\docladder\index.php(37): CodeIgniter\CodeIgniter->run()
#9 {main}
ERROR - 2022-11-26 06:02:23 --> Unknown column 'email' in 'where clause'
CRITICAL - 2022-11-26 06:02:23 --> Unknown column 'email' in 'where clause'
#0 C:\xampp\htdocs\docladder\vendor\codeigniter4\framework\system\Database\MySQLi\Connection.php(292): mysqli->query('SELECT *\nFROM `...', 0)
#1 C:\xampp\htdocs\docladder\vendor\codeigniter4\framework\system\Database\BaseConnection.php(670): CodeIgniter\Database\MySQLi\Connection->execute('SELECT *\nFROM `...')
#2 C:\xampp\htdocs\docladder\vendor\codeigniter4\framework\system\Database\BaseConnection.php(598): CodeIgniter\Database\BaseConnection->simpleQuery('SELECT *\nFROM `...')
#3 C:\xampp\htdocs\docladder\vendor\codeigniter4\framework\system\Database\BaseBuilder.php(1443): CodeIgniter\Database\BaseConnection->query('SELECT *\nFROM `...', Array, false)
#4 C:\xampp\htdocs\docladder\vendor\codeigniter4\framework\system\Model.php(723): CodeIgniter\Database\BaseBuilder->get()
#5 C:\xampp\htdocs\docladder\app\Controllers\Admin\JobseekerController.php(1025): CodeIgniter\Model->__call('get', Array)
#6 C:\xampp\htdocs\docladder\vendor\codeigniter4\framework\system\CodeIgniter.php(824): App\Controllers\Admin\JobseekerController->importcsv()
#7 C:\xampp\htdocs\docladder\vendor\codeigniter4\framework\system\CodeIgniter.php(410): CodeIgniter\CodeIgniter->runController(Object(App\Controllers\Admin\JobseekerController))
#8 C:\xampp\htdocs\docladder\vendor\codeigniter4\framework\system\CodeIgniter.php(318): CodeIgniter\CodeIgniter->handleRequest(NULL, Object(Config\Cache), false)
#9 C:\xampp\htdocs\docladder\index.php(37): CodeIgniter\CodeIgniter->run()
#10 {main}
ERROR - 2022-11-26 06:02:46 --> Unknown column 'email' in 'where clause'
CRITICAL - 2022-11-26 06:02:46 --> Unknown column 'email' in 'where clause'
#0 C:\xampp\htdocs\docladder\vendor\codeigniter4\framework\system\Database\MySQLi\Connection.php(292): mysqli->query('SELECT *\nFROM `...', 0)
#1 C:\xampp\htdocs\docladder\vendor\codeigniter4\framework\system\Database\BaseConnection.php(670): CodeIgniter\Database\MySQLi\Connection->execute('SELECT *\nFROM `...')
#2 C:\xampp\htdocs\docladder\vendor\codeigniter4\framework\system\Database\BaseConnection.php(598): CodeIgniter\Database\BaseConnection->simpleQuery('SELECT *\nFROM `...')
#3 C:\xampp\htdocs\docladder\vendor\codeigniter4\framework\system\Database\BaseBuilder.php(1443): CodeIgniter\Database\BaseConnection->query('SELECT *\nFROM `...', Array, false)
#4 C:\xampp\htdocs\docladder\vendor\codeigniter4\framework\system\Model.php(723): CodeIgniter\Database\BaseBuilder->get()
#5 C:\xampp\htdocs\docladder\app\Controllers\Admin\JobseekerController.php(1025): CodeIgniter\Model->__call('get', Array)
#6 C:\xampp\htdocs\docladder\vendor\codeigniter4\framework\system\CodeIgniter.php(824): App\Controllers\Admin\JobseekerController->importcsv()
#7 C:\xampp\htdocs\docladder\vendor\codeigniter4\framework\system\CodeIgniter.php(410): CodeIgniter\CodeIgniter->runController(Object(App\Controllers\Admin\JobseekerController))
#8 C:\xampp\htdocs\docladder\vendor\codeigniter4\framework\system\CodeIgniter.php(318): CodeIgniter\CodeIgniter->handleRequest(NULL, Object(Config\Cache), false)
#9 C:\xampp\htdocs\docladder\index.php(37): CodeIgniter\CodeIgniter->run()
#10 {main}
