ERROR - 2022-11-21 00:23:46 --> Error connecting to the database: Access denied for user '****'@'localhost' (using password: YES)
CRITICAL - 2022-11-21 00:23:46 --> Unable to connect to the database.
Main connection [MySQLi]: Access denied for user '****'@'localhost' (using password: YES)
#0 C:\xampp\htdocs\docladder\vendor\codeigniter4\framework\system\Database\BaseConnection.php(577): CodeIgniter\Database\BaseConnection->initialize()
#1 C:\xampp\htdocs\docladder\vendor\codeigniter4\framework\system\Database\BaseBuilder.php(1527): CodeIgniter\Database\BaseConnection->query('SELECT COUNT(*)...', Array, false)
#2 C:\xampp\htdocs\docladder\vendor\codeigniter4\framework\system\Model.php(509): CodeIgniter\Database\BaseBuilder->countAllResults(false)
#3 C:\xampp\htdocs\docladder\vendor\codeigniter4\framework\system\BaseModel.php(1084): CodeIgniter\Model->countAllResults(false)
#4 C:\xampp\htdocs\docladder\app\Controllers\Home.php(22): CodeIgniter\BaseModel->paginate(6)
#5 C:\xampp\htdocs\docladder\vendor\codeigniter4\framework\system\CodeIgniter.php(824): App\Controllers\Home->index()
#6 C:\xampp\htdocs\docladder\vendor\codeigniter4\framework\system\CodeIgniter.php(410): CodeIgniter\CodeIgniter->runController(Object(App\Controllers\Home))
#7 C:\xampp\htdocs\docladder\vendor\codeigniter4\framework\system\CodeIgniter.php(318): CodeIgniter\CodeIgniter->handleRequest(NULL, Object(Config\Cache), false)
#8 C:\xampp\htdocs\docladder\index.php(37): CodeIgniter\CodeIgniter->run()
#9 {main}
CRITICAL - 2022-11-21 00:42:59 --> Too few arguments to function App\Controllers\Admin\HomeController::__construct(), 0 passed in C:\xampp\htdocs\docladder\vendor\codeigniter4\framework\system\CodeIgniter.php on line 801 and exactly 1 expected
#0 C:\xampp\htdocs\docladder\vendor\codeigniter4\framework\system\CodeIgniter.php(801): App\Controllers\Admin\HomeController->__construct()
#1 C:\xampp\htdocs\docladder\vendor\codeigniter4\framework\system\CodeIgniter.php(401): CodeIgniter\CodeIgniter->createController()
#2 C:\xampp\htdocs\docladder\vendor\codeigniter4\framework\system\CodeIgniter.php(318): CodeIgniter\CodeIgniter->handleRequest(NULL, Object(Config\Cache), false)
#3 C:\xampp\htdocs\docladder\index.php(37): CodeIgniter\CodeIgniter->run()
#4 {main}
CRITICAL - 2022-11-21 00:43:57 --> Too few arguments to function App\Controllers\Admin\HomeController::__construct(), 0 passed in C:\xampp\htdocs\docladder\vendor\codeigniter4\framework\system\CodeIgniter.php on line 801 and exactly 1 expected
#0 C:\xampp\htdocs\docladder\vendor\codeigniter4\framework\system\CodeIgniter.php(801): App\Controllers\Admin\HomeController->__construct()
#1 C:\xampp\htdocs\docladder\vendor\codeigniter4\framework\system\CodeIgniter.php(401): CodeIgniter\CodeIgniter->createController()
#2 C:\xampp\htdocs\docladder\vendor\codeigniter4\framework\system\CodeIgniter.php(318): CodeIgniter\CodeIgniter->handleRequest(NULL, Object(Config\Cache), false)
#3 C:\xampp\htdocs\docladder\index.php(37): CodeIgniter\CodeIgniter->run()
#4 {main}
CRITICAL - 2022-11-21 00:46:50 --> Undefined variable: data
#0 C:\xampp\htdocs\docladder\app\Controllers\Admin\HomeController.php(16): CodeIgniter\Debug\Exceptions->errorHandler(8, 'Undefined varia...', 'C:\\xampp\\htdocs...', 16, Array)
#1 C:\xampp\htdocs\docladder\vendor\codeigniter4\framework\system\CodeIgniter.php(824): App\Controllers\Admin\HomeController->index()
#2 C:\xampp\htdocs\docladder\vendor\codeigniter4\framework\system\CodeIgniter.php(410): CodeIgniter\CodeIgniter->runController(Object(App\Controllers\Admin\HomeController))
#3 C:\xampp\htdocs\docladder\vendor\codeigniter4\framework\system\CodeIgniter.php(318): CodeIgniter\CodeIgniter->handleRequest(NULL, Object(Config\Cache), false)
#4 C:\xampp\htdocs\docladder\index.php(37): CodeIgniter\CodeIgniter->run()
#5 {main}
CRITICAL - 2022-11-21 02:00:22 --> password_hash() expects at least 2 parameters, 1 given
#0 [internal function]: CodeIgniter\Debug\Exceptions->errorHandler(2, 'password_hash()...', 'C:\\xampp\\htdocs...', 11, Array)
#1 C:\xampp\htdocs\docladder\app\Controllers\Admin\HomeController.php(11): password_hash('Namit@123456')
#2 C:\xampp\htdocs\docladder\vendor\codeigniter4\framework\system\CodeIgniter.php(824): App\Controllers\Admin\HomeController->index()
#3 C:\xampp\htdocs\docladder\vendor\codeigniter4\framework\system\CodeIgniter.php(410): CodeIgniter\CodeIgniter->runController(Object(App\Controllers\Admin\HomeController))
#4 C:\xampp\htdocs\docladder\vendor\codeigniter4\framework\system\CodeIgniter.php(318): CodeIgniter\CodeIgniter->handleRequest(NULL, Object(Config\Cache), false)
#5 C:\xampp\htdocs\docladder\index.php(37): CodeIgniter\CodeIgniter->run()
#6 {main}
CRITICAL - 2022-11-21 02:01:13 --> password_hash() expects at least 2 parameters, 1 given
#0 [internal function]: CodeIgniter\Debug\Exceptions->errorHandler(2, 'password_hash()...', 'C:\\xampp\\htdocs...', 12, Array)
#1 C:\xampp\htdocs\docladder\app\Controllers\Admin\HomeController.php(12): password_hash('Namit@123456')
#2 C:\xampp\htdocs\docladder\vendor\codeigniter4\framework\system\CodeIgniter.php(824): App\Controllers\Admin\HomeController->index()
#3 C:\xampp\htdocs\docladder\vendor\codeigniter4\framework\system\CodeIgniter.php(410): CodeIgniter\CodeIgniter->runController(Object(App\Controllers\Admin\HomeController))
#4 C:\xampp\htdocs\docladder\vendor\codeigniter4\framework\system\CodeIgniter.php(318): CodeIgniter\CodeIgniter->handleRequest(NULL, Object(Config\Cache), false)
#5 C:\xampp\htdocs\docladder\index.php(37): CodeIgniter\CodeIgniter->run()
#6 {main}
