CRITICAL - 2022-09-22 02:54:20 --> Undefined variable: build
#0 /home/nocjadpy678c/public_html/tryyourwork.com/docladder/app/Controllers/RecruiterSimpleSearch.php(391): CodeIgniter\Debug\Exceptions->errorHandler(8, 'Undefined varia...', '/home/nocjadpy6...', 391, Array)
#1 /home/nocjadpy678c/public_html/tryyourwork.com/docladder/vendor/codeigniter4/framework/system/CodeIgniter.php(824): App\Controllers\RecruiterSimpleSearch->savesearchform('$i')
#2 /home/nocjadpy678c/public_html/tryyourwork.com/docladder/vendor/codeigniter4/framework/system/CodeIgniter.php(410): CodeIgniter\CodeIgniter->runController(Object(App\Controllers\RecruiterSimpleSearch))
#3 /home/nocjadpy678c/public_html/tryyourwork.com/docladder/vendor/codeigniter4/framework/system/CodeIgniter.php(318): CodeIgniter\CodeIgniter->handleRequest(NULL, Object(Config\Cache), false)
#4 /home/nocjadpy678c/public_html/tryyourwork.com/docladder/index.php(37): CodeIgniter\CodeIgniter->run()
#5 {main}
CRITICAL - 2022-09-22 02:55:10 --> Undefined variable: build
#0 /home/nocjadpy678c/public_html/tryyourwork.com/docladder/app/Controllers/RecruiterSimpleSearch.php(391): CodeIgniter\Debug\Exceptions->errorHandler(8, 'Undefined varia...', '/home/nocjadpy6...', 391, Array)
#1 /home/nocjadpy678c/public_html/tryyourwork.com/docladder/vendor/codeigniter4/framework/system/CodeIgniter.php(824): App\Controllers\RecruiterSimpleSearch->savesearchform('$i')
#2 /home/nocjadpy678c/public_html/tryyourwork.com/docladder/vendor/codeigniter4/framework/system/CodeIgniter.php(410): CodeIgniter\CodeIgniter->runController(Object(App\Controllers\RecruiterSimpleSearch))
#3 /home/nocjadpy678c/public_html/tryyourwork.com/docladder/vendor/codeigniter4/framework/system/CodeIgniter.php(318): CodeIgniter\CodeIgniter->handleRequest(NULL, Object(Config\Cache), false)
#4 /home/nocjadpy678c/public_html/tryyourwork.com/docladder/index.php(37): CodeIgniter\CodeIgniter->run()
#5 {main}
CRITICAL - 2022-09-22 02:55:58 --> Undefined variable: build
#0 /home/nocjadpy678c/public_html/tryyourwork.com/docladder/app/Controllers/RecruiterSimpleSearch.php(391): CodeIgniter\Debug\Exceptions->errorHandler(8, 'Undefined varia...', '/home/nocjadpy6...', 391, Array)
#1 /home/nocjadpy678c/public_html/tryyourwork.com/docladder/vendor/codeigniter4/framework/system/CodeIgniter.php(824): App\Controllers\RecruiterSimpleSearch->savesearchform('$i')
#2 /home/nocjadpy678c/public_html/tryyourwork.com/docladder/vendor/codeigniter4/framework/system/CodeIgniter.php(410): CodeIgniter\CodeIgniter->runController(Object(App\Controllers\RecruiterSimpleSearch))
#3 /home/nocjadpy678c/public_html/tryyourwork.com/docladder/vendor/codeigniter4/framework/system/CodeIgniter.php(318): CodeIgniter\CodeIgniter->handleRequest(NULL, Object(Config\Cache), false)
#4 /home/nocjadpy678c/public_html/tryyourwork.com/docladder/index.php(37): CodeIgniter\CodeIgniter->run()
#5 {main}
CRITICAL - 2022-09-22 02:57:04 --> Undefined variable: build
#0 /home/nocjadpy678c/public_html/tryyourwork.com/docladder/app/Controllers/RecruiterSimpleSearch.php(391): CodeIgniter\Debug\Exceptions->errorHandler(8, 'Undefined varia...', '/home/nocjadpy6...', 391, Array)
#1 /home/nocjadpy678c/public_html/tryyourwork.com/docladder/vendor/codeigniter4/framework/system/CodeIgniter.php(824): App\Controllers\RecruiterSimpleSearch->savesearchform('$i')
#2 /home/nocjadpy678c/public_html/tryyourwork.com/docladder/vendor/codeigniter4/framework/system/CodeIgniter.php(410): CodeIgniter\CodeIgniter->runController(Object(App\Controllers\RecruiterSimpleSearch))
#3 /home/nocjadpy678c/public_html/tryyourwork.com/docladder/vendor/codeigniter4/framework/system/CodeIgniter.php(318): CodeIgniter\CodeIgniter->handleRequest(NULL, Object(Config\Cache), false)
#4 /home/nocjadpy678c/public_html/tryyourwork.com/docladder/index.php(37): CodeIgniter\CodeIgniter->run()
#5 {main}
CRITICAL - 2022-09-22 02:58:29 --> Undefined variable: build
#0 /home/nocjadpy678c/public_html/tryyourwork.com/docladder/app/Controllers/RecruiterSimpleSearch.php(391): CodeIgniter\Debug\Exceptions->errorHandler(8, 'Undefined varia...', '/home/nocjadpy6...', 391, Array)
#1 /home/nocjadpy678c/public_html/tryyourwork.com/docladder/vendor/codeigniter4/framework/system/CodeIgniter.php(824): App\Controllers\RecruiterSimpleSearch->savesearchform('$i', '$i')
#2 /home/nocjadpy678c/public_html/tryyourwork.com/docladder/vendor/codeigniter4/framework/system/CodeIgniter.php(410): CodeIgniter\CodeIgniter->runController(Object(App\Controllers\RecruiterSimpleSearch))
#3 /home/nocjadpy678c/public_html/tryyourwork.com/docladder/vendor/codeigniter4/framework/system/CodeIgniter.php(318): CodeIgniter\CodeIgniter->handleRequest(NULL, Object(Config\Cache), false)
#4 /home/nocjadpy678c/public_html/tryyourwork.com/docladder/index.php(37): CodeIgniter\CodeIgniter->run()
#5 {main}
CRITICAL - 2022-09-22 02:59:05 --> Undefined variable: build
#0 /home/nocjadpy678c/public_html/tryyourwork.com/docladder/app/Controllers/RecruiterSimpleSearch.php(391): CodeIgniter\Debug\Exceptions->errorHandler(8, 'Undefined varia...', '/home/nocjadpy6...', 391, Array)
#1 /home/nocjadpy678c/public_html/tryyourwork.com/docladder/vendor/codeigniter4/framework/system/CodeIgniter.php(824): App\Controllers\RecruiterSimpleSearch->savesearchform('$i')
#2 /home/nocjadpy678c/public_html/tryyourwork.com/docladder/vendor/codeigniter4/framework/system/CodeIgniter.php(410): CodeIgniter\CodeIgniter->runController(Object(App\Controllers\RecruiterSimpleSearch))
#3 /home/nocjadpy678c/public_html/tryyourwork.com/docladder/vendor/codeigniter4/framework/system/CodeIgniter.php(318): CodeIgniter\CodeIgniter->handleRequest(NULL, Object(Config\Cache), false)
#4 /home/nocjadpy678c/public_html/tryyourwork.com/docladder/index.php(37): CodeIgniter\CodeIgniter->run()
#5 {main}
CRITICAL - 2022-09-22 03:00:02 --> Undefined variable: build
#0 /home/nocjadpy678c/public_html/tryyourwork.com/docladder/app/Controllers/RecruiterSimpleSearch.php(391): CodeIgniter\Debug\Exceptions->errorHandler(8, 'Undefined varia...', '/home/nocjadpy6...', 391, Array)
#1 /home/nocjadpy678c/public_html/tryyourwork.com/docladder/vendor/codeigniter4/framework/system/CodeIgniter.php(824): App\Controllers\RecruiterSimpleSearch->savesearchform('$i')
#2 /home/nocjadpy678c/public_html/tryyourwork.com/docladder/vendor/codeigniter4/framework/system/CodeIgniter.php(410): CodeIgniter\CodeIgniter->runController(Object(App\Controllers\RecruiterSimpleSearch))
#3 /home/nocjadpy678c/public_html/tryyourwork.com/docladder/vendor/codeigniter4/framework/system/CodeIgniter.php(318): CodeIgniter\CodeIgniter->handleRequest(NULL, Object(Config\Cache), false)
#4 /home/nocjadpy678c/public_html/tryyourwork.com/docladder/index.php(37): CodeIgniter\CodeIgniter->run()
#5 {main}
CRITICAL - 2022-09-22 03:01:09 --> Array to string conversion
#0 /home/nocjadpy678c/public_html/tryyourwork.com/docladder/app/Controllers/RecruiterSimpleSearch.php(458): CodeIgniter\Debug\Exceptions->errorHandler(8, 'Array to string...', '/home/nocjadpy6...', 458, Array)
#1 /home/nocjadpy678c/public_html/tryyourwork.com/docladder/vendor/codeigniter4/framework/system/CodeIgniter.php(824): App\Controllers\RecruiterSimpleSearch->savesearchform('$i')
#2 /home/nocjadpy678c/public_html/tryyourwork.com/docladder/vendor/codeigniter4/framework/system/CodeIgniter.php(410): CodeIgniter\CodeIgniter->runController(Object(App\Controllers\RecruiterSimpleSearch))
#3 /home/nocjadpy678c/public_html/tryyourwork.com/docladder/vendor/codeigniter4/framework/system/CodeIgniter.php(318): CodeIgniter\CodeIgniter->handleRequest(NULL, Object(Config\Cache), false)
#4 /home/nocjadpy678c/public_html/tryyourwork.com/docladder/index.php(37): CodeIgniter\CodeIgniter->run()
#5 {main}
CRITICAL - 2022-09-22 03:01:32 --> Undefined variable: query_arr_1
#0 /home/nocjadpy678c/public_html/tryyourwork.com/docladder/app/Controllers/RecruiterSimpleSearch.php(460): CodeIgniter\Debug\Exceptions->errorHandler(8, 'Undefined varia...', '/home/nocjadpy6...', 460, Array)
#1 /home/nocjadpy678c/public_html/tryyourwork.com/docladder/vendor/codeigniter4/framework/system/CodeIgniter.php(824): App\Controllers\RecruiterSimpleSearch->savesearchform('$i')
#2 /home/nocjadpy678c/public_html/tryyourwork.com/docladder/vendor/codeigniter4/framework/system/CodeIgniter.php(410): CodeIgniter\CodeIgniter->runController(Object(App\Controllers\RecruiterSimpleSearch))
#3 /home/nocjadpy678c/public_html/tryyourwork.com/docladder/vendor/codeigniter4/framework/system/CodeIgniter.php(318): CodeIgniter\CodeIgniter->handleRequest(NULL, Object(Config\Cache), false)
#4 /home/nocjadpy678c/public_html/tryyourwork.com/docladder/index.php(37): CodeIgniter\CodeIgniter->run()
#5 {main}
CRITICAL - 2022-09-22 03:02:12 --> Undefined variable: query_arr_1
#0 /home/nocjadpy678c/public_html/tryyourwork.com/docladder/app/Controllers/RecruiterSimpleSearch.php(460): CodeIgniter\Debug\Exceptions->errorHandler(8, 'Undefined varia...', '/home/nocjadpy6...', 460, Array)
#1 /home/nocjadpy678c/public_html/tryyourwork.com/docladder/vendor/codeigniter4/framework/system/CodeIgniter.php(824): App\Controllers\RecruiterSimpleSearch->savesearchform('$i')
#2 /home/nocjadpy678c/public_html/tryyourwork.com/docladder/vendor/codeigniter4/framework/system/CodeIgniter.php(410): CodeIgniter\CodeIgniter->runController(Object(App\Controllers\RecruiterSimpleSearch))
#3 /home/nocjadpy678c/public_html/tryyourwork.com/docladder/vendor/codeigniter4/framework/system/CodeIgniter.php(318): CodeIgniter\CodeIgniter->handleRequest(NULL, Object(Config\Cache), false)
#4 /home/nocjadpy678c/public_html/tryyourwork.com/docladder/index.php(37): CodeIgniter\CodeIgniter->run()
#5 {main}
CRITICAL - 2022-09-22 03:02:51 --> Undefined variable: build
#0 /home/nocjadpy678c/public_html/tryyourwork.com/docladder/app/Controllers/RecruiterSimpleSearch.php(391): CodeIgniter\Debug\Exceptions->errorHandler(8, 'Undefined varia...', '/home/nocjadpy6...', 391, Array)
#1 /home/nocjadpy678c/public_html/tryyourwork.com/docladder/vendor/codeigniter4/framework/system/CodeIgniter.php(824): App\Controllers\RecruiterSimpleSearch->savesearchform('$i')
#2 /home/nocjadpy678c/public_html/tryyourwork.com/docladder/vendor/codeigniter4/framework/system/CodeIgniter.php(410): CodeIgniter\CodeIgniter->runController(Object(App\Controllers\RecruiterSimpleSearch))
#3 /home/nocjadpy678c/public_html/tryyourwork.com/docladder/vendor/codeigniter4/framework/system/CodeIgniter.php(318): CodeIgniter\CodeIgniter->handleRequest(NULL, Object(Config\Cache), false)
#4 /home/nocjadpy678c/public_html/tryyourwork.com/docladder/index.php(37): CodeIgniter\CodeIgniter->run()
#5 {main}
CRITICAL - 2022-09-22 04:03:09 --> Call to undefined function App\Controllers\expload()
#0 /home/nocjadpy678c/public_html/tryyourwork.com/docladder/vendor/codeigniter4/framework/system/CodeIgniter.php(824): App\Controllers\RecruiterSimpleSearch->savesearchform('$i')
#1 /home/nocjadpy678c/public_html/tryyourwork.com/docladder/vendor/codeigniter4/framework/system/CodeIgniter.php(410): CodeIgniter\CodeIgniter->runController(Object(App\Controllers\RecruiterSimpleSearch))
#2 /home/nocjadpy678c/public_html/tryyourwork.com/docladder/vendor/codeigniter4/framework/system/CodeIgniter.php(318): CodeIgniter\CodeIgniter->handleRequest(NULL, Object(Config\Cache), false)
#3 /home/nocjadpy678c/public_html/tryyourwork.com/docladder/index.php(37): CodeIgniter\CodeIgniter->run()
#4 {main}
CRITICAL - 2022-09-22 04:03:32 --> Call to undefined function App\Controllers\expload()
#0 /home/nocjadpy678c/public_html/tryyourwork.com/docladder/vendor/codeigniter4/framework/system/CodeIgniter.php(824): App\Controllers\RecruiterSimpleSearch->savesearchform('$i')
#1 /home/nocjadpy678c/public_html/tryyourwork.com/docladder/vendor/codeigniter4/framework/system/CodeIgniter.php(410): CodeIgniter\CodeIgniter->runController(Object(App\Controllers\RecruiterSimpleSearch))
#2 /home/nocjadpy678c/public_html/tryyourwork.com/docladder/vendor/codeigniter4/framework/system/CodeIgniter.php(318): CodeIgniter\CodeIgniter->handleRequest(NULL, Object(Config\Cache), false)
#3 /home/nocjadpy678c/public_html/tryyourwork.com/docladder/index.php(37): CodeIgniter\CodeIgniter->run()
#4 {main}
CRITICAL - 2022-09-22 05:37:06 --> Undefined variable: buid
#0 /home/nocjadpy678c/public_html/tryyourwork.com/docladder/app/Controllers/RecruiterSimpleSearch.php(664): CodeIgniter\Debug\Exceptions->errorHandler(8, 'Undefined varia...', '/home/nocjadpy6...', 664, Array)
#1 /home/nocjadpy678c/public_html/tryyourwork.com/docladder/vendor/codeigniter4/framework/system/CodeIgniter.php(824): App\Controllers\RecruiterSimpleSearch->email()
#2 /home/nocjadpy678c/public_html/tryyourwork.com/docladder/vendor/codeigniter4/framework/system/CodeIgniter.php(410): CodeIgniter\CodeIgniter->runController(Object(App\Controllers\RecruiterSimpleSearch))
#3 /home/nocjadpy678c/public_html/tryyourwork.com/docladder/vendor/codeigniter4/framework/system/CodeIgniter.php(318): CodeIgniter\CodeIgniter->handleRequest(NULL, Object(Config\Cache), false)
#4 /home/nocjadpy678c/public_html/tryyourwork.com/docladder/index.php(37): CodeIgniter\CodeIgniter->run()
#5 {main}
CRITICAL - 2022-09-22 05:37:07 --> Undefined variable: buid
#0 /home/nocjadpy678c/public_html/tryyourwork.com/docladder/app/Controllers/RecruiterSimpleSearch.php(664): CodeIgniter\Debug\Exceptions->errorHandler(8, 'Undefined varia...', '/home/nocjadpy6...', 664, Array)
#1 /home/nocjadpy678c/public_html/tryyourwork.com/docladder/vendor/codeigniter4/framework/system/CodeIgniter.php(824): App\Controllers\RecruiterSimpleSearch->email()
#2 /home/nocjadpy678c/public_html/tryyourwork.com/docladder/vendor/codeigniter4/framework/system/CodeIgniter.php(410): CodeIgniter\CodeIgniter->runController(Object(App\Controllers\RecruiterSimpleSearch))
#3 /home/nocjadpy678c/public_html/tryyourwork.com/docladder/vendor/codeigniter4/framework/system/CodeIgniter.php(318): CodeIgniter\CodeIgniter->handleRequest(NULL, Object(Config\Cache), false)
#4 /home/nocjadpy678c/public_html/tryyourwork.com/docladder/index.php(37): CodeIgniter\CodeIgniter->run()
#5 {main}
CRITICAL - 2022-09-22 05:37:15 --> Undefined variable: buid
#0 /home/nocjadpy678c/public_html/tryyourwork.com/docladder/app/Controllers/RecruiterSimpleSearch.php(664): CodeIgniter\Debug\Exceptions->errorHandler(8, 'Undefined varia...', '/home/nocjadpy6...', 664, Array)
#1 /home/nocjadpy678c/public_html/tryyourwork.com/docladder/vendor/codeigniter4/framework/system/CodeIgniter.php(824): App\Controllers\RecruiterSimpleSearch->email()
#2 /home/nocjadpy678c/public_html/tryyourwork.com/docladder/vendor/codeigniter4/framework/system/CodeIgniter.php(410): CodeIgniter\CodeIgniter->runController(Object(App\Controllers\RecruiterSimpleSearch))
#3 /home/nocjadpy678c/public_html/tryyourwork.com/docladder/vendor/codeigniter4/framework/system/CodeIgniter.php(318): CodeIgniter\CodeIgniter->handleRequest(NULL, Object(Config\Cache), false)
#4 /home/nocjadpy678c/public_html/tryyourwork.com/docladder/index.php(37): CodeIgniter\CodeIgniter->run()
#5 {main}
CRITICAL - 2022-09-22 06:32:20 --> A non-numeric value encountered
#0 /home/nocjadpy678c/public_html/tryyourwork.com/docladder/app/Controllers/RecruiterDashboard.php(83): CodeIgniter\Debug\Exceptions->errorHandler(2, 'A non-numeric v...', '/home/nocjadpy6...', 83, Array)
#1 /home/nocjadpy678c/public_html/tryyourwork.com/docladder/vendor/codeigniter4/framework/system/CodeIgniter.php(824): App\Controllers\RecruiterDashboard->index()
#2 /home/nocjadpy678c/public_html/tryyourwork.com/docladder/vendor/codeigniter4/framework/system/CodeIgniter.php(410): CodeIgniter\CodeIgniter->runController(Object(App\Controllers\RecruiterDashboard))
#3 /home/nocjadpy678c/public_html/tryyourwork.com/docladder/vendor/codeigniter4/framework/system/CodeIgniter.php(318): CodeIgniter\CodeIgniter->handleRequest(NULL, Object(Config\Cache), false)
#4 /home/nocjadpy678c/public_html/tryyourwork.com/docladder/index.php(37): CodeIgniter\CodeIgniter->run()
#5 {main}
