CRITICAL - 2022-11-12 00:13:57 --> in_array() expects parameter 2 to be array, string given
#0 [internal function]: CodeIgniter\Debug\Exceptions->errorHandler(2, 'in_array() expe...', '/home/nocjadpy6...', 358, Array)
#1 /home/nocjadpy678c/public_html/tryyourwork.com/docladder/app/Controllers/JobseekerRegister.php(358): in_array(2, '1')
#2 /home/nocjadpy678c/public_html/tryyourwork.com/docladder/vendor/codeigniter4/framework/system/CodeIgniter.php(824): App\Controllers\JobseekerRegister->Registerjobseeker()
#3 /home/nocjadpy678c/public_html/tryyourwork.com/docladder/vendor/codeigniter4/framework/system/CodeIgniter.php(410): CodeIgniter\CodeIgniter->runController(Object(App\Controllers\JobseekerRegister))
#4 /home/nocjadpy678c/public_html/tryyourwork.com/docladder/vendor/codeigniter4/framework/system/CodeIgniter.php(318): CodeIgniter\CodeIgniter->handleRequest(NULL, Object(Config\Cache), false)
#5 /home/nocjadpy678c/public_html/tryyourwork.com/docladder/index.php(37): CodeIgniter\CodeIgniter->run()
#6 {main}
CRITICAL - 2022-11-12 00:18:15 --> in_array() expects parameter 2 to be array, string given
#0 [internal function]: CodeIgniter\Debug\Exceptions->errorHandler(2, 'in_array() expe...', '/home/nocjadpy6...', 455, Array)
#1 /home/nocjadpy678c/public_html/tryyourwork.com/docladder/app/Controllers/JobseekerRegister.php(455): in_array(1, '1')
#2 /home/nocjadpy678c/public_html/tryyourwork.com/docladder/vendor/codeigniter4/framework/system/CodeIgniter.php(824): App\Controllers\JobseekerRegister->Registerjobseeker()
#3 /home/nocjadpy678c/public_html/tryyourwork.com/docladder/vendor/codeigniter4/framework/system/CodeIgniter.php(410): CodeIgniter\CodeIgniter->runController(Object(App\Controllers\JobseekerRegister))
#4 /home/nocjadpy678c/public_html/tryyourwork.com/docladder/vendor/codeigniter4/framework/system/CodeIgniter.php(318): CodeIgniter\CodeIgniter->handleRequest(NULL, Object(Config\Cache), false)
#5 /home/nocjadpy678c/public_html/tryyourwork.com/docladder/index.php(37): CodeIgniter\CodeIgniter->run()
#6 {main}
CRITICAL - 2022-11-12 00:19:57 --> in_array() expects parameter 2 to be array, string given
#0 [internal function]: CodeIgniter\Debug\Exceptions->errorHandler(2, 'in_array() expe...', '/home/nocjadpy6...', 455, Array)
#1 /home/nocjadpy678c/public_html/tryyourwork.com/docladder/app/Controllers/JobseekerRegister.php(455): in_array(2, '1')
#2 /home/nocjadpy678c/public_html/tryyourwork.com/docladder/vendor/codeigniter4/framework/system/CodeIgniter.php(824): App\Controllers\JobseekerRegister->Registerjobseeker()
#3 /home/nocjadpy678c/public_html/tryyourwork.com/docladder/vendor/codeigniter4/framework/system/CodeIgniter.php(410): CodeIgniter\CodeIgniter->runController(Object(App\Controllers\JobseekerRegister))
#4 /home/nocjadpy678c/public_html/tryyourwork.com/docladder/vendor/codeigniter4/framework/system/CodeIgniter.php(318): CodeIgniter\CodeIgniter->handleRequest(NULL, Object(Config\Cache), false)
#5 /home/nocjadpy678c/public_html/tryyourwork.com/docladder/index.php(37): CodeIgniter\CodeIgniter->run()
#6 {main}
CRITICAL - 2022-11-12 01:14:30 --> syntax error, unexpected '>'
#0 /home/nocjadpy678c/public_html/tryyourwork.com/docladder/vendor/codeigniter4/framework/system/View/View.php(217): CodeIgniter\View\View->CodeIgniter\View\{closure}()
#1 /home/nocjadpy678c/public_html/tryyourwork.com/docladder/vendor/codeigniter4/framework/system/Common.php(1097): CodeIgniter\View\View->render('job-seeker-prof...', Array, true)
#2 /home/nocjadpy678c/public_html/tryyourwork.com/docladder/app/Controllers/JobseekerProfile.php(134): view('job-seeker-prof...', Array)
#3 /home/nocjadpy678c/public_html/tryyourwork.com/docladder/vendor/codeigniter4/framework/system/CodeIgniter.php(824): App\Controllers\JobseekerProfile->index()
#4 /home/nocjadpy678c/public_html/tryyourwork.com/docladder/vendor/codeigniter4/framework/system/CodeIgniter.php(410): CodeIgniter\CodeIgniter->runController(Object(App\Controllers\JobseekerProfile))
#5 /home/nocjadpy678c/public_html/tryyourwork.com/docladder/vendor/codeigniter4/framework/system/CodeIgniter.php(318): CodeIgniter\CodeIgniter->handleRequest(NULL, Object(Config\Cache), false)
#6 /home/nocjadpy678c/public_html/tryyourwork.com/docladder/index.php(37): CodeIgniter\CodeIgniter->run()
#7 {main}
CRITICAL - 2022-11-12 01:35:05 --> Call to undefined method CodeIgniter\Database\MySQLi\Builder::getResultArray()
#0 /home/nocjadpy678c/public_html/tryyourwork.com/docladder/vendor/codeigniter4/framework/system/CodeIgniter.php(824): App\Controllers\JobseekerProfile->index()
#1 /home/nocjadpy678c/public_html/tryyourwork.com/docladder/vendor/codeigniter4/framework/system/CodeIgniter.php(410): CodeIgniter\CodeIgniter->runController(Object(App\Controllers\JobseekerProfile))
#2 /home/nocjadpy678c/public_html/tryyourwork.com/docladder/vendor/codeigniter4/framework/system/CodeIgniter.php(318): CodeIgniter\CodeIgniter->handleRequest(NULL, Object(Config\Cache), false)
#3 /home/nocjadpy678c/public_html/tryyourwork.com/docladder/index.php(37): CodeIgniter\CodeIgniter->run()
#4 {main}
CRITICAL - 2022-11-12 01:55:40 --> Cannot use [] for reading
#0 [internal function]: CodeIgniter\Debug\Exceptions->shutdownHandler()
#1 {main}
CRITICAL - 2022-11-12 01:56:37 --> Cannot use [] for reading
#0 [internal function]: CodeIgniter\Debug\Exceptions->shutdownHandler()
#1 {main}
CRITICAL - 2022-11-12 02:02:59 --> Undefined variable: location
#0 /home/nocjadpy678c/public_html/tryyourwork.com/docladder/app/Views/job-seeker.php(143): CodeIgniter\Debug\Exceptions->errorHandler(8, 'Undefined varia...', '/home/nocjadpy6...', 143, Array)
#1 /home/nocjadpy678c/public_html/tryyourwork.com/docladder/vendor/codeigniter4/framework/system/View/View.php(214): include('/home/nocjadpy6...')
#2 /home/nocjadpy678c/public_html/tryyourwork.com/docladder/vendor/codeigniter4/framework/system/View/View.php(217): CodeIgniter\View\View->CodeIgniter\View\{closure}()
#3 /home/nocjadpy678c/public_html/tryyourwork.com/docladder/vendor/codeigniter4/framework/system/Common.php(1097): CodeIgniter\View\View->render('job-seeker', Array, true)
#4 /home/nocjadpy678c/public_html/tryyourwork.com/docladder/app/Controllers/JobseekerRegister.php(179): view('job-seeker', Array)
#5 /home/nocjadpy678c/public_html/tryyourwork.com/docladder/vendor/codeigniter4/framework/system/CodeIgniter.php(824): App\Controllers\JobseekerRegister->index()
#6 /home/nocjadpy678c/public_html/tryyourwork.com/docladder/vendor/codeigniter4/framework/system/CodeIgniter.php(410): CodeIgniter\CodeIgniter->runController(Object(App\Controllers\JobseekerRegister))
#7 /home/nocjadpy678c/public_html/tryyourwork.com/docladder/vendor/codeigniter4/framework/system/CodeIgniter.php(318): CodeIgniter\CodeIgniter->handleRequest(NULL, Object(Config\Cache), false)
#8 /home/nocjadpy678c/public_html/tryyourwork.com/docladder/index.php(37): CodeIgniter\CodeIgniter->run()
#9 {main}
CRITICAL - 2022-11-12 02:05:05 --> Array to string conversion
#0 /home/nocjadpy678c/public_html/tryyourwork.com/docladder/app/Views/job-seeker-profile.php(200): CodeIgniter\Debug\Exceptions->errorHandler(8, 'Array to string...', '/home/nocjadpy6...', 200, Array)
#1 /home/nocjadpy678c/public_html/tryyourwork.com/docladder/vendor/codeigniter4/framework/system/View/View.php(214): include('/home/nocjadpy6...')
#2 /home/nocjadpy678c/public_html/tryyourwork.com/docladder/vendor/codeigniter4/framework/system/View/View.php(217): CodeIgniter\View\View->CodeIgniter\View\{closure}()
#3 /home/nocjadpy678c/public_html/tryyourwork.com/docladder/vendor/codeigniter4/framework/system/Common.php(1097): CodeIgniter\View\View->render('job-seeker-prof...', Array, true)
#4 /home/nocjadpy678c/public_html/tryyourwork.com/docladder/app/Controllers/JobseekerProfile.php(174): view('job-seeker-prof...', Array)
#5 /home/nocjadpy678c/public_html/tryyourwork.com/docladder/vendor/codeigniter4/framework/system/CodeIgniter.php(824): App\Controllers\JobseekerProfile->index()
#6 /home/nocjadpy678c/public_html/tryyourwork.com/docladder/vendor/codeigniter4/framework/system/CodeIgniter.php(410): CodeIgniter\CodeIgniter->runController(Object(App\Controllers\JobseekerProfile))
#7 /home/nocjadpy678c/public_html/tryyourwork.com/docladder/vendor/codeigniter4/framework/system/CodeIgniter.php(318): CodeIgniter\CodeIgniter->handleRequest(NULL, Object(Config\Cache), false)
#8 /home/nocjadpy678c/public_html/tryyourwork.com/docladder/index.php(37): CodeIgniter\CodeIgniter->run()
#9 {main}
CRITICAL - 2022-11-12 02:07:31 --> Illegal string offset 'current_data_state'
#0 /home/nocjadpy678c/public_html/tryyourwork.com/docladder/app/Controllers/JobseekerProfile.php(149): CodeIgniter\Debug\Exceptions->errorHandler(2, 'Illegal string ...', '/home/nocjadpy6...', 149, Array)
#1 /home/nocjadpy678c/public_html/tryyourwork.com/docladder/vendor/codeigniter4/framework/system/CodeIgniter.php(824): App\Controllers\JobseekerProfile->index()
#2 /home/nocjadpy678c/public_html/tryyourwork.com/docladder/vendor/codeigniter4/framework/system/CodeIgniter.php(410): CodeIgniter\CodeIgniter->runController(Object(App\Controllers\JobseekerProfile))
#3 /home/nocjadpy678c/public_html/tryyourwork.com/docladder/vendor/codeigniter4/framework/system/CodeIgniter.php(318): CodeIgniter\CodeIgniter->handleRequest(NULL, Object(Config\Cache), false)
#4 /home/nocjadpy678c/public_html/tryyourwork.com/docladder/index.php(37): CodeIgniter\CodeIgniter->run()
#5 {main}
CRITICAL - 2022-11-12 02:07:54 --> Undefined index: $locationp
#0 /home/nocjadpy678c/public_html/tryyourwork.com/docladder/app/Controllers/JobseekerProfile.php(149): CodeIgniter\Debug\Exceptions->errorHandler(8, 'Undefined index...', '/home/nocjadpy6...', 149, Array)
#1 /home/nocjadpy678c/public_html/tryyourwork.com/docladder/vendor/codeigniter4/framework/system/CodeIgniter.php(824): App\Controllers\JobseekerProfile->index()
#2 /home/nocjadpy678c/public_html/tryyourwork.com/docladder/vendor/codeigniter4/framework/system/CodeIgniter.php(410): CodeIgniter\CodeIgniter->runController(Object(App\Controllers\JobseekerProfile))
#3 /home/nocjadpy678c/public_html/tryyourwork.com/docladder/vendor/codeigniter4/framework/system/CodeIgniter.php(318): CodeIgniter\CodeIgniter->handleRequest(NULL, Object(Config\Cache), false)
#4 /home/nocjadpy678c/public_html/tryyourwork.com/docladder/index.php(37): CodeIgniter\CodeIgniter->run()
#5 {main}
CRITICAL - 2022-11-12 03:04:38 --> Undefined variable: designation
#0 /home/nocjadpy678c/public_html/tryyourwork.com/docladder/app/Views/Job_Seekers_a.php(321): CodeIgniter\Debug\Exceptions->errorHandler(8, 'Undefined varia...', '/home/nocjadpy6...', 321, Array)
#1 /home/nocjadpy678c/public_html/tryyourwork.com/docladder/vendor/codeigniter4/framework/system/View/View.php(214): include('/home/nocjadpy6...')
#2 /home/nocjadpy678c/public_html/tryyourwork.com/docladder/vendor/codeigniter4/framework/system/View/View.php(217): CodeIgniter\View\View->CodeIgniter\View\{closure}()
#3 /home/nocjadpy678c/public_html/tryyourwork.com/docladder/vendor/codeigniter4/framework/system/Common.php(1097): CodeIgniter\View\View->render('Job_Seekers_a', Array, true)
#4 /home/nocjadpy678c/public_html/tryyourwork.com/docladder/app/Controllers/Home.php(382): view('Job_Seekers_a', Array)
#5 /home/nocjadpy678c/public_html/tryyourwork.com/docladder/vendor/codeigniter4/framework/system/CodeIgniter.php(824): App\Controllers\Home->indexPage()
#6 /home/nocjadpy678c/public_html/tryyourwork.com/docladder/vendor/codeigniter4/framework/system/CodeIgniter.php(410): CodeIgniter\CodeIgniter->runController(Object(App\Controllers\Home))
#7 /home/nocjadpy678c/public_html/tryyourwork.com/docladder/vendor/codeigniter4/framework/system/CodeIgniter.php(318): CodeIgniter\CodeIgniter->handleRequest(NULL, Object(Config\Cache), false)
#8 /home/nocjadpy678c/public_html/tryyourwork.com/docladder/index.php(37): CodeIgniter\CodeIgniter->run()
#9 {main}
CRITICAL - 2022-11-12 03:05:23 --> Undefined variable: designation
#0 /home/nocjadpy678c/public_html/tryyourwork.com/docladder/app/Views/Job_Seekers_a.php(321): CodeIgniter\Debug\Exceptions->errorHandler(8, 'Undefined varia...', '/home/nocjadpy6...', 321, Array)
#1 /home/nocjadpy678c/public_html/tryyourwork.com/docladder/vendor/codeigniter4/framework/system/View/View.php(214): include('/home/nocjadpy6...')
#2 /home/nocjadpy678c/public_html/tryyourwork.com/docladder/vendor/codeigniter4/framework/system/View/View.php(217): CodeIgniter\View\View->CodeIgniter\View\{closure}()
#3 /home/nocjadpy678c/public_html/tryyourwork.com/docladder/vendor/codeigniter4/framework/system/Common.php(1097): CodeIgniter\View\View->render('Job_Seekers_a', Array, true)
#4 /home/nocjadpy678c/public_html/tryyourwork.com/docladder/app/Controllers/Home.php(382): view('Job_Seekers_a', Array)
#5 /home/nocjadpy678c/public_html/tryyourwork.com/docladder/vendor/codeigniter4/framework/system/CodeIgniter.php(824): App\Controllers\Home->indexPage()
#6 /home/nocjadpy678c/public_html/tryyourwork.com/docladder/vendor/codeigniter4/framework/system/CodeIgniter.php(410): CodeIgniter\CodeIgniter->runController(Object(App\Controllers\Home))
#7 /home/nocjadpy678c/public_html/tryyourwork.com/docladder/vendor/codeigniter4/framework/system/CodeIgniter.php(318): CodeIgniter\CodeIgniter->handleRequest(NULL, Object(Config\Cache), false)
#8 /home/nocjadpy678c/public_html/tryyourwork.com/docladder/index.php(37): CodeIgniter\CodeIgniter->run()
#9 {main}
CRITICAL - 2022-11-12 03:06:29 --> Invalid file: Job_Seekers.php
#0 /home/nocjadpy678c/public_html/tryyourwork.com/docladder/vendor/codeigniter4/framework/system/View/View.php(198): CodeIgniter\Exceptions\FrameworkException::forInvalidFile('Job_Seekers.php')
#1 /home/nocjadpy678c/public_html/tryyourwork.com/docladder/vendor/codeigniter4/framework/system/Common.php(1097): CodeIgniter\View\View->render('Job_Seekers', Array, true)
#2 /home/nocjadpy678c/public_html/tryyourwork.com/docladder/app/Controllers/Home.php(475): view('Job_Seekers', Array)
#3 /home/nocjadpy678c/public_html/tryyourwork.com/docladder/vendor/codeigniter4/framework/system/CodeIgniter.php(824): App\Controllers\Home->indexPage()
#4 /home/nocjadpy678c/public_html/tryyourwork.com/docladder/vendor/codeigniter4/framework/system/CodeIgniter.php(410): CodeIgniter\CodeIgniter->runController(Object(App\Controllers\Home))
#5 /home/nocjadpy678c/public_html/tryyourwork.com/docladder/vendor/codeigniter4/framework/system/CodeIgniter.php(318): CodeIgniter\CodeIgniter->handleRequest(NULL, Object(Config\Cache), false)
#6 /home/nocjadpy678c/public_html/tryyourwork.com/docladder/index.php(37): CodeIgniter\CodeIgniter->run()
#7 {main}
CRITICAL - 2022-11-12 03:06:34 --> Invalid file: Job_Seekers.php
#0 /home/nocjadpy678c/public_html/tryyourwork.com/docladder/vendor/codeigniter4/framework/system/View/View.php(198): CodeIgniter\Exceptions\FrameworkException::forInvalidFile('Job_Seekers.php')
#1 /home/nocjadpy678c/public_html/tryyourwork.com/docladder/vendor/codeigniter4/framework/system/Common.php(1097): CodeIgniter\View\View->render('Job_Seekers', Array, true)
#2 /home/nocjadpy678c/public_html/tryyourwork.com/docladder/app/Controllers/Home.php(475): view('Job_Seekers', Array)
#3 /home/nocjadpy678c/public_html/tryyourwork.com/docladder/vendor/codeigniter4/framework/system/CodeIgniter.php(824): App\Controllers\Home->indexPage()
#4 /home/nocjadpy678c/public_html/tryyourwork.com/docladder/vendor/codeigniter4/framework/system/CodeIgniter.php(410): CodeIgniter\CodeIgniter->runController(Object(App\Controllers\Home))
#5 /home/nocjadpy678c/public_html/tryyourwork.com/docladder/vendor/codeigniter4/framework/system/CodeIgniter.php(318): CodeIgniter\CodeIgniter->handleRequest(NULL, Object(Config\Cache), false)
#6 /home/nocjadpy678c/public_html/tryyourwork.com/docladder/index.php(37): CodeIgniter\CodeIgniter->run()
#7 {main}
CRITICAL - 2022-11-12 03:07:52 --> Invalid file: Job_Seekers.php
#0 /home/nocjadpy678c/public_html/tryyourwork.com/docladder/vendor/codeigniter4/framework/system/View/View.php(198): CodeIgniter\Exceptions\FrameworkException::forInvalidFile('Job_Seekers.php')
#1 /home/nocjadpy678c/public_html/tryyourwork.com/docladder/vendor/codeigniter4/framework/system/Common.php(1097): CodeIgniter\View\View->render('Job_Seekers', Array, true)
#2 /home/nocjadpy678c/public_html/tryyourwork.com/docladder/app/Controllers/Home.php(475): view('Job_Seekers', Array)
#3 /home/nocjadpy678c/public_html/tryyourwork.com/docladder/vendor/codeigniter4/framework/system/CodeIgniter.php(824): App\Controllers\Home->indexPage()
#4 /home/nocjadpy678c/public_html/tryyourwork.com/docladder/vendor/codeigniter4/framework/system/CodeIgniter.php(410): CodeIgniter\CodeIgniter->runController(Object(App\Controllers\Home))
#5 /home/nocjadpy678c/public_html/tryyourwork.com/docladder/vendor/codeigniter4/framework/system/CodeIgniter.php(318): CodeIgniter\CodeIgniter->handleRequest(NULL, Object(Config\Cache), false)
#6 /home/nocjadpy678c/public_html/tryyourwork.com/docladder/index.php(37): CodeIgniter\CodeIgniter->run()
#7 {main}
CRITICAL - 2022-11-12 03:07:58 --> Invalid file: Job_Seekers.php
#0 /home/nocjadpy678c/public_html/tryyourwork.com/docladder/vendor/codeigniter4/framework/system/View/View.php(198): CodeIgniter\Exceptions\FrameworkException::forInvalidFile('Job_Seekers.php')
#1 /home/nocjadpy678c/public_html/tryyourwork.com/docladder/vendor/codeigniter4/framework/system/Common.php(1097): CodeIgniter\View\View->render('Job_Seekers', Array, true)
#2 /home/nocjadpy678c/public_html/tryyourwork.com/docladder/app/Controllers/Home.php(475): view('Job_Seekers', Array)
#3 /home/nocjadpy678c/public_html/tryyourwork.com/docladder/vendor/codeigniter4/framework/system/CodeIgniter.php(824): App\Controllers\Home->indexPage()
#4 /home/nocjadpy678c/public_html/tryyourwork.com/docladder/vendor/codeigniter4/framework/system/CodeIgniter.php(410): CodeIgniter\CodeIgniter->runController(Object(App\Controllers\Home))
#5 /home/nocjadpy678c/public_html/tryyourwork.com/docladder/vendor/codeigniter4/framework/system/CodeIgniter.php(318): CodeIgniter\CodeIgniter->handleRequest(NULL, Object(Config\Cache), false)
#6 /home/nocjadpy678c/public_html/tryyourwork.com/docladder/index.php(37): CodeIgniter\CodeIgniter->run()
#7 {main}
CRITICAL - 2022-11-12 03:50:07 --> unlink(/home/nocjadpy678c/public_html/tryyourwork.com/docladder/writable/debugbar/debugbar_1668246190.json): No such file or directory
#0 [internal function]: CodeIgniter\Debug\Exceptions->errorHandler(2, 'unlink(/home/no...', '/home/nocjadpy6...', 74, Array)
#1 /home/nocjadpy678c/public_html/tryyourwork.com/docladder/vendor/codeigniter4/framework/system/Debug/Toolbar/Collectors/History.php(74): unlink('/home/nocjadpy6...')
#2 /home/nocjadpy678c/public_html/tryyourwork.com/docladder/vendor/codeigniter4/framework/system/Debug/Toolbar.php(483): CodeIgniter\Debug\Toolbar\Collectors\History->setFiles(1668246603, 20)
#3 /home/nocjadpy678c/public_html/tryyourwork.com/docladder/vendor/codeigniter4/framework/system/Debug/Toolbar.php(460): CodeIgniter\Debug\Toolbar->format(Array, 'html')
#4 /home/nocjadpy678c/public_html/tryyourwork.com/docladder/app/Config/Events.php(48): CodeIgniter\Debug\Toolbar->respond()
#5 /home/nocjadpy678c/public_html/tryyourwork.com/docladder/vendor/codeigniter4/framework/system/Events/Events.php(149): CodeIgniter\Events\Events::Config\{closure}()
#6 /home/nocjadpy678c/public_html/tryyourwork.com/docladder/vendor/codeigniter4/framework/system/CodeIgniter.php(300): CodeIgniter\Events\Events::trigger('pre_system')
#7 /home/nocjadpy678c/public_html/tryyourwork.com/docladder/index.php(37): CodeIgniter\CodeIgniter->run()
#8 {main}
