ERROR - 2022-03-01 22:45:24 --> Error connecting to the database: No connection could be made because the target machine actively refused it.

CRITICAL - 2022-03-01 22:45:24 --> Unable to connect to the database.
Main connection [MySQLi]: No connection could be made because the target machine actively refused it.

#0 C:\xampp\htdocs\projects\vendor\codeigniter4\framework\system\Database\BaseConnection.php(577): CodeIgniter\Database\BaseConnection->initialize()
#1 C:\xampp\htdocs\projects\vendor\codeigniter4\framework\system\Database\BaseBuilder.php(1443): CodeIgniter\Database\BaseConnection->query('SELECT *\nFROM `...', Array, false)
#2 C:\xampp\htdocs\projects\vendor\codeigniter4\framework\system\Model.php(183): CodeIgniter\Database\BaseBuilder->get()
#3 C:\xampp\htdocs\projects\vendor\codeigniter4\framework\system\BaseModel.php(584): CodeIgniter\Model->doFindAll(0, 0)
#4 C:\xampp\htdocs\projects\app\Controllers\Home.php(17): CodeIgniter\BaseModel->findAll()
#5 C:\xampp\htdocs\projects\vendor\codeigniter4\framework\system\CodeIgniter.php(824): App\Controllers\Home->index()
#6 C:\xampp\htdocs\projects\vendor\codeigniter4\framework\system\CodeIgniter.php(410): CodeIgniter\CodeIgniter->runController(Object(App\Controllers\Home))
#7 C:\xampp\htdocs\projects\vendor\codeigniter4\framework\system\CodeIgniter.php(318): CodeIgniter\CodeIgniter->handleRequest(NULL, Object(Config\Cache), false)
#8 C:\xampp\htdocs\projects\public\index.php(37): CodeIgniter\CodeIgniter->run()
#9 C:\xampp\htdocs\projects\vendor\codeigniter4\framework\system\Commands\Server\rewrite.php(43): require_once('C:\\xampp\\htdocs...')
#10 {main}
CRITICAL - 2022-03-01 22:53:55 --> preg_match(): Delimiter must not be alphanumeric or backslash
#0 [internal function]: CodeIgniter\Debug\Exceptions->errorHandler(2, 'preg_match(): D...', 'C:\\xampp\\htdocs...', 58, Array)
#1 C:\xampp\htdocs\projects\app\Controllers\Home.php(58): preg_match('\\.?/s[A-Z]{3,30...', '\xD0\xCF\x11\xE0\xA1\xB1\x1A\xE1\x00\x00\x00\x00\x00\x00\x00...', Array)
#2 C:\xampp\htdocs\projects\vendor\codeigniter4\framework\system\CodeIgniter.php(824): App\Controllers\Home->index()
#3 C:\xampp\htdocs\projects\vendor\codeigniter4\framework\system\CodeIgniter.php(410): CodeIgniter\CodeIgniter->runController(Object(App\Controllers\Home))
#4 C:\xampp\htdocs\projects\vendor\codeigniter4\framework\system\CodeIgniter.php(318): CodeIgniter\CodeIgniter->handleRequest(NULL, Object(Config\Cache), false)
#5 C:\xampp\htdocs\projects\public\index.php(37): CodeIgniter\CodeIgniter->run()
#6 C:\xampp\htdocs\projects\vendor\codeigniter4\framework\system\Commands\Server\rewrite.php(43): require_once('C:\\xampp\\htdocs...')
#7 {main}
CRITICAL - 2022-03-01 22:54:15 --> preg_match(): Unknown modifier '['
#0 [internal function]: CodeIgniter\Debug\Exceptions->errorHandler(2, 'preg_match(): U...', 'C:\\xampp\\htdocs...', 58, Array)
#1 C:\xampp\htdocs\projects\app\Controllers\Home.php(58): preg_match('/\\.?/s[A-Z]{3,3...', '\xD0\xCF\x11\xE0\xA1\xB1\x1A\xE1\x00\x00\x00\x00\x00\x00\x00...', Array)
#2 C:\xampp\htdocs\projects\vendor\codeigniter4\framework\system\CodeIgniter.php(824): App\Controllers\Home->index()
#3 C:\xampp\htdocs\projects\vendor\codeigniter4\framework\system\CodeIgniter.php(410): CodeIgniter\CodeIgniter->runController(Object(App\Controllers\Home))
#4 C:\xampp\htdocs\projects\vendor\codeigniter4\framework\system\CodeIgniter.php(318): CodeIgniter\CodeIgniter->handleRequest(NULL, Object(Config\Cache), false)
#5 C:\xampp\htdocs\projects\public\index.php(37): CodeIgniter\CodeIgniter->run()
#6 C:\xampp\htdocs\projects\vendor\codeigniter4\framework\system\Commands\Server\rewrite.php(43): require_once('C:\\xampp\\htdocs...')
#7 {main}
