CRITICAL - 2022-02-25 00:00:04 --> preg_replace(): Compilation failed: regular expression is too large at offset 130671
#0 [internal function]: CodeIgniter\Debug\Exceptions->errorHandler(2, 'preg_replace():...', 'C:\\xampp\\htdocs...', 50, Array)
#1 C:\xampp\htdocs\projects\app\Controllers\Home.php(50): preg_replace('#\xD0\xCF\x11\xE0\xA1\xB1\x1A\xE1\\000\\0...', '', '\xD0\xCF\x11\xE0\xA1\xB1\x1A\xE1\x00\x00\x00\x00\x00\x00\x00...')
#2 C:\xampp\htdocs\projects\vendor\codeigniter4\framework\system\CodeIgniter.php(824): App\Controllers\Home->index()
#3 C:\xampp\htdocs\projects\vendor\codeigniter4\framework\system\CodeIgniter.php(410): CodeIgniter\CodeIgniter->runController(Object(App\Controllers\Home))
#4 C:\xampp\htdocs\projects\vendor\codeigniter4\framework\system\CodeIgniter.php(318): CodeIgniter\CodeIgniter->handleRequest(NULL, Object(Config\Cache), false)
#5 C:\xampp\htdocs\projects\public\index.php(37): CodeIgniter\CodeIgniter->run()
#6 C:\xampp\htdocs\projects\vendor\codeigniter4\framework\system\Commands\Server\rewrite.php(43): require_once('C:\\xampp\\htdocs...')
#7 {main}
CRITICAL - 2022-02-25 00:02:13 --> preg_replace(): Compilation failed: regular expression is too large at offset 130671
#0 [internal function]: CodeIgniter\Debug\Exceptions->errorHandler(2, 'preg_replace():...', 'C:\\xampp\\htdocs...', 50, Array)
#1 C:\xampp\htdocs\projects\app\Controllers\Home.php(50): preg_replace('#\xD0\xCF\x11\xE0\xA1\xB1\x1A\xE1\\000\\0...', '', '\xD0\xCF\x11\xE0\xA1\xB1\x1A\xE1\x00\x00\x00\x00\x00\x00\x00...')
#2 C:\xampp\htdocs\projects\vendor\codeigniter4\framework\system\CodeIgniter.php(824): App\Controllers\Home->index()
#3 C:\xampp\htdocs\projects\vendor\codeigniter4\framework\system\CodeIgniter.php(410): CodeIgniter\CodeIgniter->runController(Object(App\Controllers\Home))
#4 C:\xampp\htdocs\projects\vendor\codeigniter4\framework\system\CodeIgniter.php(318): CodeIgniter\CodeIgniter->handleRequest(NULL, Object(Config\Cache), false)
#5 C:\xampp\htdocs\projects\public\index.php(37): CodeIgniter\CodeIgniter->run()
#6 C:\xampp\htdocs\projects\vendor\codeigniter4\framework\system\Commands\Server\rewrite.php(43): require_once('C:\\xampp\\htdocs...')
#7 {main}
CRITICAL - 2022-02-25 00:13:57 --> preg_replace(): Compilation failed: regular expression is too large at offset 130671
#0 [internal function]: CodeIgniter\Debug\Exceptions->errorHandler(2, 'preg_replace():...', 'C:\\xampp\\htdocs...', 50, Array)
#1 C:\xampp\htdocs\projects\app\Controllers\Home.php(50): preg_replace('#\xD0\xCF\x11\xE0\xA1\xB1\x1A\xE1\\000\\0...', '', '\xD0\xCF\x11\xE0\xA1\xB1\x1A\xE1\x00\x00\x00\x00\x00\x00\x00...')
#2 C:\xampp\htdocs\projects\vendor\codeigniter4\framework\system\CodeIgniter.php(824): App\Controllers\Home->index()
#3 C:\xampp\htdocs\projects\vendor\codeigniter4\framework\system\CodeIgniter.php(410): CodeIgniter\CodeIgniter->runController(Object(App\Controllers\Home))
#4 C:\xampp\htdocs\projects\vendor\codeigniter4\framework\system\CodeIgniter.php(318): CodeIgniter\CodeIgniter->handleRequest(NULL, Object(Config\Cache), false)
#5 C:\xampp\htdocs\projects\public\index.php(37): CodeIgniter\CodeIgniter->run()
#6 C:\xampp\htdocs\projects\vendor\codeigniter4\framework\system\Commands\Server\rewrite.php(43): require_once('C:\\xampp\\htdocs...')
#7 {main}
CRITICAL - 2022-02-25 01:39:29 --> preg_match_all(): No ending delimiter '^' found
#0 [internal function]: CodeIgniter\Debug\Exceptions->errorHandler(2, 'preg_match_all(...', 'C:\\xampp\\htdocs...', 54, Array)
#1 C:\xampp\htdocs\projects\app\Controllers\Home.php(54): preg_match_all('^([a-zA-Z0-9]*-...', '\xD0\xCF\x11\xE0\xA1\xB1\x1A\xE1\x00\x00\x00\x00\x00\x00\x00...', NULL, 1)
#2 C:\xampp\htdocs\projects\vendor\codeigniter4\framework\system\CodeIgniter.php(824): App\Controllers\Home->index()
#3 C:\xampp\htdocs\projects\vendor\codeigniter4\framework\system\CodeIgniter.php(410): CodeIgniter\CodeIgniter->runController(Object(App\Controllers\Home))
#4 C:\xampp\htdocs\projects\vendor\codeigniter4\framework\system\CodeIgniter.php(318): CodeIgniter\CodeIgniter->handleRequest(NULL, Object(Config\Cache), false)
#5 C:\xampp\htdocs\projects\public\index.php(37): CodeIgniter\CodeIgniter->run()
#6 C:\xampp\htdocs\projects\vendor\codeigniter4\framework\system\Commands\Server\rewrite.php(43): require_once('C:\\xampp\\htdocs...')
#7 {main}
CRITICAL - 2022-02-25 01:39:48 --> preg_match_all(): No ending delimiter '/' found
#0 [internal function]: CodeIgniter\Debug\Exceptions->errorHandler(2, 'preg_match_all(...', 'C:\\xampp\\htdocs...', 54, Array)
#1 C:\xampp\htdocs\projects\app\Controllers\Home.php(54): preg_match_all('/^([a-zA-Z0-9]*...', '\xD0\xCF\x11\xE0\xA1\xB1\x1A\xE1\x00\x00\x00\x00\x00\x00\x00...', NULL, 1)
#2 C:\xampp\htdocs\projects\vendor\codeigniter4\framework\system\CodeIgniter.php(824): App\Controllers\Home->index()
#3 C:\xampp\htdocs\projects\vendor\codeigniter4\framework\system\CodeIgniter.php(410): CodeIgniter\CodeIgniter->runController(Object(App\Controllers\Home))
#4 C:\xampp\htdocs\projects\vendor\codeigniter4\framework\system\CodeIgniter.php(318): CodeIgniter\CodeIgniter->handleRequest(NULL, Object(Config\Cache), false)
#5 C:\xampp\htdocs\projects\public\index.php(37): CodeIgniter\CodeIgniter->run()
#6 C:\xampp\htdocs\projects\vendor\codeigniter4\framework\system\Commands\Server\rewrite.php(43): require_once('C:\\xampp\\htdocs...')
#7 {main}
CRITICAL - 2022-02-25 01:39:56 --> preg_match_all(): Unknown modifier '+'
#0 [internal function]: CodeIgniter\Debug\Exceptions->errorHandler(2, 'preg_match_all(...', 'C:\\xampp\\htdocs...', 54, Array)
#1 C:\xampp\htdocs\projects\app\Controllers\Home.php(54): preg_match_all('([a-zA-Z0-9]*-[...', '\xD0\xCF\x11\xE0\xA1\xB1\x1A\xE1\x00\x00\x00\x00\x00\x00\x00...', NULL, 1)
#2 C:\xampp\htdocs\projects\vendor\codeigniter4\framework\system\CodeIgniter.php(824): App\Controllers\Home->index()
#3 C:\xampp\htdocs\projects\vendor\codeigniter4\framework\system\CodeIgniter.php(410): CodeIgniter\CodeIgniter->runController(Object(App\Controllers\Home))
#4 C:\xampp\htdocs\projects\vendor\codeigniter4\framework\system\CodeIgniter.php(318): CodeIgniter\CodeIgniter->handleRequest(NULL, Object(Config\Cache), false)
#5 C:\xampp\htdocs\projects\public\index.php(37): CodeIgniter\CodeIgniter->run()
#6 C:\xampp\htdocs\projects\vendor\codeigniter4\framework\system\Commands\Server\rewrite.php(43): require_once('C:\\xampp\\htdocs...')
#7 {main}
CRITICAL - 2022-02-25 01:39:58 --> preg_match_all(): Unknown modifier '+'
#0 [internal function]: CodeIgniter\Debug\Exceptions->errorHandler(2, 'preg_match_all(...', 'C:\\xampp\\htdocs...', 54, Array)
#1 C:\xampp\htdocs\projects\app\Controllers\Home.php(54): preg_match_all('([a-zA-Z0-9]*-[...', '\xD0\xCF\x11\xE0\xA1\xB1\x1A\xE1\x00\x00\x00\x00\x00\x00\x00...', NULL, 1)
#2 C:\xampp\htdocs\projects\vendor\codeigniter4\framework\system\CodeIgniter.php(824): App\Controllers\Home->index()
#3 C:\xampp\htdocs\projects\vendor\codeigniter4\framework\system\CodeIgniter.php(410): CodeIgniter\CodeIgniter->runController(Object(App\Controllers\Home))
#4 C:\xampp\htdocs\projects\vendor\codeigniter4\framework\system\CodeIgniter.php(318): CodeIgniter\CodeIgniter->handleRequest(NULL, Object(Config\Cache), false)
#5 C:\xampp\htdocs\projects\public\index.php(37): CodeIgniter\CodeIgniter->run()
#6 C:\xampp\htdocs\projects\vendor\codeigniter4\framework\system\Commands\Server\rewrite.php(43): require_once('C:\\xampp\\htdocs...')
#7 {main}
CRITICAL - 2022-02-25 01:40:05 --> preg_match_all(): Unknown modifier '$'
#0 [internal function]: CodeIgniter\Debug\Exceptions->errorHandler(2, 'preg_match_all(...', 'C:\\xampp\\htdocs...', 54, Array)
#1 C:\xampp\htdocs\projects\app\Controllers\Home.php(54): preg_match_all('([a-zA-Z0-9]*-[...', '\xD0\xCF\x11\xE0\xA1\xB1\x1A\xE1\x00\x00\x00\x00\x00\x00\x00...', NULL, 1)
#2 C:\xampp\htdocs\projects\vendor\codeigniter4\framework\system\CodeIgniter.php(824): App\Controllers\Home->index()
#3 C:\xampp\htdocs\projects\vendor\codeigniter4\framework\system\CodeIgniter.php(410): CodeIgniter\CodeIgniter->runController(Object(App\Controllers\Home))
#4 C:\xampp\htdocs\projects\vendor\codeigniter4\framework\system\CodeIgniter.php(318): CodeIgniter\CodeIgniter->handleRequest(NULL, Object(Config\Cache), false)
#5 C:\xampp\htdocs\projects\public\index.php(37): CodeIgniter\CodeIgniter->run()
#6 C:\xampp\htdocs\projects\vendor\codeigniter4\framework\system\Commands\Server\rewrite.php(43): require_once('C:\\xampp\\htdocs...')
#7 {main}
CRITICAL - 2022-02-25 01:40:13 --> explode() expects parameter 2 to be string, array given
#0 [internal function]: CodeIgniter\Debug\Exceptions->errorHandler(2, 'explode() expec...', 'C:\\xampp\\htdocs...', 55, Array)
#1 C:\xampp\htdocs\projects\app\Controllers\Home.php(55): explode(' ', Array)
#2 C:\xampp\htdocs\projects\vendor\codeigniter4\framework\system\CodeIgniter.php(824): App\Controllers\Home->index()
#3 C:\xampp\htdocs\projects\vendor\codeigniter4\framework\system\CodeIgniter.php(410): CodeIgniter\CodeIgniter->runController(Object(App\Controllers\Home))
#4 C:\xampp\htdocs\projects\vendor\codeigniter4\framework\system\CodeIgniter.php(318): CodeIgniter\CodeIgniter->handleRequest(NULL, Object(Config\Cache), false)
#5 C:\xampp\htdocs\projects\public\index.php(37): CodeIgniter\CodeIgniter->run()
#6 C:\xampp\htdocs\projects\vendor\codeigniter4\framework\system\Commands\Server\rewrite.php(43): require_once('C:\\xampp\\htdocs...')
#7 {main}
CRITICAL - 2022-02-25 01:43:09 --> explode() expects parameter 2 to be string, array given
#0 [internal function]: CodeIgniter\Debug\Exceptions->errorHandler(2, 'explode() expec...', 'C:\\xampp\\htdocs...', 55, Array)
#1 C:\xampp\htdocs\projects\app\Controllers\Home.php(55): explode(' ', Array)
#2 C:\xampp\htdocs\projects\vendor\codeigniter4\framework\system\CodeIgniter.php(824): App\Controllers\Home->index()
#3 C:\xampp\htdocs\projects\vendor\codeigniter4\framework\system\CodeIgniter.php(410): CodeIgniter\CodeIgniter->runController(Object(App\Controllers\Home))
#4 C:\xampp\htdocs\projects\vendor\codeigniter4\framework\system\CodeIgniter.php(318): CodeIgniter\CodeIgniter->handleRequest(NULL, Object(Config\Cache), false)
#5 C:\xampp\htdocs\projects\public\index.php(37): CodeIgniter\CodeIgniter->run()
#6 C:\xampp\htdocs\projects\vendor\codeigniter4\framework\system\Commands\Server\rewrite.php(43): require_once('C:\\xampp\\htdocs...')
#7 {main}
CRITICAL - 2022-02-25 01:47:41 --> preg_match_all(): No ending delimiter '^' found
#0 [internal function]: CodeIgniter\Debug\Exceptions->errorHandler(2, 'preg_match_all(...', 'C:\\xampp\\htdocs...', 56, Array)
#1 C:\xampp\htdocs\projects\app\Controllers\Home.php(56): preg_match_all('^[0-9]+(-[0-9]+...', '\xD0\xCF\x11\xE0\xA1\xB1\x1A\xE1\x00\x00\x00\x00\x00\x00\x00...', NULL, 1)
#2 C:\xampp\htdocs\projects\vendor\codeigniter4\framework\system\CodeIgniter.php(824): App\Controllers\Home->index()
#3 C:\xampp\htdocs\projects\vendor\codeigniter4\framework\system\CodeIgniter.php(410): CodeIgniter\CodeIgniter->runController(Object(App\Controllers\Home))
#4 C:\xampp\htdocs\projects\vendor\codeigniter4\framework\system\CodeIgniter.php(318): CodeIgniter\CodeIgniter->handleRequest(NULL, Object(Config\Cache), false)
#5 C:\xampp\htdocs\projects\public\index.php(37): CodeIgniter\CodeIgniter->run()
#6 C:\xampp\htdocs\projects\vendor\codeigniter4\framework\system\Commands\Server\rewrite.php(43): require_once('C:\\xampp\\htdocs...')
#7 {main}
CRITICAL - 2022-02-25 01:47:53 --> preg_match_all(): Unknown modifier '+'
#0 [internal function]: CodeIgniter\Debug\Exceptions->errorHandler(2, 'preg_match_all(...', 'C:\\xampp\\htdocs...', 56, Array)
#1 C:\xampp\htdocs\projects\app\Controllers\Home.php(56): preg_match_all('[0-9]+(-[0-9]+)...', '\xD0\xCF\x11\xE0\xA1\xB1\x1A\xE1\x00\x00\x00\x00\x00\x00\x00...', NULL, 1)
#2 C:\xampp\htdocs\projects\vendor\codeigniter4\framework\system\CodeIgniter.php(824): App\Controllers\Home->index()
#3 C:\xampp\htdocs\projects\vendor\codeigniter4\framework\system\CodeIgniter.php(410): CodeIgniter\CodeIgniter->runController(Object(App\Controllers\Home))
#4 C:\xampp\htdocs\projects\vendor\codeigniter4\framework\system\CodeIgniter.php(318): CodeIgniter\CodeIgniter->handleRequest(NULL, Object(Config\Cache), false)
#5 C:\xampp\htdocs\projects\public\index.php(37): CodeIgniter\CodeIgniter->run()
#6 C:\xampp\htdocs\projects\vendor\codeigniter4\framework\system\Commands\Server\rewrite.php(43): require_once('C:\\xampp\\htdocs...')
#7 {main}
CRITICAL - 2022-02-25 01:48:00 --> preg_match_all(): Unknown modifier '+'
#0 [internal function]: CodeIgniter\Debug\Exceptions->errorHandler(2, 'preg_match_all(...', 'C:\\xampp\\htdocs...', 56, Array)
#1 C:\xampp\htdocs\projects\app\Controllers\Home.php(56): preg_match_all('[0-9]+(-[0-9]+)', '\xD0\xCF\x11\xE0\xA1\xB1\x1A\xE1\x00\x00\x00\x00\x00\x00\x00...', NULL, 1)
#2 C:\xampp\htdocs\projects\vendor\codeigniter4\framework\system\CodeIgniter.php(824): App\Controllers\Home->index()
#3 C:\xampp\htdocs\projects\vendor\codeigniter4\framework\system\CodeIgniter.php(410): CodeIgniter\CodeIgniter->runController(Object(App\Controllers\Home))
#4 C:\xampp\htdocs\projects\vendor\codeigniter4\framework\system\CodeIgniter.php(318): CodeIgniter\CodeIgniter->handleRequest(NULL, Object(Config\Cache), false)
#5 C:\xampp\htdocs\projects\public\index.php(37): CodeIgniter\CodeIgniter->run()
#6 C:\xampp\htdocs\projects\vendor\codeigniter4\framework\system\Commands\Server\rewrite.php(43): require_once('C:\\xampp\\htdocs...')
#7 {main}
CRITICAL - 2022-02-25 01:48:03 --> preg_match_all(): Unknown modifier '+'
#0 [internal function]: CodeIgniter\Debug\Exceptions->errorHandler(2, 'preg_match_all(...', 'C:\\xampp\\htdocs...', 56, Array)
#1 C:\xampp\htdocs\projects\app\Controllers\Home.php(56): preg_match_all('[0-9]+(-[0-9]+)', '\xD0\xCF\x11\xE0\xA1\xB1\x1A\xE1\x00\x00\x00\x00\x00\x00\x00...', NULL, 1)
#2 C:\xampp\htdocs\projects\vendor\codeigniter4\framework\system\CodeIgniter.php(824): App\Controllers\Home->index()
#3 C:\xampp\htdocs\projects\vendor\codeigniter4\framework\system\CodeIgniter.php(410): CodeIgniter\CodeIgniter->runController(Object(App\Controllers\Home))
#4 C:\xampp\htdocs\projects\vendor\codeigniter4\framework\system\CodeIgniter.php(318): CodeIgniter\CodeIgniter->handleRequest(NULL, Object(Config\Cache), false)
#5 C:\xampp\htdocs\projects\public\index.php(37): CodeIgniter\CodeIgniter->run()
#6 C:\xampp\htdocs\projects\vendor\codeigniter4\framework\system\Commands\Server\rewrite.php(43): require_once('C:\\xampp\\htdocs...')
#7 {main}
CRITICAL - 2022-02-25 01:48:22 --> Undefined variable: pattern2
#0 C:\xampp\htdocs\projects\app\Controllers\Home.php(56): CodeIgniter\Debug\Exceptions->errorHandler(8, 'Undefined varia...', 'C:\\xampp\\htdocs...', 56, Array)
#1 C:\xampp\htdocs\projects\vendor\codeigniter4\framework\system\CodeIgniter.php(824): App\Controllers\Home->index()
#2 C:\xampp\htdocs\projects\vendor\codeigniter4\framework\system\CodeIgniter.php(410): CodeIgniter\CodeIgniter->runController(Object(App\Controllers\Home))
#3 C:\xampp\htdocs\projects\vendor\codeigniter4\framework\system\CodeIgniter.php(318): CodeIgniter\CodeIgniter->handleRequest(NULL, Object(Config\Cache), false)
#4 C:\xampp\htdocs\projects\public\index.php(37): CodeIgniter\CodeIgniter->run()
#5 C:\xampp\htdocs\projects\vendor\codeigniter4\framework\system\Commands\Server\rewrite.php(43): require_once('C:\\xampp\\htdocs...')
#6 {main}
ERROR - 2022-02-25 03:05:34 --> Error connecting to the database: No connection could be made because the target machine actively refused it.

CRITICAL - 2022-02-25 03:05:34 --> Unable to connect to the database.
Main connection [MySQLi]: No connection could be made because the target machine actively refused it.

#0 C:\xampp\htdocs\projects\vendor\codeigniter4\framework\system\Database\BaseConnection.php(577): CodeIgniter\Database\BaseConnection->initialize()
#1 C:\xampp\htdocs\projects\vendor\codeigniter4\framework\system\Database\BaseBuilder.php(1443): CodeIgniter\Database\BaseConnection->query('SELECT *\nFROM `...', Array, false)
#2 C:\xampp\htdocs\projects\vendor\codeigniter4\framework\system\Model.php(183): CodeIgniter\Database\BaseBuilder->get()
#3 C:\xampp\htdocs\projects\vendor\codeigniter4\framework\system\BaseModel.php(584): CodeIgniter\Model->doFindAll(0, 0)
#4 C:\xampp\htdocs\projects\app\Controllers\Home.php(17): CodeIgniter\BaseModel->findAll()
#5 C:\xampp\htdocs\projects\vendor\codeigniter4\framework\system\CodeIgniter.php(824): App\Controllers\Home->index()
#6 C:\xampp\htdocs\projects\vendor\codeigniter4\framework\system\CodeIgniter.php(410): CodeIgniter\CodeIgniter->runController(Object(App\Controllers\Home))
#7 C:\xampp\htdocs\projects\vendor\codeigniter4\framework\system\CodeIgniter.php(318): CodeIgniter\CodeIgniter->handleRequest(NULL, Object(Config\Cache), false)
#8 C:\xampp\htdocs\projects\public\index.php(37): CodeIgniter\CodeIgniter->run()
#9 C:\xampp\htdocs\projects\vendor\codeigniter4\framework\system\Commands\Server\rewrite.php(43): require_once('C:\\xampp\\htdocs...')
#10 {main}
ERROR - 2022-02-25 03:05:39 --> Error connecting to the database: No connection could be made because the target machine actively refused it.

CRITICAL - 2022-02-25 03:05:39 --> Unable to connect to the database.
Main connection [MySQLi]: No connection could be made because the target machine actively refused it.

#0 C:\xampp\htdocs\projects\vendor\codeigniter4\framework\system\Database\BaseConnection.php(577): CodeIgniter\Database\BaseConnection->initialize()
#1 C:\xampp\htdocs\projects\vendor\codeigniter4\framework\system\Database\BaseBuilder.php(1443): CodeIgniter\Database\BaseConnection->query('SELECT *\nFROM `...', Array, false)
#2 C:\xampp\htdocs\projects\vendor\codeigniter4\framework\system\Model.php(183): CodeIgniter\Database\BaseBuilder->get()
#3 C:\xampp\htdocs\projects\vendor\codeigniter4\framework\system\BaseModel.php(584): CodeIgniter\Model->doFindAll(0, 0)
#4 C:\xampp\htdocs\projects\app\Controllers\Home.php(17): CodeIgniter\BaseModel->findAll()
#5 C:\xampp\htdocs\projects\vendor\codeigniter4\framework\system\CodeIgniter.php(824): App\Controllers\Home->index()
#6 C:\xampp\htdocs\projects\vendor\codeigniter4\framework\system\CodeIgniter.php(410): CodeIgniter\CodeIgniter->runController(Object(App\Controllers\Home))
#7 C:\xampp\htdocs\projects\vendor\codeigniter4\framework\system\CodeIgniter.php(318): CodeIgniter\CodeIgniter->handleRequest(NULL, Object(Config\Cache), false)
#8 C:\xampp\htdocs\projects\public\index.php(37): CodeIgniter\CodeIgniter->run()
#9 C:\xampp\htdocs\projects\vendor\codeigniter4\framework\system\Commands\Server\rewrite.php(43): require_once('C:\\xampp\\htdocs...')
#10 {main}
CRITICAL - 2022-02-25 03:14:34 --> preg_match_all(): No ending delimiter '^' found
#0 [internal function]: CodeIgniter\Debug\Exceptions->errorHandler(2, 'preg_match_all(...', 'C:\\xampp\\htdocs...', 57, Array)
#1 C:\xampp\htdocs\projects\app\Controllers\Home.php(57): preg_match_all('^[\xD8\xA2-\xDB\x8CA-z]{2,}...', '\xD0\xCF\x11\xE0\xA1\xB1\x1A\xE1\x00\x00\x00\x00\x00\x00\x00...', NULL, 1)
#2 C:\xampp\htdocs\projects\vendor\codeigniter4\framework\system\CodeIgniter.php(824): App\Controllers\Home->index()
#3 C:\xampp\htdocs\projects\vendor\codeigniter4\framework\system\CodeIgniter.php(410): CodeIgniter\CodeIgniter->runController(Object(App\Controllers\Home))
#4 C:\xampp\htdocs\projects\vendor\codeigniter4\framework\system\CodeIgniter.php(318): CodeIgniter\CodeIgniter->handleRequest(NULL, Object(Config\Cache), false)
#5 C:\xampp\htdocs\projects\public\index.php(37): CodeIgniter\CodeIgniter->run()
#6 C:\xampp\htdocs\projects\vendor\codeigniter4\framework\system\Commands\Server\rewrite.php(43): require_once('C:\\xampp\\htdocs...')
#7 {main}
CRITICAL - 2022-02-25 03:15:39 --> Undefined index: files
#0 C:\xampp\htdocs\projects\app\Controllers\Home.php(59): CodeIgniter\Debug\Exceptions->errorHandler(8, 'Undefined index...', 'C:\\xampp\\htdocs...', 59, Array)
#1 C:\xampp\htdocs\projects\vendor\codeigniter4\framework\system\CodeIgniter.php(824): App\Controllers\Home->index()
#2 C:\xampp\htdocs\projects\vendor\codeigniter4\framework\system\CodeIgniter.php(410): CodeIgniter\CodeIgniter->runController(Object(App\Controllers\Home))
#3 C:\xampp\htdocs\projects\vendor\codeigniter4\framework\system\CodeIgniter.php(318): CodeIgniter\CodeIgniter->handleRequest(NULL, Object(Config\Cache), false)
#4 C:\xampp\htdocs\projects\public\index.php(37): CodeIgniter\CodeIgniter->run()
#5 C:\xampp\htdocs\projects\vendor\codeigniter4\framework\system\Commands\Server\rewrite.php(43): require_once('C:\\xampp\\htdocs...')
#6 {main}
CRITICAL - 2022-02-25 03:32:16 --> preg_match() expects parameter 2 to be string, array given
#0 [internal function]: CodeIgniter\Debug\Exceptions->errorHandler(2, 'preg_match() ex...', 'C:\\xampp\\htdocs...', 80, Array)
#1 C:\xampp\htdocs\projects\app\Controllers\Home.php(80): preg_match('/([\\x{00c0}-\\x{...', Array, Array)
#2 C:\xampp\htdocs\projects\vendor\codeigniter4\framework\system\CodeIgniter.php(824): App\Controllers\Home->index()
#3 C:\xampp\htdocs\projects\vendor\codeigniter4\framework\system\CodeIgniter.php(410): CodeIgniter\CodeIgniter->runController(Object(App\Controllers\Home))
#4 C:\xampp\htdocs\projects\vendor\codeigniter4\framework\system\CodeIgniter.php(318): CodeIgniter\CodeIgniter->handleRequest(NULL, Object(Config\Cache), false)
#5 C:\xampp\htdocs\projects\public\index.php(37): CodeIgniter\CodeIgniter->run()
#6 C:\xampp\htdocs\projects\vendor\codeigniter4\framework\system\Commands\Server\rewrite.php(43): require_once('C:\\xampp\\htdocs...')
#7 {main}
CRITICAL - 2022-02-25 03:34:43 --> preg_match() expects parameter 2 to be string, array given
#0 [internal function]: CodeIgniter\Debug\Exceptions->errorHandler(2, 'preg_match() ex...', 'C:\\xampp\\htdocs...', 79, Array)
#1 C:\xampp\htdocs\projects\app\Controllers\Home.php(79): preg_match('/([\\x{00c0}-\\x{...', Array, Array)
#2 C:\xampp\htdocs\projects\vendor\codeigniter4\framework\system\CodeIgniter.php(824): App\Controllers\Home->index()
#3 C:\xampp\htdocs\projects\vendor\codeigniter4\framework\system\CodeIgniter.php(410): CodeIgniter\CodeIgniter->runController(Object(App\Controllers\Home))
#4 C:\xampp\htdocs\projects\vendor\codeigniter4\framework\system\CodeIgniter.php(318): CodeIgniter\CodeIgniter->handleRequest(NULL, Object(Config\Cache), false)
#5 C:\xampp\htdocs\projects\public\index.php(37): CodeIgniter\CodeIgniter->run()
#6 C:\xampp\htdocs\projects\vendor\codeigniter4\framework\system\Commands\Server\rewrite.php(43): require_once('C:\\xampp\\htdocs...')
#7 {main}
CRITICAL - 2022-02-25 03:35:24 --> Undefined variable: match
#0 C:\xampp\htdocs\projects\app\Controllers\Home.php(71): CodeIgniter\Debug\Exceptions->errorHandler(8, 'Undefined varia...', 'C:\\xampp\\htdocs...', 71, Array)
#1 C:\xampp\htdocs\projects\vendor\codeigniter4\framework\system\CodeIgniter.php(824): App\Controllers\Home->index()
#2 C:\xampp\htdocs\projects\vendor\codeigniter4\framework\system\CodeIgniter.php(410): CodeIgniter\CodeIgniter->runController(Object(App\Controllers\Home))
#3 C:\xampp\htdocs\projects\vendor\codeigniter4\framework\system\CodeIgniter.php(318): CodeIgniter\CodeIgniter->handleRequest(NULL, Object(Config\Cache), false)
#4 C:\xampp\htdocs\projects\public\index.php(37): CodeIgniter\CodeIgniter->run()
#5 C:\xampp\htdocs\projects\vendor\codeigniter4\framework\system\Commands\Server\rewrite.php(43): require_once('C:\\xampp\\htdocs...')
#6 {main}
CRITICAL - 2022-02-25 03:35:25 --> Undefined variable: match
#0 C:\xampp\htdocs\projects\app\Controllers\Home.php(71): CodeIgniter\Debug\Exceptions->errorHandler(8, 'Undefined varia...', 'C:\\xampp\\htdocs...', 71, Array)
#1 C:\xampp\htdocs\projects\vendor\codeigniter4\framework\system\CodeIgniter.php(824): App\Controllers\Home->index()
#2 C:\xampp\htdocs\projects\vendor\codeigniter4\framework\system\CodeIgniter.php(410): CodeIgniter\CodeIgniter->runController(Object(App\Controllers\Home))
#3 C:\xampp\htdocs\projects\vendor\codeigniter4\framework\system\CodeIgniter.php(318): CodeIgniter\CodeIgniter->handleRequest(NULL, Object(Config\Cache), false)
#4 C:\xampp\htdocs\projects\public\index.php(37): CodeIgniter\CodeIgniter->run()
#5 C:\xampp\htdocs\projects\vendor\codeigniter4\framework\system\Commands\Server\rewrite.php(43): require_once('C:\\xampp\\htdocs...')
#6 {main}
CRITICAL - 2022-02-25 03:35:26 --> Undefined variable: match
#0 C:\xampp\htdocs\projects\app\Controllers\Home.php(71): CodeIgniter\Debug\Exceptions->errorHandler(8, 'Undefined varia...', 'C:\\xampp\\htdocs...', 71, Array)
#1 C:\xampp\htdocs\projects\vendor\codeigniter4\framework\system\CodeIgniter.php(824): App\Controllers\Home->index()
#2 C:\xampp\htdocs\projects\vendor\codeigniter4\framework\system\CodeIgniter.php(410): CodeIgniter\CodeIgniter->runController(Object(App\Controllers\Home))
#3 C:\xampp\htdocs\projects\vendor\codeigniter4\framework\system\CodeIgniter.php(318): CodeIgniter\CodeIgniter->handleRequest(NULL, Object(Config\Cache), false)
#4 C:\xampp\htdocs\projects\public\index.php(37): CodeIgniter\CodeIgniter->run()
#5 C:\xampp\htdocs\projects\vendor\codeigniter4\framework\system\Commands\Server\rewrite.php(43): require_once('C:\\xampp\\htdocs...')
#6 {main}
CRITICAL - 2022-02-25 03:35:27 --> Undefined variable: match
#0 C:\xampp\htdocs\projects\app\Controllers\Home.php(71): CodeIgniter\Debug\Exceptions->errorHandler(8, 'Undefined varia...', 'C:\\xampp\\htdocs...', 71, Array)
#1 C:\xampp\htdocs\projects\vendor\codeigniter4\framework\system\CodeIgniter.php(824): App\Controllers\Home->index()
#2 C:\xampp\htdocs\projects\vendor\codeigniter4\framework\system\CodeIgniter.php(410): CodeIgniter\CodeIgniter->runController(Object(App\Controllers\Home))
#3 C:\xampp\htdocs\projects\vendor\codeigniter4\framework\system\CodeIgniter.php(318): CodeIgniter\CodeIgniter->handleRequest(NULL, Object(Config\Cache), false)
#4 C:\xampp\htdocs\projects\public\index.php(37): CodeIgniter\CodeIgniter->run()
#5 C:\xampp\htdocs\projects\vendor\codeigniter4\framework\system\Commands\Server\rewrite.php(43): require_once('C:\\xampp\\htdocs...')
#6 {main}
CRITICAL - 2022-02-25 03:36:05 --> Undefined variable: match
#0 C:\xampp\htdocs\projects\app\Controllers\Home.php(71): CodeIgniter\Debug\Exceptions->errorHandler(8, 'Undefined varia...', 'C:\\xampp\\htdocs...', 71, Array)
#1 C:\xampp\htdocs\projects\vendor\codeigniter4\framework\system\CodeIgniter.php(824): App\Controllers\Home->index()
#2 C:\xampp\htdocs\projects\vendor\codeigniter4\framework\system\CodeIgniter.php(410): CodeIgniter\CodeIgniter->runController(Object(App\Controllers\Home))
#3 C:\xampp\htdocs\projects\vendor\codeigniter4\framework\system\CodeIgniter.php(318): CodeIgniter\CodeIgniter->handleRequest(NULL, Object(Config\Cache), false)
#4 C:\xampp\htdocs\projects\public\index.php(37): CodeIgniter\CodeIgniter->run()
#5 C:\xampp\htdocs\projects\vendor\codeigniter4\framework\system\Commands\Server\rewrite.php(43): require_once('C:\\xampp\\htdocs...')
#6 {main}
CRITICAL - 2022-02-25 03:36:29 --> preg_match(): Delimiter must not be alphanumeric or backslash
#0 [internal function]: CodeIgniter\Debug\Exceptions->errorHandler(2, 'preg_match(): D...', 'C:\\xampp\\htdocs...', 71, Array)
#1 C:\xampp\htdocs\projects\app\Controllers\Home.php(71): preg_match('abcdefghijklmno...', '\xD0\xCF\x11\xE0\xA1\xB1\x1A\xE1\x00\x00\x00\x00\x00\x00\x00...', NULL)
#2 C:\xampp\htdocs\projects\vendor\codeigniter4\framework\system\CodeIgniter.php(824): App\Controllers\Home->index()
#3 C:\xampp\htdocs\projects\vendor\codeigniter4\framework\system\CodeIgniter.php(410): CodeIgniter\CodeIgniter->runController(Object(App\Controllers\Home))
#4 C:\xampp\htdocs\projects\vendor\codeigniter4\framework\system\CodeIgniter.php(318): CodeIgniter\CodeIgniter->handleRequest(NULL, Object(Config\Cache), false)
#5 C:\xampp\htdocs\projects\public\index.php(37): CodeIgniter\CodeIgniter->run()
#6 C:\xampp\htdocs\projects\vendor\codeigniter4\framework\system\Commands\Server\rewrite.php(43): require_once('C:\\xampp\\htdocs...')
#7 {main}
CRITICAL - 2022-02-25 03:50:39 --> preg_match_all(): No ending delimiter '^' found
#0 [internal function]: CodeIgniter\Debug\Exceptions->errorHandler(2, 'preg_match_all(...', 'C:\\xampp\\htdocs...', 60, Array)
#1 C:\xampp\htdocs\projects\app\Controllers\Home.php(60): preg_match_all('^[\xD8\xA2-\xDB\x8CA-z]{2,}...', '\xD0\xCF\x11\xE0\xA1\xB1\x1A\xE1\x00\x00\x00\x00\x00\x00\x00...', NULL, 1)
#2 C:\xampp\htdocs\projects\vendor\codeigniter4\framework\system\CodeIgniter.php(824): App\Controllers\Home->index()
#3 C:\xampp\htdocs\projects\vendor\codeigniter4\framework\system\CodeIgniter.php(410): CodeIgniter\CodeIgniter->runController(Object(App\Controllers\Home))
#4 C:\xampp\htdocs\projects\vendor\codeigniter4\framework\system\CodeIgniter.php(318): CodeIgniter\CodeIgniter->handleRequest(NULL, Object(Config\Cache), false)
#5 C:\xampp\htdocs\projects\public\index.php(37): CodeIgniter\CodeIgniter->run()
#6 C:\xampp\htdocs\projects\vendor\codeigniter4\framework\system\Commands\Server\rewrite.php(43): require_once('C:\\xampp\\htdocs...')
#7 {main}
CRITICAL - 2022-02-25 03:50:55 --> preg_match_all(): Unknown modifier '{'
#0 [internal function]: CodeIgniter\Debug\Exceptions->errorHandler(2, 'preg_match_all(...', 'C:\\xampp\\htdocs...', 60, Array)
#1 C:\xampp\htdocs\projects\app\Controllers\Home.php(60): preg_match_all('[\xD8\xA2-\xDB\x8CA-z]{2,}(...', '\xD0\xCF\x11\xE0\xA1\xB1\x1A\xE1\x00\x00\x00\x00\x00\x00\x00...', NULL, 1)
#2 C:\xampp\htdocs\projects\vendor\codeigniter4\framework\system\CodeIgniter.php(824): App\Controllers\Home->index()
#3 C:\xampp\htdocs\projects\vendor\codeigniter4\framework\system\CodeIgniter.php(410): CodeIgniter\CodeIgniter->runController(Object(App\Controllers\Home))
#4 C:\xampp\htdocs\projects\vendor\codeigniter4\framework\system\CodeIgniter.php(318): CodeIgniter\CodeIgniter->handleRequest(NULL, Object(Config\Cache), false)
#5 C:\xampp\htdocs\projects\public\index.php(37): CodeIgniter\CodeIgniter->run()
#6 C:\xampp\htdocs\projects\vendor\codeigniter4\framework\system\Commands\Server\rewrite.php(43): require_once('C:\\xampp\\htdocs...')
#7 {main}
CRITICAL - 2022-02-25 05:09:09 --> preg_match(): No ending delimiter '^' found
#0 [internal function]: CodeIgniter\Debug\Exceptions->errorHandler(2, 'preg_match(): N...', 'C:\\xampp\\htdocs...', 55, Array)
#1 C:\xampp\htdocs\projects\app\Controllers\Home.php(55): preg_match('^[a-zA-Z][a-zA-...', '\xD0\xCF\x11\xE0\xA1\xB1\x1A\xE1\x00\x00\x00\x00\x00\x00\x00...', Array)
#2 C:\xampp\htdocs\projects\vendor\codeigniter4\framework\system\CodeIgniter.php(824): App\Controllers\Home->index()
#3 C:\xampp\htdocs\projects\vendor\codeigniter4\framework\system\CodeIgniter.php(410): CodeIgniter\CodeIgniter->runController(Object(App\Controllers\Home))
#4 C:\xampp\htdocs\projects\vendor\codeigniter4\framework\system\CodeIgniter.php(318): CodeIgniter\CodeIgniter->handleRequest(NULL, Object(Config\Cache), false)
#5 C:\xampp\htdocs\projects\public\index.php(37): CodeIgniter\CodeIgniter->run()
#6 C:\xampp\htdocs\projects\vendor\codeigniter4\framework\system\Commands\Server\rewrite.php(43): require_once('C:\\xampp\\htdocs...')
#7 {main}
CRITICAL - 2022-02-25 05:09:35 --> Undefined variable: test2
#0 C:\xampp\htdocs\projects\app\Controllers\Home.php(51): CodeIgniter\Debug\Exceptions->errorHandler(8, 'Undefined varia...', 'C:\\xampp\\htdocs...', 51, Array)
#1 C:\xampp\htdocs\projects\vendor\codeigniter4\framework\system\CodeIgniter.php(824): App\Controllers\Home->index()
#2 C:\xampp\htdocs\projects\vendor\codeigniter4\framework\system\CodeIgniter.php(410): CodeIgniter\CodeIgniter->runController(Object(App\Controllers\Home))
#3 C:\xampp\htdocs\projects\vendor\codeigniter4\framework\system\CodeIgniter.php(318): CodeIgniter\CodeIgniter->handleRequest(NULL, Object(Config\Cache), false)
#4 C:\xampp\htdocs\projects\public\index.php(37): CodeIgniter\CodeIgniter->run()
#5 C:\xampp\htdocs\projects\vendor\codeigniter4\framework\system\Commands\Server\rewrite.php(43): require_once('C:\\xampp\\htdocs...')
#6 {main}
CRITICAL - 2022-02-25 05:09:52 --> preg_match(): Unknown modifier '['
#0 [internal function]: CodeIgniter\Debug\Exceptions->errorHandler(2, 'preg_match(): U...', 'C:\\xampp\\htdocs...', 55, Array)
#1 C:\xampp\htdocs\projects\app\Controllers\Home.php(55): preg_match('[a-zA-Z][a-zA-Z...', '\xD0\xCF\x11\xE0\xA1\xB1\x1A\xE1\x00\x00\x00\x00\x00\x00\x00...', Array)
#2 C:\xampp\htdocs\projects\vendor\codeigniter4\framework\system\CodeIgniter.php(824): App\Controllers\Home->index()
#3 C:\xampp\htdocs\projects\vendor\codeigniter4\framework\system\CodeIgniter.php(410): CodeIgniter\CodeIgniter->runController(Object(App\Controllers\Home))
#4 C:\xampp\htdocs\projects\vendor\codeigniter4\framework\system\CodeIgniter.php(318): CodeIgniter\CodeIgniter->handleRequest(NULL, Object(Config\Cache), false)
#5 C:\xampp\htdocs\projects\public\index.php(37): CodeIgniter\CodeIgniter->run()
#6 C:\xampp\htdocs\projects\vendor\codeigniter4\framework\system\Commands\Server\rewrite.php(43): require_once('C:\\xampp\\htdocs...')
#7 {main}
CRITICAL - 2022-02-25 05:10:13 --> preg_match_all(): Unknown modifier '['
#0 [internal function]: CodeIgniter\Debug\Exceptions->errorHandler(2, 'preg_match_all(...', 'C:\\xampp\\htdocs...', 55, Array)
#1 C:\xampp\htdocs\projects\app\Controllers\Home.php(55): preg_match_all('[a-zA-Z][a-zA-Z...', '\xD0\xCF\x11\xE0\xA1\xB1\x1A\xE1\x00\x00\x00\x00\x00\x00\x00...', Array)
#2 C:\xampp\htdocs\projects\vendor\codeigniter4\framework\system\CodeIgniter.php(824): App\Controllers\Home->index()
#3 C:\xampp\htdocs\projects\vendor\codeigniter4\framework\system\CodeIgniter.php(410): CodeIgniter\CodeIgniter->runController(Object(App\Controllers\Home))
#4 C:\xampp\htdocs\projects\vendor\codeigniter4\framework\system\CodeIgniter.php(318): CodeIgniter\CodeIgniter->handleRequest(NULL, Object(Config\Cache), false)
#5 C:\xampp\htdocs\projects\public\index.php(37): CodeIgniter\CodeIgniter->run()
#6 C:\xampp\htdocs\projects\vendor\codeigniter4\framework\system\Commands\Server\rewrite.php(43): require_once('C:\\xampp\\htdocs...')
#7 {main}
CRITICAL - 2022-02-25 05:10:29 --> preg_match(): Unknown modifier '['
#0 [internal function]: CodeIgniter\Debug\Exceptions->errorHandler(2, 'preg_match(): U...', 'C:\\xampp\\htdocs...', 55, Array)
#1 C:\xampp\htdocs\projects\app\Controllers\Home.php(55): preg_match('[a-zA-Z][a-zA-Z...', '\xD0\xCF\x11\xE0\xA1\xB1\x1A\xE1\x00\x00\x00\x00\x00\x00\x00...', Array)
#2 C:\xampp\htdocs\projects\vendor\codeigniter4\framework\system\CodeIgniter.php(824): App\Controllers\Home->index()
#3 C:\xampp\htdocs\projects\vendor\codeigniter4\framework\system\CodeIgniter.php(410): CodeIgniter\CodeIgniter->runController(Object(App\Controllers\Home))
#4 C:\xampp\htdocs\projects\vendor\codeigniter4\framework\system\CodeIgniter.php(318): CodeIgniter\CodeIgniter->handleRequest(NULL, Object(Config\Cache), false)
#5 C:\xampp\htdocs\projects\public\index.php(37): CodeIgniter\CodeIgniter->run()
#6 C:\xampp\htdocs\projects\vendor\codeigniter4\framework\system\Commands\Server\rewrite.php(43): require_once('C:\\xampp\\htdocs...')
#7 {main}
CRITICAL - 2022-02-25 05:10:57 --> preg_match(): Unknown modifier '['
#0 [internal function]: CodeIgniter\Debug\Exceptions->errorHandler(2, 'preg_match(): U...', 'C:\\xampp\\htdocs...', 55, Array)
#1 C:\xampp\htdocs\projects\app\Controllers\Home.php(55): preg_match('[a-zA-Z][a-zA-Z...', '\xD0\xCF\x11\xE0\xA1\xB1\x1A\xE1\x00\x00\x00\x00\x00\x00\x00...', Array)
#2 C:\xampp\htdocs\projects\vendor\codeigniter4\framework\system\CodeIgniter.php(824): App\Controllers\Home->index()
#3 C:\xampp\htdocs\projects\vendor\codeigniter4\framework\system\CodeIgniter.php(410): CodeIgniter\CodeIgniter->runController(Object(App\Controllers\Home))
#4 C:\xampp\htdocs\projects\vendor\codeigniter4\framework\system\CodeIgniter.php(318): CodeIgniter\CodeIgniter->handleRequest(NULL, Object(Config\Cache), false)
#5 C:\xampp\htdocs\projects\public\index.php(37): CodeIgniter\CodeIgniter->run()
#6 C:\xampp\htdocs\projects\vendor\codeigniter4\framework\system\Commands\Server\rewrite.php(43): require_once('C:\\xampp\\htdocs...')
#7 {main}
CRITICAL - 2022-02-25 05:13:30 --> preg_match_all(): Unknown modifier '('
#0 [internal function]: CodeIgniter\Debug\Exceptions->errorHandler(2, 'preg_match_all(...', 'C:\\xampp\\htdocs...', 50, Array)
#1 C:\xampp\htdocs\projects\app\Controllers\Home.php(50): preg_match_all('(?=.*[a-z])(?=....', '\xD0\xCF\x11\xE0\xA1\xB1\x1A\xE1\x00\x00\x00\x00\x00\x00\x00...', NULL, 1)
#2 C:\xampp\htdocs\projects\vendor\codeigniter4\framework\system\CodeIgniter.php(824): App\Controllers\Home->index()
#3 C:\xampp\htdocs\projects\vendor\codeigniter4\framework\system\CodeIgniter.php(410): CodeIgniter\CodeIgniter->runController(Object(App\Controllers\Home))
#4 C:\xampp\htdocs\projects\vendor\codeigniter4\framework\system\CodeIgniter.php(318): CodeIgniter\CodeIgniter->handleRequest(NULL, Object(Config\Cache), false)
#5 C:\xampp\htdocs\projects\public\index.php(37): CodeIgniter\CodeIgniter->run()
#6 C:\xampp\htdocs\projects\vendor\codeigniter4\framework\system\Commands\Server\rewrite.php(43): require_once('C:\\xampp\\htdocs...')
#7 {main}
CRITICAL - 2022-02-25 05:24:44 --> Undefined offset: 1
#0 C:\xampp\htdocs\projects\app\Controllers\Home.php(69): CodeIgniter\Debug\Exceptions->errorHandler(8, 'Undefined offse...', 'C:\\xampp\\htdocs...', 69, Array)
#1 C:\xampp\htdocs\projects\vendor\codeigniter4\framework\system\CodeIgniter.php(824): App\Controllers\Home->index()
#2 C:\xampp\htdocs\projects\vendor\codeigniter4\framework\system\CodeIgniter.php(410): CodeIgniter\CodeIgniter->runController(Object(App\Controllers\Home))
#3 C:\xampp\htdocs\projects\vendor\codeigniter4\framework\system\CodeIgniter.php(318): CodeIgniter\CodeIgniter->handleRequest(NULL, Object(Config\Cache), false)
#4 C:\xampp\htdocs\projects\public\index.php(37): CodeIgniter\CodeIgniter->run()
#5 C:\xampp\htdocs\projects\vendor\codeigniter4\framework\system\Commands\Server\rewrite.php(43): require_once('C:\\xampp\\htdocs...')
#6 {main}
CRITICAL - 2022-02-25 05:45:53 --> Undefined index: files
#0 C:\xampp\htdocs\projects\app\Controllers\Home.php(88): CodeIgniter\Debug\Exceptions->errorHandler(8, 'Undefined index...', 'C:\\xampp\\htdocs...', 88, Array)
#1 C:\xampp\htdocs\projects\vendor\codeigniter4\framework\system\CodeIgniter.php(824): App\Controllers\Home->index()
#2 C:\xampp\htdocs\projects\vendor\codeigniter4\framework\system\CodeIgniter.php(410): CodeIgniter\CodeIgniter->runController(Object(App\Controllers\Home))
#3 C:\xampp\htdocs\projects\vendor\codeigniter4\framework\system\CodeIgniter.php(318): CodeIgniter\CodeIgniter->handleRequest(NULL, Object(Config\Cache), false)
#4 C:\xampp\htdocs\projects\public\index.php(37): CodeIgniter\CodeIgniter->run()
#5 C:\xampp\htdocs\projects\vendor\codeigniter4\framework\system\Commands\Server\rewrite.php(43): require_once('C:\\xampp\\htdocs...')
#6 {main}
CRITICAL - 2022-02-25 05:49:41 --> file_get_contents(C:\xampp\htdocs\projects\public\uploads\CV shilpa.doc): failed to open stream: No such file or directory
#0 [internal function]: CodeIgniter\Debug\Exceptions->errorHandler(2, 'file_get_conten...', 'C:\\xampp\\htdocs...', 19, Array)
#1 C:\xampp\htdocs\projects\app\Controllers\Home.php(19): file_get_contents('C:\\xampp\\htdocs...')
#2 C:\xampp\htdocs\projects\vendor\codeigniter4\framework\system\CodeIgniter.php(824): App\Controllers\Home->index()
#3 C:\xampp\htdocs\projects\vendor\codeigniter4\framework\system\CodeIgniter.php(410): CodeIgniter\CodeIgniter->runController(Object(App\Controllers\Home))
#4 C:\xampp\htdocs\projects\vendor\codeigniter4\framework\system\CodeIgniter.php(318): CodeIgniter\CodeIgniter->handleRequest(NULL, Object(Config\Cache), false)
#5 C:\xampp\htdocs\projects\public\index.php(37): CodeIgniter\CodeIgniter->run()
#6 C:\xampp\htdocs\projects\vendor\codeigniter4\framework\system\Commands\Server\rewrite.php(43): require_once('C:\\xampp\\htdocs...')
#7 {main}
CRITICAL - 2022-02-25 06:15:01 --> Cannot pass parameter 3 by reference
#0 C:\xampp\htdocs\projects\vendor\codeigniter4\framework\system\CodeIgniter.php(824): App\Controllers\Home->index()
#1 C:\xampp\htdocs\projects\vendor\codeigniter4\framework\system\CodeIgniter.php(410): CodeIgniter\CodeIgniter->runController(Object(App\Controllers\Home))
#2 C:\xampp\htdocs\projects\vendor\codeigniter4\framework\system\CodeIgniter.php(318): CodeIgniter\CodeIgniter->handleRequest(NULL, Object(Config\Cache), false)
#3 C:\xampp\htdocs\projects\public\index.php(37): CodeIgniter\CodeIgniter->run()
#4 C:\xampp\htdocs\projects\vendor\codeigniter4\framework\system\Commands\Server\rewrite.php(43): require_once('C:\\xampp\\htdocs...')
#5 {main}
