ERROR - 2022-10-29 02:19:26 --> You have an error in your SQL syntax; check the manual that corresponds to your MySQL server version for the right syntax to use near ')' at line 7
CRITICAL - 2022-10-29 02:19:26 --> You have an error in your SQL syntax; check the manual that corresponds to your MySQL server version for the right syntax to use near ')' at line 7
#0 /home/nocjadpy678c/public_html/tryyourwork.com/docladder/vendor/codeigniter4/framework/system/Database/MySQLi/Connection.php(292): mysqli->query('SELECT * FROM j...', 0)
#1 /home/nocjadpy678c/public_html/tryyourwork.com/docladder/vendor/codeigniter4/framework/system/Database/BaseConnection.php(670): CodeIgniter\Database\MySQLi\Connection->execute('SELECT * FROM j...')
#2 /home/nocjadpy678c/public_html/tryyourwork.com/docladder/vendor/codeigniter4/framework/system/Database/BaseConnection.php(598): CodeIgniter\Database\BaseConnection->simpleQuery('SELECT * FROM j...')
#3 /home/nocjadpy678c/public_html/tryyourwork.com/docladder/app/Models/RecruiterSearchModel.php(158): CodeIgniter\Database\BaseConnection->query('SELECT * FROM j...')
#4 /home/nocjadpy678c/public_html/tryyourwork.com/docladder/app/Controllers/RecruiterSimpleSearch.php(124): App\Models\RecruiterSearchModel->count_all(1, 10, Array)
#5 /home/nocjadpy678c/public_html/tryyourwork.com/docladder/vendor/codeigniter4/framework/system/CodeIgniter.php(824): App\Controllers\RecruiterSimpleSearch->SimpleSearching()
#6 /home/nocjadpy678c/public_html/tryyourwork.com/docladder/vendor/codeigniter4/framework/system/CodeIgniter.php(410): CodeIgniter\CodeIgniter->runController(Object(App\Controllers\RecruiterSimpleSearch))
#7 /home/nocjadpy678c/public_html/tryyourwork.com/docladder/vendor/codeigniter4/framework/system/CodeIgniter.php(318): CodeIgniter\CodeIgniter->handleRequest(NULL, Object(Config\Cache), false)
#8 /home/nocjadpy678c/public_html/tryyourwork.com/docladder/index.php(37): CodeIgniter\CodeIgniter->run()
#9 {main}
CRITICAL - 2022-10-29 03:27:44 --> Undefined variable: val
#0 /home/nocjadpy678c/public_html/tryyourwork.com/docladder/app/Controllers/RecruiterSimpleSearch.php(34): CodeIgniter\Debug\Exceptions->errorHandler(8, 'Undefined varia...', '/home/nocjadpy6...', 34, Array)
#1 /home/nocjadpy678c/public_html/tryyourwork.com/docladder/vendor/codeigniter4/framework/system/CodeIgniter.php(824): App\Controllers\RecruiterSimpleSearch->index()
#2 /home/nocjadpy678c/public_html/tryyourwork.com/docladder/vendor/codeigniter4/framework/system/CodeIgniter.php(410): CodeIgniter\CodeIgniter->runController(Object(App\Controllers\RecruiterSimpleSearch))
#3 /home/nocjadpy678c/public_html/tryyourwork.com/docladder/vendor/codeigniter4/framework/system/CodeIgniter.php(318): CodeIgniter\CodeIgniter->handleRequest(NULL, Object(Config\Cache), false)
#4 /home/nocjadpy678c/public_html/tryyourwork.com/docladder/index.php(37): CodeIgniter\CodeIgniter->run()
#5 {main}
CRITICAL - 2022-10-29 03:47:29 --> syntax error, unexpected 'foreach' (T_FOREACH), expecting ';' or ','
#0 /home/nocjadpy678c/public_html/tryyourwork.com/docladder/vendor/codeigniter4/framework/system/View/View.php(217): CodeIgniter\View\View->CodeIgniter\View\{closure}()
#1 /home/nocjadpy678c/public_html/tryyourwork.com/docladder/vendor/codeigniter4/framework/system/Common.php(1097): CodeIgniter\View\View->render('recruiter-simpl...', Array, true)
#2 /home/nocjadpy678c/public_html/tryyourwork.com/docladder/app/Controllers/RecruiterSimpleSearch.php(61): view('recruiter-simpl...', Array)
#3 /home/nocjadpy678c/public_html/tryyourwork.com/docladder/vendor/codeigniter4/framework/system/CodeIgniter.php(824): App\Controllers\RecruiterSimpleSearch->index()
#4 /home/nocjadpy678c/public_html/tryyourwork.com/docladder/vendor/codeigniter4/framework/system/CodeIgniter.php(410): CodeIgniter\CodeIgniter->runController(Object(App\Controllers\RecruiterSimpleSearch))
#5 /home/nocjadpy678c/public_html/tryyourwork.com/docladder/vendor/codeigniter4/framework/system/CodeIgniter.php(318): CodeIgniter\CodeIgniter->handleRequest(NULL, Object(Config\Cache), false)
#6 /home/nocjadpy678c/public_html/tryyourwork.com/docladder/index.php(37): CodeIgniter\CodeIgniter->run()
#7 {main}
CRITICAL - 2022-10-29 03:47:56 --> syntax error, unexpected '<'
#0 /home/nocjadpy678c/public_html/tryyourwork.com/docladder/vendor/codeigniter4/framework/system/View/View.php(217): CodeIgniter\View\View->CodeIgniter\View\{closure}()
#1 /home/nocjadpy678c/public_html/tryyourwork.com/docladder/vendor/codeigniter4/framework/system/Common.php(1097): CodeIgniter\View\View->render('recruiter-simpl...', Array, true)
#2 /home/nocjadpy678c/public_html/tryyourwork.com/docladder/app/Controllers/RecruiterSimpleSearch.php(61): view('recruiter-simpl...', Array)
#3 /home/nocjadpy678c/public_html/tryyourwork.com/docladder/vendor/codeigniter4/framework/system/CodeIgniter.php(824): App\Controllers\RecruiterSimpleSearch->index()
#4 /home/nocjadpy678c/public_html/tryyourwork.com/docladder/vendor/codeigniter4/framework/system/CodeIgniter.php(410): CodeIgniter\CodeIgniter->runController(Object(App\Controllers\RecruiterSimpleSearch))
#5 /home/nocjadpy678c/public_html/tryyourwork.com/docladder/vendor/codeigniter4/framework/system/CodeIgniter.php(318): CodeIgniter\CodeIgniter->handleRequest(NULL, Object(Config\Cache), false)
#6 /home/nocjadpy678c/public_html/tryyourwork.com/docladder/index.php(37): CodeIgniter\CodeIgniter->run()
#7 {main}
CRITICAL - 2022-10-29 03:52:55 --> syntax error, unexpected end of file
#0 /home/nocjadpy678c/public_html/tryyourwork.com/docladder/vendor/codeigniter4/framework/system/View/View.php(217): CodeIgniter\View\View->CodeIgniter\View\{closure}()
#1 /home/nocjadpy678c/public_html/tryyourwork.com/docladder/vendor/codeigniter4/framework/system/Common.php(1097): CodeIgniter\View\View->render('recruiter-simpl...', Array, true)
#2 /home/nocjadpy678c/public_html/tryyourwork.com/docladder/app/Controllers/RecruiterSimpleSearch.php(61): view('recruiter-simpl...', Array)
#3 /home/nocjadpy678c/public_html/tryyourwork.com/docladder/vendor/codeigniter4/framework/system/CodeIgniter.php(824): App\Controllers\RecruiterSimpleSearch->index()
#4 /home/nocjadpy678c/public_html/tryyourwork.com/docladder/vendor/codeigniter4/framework/system/CodeIgniter.php(410): CodeIgniter\CodeIgniter->runController(Object(App\Controllers\RecruiterSimpleSearch))
#5 /home/nocjadpy678c/public_html/tryyourwork.com/docladder/vendor/codeigniter4/framework/system/CodeIgniter.php(318): CodeIgniter\CodeIgniter->handleRequest(NULL, Object(Config\Cache), false)
#6 /home/nocjadpy678c/public_html/tryyourwork.com/docladder/index.php(37): CodeIgniter\CodeIgniter->run()
#7 {main}
CRITICAL - 2022-10-29 03:53:26 --> Undefined index: city
#0 /home/nocjadpy678c/public_html/tryyourwork.com/docladder/app/Views/recruiter-simple-search.php(47): CodeIgniter\Debug\Exceptions->errorHandler(8, 'Undefined index...', '/home/nocjadpy6...', 47, Array)
#1 /home/nocjadpy678c/public_html/tryyourwork.com/docladder/vendor/codeigniter4/framework/system/View/View.php(214): include('/home/nocjadpy6...')
#2 /home/nocjadpy678c/public_html/tryyourwork.com/docladder/vendor/codeigniter4/framework/system/View/View.php(217): CodeIgniter\View\View->CodeIgniter\View\{closure}()
#3 /home/nocjadpy678c/public_html/tryyourwork.com/docladder/vendor/codeigniter4/framework/system/Common.php(1097): CodeIgniter\View\View->render('recruiter-simpl...', Array, true)
#4 /home/nocjadpy678c/public_html/tryyourwork.com/docladder/app/Controllers/RecruiterSimpleSearch.php(61): view('recruiter-simpl...', Array)
#5 /home/nocjadpy678c/public_html/tryyourwork.com/docladder/vendor/codeigniter4/framework/system/CodeIgniter.php(824): App\Controllers\RecruiterSimpleSearch->index()
#6 /home/nocjadpy678c/public_html/tryyourwork.com/docladder/vendor/codeigniter4/framework/system/CodeIgniter.php(410): CodeIgniter\CodeIgniter->runController(Object(App\Controllers\RecruiterSimpleSearch))
#7 /home/nocjadpy678c/public_html/tryyourwork.com/docladder/vendor/codeigniter4/framework/system/CodeIgniter.php(318): CodeIgniter\CodeIgniter->handleRequest(NULL, Object(Config\Cache), false)
#8 /home/nocjadpy678c/public_html/tryyourwork.com/docladder/index.php(37): CodeIgniter\CodeIgniter->run()
#9 {main}
CRITICAL - 2022-10-29 03:55:48 --> Undefined index: city
#0 /home/nocjadpy678c/public_html/tryyourwork.com/docladder/app/Views/recruiter-simple-search.php(49): CodeIgniter\Debug\Exceptions->errorHandler(8, 'Undefined index...', '/home/nocjadpy6...', 49, Array)
#1 /home/nocjadpy678c/public_html/tryyourwork.com/docladder/vendor/codeigniter4/framework/system/View/View.php(214): include('/home/nocjadpy6...')
#2 /home/nocjadpy678c/public_html/tryyourwork.com/docladder/vendor/codeigniter4/framework/system/View/View.php(217): CodeIgniter\View\View->CodeIgniter\View\{closure}()
#3 /home/nocjadpy678c/public_html/tryyourwork.com/docladder/vendor/codeigniter4/framework/system/Common.php(1097): CodeIgniter\View\View->render('recruiter-simpl...', Array, true)
#4 /home/nocjadpy678c/public_html/tryyourwork.com/docladder/app/Controllers/RecruiterSimpleSearch.php(61): view('recruiter-simpl...', Array)
#5 /home/nocjadpy678c/public_html/tryyourwork.com/docladder/vendor/codeigniter4/framework/system/CodeIgniter.php(824): App\Controllers\RecruiterSimpleSearch->index()
#6 /home/nocjadpy678c/public_html/tryyourwork.com/docladder/vendor/codeigniter4/framework/system/CodeIgniter.php(410): CodeIgniter\CodeIgniter->runController(Object(App\Controllers\RecruiterSimpleSearch))
#7 /home/nocjadpy678c/public_html/tryyourwork.com/docladder/vendor/codeigniter4/framework/system/CodeIgniter.php(318): CodeIgniter\CodeIgniter->handleRequest(NULL, Object(Config\Cache), false)
#8 /home/nocjadpy678c/public_html/tryyourwork.com/docladder/index.php(37): CodeIgniter\CodeIgniter->run()
#9 {main}
CRITICAL - 2022-10-29 03:56:26 --> Undefined index: city
#0 /home/nocjadpy678c/public_html/tryyourwork.com/docladder/app/Views/recruiter-simple-search.php(50): CodeIgniter\Debug\Exceptions->errorHandler(8, 'Undefined index...', '/home/nocjadpy6...', 50, Array)
#1 /home/nocjadpy678c/public_html/tryyourwork.com/docladder/vendor/codeigniter4/framework/system/View/View.php(214): include('/home/nocjadpy6...')
#2 /home/nocjadpy678c/public_html/tryyourwork.com/docladder/vendor/codeigniter4/framework/system/View/View.php(217): CodeIgniter\View\View->CodeIgniter\View\{closure}()
#3 /home/nocjadpy678c/public_html/tryyourwork.com/docladder/vendor/codeigniter4/framework/system/Common.php(1097): CodeIgniter\View\View->render('recruiter-simpl...', Array, true)
#4 /home/nocjadpy678c/public_html/tryyourwork.com/docladder/app/Controllers/RecruiterSimpleSearch.php(61): view('recruiter-simpl...', Array)
#5 /home/nocjadpy678c/public_html/tryyourwork.com/docladder/vendor/codeigniter4/framework/system/CodeIgniter.php(824): App\Controllers\RecruiterSimpleSearch->index()
#6 /home/nocjadpy678c/public_html/tryyourwork.com/docladder/vendor/codeigniter4/framework/system/CodeIgniter.php(410): CodeIgniter\CodeIgniter->runController(Object(App\Controllers\RecruiterSimpleSearch))
#7 /home/nocjadpy678c/public_html/tryyourwork.com/docladder/vendor/codeigniter4/framework/system/CodeIgniter.php(318): CodeIgniter\CodeIgniter->handleRequest(NULL, Object(Config\Cache), false)
#8 /home/nocjadpy678c/public_html/tryyourwork.com/docladder/index.php(37): CodeIgniter\CodeIgniter->run()
#9 {main}
CRITICAL - 2022-10-29 03:58:53 --> syntax error, unexpected end of file
#0 /home/nocjadpy678c/public_html/tryyourwork.com/docladder/vendor/codeigniter4/framework/system/View/View.php(217): CodeIgniter\View\View->CodeIgniter\View\{closure}()
#1 /home/nocjadpy678c/public_html/tryyourwork.com/docladder/vendor/codeigniter4/framework/system/Common.php(1097): CodeIgniter\View\View->render('recruiter-simpl...', Array, true)
#2 /home/nocjadpy678c/public_html/tryyourwork.com/docladder/app/Controllers/RecruiterSimpleSearch.php(61): view('recruiter-simpl...', Array)
#3 /home/nocjadpy678c/public_html/tryyourwork.com/docladder/vendor/codeigniter4/framework/system/CodeIgniter.php(824): App\Controllers\RecruiterSimpleSearch->index()
#4 /home/nocjadpy678c/public_html/tryyourwork.com/docladder/vendor/codeigniter4/framework/system/CodeIgniter.php(410): CodeIgniter\CodeIgniter->runController(Object(App\Controllers\RecruiterSimpleSearch))
#5 /home/nocjadpy678c/public_html/tryyourwork.com/docladder/vendor/codeigniter4/framework/system/CodeIgniter.php(318): CodeIgniter\CodeIgniter->handleRequest(NULL, Object(Config\Cache), false)
#6 /home/nocjadpy678c/public_html/tryyourwork.com/docladder/index.php(37): CodeIgniter\CodeIgniter->run()
#7 {main}
CRITICAL - 2022-10-29 04:00:08 --> Undefined index: $result
#0 /home/nocjadpy678c/public_html/tryyourwork.com/docladder/app/Controllers/RecruiterSimpleSearch.php(60): CodeIgniter\Debug\Exceptions->errorHandler(8, 'Undefined index...', '/home/nocjadpy6...', 60, Array)
#1 /home/nocjadpy678c/public_html/tryyourwork.com/docladder/vendor/codeigniter4/framework/system/CodeIgniter.php(824): App\Controllers\RecruiterSimpleSearch->index()
#2 /home/nocjadpy678c/public_html/tryyourwork.com/docladder/vendor/codeigniter4/framework/system/CodeIgniter.php(410): CodeIgniter\CodeIgniter->runController(Object(App\Controllers\RecruiterSimpleSearch))
#3 /home/nocjadpy678c/public_html/tryyourwork.com/docladder/vendor/codeigniter4/framework/system/CodeIgniter.php(318): CodeIgniter\CodeIgniter->handleRequest(NULL, Object(Config\Cache), false)
#4 /home/nocjadpy678c/public_html/tryyourwork.com/docladder/index.php(37): CodeIgniter\CodeIgniter->run()
#5 {main}
CRITICAL - 2022-10-29 04:00:21 --> Undefined index: result
#0 /home/nocjadpy678c/public_html/tryyourwork.com/docladder/app/Controllers/RecruiterSimpleSearch.php(60): CodeIgniter\Debug\Exceptions->errorHandler(8, 'Undefined index...', '/home/nocjadpy6...', 60, Array)
#1 /home/nocjadpy678c/public_html/tryyourwork.com/docladder/vendor/codeigniter4/framework/system/CodeIgniter.php(824): App\Controllers\RecruiterSimpleSearch->index()
#2 /home/nocjadpy678c/public_html/tryyourwork.com/docladder/vendor/codeigniter4/framework/system/CodeIgniter.php(410): CodeIgniter\CodeIgniter->runController(Object(App\Controllers\RecruiterSimpleSearch))
#3 /home/nocjadpy678c/public_html/tryyourwork.com/docladder/vendor/codeigniter4/framework/system/CodeIgniter.php(318): CodeIgniter\CodeIgniter->handleRequest(NULL, Object(Config\Cache), false)
#4 /home/nocjadpy678c/public_html/tryyourwork.com/docladder/index.php(37): CodeIgniter\CodeIgniter->run()
#5 {main}
CRITICAL - 2022-10-29 04:30:16 --> Call to undefined method CodeIgniter\Database\MySQLi\Connection::select()
#0 /home/nocjadpy678c/public_html/tryyourwork.com/docladder/vendor/codeigniter4/framework/system/CodeIgniter.php(824): App\Controllers\RecruiterSimpleSearch->index()
#1 /home/nocjadpy678c/public_html/tryyourwork.com/docladder/vendor/codeigniter4/framework/system/CodeIgniter.php(410): CodeIgniter\CodeIgniter->runController(Object(App\Controllers\RecruiterSimpleSearch))
#2 /home/nocjadpy678c/public_html/tryyourwork.com/docladder/vendor/codeigniter4/framework/system/CodeIgniter.php(318): CodeIgniter\CodeIgniter->handleRequest(NULL, Object(Config\Cache), false)
#3 /home/nocjadpy678c/public_html/tryyourwork.com/docladder/index.php(37): CodeIgniter\CodeIgniter->run()
#4 {main}
CRITICAL - 2022-10-29 04:35:41 --> Undefined index: Sname
#0 /home/nocjadpy678c/public_html/tryyourwork.com/docladder/app/Views/recruiter-simple-search.php(56): CodeIgniter\Debug\Exceptions->errorHandler(8, 'Undefined index...', '/home/nocjadpy6...', 56, Array)
#1 /home/nocjadpy678c/public_html/tryyourwork.com/docladder/vendor/codeigniter4/framework/system/View/View.php(214): include('/home/nocjadpy6...')
#2 /home/nocjadpy678c/public_html/tryyourwork.com/docladder/vendor/codeigniter4/framework/system/View/View.php(217): CodeIgniter\View\View->CodeIgniter\View\{closure}()
#3 /home/nocjadpy678c/public_html/tryyourwork.com/docladder/vendor/codeigniter4/framework/system/Common.php(1097): CodeIgniter\View\View->render('recruiter-simpl...', Array, true)
#4 /home/nocjadpy678c/public_html/tryyourwork.com/docladder/app/Controllers/RecruiterSimpleSearch.php(56): view('recruiter-simpl...', Array)
#5 /home/nocjadpy678c/public_html/tryyourwork.com/docladder/vendor/codeigniter4/framework/system/CodeIgniter.php(824): App\Controllers\RecruiterSimpleSearch->index()
#6 /home/nocjadpy678c/public_html/tryyourwork.com/docladder/vendor/codeigniter4/framework/system/CodeIgniter.php(410): CodeIgniter\CodeIgniter->runController(Object(App\Controllers\RecruiterSimpleSearch))
#7 /home/nocjadpy678c/public_html/tryyourwork.com/docladder/vendor/codeigniter4/framework/system/CodeIgniter.php(318): CodeIgniter\CodeIgniter->handleRequest(NULL, Object(Config\Cache), false)
#8 /home/nocjadpy678c/public_html/tryyourwork.com/docladder/index.php(37): CodeIgniter\CodeIgniter->run()
#9 {main}
CRITICAL - 2022-10-29 04:35:53 --> Undefined index: Sname
#0 /home/nocjadpy678c/public_html/tryyourwork.com/docladder/app/Views/recruiter-simple-search.php(56): CodeIgniter\Debug\Exceptions->errorHandler(8, 'Undefined index...', '/home/nocjadpy6...', 56, Array)
#1 /home/nocjadpy678c/public_html/tryyourwork.com/docladder/vendor/codeigniter4/framework/system/View/View.php(214): include('/home/nocjadpy6...')
#2 /home/nocjadpy678c/public_html/tryyourwork.com/docladder/vendor/codeigniter4/framework/system/View/View.php(217): CodeIgniter\View\View->CodeIgniter\View\{closure}()
#3 /home/nocjadpy678c/public_html/tryyourwork.com/docladder/vendor/codeigniter4/framework/system/Common.php(1097): CodeIgniter\View\View->render('recruiter-simpl...', Array, true)
#4 /home/nocjadpy678c/public_html/tryyourwork.com/docladder/app/Controllers/RecruiterSimpleSearch.php(56): view('recruiter-simpl...', Array)
#5 /home/nocjadpy678c/public_html/tryyourwork.com/docladder/vendor/codeigniter4/framework/system/CodeIgniter.php(824): App\Controllers\RecruiterSimpleSearch->index()
#6 /home/nocjadpy678c/public_html/tryyourwork.com/docladder/vendor/codeigniter4/framework/system/CodeIgniter.php(410): CodeIgniter\CodeIgniter->runController(Object(App\Controllers\RecruiterSimpleSearch))
#7 /home/nocjadpy678c/public_html/tryyourwork.com/docladder/vendor/codeigniter4/framework/system/CodeIgniter.php(318): CodeIgniter\CodeIgniter->handleRequest(NULL, Object(Config\Cache), false)
#8 /home/nocjadpy678c/public_html/tryyourwork.com/docladder/index.php(37): CodeIgniter\CodeIgniter->run()
#9 {main}
CRITICAL - 2022-10-29 04:57:15 --> Undefined variable: results
#0 /home/nocjadpy678c/public_html/tryyourwork.com/docladder/app/Controllers/RecruiterSimpleSearch.php(43): CodeIgniter\Debug\Exceptions->errorHandler(8, 'Undefined varia...', '/home/nocjadpy6...', 43, Array)
#1 /home/nocjadpy678c/public_html/tryyourwork.com/docladder/vendor/codeigniter4/framework/system/CodeIgniter.php(824): App\Controllers\RecruiterSimpleSearch->index()
#2 /home/nocjadpy678c/public_html/tryyourwork.com/docladder/vendor/codeigniter4/framework/system/CodeIgniter.php(410): CodeIgniter\CodeIgniter->runController(Object(App\Controllers\RecruiterSimpleSearch))
#3 /home/nocjadpy678c/public_html/tryyourwork.com/docladder/vendor/codeigniter4/framework/system/CodeIgniter.php(318): CodeIgniter\CodeIgniter->handleRequest(NULL, Object(Config\Cache), false)
#4 /home/nocjadpy678c/public_html/tryyourwork.com/docladder/index.php(37): CodeIgniter\CodeIgniter->run()
#5 {main}
CRITICAL - 2022-10-29 09:32:45 --> syntax error, unexpected ';', expecting ')'
#0 /home/nocjadpy678c/public_html/tryyourwork.com/docladder/vendor/codeigniter4/framework/system/View/View.php(217): CodeIgniter\View\View->CodeIgniter\View\{closure}()
#1 /home/nocjadpy678c/public_html/tryyourwork.com/docladder/vendor/codeigniter4/framework/system/Common.php(1097): CodeIgniter\View\View->render('recruiter-simpl...', Array, true)
#2 /home/nocjadpy678c/public_html/tryyourwork.com/docladder/app/Controllers/RecruiterSimpleSearch.php(58): view('recruiter-simpl...', Array)
#3 /home/nocjadpy678c/public_html/tryyourwork.com/docladder/vendor/codeigniter4/framework/system/CodeIgniter.php(824): App\Controllers\RecruiterSimpleSearch->index()
#4 /home/nocjadpy678c/public_html/tryyourwork.com/docladder/vendor/codeigniter4/framework/system/CodeIgniter.php(410): CodeIgniter\CodeIgniter->runController(Object(App\Controllers\RecruiterSimpleSearch))
#5 /home/nocjadpy678c/public_html/tryyourwork.com/docladder/vendor/codeigniter4/framework/system/CodeIgniter.php(318): CodeIgniter\CodeIgniter->handleRequest(NULL, Object(Config\Cache), false)
#6 /home/nocjadpy678c/public_html/tryyourwork.com/docladder/index.php(37): CodeIgniter\CodeIgniter->run()
#7 {main}
