CRITICAL - 2022-09-08 00:13:10 --> Undefined variable: start
#0 /home/nocjadpy678c/public_html/tryyourwork.com/docladder/app/Models/ProductEquipment.php(146): CodeIgniter\Debug\Exceptions->errorHandler(8, 'Undefined varia...', '/home/nocjadpy6...', 146, Array)
#1 /home/nocjadpy678c/public_html/tryyourwork.com/docladder/app/Controllers/EquipmentsProduct.php(59): App\Models\ProductEquipment->count_all(4, 1, NULL, NULL, NULL, '', '')
#2 /home/nocjadpy678c/public_html/tryyourwork.com/docladder/vendor/codeigniter4/framework/system/CodeIgniter.php(824): App\Controllers\EquipmentsProduct->product_filter()
#3 /home/nocjadpy678c/public_html/tryyourwork.com/docladder/vendor/codeigniter4/framework/system/CodeIgniter.php(410): CodeIgniter\CodeIgniter->runController(Object(App\Controllers\EquipmentsProduct))
#4 /home/nocjadpy678c/public_html/tryyourwork.com/docladder/vendor/codeigniter4/framework/system/CodeIgniter.php(318): CodeIgniter\CodeIgniter->handleRequest(NULL, Object(Config\Cache), false)
#5 /home/nocjadpy678c/public_html/tryyourwork.com/docladder/index.php(37): CodeIgniter\CodeIgniter->run()
#6 {main}
CRITICAL - 2022-09-08 00:13:14 --> Undefined variable: start
#0 /home/nocjadpy678c/public_html/tryyourwork.com/docladder/app/Models/ProductEquipment.php(146): CodeIgniter\Debug\Exceptions->errorHandler(8, 'Undefined varia...', '/home/nocjadpy6...', 146, Array)
#1 /home/nocjadpy678c/public_html/tryyourwork.com/docladder/app/Controllers/EquipmentsProduct.php(59): App\Models\ProductEquipment->count_all(4, 1, NULL, NULL, NULL, '', '')
#2 /home/nocjadpy678c/public_html/tryyourwork.com/docladder/vendor/codeigniter4/framework/system/CodeIgniter.php(824): App\Controllers\EquipmentsProduct->product_filter()
#3 /home/nocjadpy678c/public_html/tryyourwork.com/docladder/vendor/codeigniter4/framework/system/CodeIgniter.php(410): CodeIgniter\CodeIgniter->runController(Object(App\Controllers\EquipmentsProduct))
#4 /home/nocjadpy678c/public_html/tryyourwork.com/docladder/vendor/codeigniter4/framework/system/CodeIgniter.php(318): CodeIgniter\CodeIgniter->handleRequest(NULL, Object(Config\Cache), false)
#5 /home/nocjadpy678c/public_html/tryyourwork.com/docladder/index.php(37): CodeIgniter\CodeIgniter->run()
#6 {main}
CRITICAL - 2022-09-08 00:13:54 --> Undefined variable: start
#0 /home/nocjadpy678c/public_html/tryyourwork.com/docladder/app/Models/ProductEquipment.php(146): CodeIgniter\Debug\Exceptions->errorHandler(8, 'Undefined varia...', '/home/nocjadpy6...', 146, Array)
#1 /home/nocjadpy678c/public_html/tryyourwork.com/docladder/app/Controllers/EquipmentsProduct.php(59): App\Models\ProductEquipment->count_all(4, 1, NULL, NULL, NULL, '', '')
#2 /home/nocjadpy678c/public_html/tryyourwork.com/docladder/vendor/codeigniter4/framework/system/CodeIgniter.php(824): App\Controllers\EquipmentsProduct->product_filter()
#3 /home/nocjadpy678c/public_html/tryyourwork.com/docladder/vendor/codeigniter4/framework/system/CodeIgniter.php(410): CodeIgniter\CodeIgniter->runController(Object(App\Controllers\EquipmentsProduct))
#4 /home/nocjadpy678c/public_html/tryyourwork.com/docladder/vendor/codeigniter4/framework/system/CodeIgniter.php(318): CodeIgniter\CodeIgniter->handleRequest(NULL, Object(Config\Cache), false)
#5 /home/nocjadpy678c/public_html/tryyourwork.com/docladder/index.php(37): CodeIgniter\CodeIgniter->run()
#6 {main}
CRITICAL - 2022-09-08 00:21:31 --> Undefined variable: page_links
#0 /home/nocjadpy678c/public_html/tryyourwork.com/docladder/app/Controllers/EquipmentsProduct.php(64): CodeIgniter\Debug\Exceptions->errorHandler(8, 'Undefined varia...', '/home/nocjadpy6...', 64, Array)
#1 /home/nocjadpy678c/public_html/tryyourwork.com/docladder/vendor/codeigniter4/framework/system/CodeIgniter.php(824): App\Controllers\EquipmentsProduct->product_filter()
#2 /home/nocjadpy678c/public_html/tryyourwork.com/docladder/vendor/codeigniter4/framework/system/CodeIgniter.php(410): CodeIgniter\CodeIgniter->runController(Object(App\Controllers\EquipmentsProduct))
#3 /home/nocjadpy678c/public_html/tryyourwork.com/docladder/vendor/codeigniter4/framework/system/CodeIgniter.php(318): CodeIgniter\CodeIgniter->handleRequest(NULL, Object(Config\Cache), false)
#4 /home/nocjadpy678c/public_html/tryyourwork.com/docladder/index.php(37): CodeIgniter\CodeIgniter->run()
#5 {main}
CRITICAL - 2022-09-08 00:25:07 --> Undefined index: HTTP_REFERER
#0 /home/nocjadpy678c/public_html/tryyourwork.com/docladder/app/Controllers/JobseekerRegister.php(22): CodeIgniter\Debug\Exceptions->errorHandler(8, 'Undefined index...', '/home/nocjadpy6...', 22, Array)
#1 /home/nocjadpy678c/public_html/tryyourwork.com/docladder/vendor/codeigniter4/framework/system/CodeIgniter.php(824): App\Controllers\JobseekerRegister->index()
#2 /home/nocjadpy678c/public_html/tryyourwork.com/docladder/vendor/codeigniter4/framework/system/CodeIgniter.php(410): CodeIgniter\CodeIgniter->runController(Object(App\Controllers\JobseekerRegister))
#3 /home/nocjadpy678c/public_html/tryyourwork.com/docladder/vendor/codeigniter4/framework/system/CodeIgniter.php(318): CodeIgniter\CodeIgniter->handleRequest(NULL, Object(Config\Cache), false)
#4 /home/nocjadpy678c/public_html/tryyourwork.com/docladder/index.php(37): CodeIgniter\CodeIgniter->run()
#5 {main}
CRITICAL - 2022-09-08 03:57:12 --> Undefined variable: validation
#0 /home/nocjadpy678c/public_html/tryyourwork.com/docladder/app/Views/equipment-sell.php(103): CodeIgniter\Debug\Exceptions->errorHandler(8, 'Undefined varia...', '/home/nocjadpy6...', 103, Array)
#1 /home/nocjadpy678c/public_html/tryyourwork.com/docladder/vendor/codeigniter4/framework/system/View/View.php(214): include('/home/nocjadpy6...')
#2 /home/nocjadpy678c/public_html/tryyourwork.com/docladder/vendor/codeigniter4/framework/system/View/View.php(217): CodeIgniter\View\View->CodeIgniter\View\{closure}()
#3 /home/nocjadpy678c/public_html/tryyourwork.com/docladder/vendor/codeigniter4/framework/system/Common.php(1097): CodeIgniter\View\View->render('equipment-sell', Array, true)
#4 /home/nocjadpy678c/public_html/tryyourwork.com/docladder/app/Controllers/EquipmentSellProduct.php(25): view('equipment-sell', Array)
#5 /home/nocjadpy678c/public_html/tryyourwork.com/docladder/vendor/codeigniter4/framework/system/CodeIgniter.php(824): App\Controllers\EquipmentSellProduct->index()
#6 /home/nocjadpy678c/public_html/tryyourwork.com/docladder/vendor/codeigniter4/framework/system/CodeIgniter.php(410): CodeIgniter\CodeIgniter->runController(Object(App\Controllers\EquipmentSellProduct))
#7 /home/nocjadpy678c/public_html/tryyourwork.com/docladder/vendor/codeigniter4/framework/system/CodeIgniter.php(318): CodeIgniter\CodeIgniter->handleRequest(NULL, Object(Config\Cache), false)
#8 /home/nocjadpy678c/public_html/tryyourwork.com/docladder/index.php(37): CodeIgniter\CodeIgniter->run()
#9 {main}
ERROR - 2022-09-08 04:20:41 --> Table 'nocjadpy_docladder.Jobseeker' doesn't exist
CRITICAL - 2022-09-08 04:20:41 --> Table 'nocjadpy_docladder.Jobseeker' doesn't exist
#0 /home/nocjadpy678c/public_html/tryyourwork.com/docladder/vendor/codeigniter4/framework/system/Database/MySQLi/Connection.php(292): mysqli->query('SELECT *\nFROM `...', 0)
#1 /home/nocjadpy678c/public_html/tryyourwork.com/docladder/vendor/codeigniter4/framework/system/Database/BaseConnection.php(670): CodeIgniter\Database\MySQLi\Connection->execute('SELECT *\nFROM `...')
#2 /home/nocjadpy678c/public_html/tryyourwork.com/docladder/vendor/codeigniter4/framework/system/Database/BaseConnection.php(598): CodeIgniter\Database\BaseConnection->simpleQuery('SELECT *\nFROM `...')
#3 /home/nocjadpy678c/public_html/tryyourwork.com/docladder/vendor/codeigniter4/framework/system/Database/BaseBuilder.php(1443): CodeIgniter\Database\BaseConnection->query('SELECT *\nFROM `...', Array, false)
#4 /home/nocjadpy678c/public_html/tryyourwork.com/docladder/app/Controllers/EquipmentSellProduct.php(33): CodeIgniter\Database\BaseBuilder->get()
#5 /home/nocjadpy678c/public_html/tryyourwork.com/docladder/vendor/codeigniter4/framework/system/CodeIgniter.php(824): App\Controllers\EquipmentSellProduct->SellProduct()
#6 /home/nocjadpy678c/public_html/tryyourwork.com/docladder/vendor/codeigniter4/framework/system/CodeIgniter.php(410): CodeIgniter\CodeIgniter->runController(Object(App\Controllers\EquipmentSellProduct))
#7 /home/nocjadpy678c/public_html/tryyourwork.com/docladder/vendor/codeigniter4/framework/system/CodeIgniter.php(318): CodeIgniter\CodeIgniter->handleRequest(NULL, Object(Config\Cache), false)
#8 /home/nocjadpy678c/public_html/tryyourwork.com/docladder/index.php(37): CodeIgniter\CodeIgniter->run()
#9 {main}
CRITICAL - 2022-09-08 04:32:56 --> syntax error, unexpected ')'
#0 /home/nocjadpy678c/public_html/tryyourwork.com/docladder/vendor/codeigniter4/framework/system/View/View.php(217): CodeIgniter\View\View->CodeIgniter\View\{closure}()
#1 /home/nocjadpy678c/public_html/tryyourwork.com/docladder/vendor/codeigniter4/framework/system/Common.php(1097): CodeIgniter\View\View->render('equipment-sell', Array, true)
#2 /home/nocjadpy678c/public_html/tryyourwork.com/docladder/app/Controllers/EquipmentSellProduct.php(89): view('equipment-sell', Array)
#3 /home/nocjadpy678c/public_html/tryyourwork.com/docladder/vendor/codeigniter4/framework/system/CodeIgniter.php(824): App\Controllers\EquipmentSellProduct->SellProduct()
#4 /home/nocjadpy678c/public_html/tryyourwork.com/docladder/vendor/codeigniter4/framework/system/CodeIgniter.php(410): CodeIgniter\CodeIgniter->runController(Object(App\Controllers\EquipmentSellProduct))
#5 /home/nocjadpy678c/public_html/tryyourwork.com/docladder/vendor/codeigniter4/framework/system/CodeIgniter.php(318): CodeIgniter\CodeIgniter->handleRequest(NULL, Object(Config\Cache), false)
#6 /home/nocjadpy678c/public_html/tryyourwork.com/docladder/index.php(37): CodeIgniter\CodeIgniter->run()
#7 {main}
CRITICAL - 2022-09-08 04:59:13 --> Undefined index: price
#0 /home/nocjadpy678c/public_html/tryyourwork.com/docladder/app/Controllers/EquipmentSellProduct.php(162): CodeIgniter\Debug\Exceptions->errorHandler(8, 'Undefined index...', '/home/nocjadpy6...', 162, Array)
#1 /home/nocjadpy678c/public_html/tryyourwork.com/docladder/vendor/codeigniter4/framework/system/CodeIgniter.php(824): App\Controllers\EquipmentSellProduct->SellProduct()
#2 /home/nocjadpy678c/public_html/tryyourwork.com/docladder/vendor/codeigniter4/framework/system/CodeIgniter.php(410): CodeIgniter\CodeIgniter->runController(Object(App\Controllers\EquipmentSellProduct))
#3 /home/nocjadpy678c/public_html/tryyourwork.com/docladder/vendor/codeigniter4/framework/system/CodeIgniter.php(318): CodeIgniter\CodeIgniter->handleRequest(NULL, Object(Config\Cache), false)
#4 /home/nocjadpy678c/public_html/tryyourwork.com/docladder/index.php(37): CodeIgniter\CodeIgniter->run()
#5 {main}
ERROR - 2022-09-08 05:28:23 --> You have an error in your SQL syntax; check the manual that corresponds to your MySQL server version for the right syntax to use near 'WHERE status = '0' 
   LIMIT 1, 4' at line 2
CRITICAL - 2022-09-08 05:28:23 --> You have an error in your SQL syntax; check the manual that corresponds to your MySQL server version for the right syntax to use near 'WHERE status = '0' 
   LIMIT 1, 4' at line 2
#0 /home/nocjadpy678c/public_html/tryyourwork.com/docladder/vendor/codeigniter4/framework/system/Database/MySQLi/Connection.php(292): mysqli->query('\r\n  SELECT * FR...', 0)
#1 /home/nocjadpy678c/public_html/tryyourwork.com/docladder/vendor/codeigniter4/framework/system/Database/BaseConnection.php(670): CodeIgniter\Database\MySQLi\Connection->execute('\r\n  SELECT * FR...')
#2 /home/nocjadpy678c/public_html/tryyourwork.com/docladder/vendor/codeigniter4/framework/system/Database/BaseConnection.php(598): CodeIgniter\Database\BaseConnection->simpleQuery('\r\n  SELECT * FR...')
#3 /home/nocjadpy678c/public_html/tryyourwork.com/docladder/app/Models/ProductEquipment.php(175): CodeIgniter\Database\BaseConnection->query('\r\n  SELECT * FR...')
#4 /home/nocjadpy678c/public_html/tryyourwork.com/docladder/app/Controllers/EquipmentsProduct.php(65): App\Models\ProductEquipment->fetch_data(4, 1, '<!-- DEBUG-VIEW...', NULL, NULL, NULL, '', '')
#5 /home/nocjadpy678c/public_html/tryyourwork.com/docladder/vendor/codeigniter4/framework/system/CodeIgniter.php(824): App\Controllers\EquipmentsProduct->product_filter()
#6 /home/nocjadpy678c/public_html/tryyourwork.com/docladder/vendor/codeigniter4/framework/system/CodeIgniter.php(410): CodeIgniter\CodeIgniter->runController(Object(App\Controllers\EquipmentsProduct))
#7 /home/nocjadpy678c/public_html/tryyourwork.com/docladder/vendor/codeigniter4/framework/system/CodeIgniter.php(318): CodeIgniter\CodeIgniter->handleRequest(NULL, Object(Config\Cache), false)
#8 /home/nocjadpy678c/public_html/tryyourwork.com/docladder/index.php(37): CodeIgniter\CodeIgniter->run()
#9 {main}
ERROR - 2022-09-08 05:28:37 --> You have an error in your SQL syntax; check the manual that corresponds to your MySQL server version for the right syntax to use near 'WHERE status = '0' 
   LIMIT 1, 4' at line 2
CRITICAL - 2022-09-08 05:28:37 --> You have an error in your SQL syntax; check the manual that corresponds to your MySQL server version for the right syntax to use near 'WHERE status = '0' 
   LIMIT 1, 4' at line 2
#0 /home/nocjadpy678c/public_html/tryyourwork.com/docladder/vendor/codeigniter4/framework/system/Database/MySQLi/Connection.php(292): mysqli->query('\r\n  SELECT * FR...', 0)
#1 /home/nocjadpy678c/public_html/tryyourwork.com/docladder/vendor/codeigniter4/framework/system/Database/BaseConnection.php(670): CodeIgniter\Database\MySQLi\Connection->execute('\r\n  SELECT * FR...')
#2 /home/nocjadpy678c/public_html/tryyourwork.com/docladder/vendor/codeigniter4/framework/system/Database/BaseConnection.php(598): CodeIgniter\Database\BaseConnection->simpleQuery('\r\n  SELECT * FR...')
#3 /home/nocjadpy678c/public_html/tryyourwork.com/docladder/app/Models/ProductEquipment.php(175): CodeIgniter\Database\BaseConnection->query('\r\n  SELECT * FR...')
#4 /home/nocjadpy678c/public_html/tryyourwork.com/docladder/app/Controllers/EquipmentsProduct.php(65): App\Models\ProductEquipment->fetch_data(4, 1, '<!-- DEBUG-VIEW...', NULL, NULL, NULL, '', '')
#5 /home/nocjadpy678c/public_html/tryyourwork.com/docladder/vendor/codeigniter4/framework/system/CodeIgniter.php(824): App\Controllers\EquipmentsProduct->product_filter()
#6 /home/nocjadpy678c/public_html/tryyourwork.com/docladder/vendor/codeigniter4/framework/system/CodeIgniter.php(410): CodeIgniter\CodeIgniter->runController(Object(App\Controllers\EquipmentsProduct))
#7 /home/nocjadpy678c/public_html/tryyourwork.com/docladder/vendor/codeigniter4/framework/system/CodeIgniter.php(318): CodeIgniter\CodeIgniter->handleRequest(NULL, Object(Config\Cache), false)
#8 /home/nocjadpy678c/public_html/tryyourwork.com/docladder/index.php(37): CodeIgniter\CodeIgniter->run()
#9 {main}
ERROR - 2022-09-08 05:30:02 --> You have an error in your SQL syntax; check the manual that corresponds to your MySQL server version for the right syntax to use near 'ORDER BY id desc' at line 3
CRITICAL - 2022-09-08 05:30:02 --> You have an error in your SQL syntax; check the manual that corresponds to your MySQL server version for the right syntax to use near 'ORDER BY id desc' at line 3
#0 /home/nocjadpy678c/public_html/tryyourwork.com/docladder/vendor/codeigniter4/framework/system/Database/MySQLi/Connection.php(292): mysqli->query('\r\n  SELECT * FR...', 0)
#1 /home/nocjadpy678c/public_html/tryyourwork.com/docladder/vendor/codeigniter4/framework/system/Database/BaseConnection.php(670): CodeIgniter\Database\MySQLi\Connection->execute('\r\n  SELECT * FR...')
#2 /home/nocjadpy678c/public_html/tryyourwork.com/docladder/vendor/codeigniter4/framework/system/Database/BaseConnection.php(598): CodeIgniter\Database\BaseConnection->simpleQuery('\r\n  SELECT * FR...')
#3 /home/nocjadpy678c/public_html/tryyourwork.com/docladder/app/Models/ProductEquipment.php(176): CodeIgniter\Database\BaseConnection->query('\r\n  SELECT * FR...')
#4 /home/nocjadpy678c/public_html/tryyourwork.com/docladder/app/Controllers/EquipmentsProduct.php(65): App\Models\ProductEquipment->fetch_data(4, 1, '<!-- DEBUG-VIEW...', NULL, NULL, NULL, '', '')
#5 /home/nocjadpy678c/public_html/tryyourwork.com/docladder/vendor/codeigniter4/framework/system/CodeIgniter.php(824): App\Controllers\EquipmentsProduct->product_filter()
#6 /home/nocjadpy678c/public_html/tryyourwork.com/docladder/vendor/codeigniter4/framework/system/CodeIgniter.php(410): CodeIgniter\CodeIgniter->runController(Object(App\Controllers\EquipmentsProduct))
#7 /home/nocjadpy678c/public_html/tryyourwork.com/docladder/vendor/codeigniter4/framework/system/CodeIgniter.php(318): CodeIgniter\CodeIgniter->handleRequest(NULL, Object(Config\Cache), false)
#8 /home/nocjadpy678c/public_html/tryyourwork.com/docladder/index.php(37): CodeIgniter\CodeIgniter->run()
#9 {main}
ERROR - 2022-09-08 05:31:07 --> You have an error in your SQL syntax; check the manual that corresponds to your MySQL server version for the right syntax to use near 'LIMIT 1, 4' at line 3
CRITICAL - 2022-09-08 05:31:07 --> You have an error in your SQL syntax; check the manual that corresponds to your MySQL server version for the right syntax to use near 'LIMIT 1, 4' at line 3
#0 /home/nocjadpy678c/public_html/tryyourwork.com/docladder/vendor/codeigniter4/framework/system/Database/MySQLi/Connection.php(292): mysqli->query('\r\n  SELECT * FR...', 0)
#1 /home/nocjadpy678c/public_html/tryyourwork.com/docladder/vendor/codeigniter4/framework/system/Database/BaseConnection.php(670): CodeIgniter\Database\MySQLi\Connection->execute('\r\n  SELECT * FR...')
#2 /home/nocjadpy678c/public_html/tryyourwork.com/docladder/vendor/codeigniter4/framework/system/Database/BaseConnection.php(598): CodeIgniter\Database\BaseConnection->simpleQuery('\r\n  SELECT * FR...')
#3 /home/nocjadpy678c/public_html/tryyourwork.com/docladder/app/Models/ProductEquipment.php(179): CodeIgniter\Database\BaseConnection->query('\r\n  SELECT * FR...')
#4 /home/nocjadpy678c/public_html/tryyourwork.com/docladder/app/Controllers/EquipmentsProduct.php(65): App\Models\ProductEquipment->fetch_data(4, 1, '<!-- DEBUG-VIEW...', NULL, NULL, NULL, '', '')
#5 /home/nocjadpy678c/public_html/tryyourwork.com/docladder/vendor/codeigniter4/framework/system/CodeIgniter.php(824): App\Controllers\EquipmentsProduct->product_filter()
#6 /home/nocjadpy678c/public_html/tryyourwork.com/docladder/vendor/codeigniter4/framework/system/CodeIgniter.php(410): CodeIgniter\CodeIgniter->runController(Object(App\Controllers\EquipmentsProduct))
#7 /home/nocjadpy678c/public_html/tryyourwork.com/docladder/vendor/codeigniter4/framework/system/CodeIgniter.php(318): CodeIgniter\CodeIgniter->handleRequest(NULL, Object(Config\Cache), false)
#8 /home/nocjadpy678c/public_html/tryyourwork.com/docladder/index.php(37): CodeIgniter\CodeIgniter->run()
#9 {main}
CRITICAL - 2022-09-08 06:01:02 --> Trying to access array offset on value of type null
#0 /home/nocjadpy678c/public_html/tryyourwork.com/docladder/app/Controllers/EquipmentsProduct.php(126): CodeIgniter\Debug\Exceptions->errorHandler(8, 'Trying to acces...', '/home/nocjadpy6...', 126, Array)
#1 /home/nocjadpy678c/public_html/tryyourwork.com/docladder/vendor/codeigniter4/framework/system/CodeIgniter.php(824): App\Controllers\EquipmentsProduct->Productrequiter('2')
#2 /home/nocjadpy678c/public_html/tryyourwork.com/docladder/vendor/codeigniter4/framework/system/CodeIgniter.php(410): CodeIgniter\CodeIgniter->runController(Object(App\Controllers\EquipmentsProduct))
#3 /home/nocjadpy678c/public_html/tryyourwork.com/docladder/vendor/codeigniter4/framework/system/CodeIgniter.php(318): CodeIgniter\CodeIgniter->handleRequest(NULL, Object(Config\Cache), false)
#4 /home/nocjadpy678c/public_html/tryyourwork.com/docladder/index.php(37): CodeIgniter\CodeIgniter->run()
#5 {main}
CRITICAL - 2022-09-08 06:46:38 --> unlink(/home/nocjadpy678c/public_html/tryyourwork.com/docladder/writable/debugbar/debugbar_1662636644.json): No such file or directory
#0 [internal function]: CodeIgniter\Debug\Exceptions->errorHandler(2, 'unlink(/home/no...', '/home/nocjadpy6...', 74, Array)
#1 /home/nocjadpy678c/public_html/tryyourwork.com/docladder/vendor/codeigniter4/framework/system/Debug/Toolbar/Collectors/History.php(74): unlink('/home/nocjadpy6...')
#2 /home/nocjadpy678c/public_html/tryyourwork.com/docladder/vendor/codeigniter4/framework/system/Debug/Toolbar.php(483): CodeIgniter\Debug\Toolbar\Collectors\History->setFiles(1662637592, 20)
#3 /home/nocjadpy678c/public_html/tryyourwork.com/docladder/vendor/codeigniter4/framework/system/Debug/Toolbar.php(460): CodeIgniter\Debug\Toolbar->format(Array, 'html')
#4 /home/nocjadpy678c/public_html/tryyourwork.com/docladder/app/Config/Events.php(48): CodeIgniter\Debug\Toolbar->respond()
#5 /home/nocjadpy678c/public_html/tryyourwork.com/docladder/vendor/codeigniter4/framework/system/Events/Events.php(149): CodeIgniter\Events\Events::Config\{closure}()
#6 /home/nocjadpy678c/public_html/tryyourwork.com/docladder/vendor/codeigniter4/framework/system/CodeIgniter.php(300): CodeIgniter\Events\Events::trigger('pre_system')
#7 /home/nocjadpy678c/public_html/tryyourwork.com/docladder/index.php(37): CodeIgniter\CodeIgniter->run()
#8 {main}
CRITICAL - 2022-09-08 09:07:17 --> Undefined variable: limit
#0 /home/nocjadpy678c/public_html/tryyourwork.com/docladder/app/Controllers/EquipmentsProduct.php(59): CodeIgniter\Debug\Exceptions->errorHandler(8, 'Undefined varia...', '/home/nocjadpy6...', 59, Array)
#1 /home/nocjadpy678c/public_html/tryyourwork.com/docladder/vendor/codeigniter4/framework/system/CodeIgniter.php(824): App\Controllers\EquipmentsProduct->product_filter()
#2 /home/nocjadpy678c/public_html/tryyourwork.com/docladder/vendor/codeigniter4/framework/system/CodeIgniter.php(410): CodeIgniter\CodeIgniter->runController(Object(App\Controllers\EquipmentsProduct))
#3 /home/nocjadpy678c/public_html/tryyourwork.com/docladder/vendor/codeigniter4/framework/system/CodeIgniter.php(318): CodeIgniter\CodeIgniter->handleRequest(NULL, Object(Config\Cache), false)
#4 /home/nocjadpy678c/public_html/tryyourwork.com/docladder/index.php(37): CodeIgniter\CodeIgniter->run()
#5 {main}
CRITICAL - 2022-09-08 09:07:42 --> Undefined variable: limit
#0 /home/nocjadpy678c/public_html/tryyourwork.com/docladder/app/Controllers/EquipmentsProduct.php(59): CodeIgniter\Debug\Exceptions->errorHandler(8, 'Undefined varia...', '/home/nocjadpy6...', 59, Array)
#1 /home/nocjadpy678c/public_html/tryyourwork.com/docladder/vendor/codeigniter4/framework/system/CodeIgniter.php(824): App\Controllers\EquipmentsProduct->product_filter()
#2 /home/nocjadpy678c/public_html/tryyourwork.com/docladder/vendor/codeigniter4/framework/system/CodeIgniter.php(410): CodeIgniter\CodeIgniter->runController(Object(App\Controllers\EquipmentsProduct))
#3 /home/nocjadpy678c/public_html/tryyourwork.com/docladder/vendor/codeigniter4/framework/system/CodeIgniter.php(318): CodeIgniter\CodeIgniter->handleRequest(NULL, Object(Config\Cache), false)
#4 /home/nocjadpy678c/public_html/tryyourwork.com/docladder/index.php(37): CodeIgniter\CodeIgniter->run()
#5 {main}
CRITICAL - 2022-09-08 09:10:49 --> Undefined variable: limit
#0 /home/nocjadpy678c/public_html/tryyourwork.com/docladder/app/Controllers/EquipmentsProduct.php(59): CodeIgniter\Debug\Exceptions->errorHandler(8, 'Undefined varia...', '/home/nocjadpy6...', 59, Array)
#1 /home/nocjadpy678c/public_html/tryyourwork.com/docladder/vendor/codeigniter4/framework/system/CodeIgniter.php(824): App\Controllers\EquipmentsProduct->product_filter()
#2 /home/nocjadpy678c/public_html/tryyourwork.com/docladder/vendor/codeigniter4/framework/system/CodeIgniter.php(410): CodeIgniter\CodeIgniter->runController(Object(App\Controllers\EquipmentsProduct))
#3 /home/nocjadpy678c/public_html/tryyourwork.com/docladder/vendor/codeigniter4/framework/system/CodeIgniter.php(318): CodeIgniter\CodeIgniter->handleRequest(NULL, Object(Config\Cache), false)
#4 /home/nocjadpy678c/public_html/tryyourwork.com/docladder/index.php(37): CodeIgniter\CodeIgniter->run()
#5 {main}
CRITICAL - 2022-09-08 09:11:29 --> Undefined variable: limit
#0 /home/nocjadpy678c/public_html/tryyourwork.com/docladder/app/Controllers/EquipmentsProduct.php(59): CodeIgniter\Debug\Exceptions->errorHandler(8, 'Undefined varia...', '/home/nocjadpy6...', 59, Array)
#1 /home/nocjadpy678c/public_html/tryyourwork.com/docladder/vendor/codeigniter4/framework/system/CodeIgniter.php(824): App\Controllers\EquipmentsProduct->product_filter()
#2 /home/nocjadpy678c/public_html/tryyourwork.com/docladder/vendor/codeigniter4/framework/system/CodeIgniter.php(410): CodeIgniter\CodeIgniter->runController(Object(App\Controllers\EquipmentsProduct))
#3 /home/nocjadpy678c/public_html/tryyourwork.com/docladder/vendor/codeigniter4/framework/system/CodeIgniter.php(318): CodeIgniter\CodeIgniter->handleRequest(NULL, Object(Config\Cache), false)
#4 /home/nocjadpy678c/public_html/tryyourwork.com/docladder/index.php(37): CodeIgniter\CodeIgniter->run()
#5 {main}
