CRITICAL - 2022-08-19 00:37:23 --> Undefined variable: pager
#0 /home/nocjadpy678c/public_html/tryyourwork.com/docladder/app/Views/recent-jobs.php(240): CodeIgniter\Debug\Exceptions->errorHandler(8, 'Undefined varia...', '/home/nocjadpy6...', 240, Array)
#1 /home/nocjadpy678c/public_html/tryyourwork.com/docladder/vendor/codeigniter4/framework/system/View/View.php(214): include('/home/nocjadpy6...')
#2 /home/nocjadpy678c/public_html/tryyourwork.com/docladder/vendor/codeigniter4/framework/system/View/View.php(217): CodeIgniter\View\View->CodeIgniter\View\{closure}()
#3 /home/nocjadpy678c/public_html/tryyourwork.com/docladder/vendor/codeigniter4/framework/system/Common.php(1097): CodeIgniter\View\View->render('recent-jobs', Array, true)
#4 /home/nocjadpy678c/public_html/tryyourwork.com/docladder/app/Controllers/RecentJobs.php(94): view('recent-jobs', Array)
#5 /home/nocjadpy678c/public_html/tryyourwork.com/docladder/vendor/codeigniter4/framework/system/CodeIgniter.php(824): App\Controllers\RecentJobs->index()
#6 /home/nocjadpy678c/public_html/tryyourwork.com/docladder/vendor/codeigniter4/framework/system/CodeIgniter.php(410): CodeIgniter\CodeIgniter->runController(Object(App\Controllers\RecentJobs))
#7 /home/nocjadpy678c/public_html/tryyourwork.com/docladder/vendor/codeigniter4/framework/system/CodeIgniter.php(318): CodeIgniter\CodeIgniter->handleRequest(NULL, Object(Config\Cache), false)
#8 /home/nocjadpy678c/public_html/tryyourwork.com/docladder/index.php(37): CodeIgniter\CodeIgniter->run()
#9 {main}
CRITICAL - 2022-08-19 00:39:40 --> Undefined variable: pager
#0 /home/nocjadpy678c/public_html/tryyourwork.com/docladder/app/Views/recent-jobs.php(240): CodeIgniter\Debug\Exceptions->errorHandler(8, 'Undefined varia...', '/home/nocjadpy6...', 240, Array)
#1 /home/nocjadpy678c/public_html/tryyourwork.com/docladder/vendor/codeigniter4/framework/system/View/View.php(214): include('/home/nocjadpy6...')
#2 /home/nocjadpy678c/public_html/tryyourwork.com/docladder/vendor/codeigniter4/framework/system/View/View.php(217): CodeIgniter\View\View->CodeIgniter\View\{closure}()
#3 /home/nocjadpy678c/public_html/tryyourwork.com/docladder/vendor/codeigniter4/framework/system/Common.php(1097): CodeIgniter\View\View->render('recent-jobs', Array, true)
#4 /home/nocjadpy678c/public_html/tryyourwork.com/docladder/app/Controllers/RecentJobs.php(94): view('recent-jobs', Array)
#5 /home/nocjadpy678c/public_html/tryyourwork.com/docladder/vendor/codeigniter4/framework/system/CodeIgniter.php(824): App\Controllers\RecentJobs->index()
#6 /home/nocjadpy678c/public_html/tryyourwork.com/docladder/vendor/codeigniter4/framework/system/CodeIgniter.php(410): CodeIgniter\CodeIgniter->runController(Object(App\Controllers\RecentJobs))
#7 /home/nocjadpy678c/public_html/tryyourwork.com/docladder/vendor/codeigniter4/framework/system/CodeIgniter.php(318): CodeIgniter\CodeIgniter->handleRequest(NULL, Object(Config\Cache), false)
#8 /home/nocjadpy678c/public_html/tryyourwork.com/docladder/index.php(37): CodeIgniter\CodeIgniter->run()
#9 {main}
CRITICAL - 2022-08-19 02:05:28 --> Undefined variable: pager
#0 /home/nocjadpy678c/public_html/tryyourwork.com/docladder/app/Views/recent-jobs.php(241): CodeIgniter\Debug\Exceptions->errorHandler(8, 'Undefined varia...', '/home/nocjadpy6...', 241, Array)
#1 /home/nocjadpy678c/public_html/tryyourwork.com/docladder/vendor/codeigniter4/framework/system/View/View.php(214): include('/home/nocjadpy6...')
#2 /home/nocjadpy678c/public_html/tryyourwork.com/docladder/vendor/codeigniter4/framework/system/View/View.php(217): CodeIgniter\View\View->CodeIgniter\View\{closure}()
#3 /home/nocjadpy678c/public_html/tryyourwork.com/docladder/vendor/codeigniter4/framework/system/Common.php(1097): CodeIgniter\View\View->render('recent-jobs', Array, true)
#4 /home/nocjadpy678c/public_html/tryyourwork.com/docladder/app/Controllers/RecentJobs.php(94): view('recent-jobs', Array)
#5 /home/nocjadpy678c/public_html/tryyourwork.com/docladder/vendor/codeigniter4/framework/system/CodeIgniter.php(824): App\Controllers\RecentJobs->index()
#6 /home/nocjadpy678c/public_html/tryyourwork.com/docladder/vendor/codeigniter4/framework/system/CodeIgniter.php(410): CodeIgniter\CodeIgniter->runController(Object(App\Controllers\RecentJobs))
#7 /home/nocjadpy678c/public_html/tryyourwork.com/docladder/vendor/codeigniter4/framework/system/CodeIgniter.php(318): CodeIgniter\CodeIgniter->handleRequest(NULL, Object(Config\Cache), false)
#8 /home/nocjadpy678c/public_html/tryyourwork.com/docladder/index.php(37): CodeIgniter\CodeIgniter->run()
#9 {main}
CRITICAL - 2022-08-19 02:06:04 --> Undefined variable: pager
#0 /home/nocjadpy678c/public_html/tryyourwork.com/docladder/app/Views/recent-jobs.php(241): CodeIgniter\Debug\Exceptions->errorHandler(8, 'Undefined varia...', '/home/nocjadpy6...', 241, Array)
#1 /home/nocjadpy678c/public_html/tryyourwork.com/docladder/vendor/codeigniter4/framework/system/View/View.php(214): include('/home/nocjadpy6...')
#2 /home/nocjadpy678c/public_html/tryyourwork.com/docladder/vendor/codeigniter4/framework/system/View/View.php(217): CodeIgniter\View\View->CodeIgniter\View\{closure}()
#3 /home/nocjadpy678c/public_html/tryyourwork.com/docladder/vendor/codeigniter4/framework/system/Common.php(1097): CodeIgniter\View\View->render('recent-jobs', Array, true)
#4 /home/nocjadpy678c/public_html/tryyourwork.com/docladder/app/Controllers/RecentJobs.php(94): view('recent-jobs', Array)
#5 /home/nocjadpy678c/public_html/tryyourwork.com/docladder/vendor/codeigniter4/framework/system/CodeIgniter.php(824): App\Controllers\RecentJobs->index()
#6 /home/nocjadpy678c/public_html/tryyourwork.com/docladder/vendor/codeigniter4/framework/system/CodeIgniter.php(410): CodeIgniter\CodeIgniter->runController(Object(App\Controllers\RecentJobs))
#7 /home/nocjadpy678c/public_html/tryyourwork.com/docladder/vendor/codeigniter4/framework/system/CodeIgniter.php(318): CodeIgniter\CodeIgniter->handleRequest(NULL, Object(Config\Cache), false)
#8 /home/nocjadpy678c/public_html/tryyourwork.com/docladder/index.php(37): CodeIgniter\CodeIgniter->run()
#9 {main}
CRITICAL - 2022-08-19 02:06:34 --> Cannot use isset() on the result of an expression (you can use "null !== expression" instead)
#0 [internal function]: CodeIgniter\Debug\Exceptions->shutdownHandler()
#1 {main}
CRITICAL - 2022-08-19 02:47:53 --> syntax error, unexpected 'designation_id' (T_STRING), expecting ']'
#0 /home/nocjadpy678c/public_html/tryyourwork.com/docladder/vendor/codeigniter4/framework/system/View/View.php(217): CodeIgniter\View\View->CodeIgniter\View\{closure}()
#1 /home/nocjadpy678c/public_html/tryyourwork.com/docladder/vendor/codeigniter4/framework/system/Common.php(1097): CodeIgniter\View\View->render('recent-jobs', Array, true)
#2 /home/nocjadpy678c/public_html/tryyourwork.com/docladder/app/Controllers/RecentJobs.php(101): view('recent-jobs', Array)
#3 /home/nocjadpy678c/public_html/tryyourwork.com/docladder/vendor/codeigniter4/framework/system/CodeIgniter.php(824): App\Controllers\RecentJobs->index()
#4 /home/nocjadpy678c/public_html/tryyourwork.com/docladder/vendor/codeigniter4/framework/system/CodeIgniter.php(410): CodeIgniter\CodeIgniter->runController(Object(App\Controllers\RecentJobs))
#5 /home/nocjadpy678c/public_html/tryyourwork.com/docladder/vendor/codeigniter4/framework/system/CodeIgniter.php(318): CodeIgniter\CodeIgniter->handleRequest(NULL, Object(Config\Cache), false)
#6 /home/nocjadpy678c/public_html/tryyourwork.com/docladder/index.php(37): CodeIgniter\CodeIgniter->run()
#7 {main}
CRITICAL - 2022-08-19 02:50:07 --> Undefined index: job_title
#0 /home/nocjadpy678c/public_html/tryyourwork.com/docladder/app/Views/recent-jobs.php(102): CodeIgniter\Debug\Exceptions->errorHandler(8, 'Undefined index...', '/home/nocjadpy6...', 102, Array)
#1 /home/nocjadpy678c/public_html/tryyourwork.com/docladder/vendor/codeigniter4/framework/system/View/View.php(214): include('/home/nocjadpy6...')
#2 /home/nocjadpy678c/public_html/tryyourwork.com/docladder/vendor/codeigniter4/framework/system/View/View.php(217): CodeIgniter\View\View->CodeIgniter\View\{closure}()
#3 /home/nocjadpy678c/public_html/tryyourwork.com/docladder/vendor/codeigniter4/framework/system/Common.php(1097): CodeIgniter\View\View->render('recent-jobs', Array, true)
#4 /home/nocjadpy678c/public_html/tryyourwork.com/docladder/app/Controllers/RecentJobs.php(101): view('recent-jobs', Array)
#5 /home/nocjadpy678c/public_html/tryyourwork.com/docladder/vendor/codeigniter4/framework/system/CodeIgniter.php(824): App\Controllers\RecentJobs->index()
#6 /home/nocjadpy678c/public_html/tryyourwork.com/docladder/vendor/codeigniter4/framework/system/CodeIgniter.php(410): CodeIgniter\CodeIgniter->runController(Object(App\Controllers\RecentJobs))
#7 /home/nocjadpy678c/public_html/tryyourwork.com/docladder/vendor/codeigniter4/framework/system/CodeIgniter.php(318): CodeIgniter\CodeIgniter->handleRequest(NULL, Object(Config\Cache), false)
#8 /home/nocjadpy678c/public_html/tryyourwork.com/docladder/index.php(37): CodeIgniter\CodeIgniter->run()
#9 {main}
CRITICAL - 2022-08-19 02:50:52 --> Undefined index: job_title
#0 /home/nocjadpy678c/public_html/tryyourwork.com/docladder/app/Views/recent-jobs.php(102): CodeIgniter\Debug\Exceptions->errorHandler(8, 'Undefined index...', '/home/nocjadpy6...', 102, Array)
#1 /home/nocjadpy678c/public_html/tryyourwork.com/docladder/vendor/codeigniter4/framework/system/View/View.php(214): include('/home/nocjadpy6...')
#2 /home/nocjadpy678c/public_html/tryyourwork.com/docladder/vendor/codeigniter4/framework/system/View/View.php(217): CodeIgniter\View\View->CodeIgniter\View\{closure}()
#3 /home/nocjadpy678c/public_html/tryyourwork.com/docladder/vendor/codeigniter4/framework/system/Common.php(1097): CodeIgniter\View\View->render('recent-jobs', Array, true)
#4 /home/nocjadpy678c/public_html/tryyourwork.com/docladder/app/Controllers/RecentJobs.php(101): view('recent-jobs', Array)
#5 /home/nocjadpy678c/public_html/tryyourwork.com/docladder/vendor/codeigniter4/framework/system/CodeIgniter.php(824): App\Controllers\RecentJobs->index()
#6 /home/nocjadpy678c/public_html/tryyourwork.com/docladder/vendor/codeigniter4/framework/system/CodeIgniter.php(410): CodeIgniter\CodeIgniter->runController(Object(App\Controllers\RecentJobs))
#7 /home/nocjadpy678c/public_html/tryyourwork.com/docladder/vendor/codeigniter4/framework/system/CodeIgniter.php(318): CodeIgniter\CodeIgniter->handleRequest(NULL, Object(Config\Cache), false)
#8 /home/nocjadpy678c/public_html/tryyourwork.com/docladder/index.php(37): CodeIgniter\CodeIgniter->run()
#9 {main}
CRITICAL - 2022-08-19 02:51:13 --> Undefined index: job_title
#0 /home/nocjadpy678c/public_html/tryyourwork.com/docladder/app/Views/recent-jobs.php(102): CodeIgniter\Debug\Exceptions->errorHandler(8, 'Undefined index...', '/home/nocjadpy6...', 102, Array)
#1 /home/nocjadpy678c/public_html/tryyourwork.com/docladder/vendor/codeigniter4/framework/system/View/View.php(214): include('/home/nocjadpy6...')
#2 /home/nocjadpy678c/public_html/tryyourwork.com/docladder/vendor/codeigniter4/framework/system/View/View.php(217): CodeIgniter\View\View->CodeIgniter\View\{closure}()
#3 /home/nocjadpy678c/public_html/tryyourwork.com/docladder/vendor/codeigniter4/framework/system/Common.php(1097): CodeIgniter\View\View->render('recent-jobs', Array, true)
#4 /home/nocjadpy678c/public_html/tryyourwork.com/docladder/app/Controllers/RecentJobs.php(101): view('recent-jobs', Array)
#5 /home/nocjadpy678c/public_html/tryyourwork.com/docladder/vendor/codeigniter4/framework/system/CodeIgniter.php(824): App\Controllers\RecentJobs->index()
#6 /home/nocjadpy678c/public_html/tryyourwork.com/docladder/vendor/codeigniter4/framework/system/CodeIgniter.php(410): CodeIgniter\CodeIgniter->runController(Object(App\Controllers\RecentJobs))
#7 /home/nocjadpy678c/public_html/tryyourwork.com/docladder/vendor/codeigniter4/framework/system/CodeIgniter.php(318): CodeIgniter\CodeIgniter->handleRequest(NULL, Object(Config\Cache), false)
#8 /home/nocjadpy678c/public_html/tryyourwork.com/docladder/index.php(37): CodeIgniter\CodeIgniter->run()
#9 {main}
CRITICAL - 2022-08-19 02:52:16 --> syntax error, unexpected 'echo' (T_ECHO)
#0 /home/nocjadpy678c/public_html/tryyourwork.com/docladder/vendor/codeigniter4/framework/system/View/View.php(217): CodeIgniter\View\View->CodeIgniter\View\{closure}()
#1 /home/nocjadpy678c/public_html/tryyourwork.com/docladder/vendor/codeigniter4/framework/system/Common.php(1097): CodeIgniter\View\View->render('recent-jobs', Array, true)
#2 /home/nocjadpy678c/public_html/tryyourwork.com/docladder/app/Controllers/RecentJobs.php(101): view('recent-jobs', Array)
#3 /home/nocjadpy678c/public_html/tryyourwork.com/docladder/vendor/codeigniter4/framework/system/CodeIgniter.php(824): App\Controllers\RecentJobs->index()
#4 /home/nocjadpy678c/public_html/tryyourwork.com/docladder/vendor/codeigniter4/framework/system/CodeIgniter.php(410): CodeIgniter\CodeIgniter->runController(Object(App\Controllers\RecentJobs))
#5 /home/nocjadpy678c/public_html/tryyourwork.com/docladder/vendor/codeigniter4/framework/system/CodeIgniter.php(318): CodeIgniter\CodeIgniter->handleRequest(NULL, Object(Config\Cache), false)
#6 /home/nocjadpy678c/public_html/tryyourwork.com/docladder/index.php(37): CodeIgniter\CodeIgniter->run()
#7 {main}
CRITICAL - 2022-08-19 02:52:44 --> syntax error, unexpected 'echo' (T_ECHO)
#0 /home/nocjadpy678c/public_html/tryyourwork.com/docladder/vendor/codeigniter4/framework/system/View/View.php(217): CodeIgniter\View\View->CodeIgniter\View\{closure}()
#1 /home/nocjadpy678c/public_html/tryyourwork.com/docladder/vendor/codeigniter4/framework/system/Common.php(1097): CodeIgniter\View\View->render('recent-jobs', Array, true)
#2 /home/nocjadpy678c/public_html/tryyourwork.com/docladder/app/Controllers/RecentJobs.php(101): view('recent-jobs', Array)
#3 /home/nocjadpy678c/public_html/tryyourwork.com/docladder/vendor/codeigniter4/framework/system/CodeIgniter.php(824): App\Controllers\RecentJobs->index()
#4 /home/nocjadpy678c/public_html/tryyourwork.com/docladder/vendor/codeigniter4/framework/system/CodeIgniter.php(410): CodeIgniter\CodeIgniter->runController(Object(App\Controllers\RecentJobs))
#5 /home/nocjadpy678c/public_html/tryyourwork.com/docladder/vendor/codeigniter4/framework/system/CodeIgniter.php(318): CodeIgniter\CodeIgniter->handleRequest(NULL, Object(Config\Cache), false)
#6 /home/nocjadpy678c/public_html/tryyourwork.com/docladder/index.php(37): CodeIgniter\CodeIgniter->run()
#7 {main}
CRITICAL - 2022-08-19 02:53:03 --> syntax error, unexpected '{'
#0 /home/nocjadpy678c/public_html/tryyourwork.com/docladder/vendor/codeigniter4/framework/system/View/View.php(217): CodeIgniter\View\View->CodeIgniter\View\{closure}()
#1 /home/nocjadpy678c/public_html/tryyourwork.com/docladder/vendor/codeigniter4/framework/system/Common.php(1097): CodeIgniter\View\View->render('recent-jobs', Array, true)
#2 /home/nocjadpy678c/public_html/tryyourwork.com/docladder/app/Controllers/RecentJobs.php(101): view('recent-jobs', Array)
#3 /home/nocjadpy678c/public_html/tryyourwork.com/docladder/vendor/codeigniter4/framework/system/CodeIgniter.php(824): App\Controllers\RecentJobs->index()
#4 /home/nocjadpy678c/public_html/tryyourwork.com/docladder/vendor/codeigniter4/framework/system/CodeIgniter.php(410): CodeIgniter\CodeIgniter->runController(Object(App\Controllers\RecentJobs))
#5 /home/nocjadpy678c/public_html/tryyourwork.com/docladder/vendor/codeigniter4/framework/system/CodeIgniter.php(318): CodeIgniter\CodeIgniter->handleRequest(NULL, Object(Config\Cache), false)
#6 /home/nocjadpy678c/public_html/tryyourwork.com/docladder/index.php(37): CodeIgniter\CodeIgniter->run()
#7 {main}
