CRITICAL - 2022-11-24 00:27:35 --> syntax error, unexpected 'if' (T_IF)
#0 C:\xampp\htdocs\docladder\vendor\codeigniter4\framework\system\Autoloader\Autoloader.php(241): CodeIgniter\Autoloader\Autoloader->includeFile('C:\\xampp\\htdocs...')
#1 C:\xampp\htdocs\docladder\vendor\codeigniter4\framework\system\Autoloader\Autoloader.php(219): CodeIgniter\Autoloader\Autoloader->loadInNamespace('App\\Controllers...')
#2 [internal function]: CodeIgniter\Autoloader\Autoloader->loadClass('App\\Controllers...')
#3 [internal function]: spl_autoload_call('App\\Controllers...')
#4 C:\xampp\htdocs\docladder\vendor\codeigniter4\framework\system\CodeIgniter.php(789): class_exists('\\App\\Controller...', true)
#5 C:\xampp\htdocs\docladder\vendor\codeigniter4\framework\system\CodeIgniter.php(397): CodeIgniter\CodeIgniter->startController()
#6 C:\xampp\htdocs\docladder\vendor\codeigniter4\framework\system\CodeIgniter.php(318): CodeIgniter\CodeIgniter->handleRequest(NULL, Object(Config\Cache), false)
#7 C:\xampp\htdocs\docladder\index.php(37): CodeIgniter\CodeIgniter->run()
#8 {main}
CRITICAL - 2022-11-24 00:28:27 --> syntax error, unexpected 'if' (T_IF)
#0 C:\xampp\htdocs\docladder\vendor\codeigniter4\framework\system\Autoloader\Autoloader.php(241): CodeIgniter\Autoloader\Autoloader->includeFile('C:\\xampp\\htdocs...')
#1 C:\xampp\htdocs\docladder\vendor\codeigniter4\framework\system\Autoloader\Autoloader.php(219): CodeIgniter\Autoloader\Autoloader->loadInNamespace('App\\Controllers...')
#2 [internal function]: CodeIgniter\Autoloader\Autoloader->loadClass('App\\Controllers...')
#3 [internal function]: spl_autoload_call('App\\Controllers...')
#4 C:\xampp\htdocs\docladder\vendor\codeigniter4\framework\system\CodeIgniter.php(789): class_exists('\\App\\Controller...', true)
#5 C:\xampp\htdocs\docladder\vendor\codeigniter4\framework\system\CodeIgniter.php(397): CodeIgniter\CodeIgniter->startController()
#6 C:\xampp\htdocs\docladder\vendor\codeigniter4\framework\system\CodeIgniter.php(318): CodeIgniter\CodeIgniter->handleRequest(NULL, Object(Config\Cache), false)
#7 C:\xampp\htdocs\docladder\index.php(37): CodeIgniter\CodeIgniter->run()
#8 {main}
CRITICAL - 2022-11-24 00:32:55 --> syntax error, unexpected 'if' (T_IF)
#0 C:\xampp\htdocs\docladder\vendor\codeigniter4\framework\system\Autoloader\Autoloader.php(241): CodeIgniter\Autoloader\Autoloader->includeFile('C:\\xampp\\htdocs...')
#1 C:\xampp\htdocs\docladder\vendor\codeigniter4\framework\system\Autoloader\Autoloader.php(219): CodeIgniter\Autoloader\Autoloader->loadInNamespace('App\\Controllers...')
#2 [internal function]: CodeIgniter\Autoloader\Autoloader->loadClass('App\\Controllers...')
#3 [internal function]: spl_autoload_call('App\\Controllers...')
#4 C:\xampp\htdocs\docladder\vendor\codeigniter4\framework\system\CodeIgniter.php(789): class_exists('\\App\\Controller...', true)
#5 C:\xampp\htdocs\docladder\vendor\codeigniter4\framework\system\CodeIgniter.php(397): CodeIgniter\CodeIgniter->startController()
#6 C:\xampp\htdocs\docladder\vendor\codeigniter4\framework\system\CodeIgniter.php(318): CodeIgniter\CodeIgniter->handleRequest(NULL, Object(Config\Cache), false)
#7 C:\xampp\htdocs\docladder\index.php(37): CodeIgniter\CodeIgniter->run()
#8 {main}
CRITICAL - 2022-11-24 00:33:51 --> syntax error, unexpected 'if' (T_IF)
#0 C:\xampp\htdocs\docladder\vendor\codeigniter4\framework\system\Autoloader\Autoloader.php(241): CodeIgniter\Autoloader\Autoloader->includeFile('C:\\xampp\\htdocs...')
#1 C:\xampp\htdocs\docladder\vendor\codeigniter4\framework\system\Autoloader\Autoloader.php(219): CodeIgniter\Autoloader\Autoloader->loadInNamespace('App\\Controllers...')
#2 [internal function]: CodeIgniter\Autoloader\Autoloader->loadClass('App\\Controllers...')
#3 [internal function]: spl_autoload_call('App\\Controllers...')
#4 C:\xampp\htdocs\docladder\vendor\codeigniter4\framework\system\CodeIgniter.php(789): class_exists('\\App\\Controller...', true)
#5 C:\xampp\htdocs\docladder\vendor\codeigniter4\framework\system\CodeIgniter.php(397): CodeIgniter\CodeIgniter->startController()
#6 C:\xampp\htdocs\docladder\vendor\codeigniter4\framework\system\CodeIgniter.php(318): CodeIgniter\CodeIgniter->handleRequest(NULL, Object(Config\Cache), false)
#7 C:\xampp\htdocs\docladder\index.php(37): CodeIgniter\CodeIgniter->run()
#8 {main}
CRITICAL - 2022-11-24 00:34:06 --> syntax error, unexpected 'if' (T_IF)
#0 C:\xampp\htdocs\docladder\vendor\codeigniter4\framework\system\Autoloader\Autoloader.php(241): CodeIgniter\Autoloader\Autoloader->includeFile('C:\\xampp\\htdocs...')
#1 C:\xampp\htdocs\docladder\vendor\codeigniter4\framework\system\Autoloader\Autoloader.php(219): CodeIgniter\Autoloader\Autoloader->loadInNamespace('App\\Controllers...')
#2 [internal function]: CodeIgniter\Autoloader\Autoloader->loadClass('App\\Controllers...')
#3 [internal function]: spl_autoload_call('App\\Controllers...')
#4 C:\xampp\htdocs\docladder\vendor\codeigniter4\framework\system\CodeIgniter.php(789): class_exists('\\App\\Controller...', true)
#5 C:\xampp\htdocs\docladder\vendor\codeigniter4\framework\system\CodeIgniter.php(397): CodeIgniter\CodeIgniter->startController()
#6 C:\xampp\htdocs\docladder\vendor\codeigniter4\framework\system\CodeIgniter.php(318): CodeIgniter\CodeIgniter->handleRequest(NULL, Object(Config\Cache), false)
#7 C:\xampp\htdocs\docladder\index.php(37): CodeIgniter\CodeIgniter->run()
#8 {main}
CRITICAL - 2022-11-24 00:34:07 --> syntax error, unexpected 'if' (T_IF)
#0 C:\xampp\htdocs\docladder\vendor\codeigniter4\framework\system\Autoloader\Autoloader.php(241): CodeIgniter\Autoloader\Autoloader->includeFile('C:\\xampp\\htdocs...')
#1 C:\xampp\htdocs\docladder\vendor\codeigniter4\framework\system\Autoloader\Autoloader.php(219): CodeIgniter\Autoloader\Autoloader->loadInNamespace('App\\Controllers...')
#2 [internal function]: CodeIgniter\Autoloader\Autoloader->loadClass('App\\Controllers...')
#3 [internal function]: spl_autoload_call('App\\Controllers...')
#4 C:\xampp\htdocs\docladder\vendor\codeigniter4\framework\system\CodeIgniter.php(789): class_exists('\\App\\Controller...', true)
#5 C:\xampp\htdocs\docladder\vendor\codeigniter4\framework\system\CodeIgniter.php(397): CodeIgniter\CodeIgniter->startController()
#6 C:\xampp\htdocs\docladder\vendor\codeigniter4\framework\system\CodeIgniter.php(318): CodeIgniter\CodeIgniter->handleRequest(NULL, Object(Config\Cache), false)
#7 C:\xampp\htdocs\docladder\index.php(37): CodeIgniter\CodeIgniter->run()
#8 {main}
ERROR - 2022-11-24 00:42:41 --> You have an error in your SQL syntax; check the manual that corresponds to your MariaDB server version for the right syntax to use near '`:created_at` <= : ESCAPE '!'' at line 4
CRITICAL - 2022-11-24 00:42:41 --> You have an error in your SQL syntax; check the manual that corresponds to your MariaDB server version for the right syntax to use near '`:created_at` <= : ESCAPE '!'' at line 4
#0 C:\xampp\htdocs\docladder\vendor\codeigniter4\framework\system\Database\MySQLi\Connection.php(292): mysqli->query('SELECT *\nFROM `...', 0)
#1 C:\xampp\htdocs\docladder\vendor\codeigniter4\framework\system\Database\BaseConnection.php(670): CodeIgniter\Database\MySQLi\Connection->execute('SELECT *\nFROM `...')
#2 C:\xampp\htdocs\docladder\vendor\codeigniter4\framework\system\Database\BaseConnection.php(598): CodeIgniter\Database\BaseConnection->simpleQuery('SELECT *\nFROM `...')
#3 C:\xampp\htdocs\docladder\vendor\codeigniter4\framework\system\Database\BaseBuilder.php(1443): CodeIgniter\Database\BaseConnection->query('SELECT *\nFROM `...', Array, false)
#4 C:\xampp\htdocs\docladder\vendor\codeigniter4\framework\system\Model.php(183): CodeIgniter\Database\BaseBuilder->get()
#5 C:\xampp\htdocs\docladder\vendor\codeigniter4\framework\system\BaseModel.php(584): CodeIgniter\Model->doFindAll(0, 0)
#6 C:\xampp\htdocs\docladder\app\Controllers\Admin\JobseekerController.php(59): CodeIgniter\BaseModel->findAll()
#7 C:\xampp\htdocs\docladder\vendor\codeigniter4\framework\system\CodeIgniter.php(824): App\Controllers\Admin\JobseekerController->export_pdf()
#8 C:\xampp\htdocs\docladder\vendor\codeigniter4\framework\system\CodeIgniter.php(410): CodeIgniter\CodeIgniter->runController(Object(App\Controllers\Admin\JobseekerController))
#9 C:\xampp\htdocs\docladder\vendor\codeigniter4\framework\system\CodeIgniter.php(318): CodeIgniter\CodeIgniter->handleRequest(NULL, Object(Config\Cache), false)
#10 C:\xampp\htdocs\docladder\index.php(37): CodeIgniter\CodeIgniter->run()
#11 {main}
ERROR - 2022-11-24 00:44:41 --> You have an error in your SQL syntax; check the manual that corresponds to your MariaDB server version for the right syntax to use near '`:created_at` <= : ESCAPE '!'' at line 4
CRITICAL - 2022-11-24 00:44:41 --> You have an error in your SQL syntax; check the manual that corresponds to your MariaDB server version for the right syntax to use near '`:created_at` <= : ESCAPE '!'' at line 4
#0 C:\xampp\htdocs\docladder\vendor\codeigniter4\framework\system\Database\MySQLi\Connection.php(292): mysqli->query('SELECT *\nFROM `...', 0)
#1 C:\xampp\htdocs\docladder\vendor\codeigniter4\framework\system\Database\BaseConnection.php(670): CodeIgniter\Database\MySQLi\Connection->execute('SELECT *\nFROM `...')
#2 C:\xampp\htdocs\docladder\vendor\codeigniter4\framework\system\Database\BaseConnection.php(598): CodeIgniter\Database\BaseConnection->simpleQuery('SELECT *\nFROM `...')
#3 C:\xampp\htdocs\docladder\vendor\codeigniter4\framework\system\Database\BaseBuilder.php(1443): CodeIgniter\Database\BaseConnection->query('SELECT *\nFROM `...', Array, false)
#4 C:\xampp\htdocs\docladder\vendor\codeigniter4\framework\system\Model.php(183): CodeIgniter\Database\BaseBuilder->get()
#5 C:\xampp\htdocs\docladder\vendor\codeigniter4\framework\system\BaseModel.php(584): CodeIgniter\Model->doFindAll(0, 0)
#6 C:\xampp\htdocs\docladder\app\Controllers\Admin\JobseekerController.php(59): CodeIgniter\BaseModel->findAll()
#7 C:\xampp\htdocs\docladder\vendor\codeigniter4\framework\system\CodeIgniter.php(824): App\Controllers\Admin\JobseekerController->export_pdf()
#8 C:\xampp\htdocs\docladder\vendor\codeigniter4\framework\system\CodeIgniter.php(410): CodeIgniter\CodeIgniter->runController(Object(App\Controllers\Admin\JobseekerController))
#9 C:\xampp\htdocs\docladder\vendor\codeigniter4\framework\system\CodeIgniter.php(318): CodeIgniter\CodeIgniter->handleRequest(NULL, Object(Config\Cache), false)
#10 C:\xampp\htdocs\docladder\index.php(37): CodeIgniter\CodeIgniter->run()
#11 {main}
CRITICAL - 2022-11-24 01:27:07 --> syntax error, unexpected 'return' (T_RETURN), expecting function (T_FUNCTION) or const (T_CONST)
#0 C:\xampp\htdocs\docladder\vendor\codeigniter4\framework\system\Autoloader\Autoloader.php(241): CodeIgniter\Autoloader\Autoloader->includeFile('C:\\xampp\\htdocs...')
#1 C:\xampp\htdocs\docladder\vendor\codeigniter4\framework\system\Autoloader\Autoloader.php(219): CodeIgniter\Autoloader\Autoloader->loadInNamespace('App\\Controllers...')
#2 [internal function]: CodeIgniter\Autoloader\Autoloader->loadClass('App\\Controllers...')
#3 [internal function]: spl_autoload_call('App\\Controllers...')
#4 C:\xampp\htdocs\docladder\vendor\codeigniter4\framework\system\CodeIgniter.php(789): class_exists('\\App\\Controller...', true)
#5 C:\xampp\htdocs\docladder\vendor\codeigniter4\framework\system\CodeIgniter.php(397): CodeIgniter\CodeIgniter->startController()
#6 C:\xampp\htdocs\docladder\vendor\codeigniter4\framework\system\CodeIgniter.php(318): CodeIgniter\CodeIgniter->handleRequest(NULL, Object(Config\Cache), false)
#7 C:\xampp\htdocs\docladder\index.php(37): CodeIgniter\CodeIgniter->run()
#8 {main}
CRITICAL - 2022-11-24 01:36:13 --> contact_no is not a valid rule.
#0 C:\xampp\htdocs\docladder\vendor\codeigniter4\framework\system\Validation\Validation.php(285): CodeIgniter\Validation\Exceptions\ValidationException::forRuleNotFound('contact_no')
#1 C:\xampp\htdocs\docladder\vendor\codeigniter4\framework\system\Validation\Validation.php(151): CodeIgniter\Validation\Validation->processRules('phone', 'Contact No', 'jhhhhh', Array, Array)
#2 C:\xampp\htdocs\docladder\vendor\codeigniter4\framework\system\Controller.php(160): CodeIgniter\Validation\Validation->run()
#3 C:\xampp\htdocs\docladder\app\Controllers\Admin\JobseekerController.php(117): CodeIgniter\Controller->validate(Array)
#4 C:\xampp\htdocs\docladder\vendor\codeigniter4\framework\system\CodeIgniter.php(824): App\Controllers\Admin\JobseekerController->add()
#5 C:\xampp\htdocs\docladder\vendor\codeigniter4\framework\system\CodeIgniter.php(410): CodeIgniter\CodeIgniter->runController(Object(App\Controllers\Admin\JobseekerController))
#6 C:\xampp\htdocs\docladder\vendor\codeigniter4\framework\system\CodeIgniter.php(318): CodeIgniter\CodeIgniter->handleRequest(NULL, Object(Config\Cache), false)
#7 C:\xampp\htdocs\docladder\index.php(37): CodeIgniter\CodeIgniter->run()
#8 {main}
CRITICAL - 2022-11-24 01:36:31 --> contact_no is not a valid rule.
#0 C:\xampp\htdocs\docladder\vendor\codeigniter4\framework\system\Validation\Validation.php(285): CodeIgniter\Validation\Exceptions\ValidationException::forRuleNotFound('contact_no')
#1 C:\xampp\htdocs\docladder\vendor\codeigniter4\framework\system\Validation\Validation.php(151): CodeIgniter\Validation\Validation->processRules('phone', 'Contact No', 'jhhhhh', Array, Array)
#2 C:\xampp\htdocs\docladder\vendor\codeigniter4\framework\system\Controller.php(160): CodeIgniter\Validation\Validation->run()
#3 C:\xampp\htdocs\docladder\app\Controllers\Admin\JobseekerController.php(117): CodeIgniter\Controller->validate(Array)
#4 C:\xampp\htdocs\docladder\vendor\codeigniter4\framework\system\CodeIgniter.php(824): App\Controllers\Admin\JobseekerController->add()
#5 C:\xampp\htdocs\docladder\vendor\codeigniter4\framework\system\CodeIgniter.php(410): CodeIgniter\CodeIgniter->runController(Object(App\Controllers\Admin\JobseekerController))
#6 C:\xampp\htdocs\docladder\vendor\codeigniter4\framework\system\CodeIgniter.php(318): CodeIgniter\CodeIgniter->handleRequest(NULL, Object(Config\Cache), false)
#7 C:\xampp\htdocs\docladder\index.php(37): CodeIgniter\CodeIgniter->run()
#8 {main}
CRITICAL - 2022-11-24 06:01:58 --> Too few arguments to function App\Controllers\Admin\JobseekerController::detail(), 0 passed in C:\xampp\htdocs\docladder\vendor\codeigniter4\framework\system\CodeIgniter.php on line 824 and exactly 1 expected
#0 C:\xampp\htdocs\docladder\vendor\codeigniter4\framework\system\CodeIgniter.php(824): App\Controllers\Admin\JobseekerController->detail()
#1 C:\xampp\htdocs\docladder\vendor\codeigniter4\framework\system\CodeIgniter.php(410): CodeIgniter\CodeIgniter->runController(Object(App\Controllers\Admin\JobseekerController))
#2 C:\xampp\htdocs\docladder\vendor\codeigniter4\framework\system\CodeIgniter.php(318): CodeIgniter\CodeIgniter->handleRequest(NULL, Object(Config\Cache), false)
#3 C:\xampp\htdocs\docladder\index.php(37): CodeIgniter\CodeIgniter->run()
#4 {main}
CRITICAL - 2022-11-24 06:04:58 --> Too few arguments to function App\Controllers\Admin\JobseekerController::detail(), 0 passed in C:\xampp\htdocs\docladder\vendor\codeigniter4\framework\system\CodeIgniter.php on line 824 and exactly 1 expected
#0 C:\xampp\htdocs\docladder\vendor\codeigniter4\framework\system\CodeIgniter.php(824): App\Controllers\Admin\JobseekerController->detail()
#1 C:\xampp\htdocs\docladder\vendor\codeigniter4\framework\system\CodeIgniter.php(410): CodeIgniter\CodeIgniter->runController(Object(App\Controllers\Admin\JobseekerController))
#2 C:\xampp\htdocs\docladder\vendor\codeigniter4\framework\system\CodeIgniter.php(318): CodeIgniter\CodeIgniter->handleRequest(NULL, Object(Config\Cache), false)
#3 C:\xampp\htdocs\docladder\index.php(37): CodeIgniter\CodeIgniter->run()
#4 {main}
CRITICAL - 2022-11-24 06:25:08 --> Uninitialized string offset: 0
#0 C:\xampp\htdocs\docladder\vendor\composer\ClassLoader.php(411): CodeIgniter\Debug\Exceptions->errorHandler(8, 'Uninitialized s...', 'C:\\xampp\\htdocs...', 411, Array)
#1 C:\xampp\htdocs\docladder\vendor\composer\ClassLoader.php(377): Composer\Autoload\ClassLoader->findFileWithExtension('', '.php')
#2 C:\xampp\htdocs\docladder\vendor\composer\ClassLoader.php(345): Composer\Autoload\ClassLoader->findFile('')
#3 [internal function]: Composer\Autoload\ClassLoader->loadClass('')
#4 [internal function]: spl_autoload_call('')
#5 C:\xampp\htdocs\docladder\vendor\codeigniter4\framework\system\CodeIgniter.php(789): class_exists('\\', true)
#6 C:\xampp\htdocs\docladder\vendor\codeigniter4\framework\system\CodeIgniter.php(397): CodeIgniter\CodeIgniter->startController()
#7 C:\xampp\htdocs\docladder\vendor\codeigniter4\framework\system\CodeIgniter.php(318): CodeIgniter\CodeIgniter->handleRequest(NULL, Object(Config\Cache), false)
#8 C:\xampp\htdocs\docladder\index.php(37): CodeIgniter\CodeIgniter->run()
#9 {main}
CRITICAL - 2022-11-24 06:26:58 --> Uninitialized string offset: 0
#0 C:\xampp\htdocs\docladder\vendor\composer\ClassLoader.php(411): CodeIgniter\Debug\Exceptions->errorHandler(8, 'Uninitialized s...', 'C:\\xampp\\htdocs...', 411, Array)
#1 C:\xampp\htdocs\docladder\vendor\composer\ClassLoader.php(377): Composer\Autoload\ClassLoader->findFileWithExtension('', '.php')
#2 C:\xampp\htdocs\docladder\vendor\composer\ClassLoader.php(345): Composer\Autoload\ClassLoader->findFile('')
#3 [internal function]: Composer\Autoload\ClassLoader->loadClass('')
#4 [internal function]: spl_autoload_call('')
#5 C:\xampp\htdocs\docladder\vendor\codeigniter4\framework\system\CodeIgniter.php(789): class_exists('\\', true)
#6 C:\xampp\htdocs\docladder\vendor\codeigniter4\framework\system\CodeIgniter.php(397): CodeIgniter\CodeIgniter->startController()
#7 C:\xampp\htdocs\docladder\vendor\codeigniter4\framework\system\CodeIgniter.php(318): CodeIgniter\CodeIgniter->handleRequest(NULL, Object(Config\Cache), false)
#8 C:\xampp\htdocs\docladder\index.php(37): CodeIgniter\CodeIgniter->run()
#9 {main}
CRITICAL - 2022-11-24 06:34:08 --> Uninitialized string offset: 0
#0 C:\xampp\htdocs\docladder\vendor\composer\ClassLoader.php(411): CodeIgniter\Debug\Exceptions->errorHandler(8, 'Uninitialized s...', 'C:\\xampp\\htdocs...', 411, Array)
#1 C:\xampp\htdocs\docladder\vendor\composer\ClassLoader.php(377): Composer\Autoload\ClassLoader->findFileWithExtension('', '.php')
#2 C:\xampp\htdocs\docladder\vendor\composer\ClassLoader.php(345): Composer\Autoload\ClassLoader->findFile('')
#3 [internal function]: Composer\Autoload\ClassLoader->loadClass('')
#4 [internal function]: spl_autoload_call('')
#5 C:\xampp\htdocs\docladder\vendor\codeigniter4\framework\system\CodeIgniter.php(789): class_exists('\\', true)
#6 C:\xampp\htdocs\docladder\vendor\codeigniter4\framework\system\CodeIgniter.php(397): CodeIgniter\CodeIgniter->startController()
#7 C:\xampp\htdocs\docladder\vendor\codeigniter4\framework\system\CodeIgniter.php(318): CodeIgniter\CodeIgniter->handleRequest(NULL, Object(Config\Cache), false)
#8 C:\xampp\htdocs\docladder\index.php(37): CodeIgniter\CodeIgniter->run()
#9 {main}
CRITICAL - 2022-11-24 22:57:00 --> Cannot declare class App\Controllers\Admin\JobseekerController, because the name is already in use
#0 [internal function]: CodeIgniter\Debug\Exceptions->shutdownHandler()
#1 {main}
