CRITICAL - 2022-03-07 01:00:31 --> App\Controllers\Home::index(): Failed opening required 'C:\xampp\htdocs\projects\app\Controllers/Libraries/vendor/autoload.php' (include_path='C:\xampp\php\PEAR')
#0 [internal function]: CodeIgniter\Debug\Exceptions->shutdownHandler()
#1 {main}
CRITICAL - 2022-03-07 01:01:47 --> App\Controllers\Home::index(): Failed opening required 'C:\xampp\htdocs\projects\app\Controllers/Libraries/vendor/autoload.php' (include_path='C:\xampp\php\PEAR')
#0 [internal function]: CodeIgniter\Debug\Exceptions->shutdownHandler()
#1 {main}
CRITICAL - 2022-03-07 01:01:49 --> App\Controllers\Home::index(): Failed opening required 'C:\xampp\htdocs\projects\app\Controllers/Libraries/vendor/autoload.php' (include_path='C:\xampp\php\PEAR')
#0 [internal function]: CodeIgniter\Debug\Exceptions->shutdownHandler()
#1 {main}
CRITICAL - 2022-03-07 01:03:26 --> App\Controllers\Home::index(): Failed opening required 'C:\xampp\htdocs\projects\app\Controllers/Libraries/vendor/autoload.php' (include_path='C:\xampp\php\PEAR')
#0 [internal function]: CodeIgniter\Debug\Exceptions->shutdownHandler()
#1 {main}
CRITICAL - 2022-03-07 01:15:32 --> App\Controllers\Home::index(): Failed opening required 'C:\xampp\htdocs\projects\app\Controllers/Libraries/vendor/autoload.php' (include_path='C:\xampp\php\PEAR')
#0 [internal function]: CodeIgniter\Debug\Exceptions->shutdownHandler()
#1 {main}
CRITICAL - 2022-03-07 02:32:30 --> App\Controllers\Home::index(): Failed opening required 'C:\xampp\htdocs\projects\app\Controllers/Libraries/vendor/autoload.php' (include_path='C:\xampp\php\PEAR')
#0 [internal function]: CodeIgniter\Debug\Exceptions->shutdownHandler()
#1 {main}
CRITICAL - 2022-03-07 02:32:31 --> App\Controllers\Home::index(): Failed opening required 'C:\xampp\htdocs\projects\app\Controllers/Libraries/vendor/autoload.php' (include_path='C:\xampp\php\PEAR')
#0 [internal function]: CodeIgniter\Debug\Exceptions->shutdownHandler()
#1 {main}
CRITICAL - 2022-03-07 02:33:18 --> App\Controllers\Home::index(): Failed opening required 'C:\xampp\htdocs\projects\app\Controllers/Libraries/vendor/autoload.php' (include_path='C:\xampp\php\PEAR')
#0 [internal function]: CodeIgniter\Debug\Exceptions->shutdownHandler()
#1 {main}
CRITICAL - 2022-03-07 02:33:40 --> Class 'Phpdocx\Transform\TransformDoc' not found
#0 C:\xampp\htdocs\projects\vendor\codeigniter4\framework\system\CodeIgniter.php(824): App\Controllers\Home->index()
#1 C:\xampp\htdocs\projects\vendor\codeigniter4\framework\system\CodeIgniter.php(410): CodeIgniter\CodeIgniter->runController(Object(App\Controllers\Home))
#2 C:\xampp\htdocs\projects\vendor\codeigniter4\framework\system\CodeIgniter.php(318): CodeIgniter\CodeIgniter->handleRequest(NULL, Object(Config\Cache), false)
#3 C:\xampp\htdocs\projects\public\index.php(37): CodeIgniter\CodeIgniter->run()
#4 C:\xampp\htdocs\projects\vendor\codeigniter4\framework\system\Commands\Server\rewrite.php(43): require_once('C:\\xampp\\htdocs...')
#5 {main}
CRITICAL - 2022-03-07 02:51:44 --> Class 'Phpdocx\Transform\TransformDoc' not found
#0 C:\xampp\htdocs\projects\vendor\codeigniter4\framework\system\CodeIgniter.php(824): App\Controllers\Home->index()
#1 C:\xampp\htdocs\projects\vendor\codeigniter4\framework\system\CodeIgniter.php(410): CodeIgniter\CodeIgniter->runController(Object(App\Controllers\Home))
#2 C:\xampp\htdocs\projects\vendor\codeigniter4\framework\system\CodeIgniter.php(318): CodeIgniter\CodeIgniter->handleRequest(NULL, Object(Config\Cache), false)
#3 C:\xampp\htdocs\projects\public\index.php(37): CodeIgniter\CodeIgniter->run()
#4 C:\xampp\htdocs\projects\vendor\codeigniter4\framework\system\Commands\Server\rewrite.php(43): require_once('C:\\xampp\\htdocs...')
#5 {main}
CRITICAL - 2022-03-07 03:01:34 --> Class 'Phpdocx\Transform\TransformDoc' not found
#0 C:\xampp\htdocs\projects\vendor\codeigniter4\framework\system\CodeIgniter.php(824): App\Controllers\Home->index()
#1 C:\xampp\htdocs\projects\vendor\codeigniter4\framework\system\CodeIgniter.php(410): CodeIgniter\CodeIgniter->runController(Object(App\Controllers\Home))
#2 C:\xampp\htdocs\projects\vendor\codeigniter4\framework\system\CodeIgniter.php(318): CodeIgniter\CodeIgniter->handleRequest(NULL, Object(Config\Cache), false)
#3 C:\xampp\htdocs\projects\public\index.php(37): CodeIgniter\CodeIgniter->run()
#4 C:\xampp\htdocs\projects\vendor\codeigniter4\framework\system\Commands\Server\rewrite.php(43): require_once('C:\\xampp\\htdocs...')
#5 {main}
CRITICAL - 2022-03-07 05:06:38 --> Class 'App\Controllers\TCPDF' not found
#0 C:\xampp\htdocs\projects\vendor\codeigniter4\framework\system\CodeIgniter.php(824): App\Controllers\Home->index()
#1 C:\xampp\htdocs\projects\vendor\codeigniter4\framework\system\CodeIgniter.php(410): CodeIgniter\CodeIgniter->runController(Object(App\Controllers\Home))
#2 C:\xampp\htdocs\projects\vendor\codeigniter4\framework\system\CodeIgniter.php(318): CodeIgniter\CodeIgniter->handleRequest(NULL, Object(Config\Cache), false)
#3 C:\xampp\htdocs\projects\public\index.php(37): CodeIgniter\CodeIgniter->run()
#4 C:\xampp\htdocs\projects\vendor\codeigniter4\framework\system\Commands\Server\rewrite.php(43): require_once('C:\\xampp\\htdocs...')
#5 {main}
CRITICAL - 2022-03-07 05:07:35 --> Class 'App\Controllers\tcpdf' not found
#0 C:\xampp\htdocs\projects\vendor\codeigniter4\framework\system\CodeIgniter.php(824): App\Controllers\Home->index()
#1 C:\xampp\htdocs\projects\vendor\codeigniter4\framework\system\CodeIgniter.php(410): CodeIgniter\CodeIgniter->runController(Object(App\Controllers\Home))
#2 C:\xampp\htdocs\projects\vendor\codeigniter4\framework\system\CodeIgniter.php(318): CodeIgniter\CodeIgniter->handleRequest(NULL, Object(Config\Cache), false)
#3 C:\xampp\htdocs\projects\public\index.php(37): CodeIgniter\CodeIgniter->run()
#4 C:\xampp\htdocs\projects\vendor\codeigniter4\framework\system\Commands\Server\rewrite.php(43): require_once('C:\\xampp\\htdocs...')
#5 {main}
CRITICAL - 2022-03-07 05:11:06 --> Class 'App\Controllers\TCPDF' not found
#0 C:\xampp\htdocs\projects\vendor\codeigniter4\framework\system\CodeIgniter.php(824): App\Controllers\Home->index()
#1 C:\xampp\htdocs\projects\vendor\codeigniter4\framework\system\CodeIgniter.php(410): CodeIgniter\CodeIgniter->runController(Object(App\Controllers\Home))
#2 C:\xampp\htdocs\projects\vendor\codeigniter4\framework\system\CodeIgniter.php(318): CodeIgniter\CodeIgniter->handleRequest(NULL, Object(Config\Cache), false)
#3 C:\xampp\htdocs\projects\public\index.php(37): CodeIgniter\CodeIgniter->run()
#4 C:\xampp\htdocs\projects\vendor\codeigniter4\framework\system\Commands\Server\rewrite.php(43): require_once('C:\\xampp\\htdocs...')
#5 {main}
CRITICAL - 2022-03-07 05:13:45 --> Class 'App\Controllers\Pdf' not found
#0 C:\xampp\htdocs\projects\vendor\codeigniter4\framework\system\CodeIgniter.php(824): App\Controllers\Home->index()
#1 C:\xampp\htdocs\projects\vendor\codeigniter4\framework\system\CodeIgniter.php(410): CodeIgniter\CodeIgniter->runController(Object(App\Controllers\Home))
#2 C:\xampp\htdocs\projects\vendor\codeigniter4\framework\system\CodeIgniter.php(318): CodeIgniter\CodeIgniter->handleRequest(NULL, Object(Config\Cache), false)
#3 C:\xampp\htdocs\projects\public\index.php(37): CodeIgniter\CodeIgniter->run()
#4 C:\xampp\htdocs\projects\vendor\codeigniter4\framework\system\Commands\Server\rewrite.php(43): require_once('C:\\xampp\\htdocs...')
#5 {main}
CRITICAL - 2022-03-07 05:14:26 --> Undefined variable: pdf
#0 C:\xampp\htdocs\projects\app\Controllers\Home.php(16): CodeIgniter\Debug\Exceptions->errorHandler(8, 'Undefined varia...', 'C:\\xampp\\htdocs...', 16, Array)
#1 C:\xampp\htdocs\projects\vendor\codeigniter4\framework\system\CodeIgniter.php(824): App\Controllers\Home->index()
#2 C:\xampp\htdocs\projects\vendor\codeigniter4\framework\system\CodeIgniter.php(410): CodeIgniter\CodeIgniter->runController(Object(App\Controllers\Home))
#3 C:\xampp\htdocs\projects\vendor\codeigniter4\framework\system\CodeIgniter.php(318): CodeIgniter\CodeIgniter->handleRequest(NULL, Object(Config\Cache), false)
#4 C:\xampp\htdocs\projects\public\index.php(37): CodeIgniter\CodeIgniter->run()
#5 C:\xampp\htdocs\projects\vendor\codeigniter4\framework\system\Commands\Server\rewrite.php(43): require_once('C:\\xampp\\htdocs...')
#6 {main}
CRITICAL - 2022-03-07 05:22:55 --> App\Controllers\Home::index(): Failed opening required 'C:\xampp\htdocs\projects\app\Libraries/vendor/phpoffice/phpword/src/PhpWord/PHPWord.php' (include_path='C:\xampp\php\PEAR')
#0 [internal function]: CodeIgniter\Debug\Exceptions->shutdownHandler()
#1 {main}
CRITICAL - 2022-03-07 05:23:18 --> App\Controllers\Home::index(): Failed opening required 'C:\xampp\htdocs\projects\app\Libraries/vendor/phpoffice/phpword/src/PhpWord/PHPWord.php' (include_path='C:\xampp\php\PEAR')
#0 [internal function]: CodeIgniter\Debug\Exceptions->shutdownHandler()
#1 {main}
CRITICAL - 2022-03-07 05:30:08 --> Undefined variable: pdf
#0 C:\xampp\htdocs\projects\app\Controllers\Home.php(12): CodeIgniter\Debug\Exceptions->errorHandler(8, 'Undefined varia...', 'C:\\xampp\\htdocs...', 12, Array)
#1 C:\xampp\htdocs\projects\vendor\codeigniter4\framework\system\CodeIgniter.php(824): App\Controllers\Home->index()
#2 C:\xampp\htdocs\projects\vendor\codeigniter4\framework\system\CodeIgniter.php(410): CodeIgniter\CodeIgniter->runController(Object(App\Controllers\Home))
#3 C:\xampp\htdocs\projects\vendor\codeigniter4\framework\system\CodeIgniter.php(318): CodeIgniter\CodeIgniter->handleRequest(NULL, Object(Config\Cache), false)
#4 C:\xampp\htdocs\projects\public\index.php(37): CodeIgniter\CodeIgniter->run()
#5 C:\xampp\htdocs\projects\vendor\codeigniter4\framework\system\Commands\Server\rewrite.php(43): require_once('C:\\xampp\\htdocs...')
#6 {main}
CRITICAL - 2022-03-07 05:49:06 --> Class 'Phpdocx\Transform\TransformDoc' not found
#0 C:\xampp\htdocs\projects\vendor\codeigniter4\framework\system\CodeIgniter.php(824): App\Controllers\Home->index()
#1 C:\xampp\htdocs\projects\vendor\codeigniter4\framework\system\CodeIgniter.php(410): CodeIgniter\CodeIgniter->runController(Object(App\Controllers\Home))
#2 C:\xampp\htdocs\projects\vendor\codeigniter4\framework\system\CodeIgniter.php(318): CodeIgniter\CodeIgniter->handleRequest(NULL, Object(Config\Cache), false)
#3 C:\xampp\htdocs\projects\public\index.php(37): CodeIgniter\CodeIgniter->run()
#4 C:\xampp\htdocs\projects\vendor\codeigniter4\framework\system\Commands\Server\rewrite.php(43): require_once('C:\\xampp\\htdocs...')
#5 {main}
CRITICAL - 2022-03-07 05:49:15 --> Class 'Phpdocx\Transform\TransformDoc' not found
#0 C:\xampp\htdocs\projects\vendor\codeigniter4\framework\system\CodeIgniter.php(824): App\Controllers\Home->index()
#1 C:\xampp\htdocs\projects\vendor\codeigniter4\framework\system\CodeIgniter.php(410): CodeIgniter\CodeIgniter->runController(Object(App\Controllers\Home))
#2 C:\xampp\htdocs\projects\vendor\codeigniter4\framework\system\CodeIgniter.php(318): CodeIgniter\CodeIgniter->handleRequest(NULL, Object(Config\Cache), false)
#3 C:\xampp\htdocs\projects\public\index.php(37): CodeIgniter\CodeIgniter->run()
#4 C:\xampp\htdocs\projects\vendor\codeigniter4\framework\system\Commands\Server\rewrite.php(43): require_once('C:\\xampp\\htdocs...')
#5 {main}
CRITICAL - 2022-03-07 06:04:25 --> fopen(resume_3.doc): failed to open stream: No such file or directory
#0 [internal function]: CodeIgniter\Debug\Exceptions->errorHandler(2, 'fopen(resume_3....', 'C:\\xampp\\htdocs...', 29, Array)
#1 C:\xampp\htdocs\projects\app\Controllers\Home.php(29): fopen('resume_3.doc', 'r')
#2 C:\xampp\htdocs\projects\vendor\codeigniter4\framework\system\CodeIgniter.php(824): App\Controllers\Home->index()
#3 C:\xampp\htdocs\projects\vendor\codeigniter4\framework\system\CodeIgniter.php(410): CodeIgniter\CodeIgniter->runController(Object(App\Controllers\Home))
#4 C:\xampp\htdocs\projects\vendor\codeigniter4\framework\system\CodeIgniter.php(318): CodeIgniter\CodeIgniter->handleRequest(NULL, Object(Config\Cache), false)
#5 C:\xampp\htdocs\projects\public\index.php(37): CodeIgniter\CodeIgniter->run()
#6 C:\xampp\htdocs\projects\vendor\codeigniter4\framework\system\Commands\Server\rewrite.php(43): require_once('C:\\xampp\\htdocs...')
#7 {main}
CRITICAL - 2022-03-07 06:08:37 --> fread(): Length parameter must be greater than 0
#0 [internal function]: CodeIgniter\Debug\Exceptions->errorHandler(2, 'fread(): Length...', 'C:\\xampp\\htdocs...', 46, Array)
#1 C:\xampp\htdocs\projects\app\Controllers\Home.php(46): fread(Resource id #139, -1897)
#2 C:\xampp\htdocs\projects\vendor\codeigniter4\framework\system\CodeIgniter.php(824): App\Controllers\Home->index()
#3 C:\xampp\htdocs\projects\vendor\codeigniter4\framework\system\CodeIgniter.php(410): CodeIgniter\CodeIgniter->runController(Object(App\Controllers\Home))
#4 C:\xampp\htdocs\projects\vendor\codeigniter4\framework\system\CodeIgniter.php(318): CodeIgniter\CodeIgniter->handleRequest(NULL, Object(Config\Cache), false)
#5 C:\xampp\htdocs\projects\public\index.php(37): CodeIgniter\CodeIgniter->run()
#6 C:\xampp\htdocs\projects\vendor\codeigniter4\framework\system\Commands\Server\rewrite.php(43): require_once('C:\\xampp\\htdocs...')
#7 {main}
CRITICAL - 2022-03-07 06:09:27 --> Undefined variable: textlen
#0 C:\xampp\htdocs\projects\app\Controllers\Home.php(46): CodeIgniter\Debug\Exceptions->errorHandler(8, 'Undefined varia...', 'C:\\xampp\\htdocs...', 46, Array)
#1 C:\xampp\htdocs\projects\vendor\codeigniter4\framework\system\CodeIgniter.php(824): App\Controllers\Home->index()
#2 C:\xampp\htdocs\projects\vendor\codeigniter4\framework\system\CodeIgniter.php(410): CodeIgniter\CodeIgniter->runController(Object(App\Controllers\Home))
#3 C:\xampp\htdocs\projects\vendor\codeigniter4\framework\system\CodeIgniter.php(318): CodeIgniter\CodeIgniter->handleRequest(NULL, Object(Config\Cache), false)
#4 C:\xampp\htdocs\projects\public\index.php(37): CodeIgniter\CodeIgniter->run()
#5 C:\xampp\htdocs\projects\vendor\codeigniter4\framework\system\Commands\Server\rewrite.php(43): require_once('C:\\xampp\\htdocs...')
#6 {main}
CRITICAL - 2022-03-07 06:09:41 --> fread(): Length parameter must be greater than 0
#0 [internal function]: CodeIgniter\Debug\Exceptions->errorHandler(2, 'fread(): Length...', 'C:\\xampp\\htdocs...', 48, Array)
#1 C:\xampp\htdocs\projects\app\Controllers\Home.php(48): fread(Resource id #139, -1897)
#2 C:\xampp\htdocs\projects\vendor\codeigniter4\framework\system\CodeIgniter.php(824): App\Controllers\Home->index()
#3 C:\xampp\htdocs\projects\vendor\codeigniter4\framework\system\CodeIgniter.php(410): CodeIgniter\CodeIgniter->runController(Object(App\Controllers\Home))
#4 C:\xampp\htdocs\projects\vendor\codeigniter4\framework\system\CodeIgniter.php(318): CodeIgniter\CodeIgniter->handleRequest(NULL, Object(Config\Cache), false)
#5 C:\xampp\htdocs\projects\public\index.php(37): CodeIgniter\CodeIgniter->run()
#6 C:\xampp\htdocs\projects\vendor\codeigniter4\framework\system\Commands\Server\rewrite.php(43): require_once('C:\\xampp\\htdocs...')
#7 {main}
CRITICAL - 2022-03-07 06:14:10 --> Allowed memory size of 536870912 bytes exhausted (tried to allocate 1667579008 bytes)
#0 [internal function]: CodeIgniter\Debug\Exceptions->shutdownHandler()
#1 {main}
CRITICAL - 2022-03-07 06:14:52 --> Undefined variable: content
#0 C:\xampp\htdocs\projects\app\Controllers\Home.php(58): CodeIgniter\Debug\Exceptions->errorHandler(8, 'Undefined varia...', 'C:\\xampp\\htdocs...', 58, Array)
#1 C:\xampp\htdocs\projects\vendor\codeigniter4\framework\system\CodeIgniter.php(824): App\Controllers\Home->index()
#2 C:\xampp\htdocs\projects\vendor\codeigniter4\framework\system\CodeIgniter.php(410): CodeIgniter\CodeIgniter->runController(Object(App\Controllers\Home))
#3 C:\xampp\htdocs\projects\vendor\codeigniter4\framework\system\CodeIgniter.php(318): CodeIgniter\CodeIgniter->handleRequest(NULL, Object(Config\Cache), false)
#4 C:\xampp\htdocs\projects\public\index.php(37): CodeIgniter\CodeIgniter->run()
#5 C:\xampp\htdocs\projects\vendor\codeigniter4\framework\system\Commands\Server\rewrite.php(43): require_once('C:\\xampp\\htdocs...')
#6 {main}
CRITICAL - 2022-03-07 06:15:08 --> Undefined variable: content
#0 C:\xampp\htdocs\projects\app\Controllers\Home.php(63): CodeIgniter\Debug\Exceptions->errorHandler(8, 'Undefined varia...', 'C:\\xampp\\htdocs...', 63, Array)
#1 C:\xampp\htdocs\projects\vendor\codeigniter4\framework\system\CodeIgniter.php(824): App\Controllers\Home->index()
#2 C:\xampp\htdocs\projects\vendor\codeigniter4\framework\system\CodeIgniter.php(410): CodeIgniter\CodeIgniter->runController(Object(App\Controllers\Home))
#3 C:\xampp\htdocs\projects\vendor\codeigniter4\framework\system\CodeIgniter.php(318): CodeIgniter\CodeIgniter->handleRequest(NULL, Object(Config\Cache), false)
#4 C:\xampp\htdocs\projects\public\index.php(37): CodeIgniter\CodeIgniter->run()
#5 C:\xampp\htdocs\projects\vendor\codeigniter4\framework\system\Commands\Server\rewrite.php(43): require_once('C:\\xampp\\htdocs...')
#6 {main}
CRITICAL - 2022-03-07 06:15:21 --> Allowed memory size of 536870912 bytes exhausted (tried to allocate 1667579008 bytes)
#0 [internal function]: CodeIgniter\Debug\Exceptions->shutdownHandler()
#1 {main}
CRITICAL - 2022-03-07 06:16:15 --> Undefined variable: content
#0 C:\xampp\htdocs\projects\app\Controllers\Home.php(58): CodeIgniter\Debug\Exceptions->errorHandler(8, 'Undefined varia...', 'C:\\xampp\\htdocs...', 58, Array)
#1 C:\xampp\htdocs\projects\vendor\codeigniter4\framework\system\CodeIgniter.php(824): App\Controllers\Home->index()
#2 C:\xampp\htdocs\projects\vendor\codeigniter4\framework\system\CodeIgniter.php(410): CodeIgniter\CodeIgniter->runController(Object(App\Controllers\Home))
#3 C:\xampp\htdocs\projects\vendor\codeigniter4\framework\system\CodeIgniter.php(318): CodeIgniter\CodeIgniter->handleRequest(NULL, Object(Config\Cache), false)
#4 C:\xampp\htdocs\projects\public\index.php(37): CodeIgniter\CodeIgniter->run()
#5 C:\xampp\htdocs\projects\vendor\codeigniter4\framework\system\Commands\Server\rewrite.php(43): require_once('C:\\xampp\\htdocs...')
#6 {main}
CRITICAL - 2022-03-07 06:16:21 --> syntax error, unexpected 'print_r' (T_STRING), expecting function (T_FUNCTION) or const (T_CONST)
#0 C:\xampp\htdocs\projects\vendor\codeigniter4\framework\system\Router\Router.php(176): CodeIgniter\Router\Router->autoRoute('Home')
#1 C:\xampp\htdocs\projects\vendor\codeigniter4\framework\system\CodeIgniter.php(718): CodeIgniter\Router\Router->handle('Home')
#2 C:\xampp\htdocs\projects\vendor\codeigniter4\framework\system\CodeIgniter.php(359): CodeIgniter\CodeIgniter->tryToRouteIt(Object(CodeIgniter\Router\RouteCollection))
#3 C:\xampp\htdocs\projects\vendor\codeigniter4\framework\system\CodeIgniter.php(318): CodeIgniter\CodeIgniter->handleRequest(NULL, Object(Config\Cache), false)
#4 C:\xampp\htdocs\projects\public\index.php(37): CodeIgniter\CodeIgniter->run()
#5 C:\xampp\htdocs\projects\vendor\codeigniter4\framework\system\Commands\Server\rewrite.php(43): require_once('C:\\xampp\\htdocs...')
#6 {main}
CRITICAL - 2022-03-07 06:16:40 --> syntax error, unexpected '$returnValue' (T_VARIABLE)
#0 C:\xampp\htdocs\projects\vendor\codeigniter4\framework\system\Router\Router.php(176): CodeIgniter\Router\Router->autoRoute('Home')
#1 C:\xampp\htdocs\projects\vendor\codeigniter4\framework\system\CodeIgniter.php(718): CodeIgniter\Router\Router->handle('Home')
#2 C:\xampp\htdocs\projects\vendor\codeigniter4\framework\system\CodeIgniter.php(359): CodeIgniter\CodeIgniter->tryToRouteIt(Object(CodeIgniter\Router\RouteCollection))
#3 C:\xampp\htdocs\projects\vendor\codeigniter4\framework\system\CodeIgniter.php(318): CodeIgniter\CodeIgniter->handleRequest(NULL, Object(Config\Cache), false)
#4 C:\xampp\htdocs\projects\public\index.php(37): CodeIgniter\CodeIgniter->run()
#5 C:\xampp\htdocs\projects\vendor\codeigniter4\framework\system\Commands\Server\rewrite.php(43): require_once('C:\\xampp\\htdocs...')
#6 {main}
CRITICAL - 2022-03-07 06:16:48 --> Allowed memory size of 536870912 bytes exhausted (tried to allocate 1667579008 bytes)
#0 [internal function]: CodeIgniter\Debug\Exceptions->shutdownHandler()
#1 {main}
CRITICAL - 2022-03-07 06:21:55 --> Allowed memory size of 536870912 bytes exhausted (tried to allocate 1667579008 bytes)
#0 [internal function]: CodeIgniter\Debug\Exceptions->shutdownHandler()
#1 {main}
CRITICAL - 2022-03-07 06:22:07 --> Allowed memory size of 536870912 bytes exhausted (tried to allocate 1667579008 bytes)
#0 [internal function]: CodeIgniter\Debug\Exceptions->shutdownHandler()
#1 {main}
CRITICAL - 2022-03-07 06:38:25 --> Allowed memory size of 536870912 bytes exhausted (tried to allocate 1667579008 bytes)
#0 [internal function]: CodeIgniter\Debug\Exceptions->shutdownHandler()
#1 {main}
CRITICAL - 2022-03-07 06:38:29 --> Allowed memory size of 536870912 bytes exhausted (tried to allocate 1667579008 bytes)
#0 [internal function]: CodeIgniter\Debug\Exceptions->shutdownHandler()
#1 {main}
CRITICAL - 2022-03-07 06:39:17 --> Allowed memory size of 536870912 bytes exhausted (tried to allocate 1667579008 bytes)
#0 [internal function]: CodeIgniter\Debug\Exceptions->shutdownHandler()
#1 {main}
CRITICAL - 2022-03-07 06:40:53 --> Allowed memory size of 1073741824 bytes exhausted (tried to allocate 1667579008 bytes)
#0 [internal function]: CodeIgniter\Debug\Exceptions->shutdownHandler()
#1 {main}
CRITICAL - 2022-03-07 06:42:05 --> Allowed memory size of 1073741824 bytes exhausted (tried to allocate 1667579008 bytes)
#0 [internal function]: CodeIgniter\Debug\Exceptions->shutdownHandler()
#1 {main}
CRITICAL - 2022-03-07 06:42:07 --> Allowed memory size of 1073741824 bytes exhausted (tried to allocate 1667579008 bytes)
#0 [internal function]: CodeIgniter\Debug\Exceptions->shutdownHandler()
#1 {main}
CRITICAL - 2022-03-07 07:15:11 --> Undefined variable: content
#0 C:\xampp\htdocs\projects\app\Controllers\Home.php(71): CodeIgniter\Debug\Exceptions->errorHandler(8, 'Undefined varia...', 'C:\\xampp\\htdocs...', 71, Array)
#1 C:\xampp\htdocs\projects\vendor\codeigniter4\framework\system\CodeIgniter.php(824): App\Controllers\Home->index()
#2 C:\xampp\htdocs\projects\vendor\codeigniter4\framework\system\CodeIgniter.php(410): CodeIgniter\CodeIgniter->runController(Object(App\Controllers\Home))
#3 C:\xampp\htdocs\projects\vendor\codeigniter4\framework\system\CodeIgniter.php(318): CodeIgniter\CodeIgniter->handleRequest(NULL, Object(Config\Cache), false)
#4 C:\xampp\htdocs\projects\public\index.php(37): CodeIgniter\CodeIgniter->run()
#5 C:\xampp\htdocs\projects\vendor\codeigniter4\framework\system\Commands\Server\rewrite.php(43): require_once('C:\\xampp\\htdocs...')
#6 {main}
CRITICAL - 2022-03-07 22:41:20 --> Undefined variable: content
#0 C:\xampp\htdocs\projects\app\Controllers\Home.php(71): CodeIgniter\Debug\Exceptions->errorHandler(8, 'Undefined varia...', 'C:\\xampp\\htdocs...', 71, Array)
#1 C:\xampp\htdocs\projects\vendor\codeigniter4\framework\system\CodeIgniter.php(824): App\Controllers\Home->index()
#2 C:\xampp\htdocs\projects\vendor\codeigniter4\framework\system\CodeIgniter.php(410): CodeIgniter\CodeIgniter->runController(Object(App\Controllers\Home))
#3 C:\xampp\htdocs\projects\vendor\codeigniter4\framework\system\CodeIgniter.php(318): CodeIgniter\CodeIgniter->handleRequest(NULL, Object(Config\Cache), false)
#4 C:\xampp\htdocs\projects\public\index.php(37): CodeIgniter\CodeIgniter->run()
#5 C:\xampp\htdocs\projects\vendor\codeigniter4\framework\system\Commands\Server\rewrite.php(43): require_once('C:\\xampp\\htdocs...')
#6 {main}
CRITICAL - 2022-03-07 23:18:54 --> syntax error, unexpected '}', expecting end of file
#0 C:\xampp\htdocs\projects\vendor\codeigniter4\framework\system\Autoloader\Autoloader.php(241): CodeIgniter\Autoloader\Autoloader->includeFile('C:\\xampp\\htdocs...')
#1 C:\xampp\htdocs\projects\vendor\codeigniter4\framework\system\Autoloader\Autoloader.php(219): CodeIgniter\Autoloader\Autoloader->loadInNamespace('App\\Controllers...')
#2 [internal function]: CodeIgniter\Autoloader\Autoloader->loadClass('App\\Controllers...')
#3 [internal function]: spl_autoload_call('App\\Controllers...')
#4 C:\xampp\htdocs\projects\vendor\codeigniter4\framework\system\CodeIgniter.php(789): class_exists('\\App\\Controller...', true)
#5 C:\xampp\htdocs\projects\vendor\codeigniter4\framework\system\CodeIgniter.php(397): CodeIgniter\CodeIgniter->startController()
#6 C:\xampp\htdocs\projects\vendor\codeigniter4\framework\system\CodeIgniter.php(318): CodeIgniter\CodeIgniter->handleRequest(NULL, Object(Config\Cache), false)
#7 C:\xampp\htdocs\projects\public\index.php(37): CodeIgniter\CodeIgniter->run()
#8 C:\xampp\htdocs\projects\vendor\codeigniter4\framework\system\Commands\Server\rewrite.php(43): require_once('C:\\xampp\\htdocs...')
#9 {main}
CRITICAL - 2022-03-07 23:19:08 --> Undefined variable: content
#0 C:\xampp\htdocs\projects\app\Controllers\Home.php(71): CodeIgniter\Debug\Exceptions->errorHandler(8, 'Undefined varia...', 'C:\\xampp\\htdocs...', 71, Array)
#1 C:\xampp\htdocs\projects\vendor\codeigniter4\framework\system\CodeIgniter.php(824): App\Controllers\Home->index()
#2 C:\xampp\htdocs\projects\vendor\codeigniter4\framework\system\CodeIgniter.php(410): CodeIgniter\CodeIgniter->runController(Object(App\Controllers\Home))
#3 C:\xampp\htdocs\projects\vendor\codeigniter4\framework\system\CodeIgniter.php(318): CodeIgniter\CodeIgniter->handleRequest(NULL, Object(Config\Cache), false)
#4 C:\xampp\htdocs\projects\public\index.php(37): CodeIgniter\CodeIgniter->run()
#5 C:\xampp\htdocs\projects\vendor\codeigniter4\framework\system\Commands\Server\rewrite.php(43): require_once('C:\\xampp\\htdocs...')
#6 {main}
CRITICAL - 2022-03-07 23:19:38 --> Undefined variable: content
#0 C:\xampp\htdocs\projects\app\Controllers\Home.php(71): CodeIgniter\Debug\Exceptions->errorHandler(8, 'Undefined varia...', 'C:\\xampp\\htdocs...', 71, Array)
#1 C:\xampp\htdocs\projects\vendor\codeigniter4\framework\system\CodeIgniter.php(824): App\Controllers\Home->index()
#2 C:\xampp\htdocs\projects\vendor\codeigniter4\framework\system\CodeIgniter.php(410): CodeIgniter\CodeIgniter->runController(Object(App\Controllers\Home))
#3 C:\xampp\htdocs\projects\vendor\codeigniter4\framework\system\CodeIgniter.php(318): CodeIgniter\CodeIgniter->handleRequest(NULL, Object(Config\Cache), false)
#4 C:\xampp\htdocs\projects\public\index.php(37): CodeIgniter\CodeIgniter->run()
#5 C:\xampp\htdocs\projects\vendor\codeigniter4\framework\system\Commands\Server\rewrite.php(43): require_once('C:\\xampp\\htdocs...')
#6 {main}
CRITICAL - 2022-03-07 23:21:12 --> Undefined variable: content
#0 C:\xampp\htdocs\projects\app\Controllers\Home.php(71): CodeIgniter\Debug\Exceptions->errorHandler(8, 'Undefined varia...', 'C:\\xampp\\htdocs...', 71, Array)
#1 C:\xampp\htdocs\projects\vendor\codeigniter4\framework\system\CodeIgniter.php(824): App\Controllers\Home->index()
#2 C:\xampp\htdocs\projects\vendor\codeigniter4\framework\system\CodeIgniter.php(410): CodeIgniter\CodeIgniter->runController(Object(App\Controllers\Home))
#3 C:\xampp\htdocs\projects\vendor\codeigniter4\framework\system\CodeIgniter.php(318): CodeIgniter\CodeIgniter->handleRequest(NULL, Object(Config\Cache), false)
#4 C:\xampp\htdocs\projects\public\index.php(37): CodeIgniter\CodeIgniter->run()
#5 C:\xampp\htdocs\projects\vendor\codeigniter4\framework\system\Commands\Server\rewrite.php(43): require_once('C:\\xampp\\htdocs...')
#6 {main}
CRITICAL - 2022-03-07 23:21:47 --> Undefined variable: content
#0 C:\xampp\htdocs\projects\app\Controllers\Home.php(71): CodeIgniter\Debug\Exceptions->errorHandler(8, 'Undefined varia...', 'C:\\xampp\\htdocs...', 71, Array)
#1 C:\xampp\htdocs\projects\vendor\codeigniter4\framework\system\CodeIgniter.php(824): App\Controllers\Home->index()
#2 C:\xampp\htdocs\projects\vendor\codeigniter4\framework\system\CodeIgniter.php(410): CodeIgniter\CodeIgniter->runController(Object(App\Controllers\Home))
#3 C:\xampp\htdocs\projects\vendor\codeigniter4\framework\system\CodeIgniter.php(318): CodeIgniter\CodeIgniter->handleRequest(NULL, Object(Config\Cache), false)
#4 C:\xampp\htdocs\projects\public\index.php(37): CodeIgniter\CodeIgniter->run()
#5 C:\xampp\htdocs\projects\vendor\codeigniter4\framework\system\Commands\Server\rewrite.php(43): require_once('C:\\xampp\\htdocs...')
#6 {main}
CRITICAL - 2022-03-07 23:27:03 --> Class 'App\Controllers\ZipArchive' not found
#0 C:\xampp\htdocs\projects\vendor\codeigniter4\framework\system\CodeIgniter.php(824): App\Controllers\Home->index()
#1 C:\xampp\htdocs\projects\vendor\codeigniter4\framework\system\CodeIgniter.php(410): CodeIgniter\CodeIgniter->runController(Object(App\Controllers\Home))
#2 C:\xampp\htdocs\projects\vendor\codeigniter4\framework\system\CodeIgniter.php(318): CodeIgniter\CodeIgniter->handleRequest(NULL, Object(Config\Cache), false)
#3 C:\xampp\htdocs\projects\public\index.php(37): CodeIgniter\CodeIgniter->run()
#4 C:\xampp\htdocs\projects\vendor\codeigniter4\framework\system\Commands\Server\rewrite.php(43): require_once('C:\\xampp\\htdocs...')
#5 {main}
CRITICAL - 2022-03-07 23:27:35 --> Class 'App\Controllers\ZipArchive' not found
#0 C:\xampp\htdocs\projects\vendor\codeigniter4\framework\system\CodeIgniter.php(824): App\Controllers\Home->index()
#1 C:\xampp\htdocs\projects\vendor\codeigniter4\framework\system\CodeIgniter.php(410): CodeIgniter\CodeIgniter->runController(Object(App\Controllers\Home))
#2 C:\xampp\htdocs\projects\vendor\codeigniter4\framework\system\CodeIgniter.php(318): CodeIgniter\CodeIgniter->handleRequest(NULL, Object(Config\Cache), false)
#3 C:\xampp\htdocs\projects\public\index.php(37): CodeIgniter\CodeIgniter->run()
#4 C:\xampp\htdocs\projects\vendor\codeigniter4\framework\system\Commands\Server\rewrite.php(43): require_once('C:\\xampp\\htdocs...')
#5 {main}
CRITICAL - 2022-03-07 23:27:55 --> Class 'App\Controllers\ZipArchive' not found
#0 C:\xampp\htdocs\projects\vendor\codeigniter4\framework\system\CodeIgniter.php(824): App\Controllers\Home->index()
#1 C:\xampp\htdocs\projects\vendor\codeigniter4\framework\system\CodeIgniter.php(410): CodeIgniter\CodeIgniter->runController(Object(App\Controllers\Home))
#2 C:\xampp\htdocs\projects\vendor\codeigniter4\framework\system\CodeIgniter.php(318): CodeIgniter\CodeIgniter->handleRequest(NULL, Object(Config\Cache), false)
#3 C:\xampp\htdocs\projects\public\index.php(37): CodeIgniter\CodeIgniter->run()
#4 C:\xampp\htdocs\projects\vendor\codeigniter4\framework\system\Commands\Server\rewrite.php(43): require_once('C:\\xampp\\htdocs...')
#5 {main}
CRITICAL - 2022-03-07 23:48:37 --> escapeshellarg(): Input string contains NULL bytes
#0 [internal function]: CodeIgniter\Debug\Exceptions->shutdownHandler()
#1 {main}
