CRITICAL - 2022-07-22 02:18:37 --> Undefined variable: jobs
#0 /home/nocjadpy678c/public_html/tryyourwork.com/docladder/app/Controllers/RecruiterSearch.php(179): CodeIgniter\Debug\Exceptions->errorHandler(8, 'Undefined varia...', '/home/nocjadpy6...', 179, Array)
#1 /home/nocjadpy678c/public_html/tryyourwork.com/docladder/vendor/codeigniter4/framework/system/CodeIgniter.php(824): App\Controllers\RecruiterSearch->jobdescription('43')
#2 /home/nocjadpy678c/public_html/tryyourwork.com/docladder/vendor/codeigniter4/framework/system/CodeIgniter.php(410): CodeIgniter\CodeIgniter->runController(Object(App\Controllers\RecruiterSearch))
#3 /home/nocjadpy678c/public_html/tryyourwork.com/docladder/vendor/codeigniter4/framework/system/CodeIgniter.php(318): CodeIgniter\CodeIgniter->handleRequest(NULL, Object(Config\Cache), false)
#4 /home/nocjadpy678c/public_html/tryyourwork.com/docladder/index.php(37): CodeIgniter\CodeIgniter->run()
#5 {main}
CRITICAL - 2022-07-22 02:42:06 --> Undefined index: job_status
#0 /home/nocjadpy678c/public_html/tryyourwork.com/docladder/app/Views/job-description.php(138): CodeIgniter\Debug\Exceptions->errorHandler(8, 'Undefined index...', '/home/nocjadpy6...', 138, Array)
#1 /home/nocjadpy678c/public_html/tryyourwork.com/docladder/vendor/codeigniter4/framework/system/View/View.php(214): include('/home/nocjadpy6...')
#2 /home/nocjadpy678c/public_html/tryyourwork.com/docladder/vendor/codeigniter4/framework/system/View/View.php(217): CodeIgniter\View\View->CodeIgniter\View\{closure}()
#3 /home/nocjadpy678c/public_html/tryyourwork.com/docladder/vendor/codeigniter4/framework/system/Common.php(1097): CodeIgniter\View\View->render('job-description', Array, true)
#4 /home/nocjadpy678c/public_html/tryyourwork.com/docladder/app/Controllers/RecruiterSearch.php(182): view('job-description', Array)
#5 /home/nocjadpy678c/public_html/tryyourwork.com/docladder/vendor/codeigniter4/framework/system/CodeIgniter.php(824): App\Controllers\RecruiterSearch->jobdescription('41')
#6 /home/nocjadpy678c/public_html/tryyourwork.com/docladder/vendor/codeigniter4/framework/system/CodeIgniter.php(410): CodeIgniter\CodeIgniter->runController(Object(App\Controllers\RecruiterSearch))
#7 /home/nocjadpy678c/public_html/tryyourwork.com/docladder/vendor/codeigniter4/framework/system/CodeIgniter.php(318): CodeIgniter\CodeIgniter->handleRequest(NULL, Object(Config\Cache), false)
#8 /home/nocjadpy678c/public_html/tryyourwork.com/docladder/index.php(37): CodeIgniter\CodeIgniter->run()
#9 {main}
CRITICAL - 2022-07-22 03:47:05 --> Undefined variable: heading
#0 /home/nocjadpy678c/public_html/tryyourwork.com/docladder/app/Views/job-seeker-searching.php(9): CodeIgniter\Debug\Exceptions->errorHandler(8, 'Undefined varia...', '/home/nocjadpy6...', 9, Array)
#1 /home/nocjadpy678c/public_html/tryyourwork.com/docladder/vendor/codeigniter4/framework/system/View/View.php(214): include('/home/nocjadpy6...')
#2 /home/nocjadpy678c/public_html/tryyourwork.com/docladder/vendor/codeigniter4/framework/system/View/View.php(217): CodeIgniter\View\View->CodeIgniter\View\{closure}()
#3 /home/nocjadpy678c/public_html/tryyourwork.com/docladder/vendor/codeigniter4/framework/system/Common.php(1097): CodeIgniter\View\View->render('job-seeker-sear...', Array, true)
#4 /home/nocjadpy678c/public_html/tryyourwork.com/docladder/app/Controllers/JobSeekerSearch.php(83): view('job-seeker-sear...', Array)
#5 /home/nocjadpy678c/public_html/tryyourwork.com/docladder/vendor/codeigniter4/framework/system/CodeIgniter.php(824): App\Controllers\JobSeekerSearch->index()
#6 /home/nocjadpy678c/public_html/tryyourwork.com/docladder/vendor/codeigniter4/framework/system/CodeIgniter.php(410): CodeIgniter\CodeIgniter->runController(Object(App\Controllers\JobSeekerSearch))
#7 /home/nocjadpy678c/public_html/tryyourwork.com/docladder/vendor/codeigniter4/framework/system/CodeIgniter.php(318): CodeIgniter\CodeIgniter->handleRequest(NULL, Object(Config\Cache), false)
#8 /home/nocjadpy678c/public_html/tryyourwork.com/docladder/index.php(37): CodeIgniter\CodeIgniter->run()
#9 {main}
CRITICAL - 2022-07-22 04:03:35 --> Undefined variable: data
#0 /home/nocjadpy678c/public_html/tryyourwork.com/docladder/app/Controllers/JobSeekerSearch.php(203): CodeIgniter\Debug\Exceptions->errorHandler(8, 'Undefined varia...', '/home/nocjadpy6...', 203, Array)
#1 /home/nocjadpy678c/public_html/tryyourwork.com/docladder/app/Controllers/JobSeekerSearch.php(109): App\Controllers\JobSeekerSearch->searchsimilar('images')
#2 /home/nocjadpy678c/public_html/tryyourwork.com/docladder/vendor/codeigniter4/framework/system/CodeIgniter.php(824): App\Controllers\JobSeekerSearch->jobdescription('images', 'marketing.png')
#3 /home/nocjadpy678c/public_html/tryyourwork.com/docladder/vendor/codeigniter4/framework/system/CodeIgniter.php(410): CodeIgniter\CodeIgniter->runController(Object(App\Controllers\JobSeekerSearch))
#4 /home/nocjadpy678c/public_html/tryyourwork.com/docladder/vendor/codeigniter4/framework/system/CodeIgniter.php(318): CodeIgniter\CodeIgniter->handleRequest(NULL, Object(Config\Cache), false)
#5 /home/nocjadpy678c/public_html/tryyourwork.com/docladder/index.php(37): CodeIgniter\CodeIgniter->run()
#6 {main}
CRITICAL - 2022-07-22 04:03:58 --> Undefined variable: data
#0 /home/nocjadpy678c/public_html/tryyourwork.com/docladder/app/Controllers/JobSeekerSearch.php(203): CodeIgniter\Debug\Exceptions->errorHandler(8, 'Undefined varia...', '/home/nocjadpy6...', 203, Array)
#1 /home/nocjadpy678c/public_html/tryyourwork.com/docladder/app/Controllers/JobSeekerSearch.php(109): App\Controllers\JobSeekerSearch->searchsimilar('images')
#2 /home/nocjadpy678c/public_html/tryyourwork.com/docladder/vendor/codeigniter4/framework/system/CodeIgniter.php(824): App\Controllers\JobSeekerSearch->jobdescription('images', 'marketing.png')
#3 /home/nocjadpy678c/public_html/tryyourwork.com/docladder/vendor/codeigniter4/framework/system/CodeIgniter.php(410): CodeIgniter\CodeIgniter->runController(Object(App\Controllers\JobSeekerSearch))
#4 /home/nocjadpy678c/public_html/tryyourwork.com/docladder/vendor/codeigniter4/framework/system/CodeIgniter.php(318): CodeIgniter\CodeIgniter->handleRequest(NULL, Object(Config\Cache), false)
#5 /home/nocjadpy678c/public_html/tryyourwork.com/docladder/index.php(37): CodeIgniter\CodeIgniter->run()
#6 {main}
CRITICAL - 2022-07-22 07:08:43 --> Too few arguments to function App\Models\JobPostingModel::check_jobs(), 1 passed in /home/nocjadpy678c/public_html/tryyourwork.com/docladder/app/Controllers/JobSeekerSearch.php on line 291 and exactly 2 expected
#0 /home/nocjadpy678c/public_html/tryyourwork.com/docladder/app/Controllers/JobSeekerSearch.php(291): App\Models\JobPostingModel->check_jobs('40')
#1 /home/nocjadpy678c/public_html/tryyourwork.com/docladder/vendor/codeigniter4/framework/system/CodeIgniter.php(824): App\Controllers\JobSeekerSearch->applyJobs()
#2 /home/nocjadpy678c/public_html/tryyourwork.com/docladder/vendor/codeigniter4/framework/system/CodeIgniter.php(410): CodeIgniter\CodeIgniter->runController(Object(App\Controllers\JobSeekerSearch))
#3 /home/nocjadpy678c/public_html/tryyourwork.com/docladder/vendor/codeigniter4/framework/system/CodeIgniter.php(318): CodeIgniter\CodeIgniter->handleRequest(NULL, Object(Config\Cache), false)
#4 /home/nocjadpy678c/public_html/tryyourwork.com/docladder/index.php(37): CodeIgniter\CodeIgniter->run()
#5 {main}
CRITICAL - 2022-07-22 07:08:59 --> Too few arguments to function App\Models\JobPostingModel::check_jobs(), 1 passed in /home/nocjadpy678c/public_html/tryyourwork.com/docladder/app/Controllers/JobSeekerSearch.php on line 291 and exactly 2 expected
#0 /home/nocjadpy678c/public_html/tryyourwork.com/docladder/app/Controllers/JobSeekerSearch.php(291): App\Models\JobPostingModel->check_jobs('40')
#1 /home/nocjadpy678c/public_html/tryyourwork.com/docladder/vendor/codeigniter4/framework/system/CodeIgniter.php(824): App\Controllers\JobSeekerSearch->applyJobs()
#2 /home/nocjadpy678c/public_html/tryyourwork.com/docladder/vendor/codeigniter4/framework/system/CodeIgniter.php(410): CodeIgniter\CodeIgniter->runController(Object(App\Controllers\JobSeekerSearch))
#3 /home/nocjadpy678c/public_html/tryyourwork.com/docladder/vendor/codeigniter4/framework/system/CodeIgniter.php(318): CodeIgniter\CodeIgniter->handleRequest(NULL, Object(Config\Cache), false)
#4 /home/nocjadpy678c/public_html/tryyourwork.com/docladder/index.php(37): CodeIgniter\CodeIgniter->run()
#5 {main}
CRITICAL - 2022-07-22 07:09:19 --> Too few arguments to function App\Models\JobPostingModel::check_jobs(), 1 passed in /home/nocjadpy678c/public_html/tryyourwork.com/docladder/app/Controllers/JobSeekerSearch.php on line 291 and exactly 2 expected
#0 /home/nocjadpy678c/public_html/tryyourwork.com/docladder/app/Controllers/JobSeekerSearch.php(291): App\Models\JobPostingModel->check_jobs('40')
#1 /home/nocjadpy678c/public_html/tryyourwork.com/docladder/vendor/codeigniter4/framework/system/CodeIgniter.php(824): App\Controllers\JobSeekerSearch->applyJobs()
#2 /home/nocjadpy678c/public_html/tryyourwork.com/docladder/vendor/codeigniter4/framework/system/CodeIgniter.php(410): CodeIgniter\CodeIgniter->runController(Object(App\Controllers\JobSeekerSearch))
#3 /home/nocjadpy678c/public_html/tryyourwork.com/docladder/vendor/codeigniter4/framework/system/CodeIgniter.php(318): CodeIgniter\CodeIgniter->handleRequest(NULL, Object(Config\Cache), false)
#4 /home/nocjadpy678c/public_html/tryyourwork.com/docladder/index.php(37): CodeIgniter\CodeIgniter->run()
#5 {main}
ERROR - 2022-07-22 07:11:15 --> Unknown column 'jobposting_id' in 'field list'
CRITICAL - 2022-07-22 07:11:15 --> Unknown column 'jobposting_id' in 'field list'
#0 /home/nocjadpy678c/public_html/tryyourwork.com/docladder/vendor/codeigniter4/framework/system/Database/MySQLi/Connection.php(292): mysqli->query('UPDATE `jobpost...', 0)
#1 /home/nocjadpy678c/public_html/tryyourwork.com/docladder/vendor/codeigniter4/framework/system/Database/BaseConnection.php(670): CodeIgniter\Database\MySQLi\Connection->execute('UPDATE `jobpost...')
#2 /home/nocjadpy678c/public_html/tryyourwork.com/docladder/vendor/codeigniter4/framework/system/Database/BaseConnection.php(598): CodeIgniter\Database\BaseConnection->simpleQuery('UPDATE `jobpost...')
#3 /home/nocjadpy678c/public_html/tryyourwork.com/docladder/vendor/codeigniter4/framework/system/Database/BaseBuilder.php(1901): CodeIgniter\Database\BaseConnection->query('UPDATE `jobpost...', Array, false)
#4 /home/nocjadpy678c/public_html/tryyourwork.com/docladder/app/Models/JobPostingModel.php(112): CodeIgniter\Database\BaseBuilder->update(Array)
#5 /home/nocjadpy678c/public_html/tryyourwork.com/docladder/app/Controllers/JobSeekerSearch.php(292): App\Models\JobPostingModel->check_Update('40', '11', Array)
#6 /home/nocjadpy678c/public_html/tryyourwork.com/docladder/vendor/codeigniter4/framework/system/CodeIgniter.php(824): App\Controllers\JobSeekerSearch->applyJobs()
#7 /home/nocjadpy678c/public_html/tryyourwork.com/docladder/vendor/codeigniter4/framework/system/CodeIgniter.php(410): CodeIgniter\CodeIgniter->runController(Object(App\Controllers\JobSeekerSearch))
#8 /home/nocjadpy678c/public_html/tryyourwork.com/docladder/vendor/codeigniter4/framework/system/CodeIgniter.php(318): CodeIgniter\CodeIgniter->handleRequest(NULL, Object(Config\Cache), false)
#9 /home/nocjadpy678c/public_html/tryyourwork.com/docladder/index.php(37): CodeIgniter\CodeIgniter->run()
#10 {main}
